{"numFailedTestSuites":0,"numFailedTests":0,"numPassedTestSuites":69,"numPassedTests":727,"numPendingTestSuites":3,"numPendingTests":72,"numRuntimeErrorTestSuites":0,"numTodoTests":0,"numTotalTestSuites":72,"numTotalTests":799,"openHandles":[],"snapshot":{"added":0,"didUpdate":false,"failure":false,"filesAdded":0,"filesRemoved":0,"filesRemovedList":[],"filesUnmatched":0,"filesUpdated":0,"matched":374,"total":374,"unchecked":0,"uncheckedKeysByFile":[],"unmatched":0,"updated":0},"startTime":1680107337791,"success":true,"testResults":[{"assertionResults":[{"ancestorTitles":["useNYPLTheme"],"duration":43,"failureDetails":[],"failureMessages":[],"fullName":"useNYPLTheme returns an empty object when not used inside a DSProvider component","invocations":1,"location":null,"numPassingAsserts":2,"retryReasons":[],"status":"passed","title":"returns an empty object when not used inside a DSProvider component"},{"ancestorTitles":["useNYPLTheme"],"duration":302,"failureDetails":[],"failureMessages":[],"fullName":"useNYPLTheme returns an object with NYPL styles","invocations":1,"location":null,"numPassingAsserts":2,"retryReasons":[],"status":"passed","title":"returns an object with NYPL styles"}],"endTime":1680107359671,"message":"","name":"/Users/edwinguzman/projects/design/nypl-design-system/src/hooks/__tests__/useNYPLTheme.test.tsx","startTime":1680107340319,"status":"passed","summary":""},{"assertionResults":[{"ancestorTitles":["MultiSelect Accessibility"],"duration":null,"failureDetails":[],"failureMessages":[],"fullName":"MultiSelect Accessibility should have no axe violations for the 'listbox' type","invocations":1,"location":null,"numPassingAsserts":0,"retryReasons":[],"status":"pending","title":"should have no axe violations for the 'listbox' type"},{"ancestorTitles":["MultiSelect Accessibility"],"duration":null,"failureDetails":[],"failureMessages":[],"fullName":"MultiSelect Accessibility should have no axe violations for the 'dialog' type","invocations":1,"location":null,"numPassingAsserts":0,"retryReasons":[],"status":"pending","title":"should have no axe violations for the 'dialog' type"},{"ancestorTitles":["MultiSelect Dialog"],"duration":null,"failureDetails":[],"failureMessages":[],"fullName":"MultiSelect Dialog should initially render with provided id","invocations":1,"location":null,"numPassingAsserts":0,"retryReasons":[],"status":"pending","title":"should initially render with provided id"},{"ancestorTitles":["MultiSelect Dialog"],"duration":null,"failureDetails":[],"failureMessages":[],"fullName":"MultiSelect Dialog should initially render with a given label","invocations":1,"location":null,"numPassingAsserts":0,"retryReasons":[],"status":"pending","title":"should initially render with a given label"},{"ancestorTitles":["MultiSelect Dialog"],"duration":null,"failureDetails":[],"failureMessages":[],"fullName":"MultiSelect Dialog should initially render with a closed menu when the isDefaultOpen is omitted or set to false","invocations":1,"location":null,"numPassingAsserts":0,"retryReasons":[],"status":"pending","title":"should initially render with a closed menu when the isDefaultOpen is omitted or set to false"},{"ancestorTitles":["MultiSelect Dialog"],"duration":null,"failureDetails":[],"failureMessages":[],"fullName":"MultiSelect Dialog should initially render with open menu if isDefaultOpen prop is true","invocations":1,"location":null,"numPassingAsserts":0,"retryReasons":[],"status":"pending","title":"should initially render with open menu if isDefaultOpen prop is true"},{"ancestorTitles":["MultiSelect Dialog"],"duration":null,"failureDetails":[],"failureMessages":[],"fullName":"MultiSelect Dialog should render a 'Clear' and 'Apply button","invocations":1,"location":null,"numPassingAsserts":0,"retryReasons":[],"status":"pending","title":"should render a 'Clear' and 'Apply button"},{"ancestorTitles":["MultiSelect Dialog"],"duration":null,"failureDetails":[],"failureMessages":[],"fullName":"MultiSelect Dialog should focus on the MultiSelectMenuButton upon clicking 'Apply' or 'Clear","invocations":1,"location":null,"numPassingAsserts":0,"retryReasons":[],"status":"pending","title":"should focus on the MultiSelectMenuButton upon clicking 'Apply' or 'Clear"},{"ancestorTitles":["MultiSelect Dialog"],"duration":null,"failureDetails":[],"failureMessages":[],"fullName":"MultiSelect Dialog should allow user to toggle menu by clicking menu button or use the 'Enter'/'Spacebar' key","invocations":1,"location":null,"numPassingAsserts":0,"retryReasons":[],"status":"pending","title":"should allow user to toggle menu by clicking menu button or use the 'Enter'/'Spacebar' key"},{"ancestorTitles":["MultiSelect Dialog"],"duration":null,"failureDetails":[],"failureMessages":[],"fullName":"MultiSelect Dialog should allow user to close the dialog using the ESC key, then the focus should be on the MultiSelectMenuButton","invocations":1,"location":null,"numPassingAsserts":0,"retryReasons":[],"status":"pending","title":"should allow user to close the dialog using the ESC key, then the focus should be on the MultiSelectMenuButton"},{"ancestorTitles":["MultiSelect Dialog"],"duration":null,"failureDetails":[],"failureMessages":[],"fullName":"MultiSelect Dialog should call onChange when an item without child items or a child item is selected/unselected","invocations":1,"location":null,"numPassingAsserts":0,"retryReasons":[],"status":"pending","title":"should call onChange when an item without child items or a child item is selected/unselected"},{"ancestorTitles":["MultiSelect Dialog"],"duration":null,"failureDetails":[],"failureMessages":[],"fullName":"MultiSelect Dialog should call onMixedStateChange when a parent item is selected/unselected","invocations":1,"location":null,"numPassingAsserts":0,"retryReasons":[],"status":"pending","title":"should call onMixedStateChange when a parent item is selected/unselected"},{"ancestorTitles":["MultiSelect Dialog"],"duration":null,"failureDetails":[],"failureMessages":[],"fullName":"MultiSelect Dialog should have indeterminate state for parent item if not all child items are checked","invocations":1,"location":null,"numPassingAsserts":0,"retryReasons":[],"status":"pending","title":"should have indeterminate state for parent item if not all child items are checked"},{"ancestorTitles":["MultiSelect Dialog"],"duration":null,"failureDetails":[],"failureMessages":[],"fullName":"MultiSelect Dialog should check all child items if parent is checked","invocations":1,"location":null,"numPassingAsserts":0,"retryReasons":[],"status":"pending","title":"should check all child items if parent is checked"},{"ancestorTitles":["MultiSelect Dialog"],"duration":null,"failureDetails":[],"failureMessages":[],"fullName":"MultiSelect Dialog should check parent item if all child items are checked","invocations":1,"location":null,"numPassingAsserts":0,"retryReasons":[],"status":"pending","title":"should check parent item if all child items are checked"},{"ancestorTitles":["MultiSelect Dialog"],"duration":null,"failureDetails":[],"failureMessages":[],"fullName":"MultiSelect Dialog should render a count button with the correct count, should clear the selectedItems on click ","invocations":1,"location":null,"numPassingAsserts":0,"retryReasons":[],"status":"pending","title":"should render a count button with the correct count, should clear the selectedItems on click "},{"ancestorTitles":["MultiSelect Dialog"],"duration":null,"failureDetails":[],"failureMessages":[],"fullName":"MultiSelect Dialog should render with a correct initial selection of items if passed to the component, upon clicking the count button to delet the selectedItmes, the MultiSelectMenuButton should have focus","invocations":1,"location":null,"numPassingAsserts":0,"retryReasons":[],"status":"pending","title":"should render with a correct initial selection of items if passed to the component, upon clicking the count button to delet the selectedItmes, the MultiSelectMenuButton should have focus"},{"ancestorTitles":["MultiSelect Dialog"],"duration":null,"failureDetails":[],"failureMessages":[],"fullName":"MultiSelect Dialog should render the UI snapshot correctly","invocations":1,"location":null,"numPassingAsserts":0,"retryReasons":[],"status":"pending","title":"should render the UI snapshot correctly"},{"ancestorTitles":["MultiSelect Listbox"],"duration":null,"failureDetails":[],"failureMessages":[],"fullName":"MultiSelect Listbox should initially render with provided id","invocations":1,"location":null,"numPassingAsserts":0,"retryReasons":[],"status":"pending","title":"should initially render with provided id"},{"ancestorTitles":["MultiSelect Listbox"],"duration":null,"failureDetails":[],"failureMessages":[],"fullName":"MultiSelect Listbox should initially render with a given label","invocations":1,"location":null,"numPassingAsserts":0,"retryReasons":[],"status":"pending","title":"should initially render with a given label"},{"ancestorTitles":["MultiSelect Listbox"],"duration":null,"failureDetails":[],"failureMessages":[],"fullName":"MultiSelect Listbox should initially render with open menu if isDefaultOpen prop is true","invocations":1,"location":null,"numPassingAsserts":0,"retryReasons":[],"status":"pending","title":"should initially render with open menu if isDefaultOpen prop is true"},{"ancestorTitles":["MultiSelect Listbox"],"duration":null,"failureDetails":[],"failureMessages":[],"fullName":"MultiSelect Listbox should allow user to toggle menu by clicking menu button","invocations":1,"location":null,"numPassingAsserts":0,"retryReasons":[],"status":"pending","title":"should allow user to toggle menu by clicking menu button"},{"ancestorTitles":["MultiSelect Listbox"],"duration":null,"failureDetails":[],"failureMessages":[],"fullName":"MultiSelect Listbox should call onChange when an item gets selected/unselected","invocations":1,"location":null,"numPassingAsserts":0,"retryReasons":[],"status":"pending","title":"should call onChange when an item gets selected/unselected"},{"ancestorTitles":["MultiSelect Listbox"],"duration":null,"failureDetails":[],"failureMessages":[],"fullName":"MultiSelect Listbox should render a count button with the correct count, should clear the selectedItems on click","invocations":1,"location":null,"numPassingAsserts":0,"retryReasons":[],"status":"pending","title":"should render a count button with the correct count, should clear the selectedItems on click"},{"ancestorTitles":["MultiSelect Listbox"],"duration":null,"failureDetails":[],"failureMessages":[],"fullName":"MultiSelect Listbox Renders the UI snapshot correctly","invocations":1,"location":null,"numPassingAsserts":0,"retryReasons":[],"status":"pending","title":"Renders the UI snapshot correctly"}],"coverage":{},"endTime":1680107470391,"message":"","name":"/Users/edwinguzman/projects/design/nypl-design-system/src/components/MultiSelect/MultiSelect.test.tsx","startTime":1680107470391,"status":"skipped","summary":""},{"assertionResults":[{"ancestorTitles":["TemplateAppContainer accessibility"],"duration":784,"failureDetails":[],"failureMessages":[],"fullName":"TemplateAppContainer accessibility passes axe accessibility test","invocations":1,"location":null,"numPassingAsserts":1,"retryReasons":[],"status":"passed","title":"passes axe accessibility test"},{"ancestorTitles":["Template components accessibility"],"duration":267,"failureDetails":[],"failureMessages":[],"fullName":"Template components accessibility passes axe accessibility test","invocations":1,"location":null,"numPassingAsserts":1,"retryReasons":[],"status":"passed","title":"passes axe accessibility test"},{"ancestorTitles":["TemplateAppContainer component"],"duration":69,"failureDetails":[],"failureMessages":[],"fullName":"TemplateAppContainer component renders each section","invocations":1,"location":null,"numPassingAsserts":9,"retryReasons":[],"status":"passed","title":"renders each section"},{"ancestorTitles":["TemplateAppContainer component"],"duration":42,"failureDetails":[],"failureMessages":[],"fullName":"TemplateAppContainer component renders a #mainContent id in the `main` DOM element","invocations":1,"location":null,"numPassingAsserts":2,"retryReasons":[],"status":"passed","title":"renders a #mainContent id in the `main` DOM element"},{"ancestorTitles":["TemplateAppContainer component"],"duration":31,"failureDetails":[],"failureMessages":[],"fullName":"TemplateAppContainer component renders only one header in a custom header component","invocations":1,"location":null,"numPassingAsserts":1,"retryReasons":[],"status":"passed","title":"renders only one header in a custom header component"},{"ancestorTitles":["TemplateAppContainer component"],"duration":40,"failureDetails":[],"failureMessages":[],"fullName":"TemplateAppContainer component consoles a warning when a header element was passed without setting `renderHeaderElement` to false","invocations":1,"location":null,"numPassingAsserts":1,"retryReasons":[],"status":"passed","title":"consoles a warning when a header element was passed without setting `renderHeaderElement` to false"},{"ancestorTitles":["TemplateAppContainer component"],"duration":54,"failureDetails":[],"failureMessages":[],"fullName":"TemplateAppContainer component renders only one footer in a custom footer component","invocations":1,"location":null,"numPassingAsserts":1,"retryReasons":[],"status":"passed","title":"renders only one footer in a custom footer component"},{"ancestorTitles":["TemplateAppContainer component"],"duration":6,"failureDetails":[],"failureMessages":[],"fullName":"TemplateAppContainer component consoles a warning when a footer element was passed without setting `renderFooterElement` to false","invocations":1,"location":null,"numPassingAsserts":1,"retryReasons":[],"status":"passed","title":"consoles a warning when a footer element was passed without setting `renderFooterElement` to false"},{"ancestorTitles":["Template components"],"duration":45,"failureDetails":[],"failureMessages":[],"fullName":"Template components renders each section","invocations":1,"location":null,"numPassingAsserts":9,"retryReasons":[],"status":"passed","title":"renders each section"},{"ancestorTitles":["Template components"],"duration":6,"failureDetails":[],"failureMessages":[],"fullName":"Template components renders a #mainContent id in the TemplateContent component","invocations":1,"location":null,"numPassingAsserts":2,"retryReasons":[],"status":"passed","title":"renders a #mainContent id in the TemplateContent component"},{"ancestorTitles":["Template components"],"duration":104,"failureDetails":[],"failureMessages":[],"fullName":"Template components renders the UI snapshot correctly","invocations":1,"location":null,"numPassingAsserts":4,"retryReasons":[],"status":"passed","title":"renders the UI snapshot correctly"},{"ancestorTitles":["Template components"],"duration":13,"failureDetails":[],"failureMessages":[],"fullName":"Template components passes a ref to the div wrapper element","invocations":1,"location":null,"numPassingAsserts":1,"retryReasons":[],"status":"passed","title":"passes a ref to the div wrapper element"}],"endTime":1680107361733,"message":"","name":"/Users/edwinguzman/projects/design/nypl-design-system/src/components/Template/Template.test.tsx","startTime":1680107340508,"status":"passed","summary":""},{"assertionResults":[{"ancestorTitles":["Accordion Accessibility"],"duration":959,"failureDetails":[],"failureMessages":[],"fullName":"Accordion Accessibility passes axe accessibility test for one item","invocations":1,"location":null,"numPassingAsserts":1,"retryReasons":[],"status":"passed","title":"passes axe accessibility test for one item"},{"ancestorTitles":["Accordion Accessibility"],"duration":532,"failureDetails":[],"failureMessages":[],"fullName":"Accordion Accessibility passes axe accessibility test for one item when it is always rendered","invocations":1,"location":null,"numPassingAsserts":1,"retryReasons":[],"status":"passed","title":"passes axe accessibility test for one item when it is always rendered"},{"ancestorTitles":["Accordion Accessibility"],"duration":659,"failureDetails":[],"failureMessages":[],"fullName":"Accordion Accessibility passes axe accessibility test for multiple items","invocations":1,"location":null,"numPassingAsserts":1,"retryReasons":[],"status":"passed","title":"passes axe accessibility test for multiple items"},{"ancestorTitles":["Accordion"],"duration":104,"failureDetails":[],"failureMessages":[],"fullName":"Accordion renders a visible button with a label to click on","invocations":1,"location":null,"numPassingAsserts":3,"retryReasons":[],"status":"passed","title":"renders a visible button with a label to click on"},{"ancestorTitles":["Accordion"],"duration":82,"failureDetails":[],"failureMessages":[],"fullName":"Accordion opens the panel by default with isDefaultOpen passed","invocations":1,"location":null,"numPassingAsserts":2,"retryReasons":[],"status":"passed","title":"opens the panel by default with isDefaultOpen passed"},{"ancestorTitles":["Accordion"],"duration":159,"failureDetails":[],"failureMessages":[],"fullName":"Accordion opens the accordion when the label is clicked","invocations":1,"location":null,"numPassingAsserts":4,"retryReasons":[],"status":"passed","title":"opens the accordion when the label is clicked"},{"ancestorTitles":["Accordion"],"duration":79,"failureDetails":[],"failureMessages":[],"fullName":"Accordion always renders its content when isAlwaysRendered is true","invocations":1,"location":null,"numPassingAsserts":2,"retryReasons":[],"status":"passed","title":"always renders its content when isAlwaysRendered is true"},{"ancestorTitles":["Accordion"],"duration":358,"failureDetails":[],"failureMessages":[],"fullName":"Accordion renders multiple accordion items grouped together","invocations":1,"location":null,"numPassingAsserts":3,"retryReasons":[],"status":"passed","title":"renders multiple accordion items grouped together"},{"ancestorTitles":["Accordion"],"duration":422,"failureDetails":[],"failureMessages":[],"fullName":"Accordion opens each accordion item independently of each other","invocations":1,"location":null,"numPassingAsserts":12,"retryReasons":[],"status":"passed","title":"opens each accordion item independently of each other"},{"ancestorTitles":["Accordion"],"duration":42,"failureDetails":[],"failureMessages":[],"fullName":"Accordion Renders the UI snapshot correctly","invocations":1,"location":null,"numPassingAsserts":7,"retryReasons":[],"status":"passed","title":"Renders the UI snapshot correctly"},{"ancestorTitles":["Accordion"],"duration":16,"failureDetails":[],"failureMessages":[],"fullName":"Accordion passes a ref to the div wrapper element","invocations":1,"location":null,"numPassingAsserts":1,"retryReasons":[],"status":"passed","title":"passes a ref to the div wrapper element"}],"endTime":1680107363525,"message":"","name":"/Users/edwinguzman/projects/design/nypl-design-system/src/components/Accordion/Accordion.test.tsx","startTime":1680107340381,"status":"passed","summary":""},{"assertionResults":[{"ancestorTitles":["Tabs Accessibility"],"duration":1484,"failureDetails":[],"failureMessages":[],"fullName":"Tabs Accessibility passes axe accessibility test with the data prop","invocations":1,"location":null,"numPassingAsserts":1,"retryReasons":[],"status":"passed","title":"passes axe accessibility test with the data prop"},{"ancestorTitles":["Tabs Accessibility"],"duration":773,"failureDetails":[],"failureMessages":[],"fullName":"Tabs Accessibility passes axe accessibility test with children components","invocations":1,"location":null,"numPassingAsserts":1,"retryReasons":[],"status":"passed","title":"passes axe accessibility test with children components"},{"ancestorTitles":["Tabs"],"duration":248,"failureDetails":[],"failureMessages":[],"fullName":"Tabs renders all tabs but only one panel at a time with children","invocations":1,"location":null,"numPassingAsserts":6,"retryReasons":[],"status":"passed","title":"renders all tabs but only one panel at a time with children"},{"ancestorTitles":["Tabs"],"duration":258,"failureDetails":[],"failureMessages":[],"fullName":"Tabs renders all tabs but only one visible panel at a time with data prop","invocations":1,"location":null,"numPassingAsserts":6,"retryReasons":[],"status":"passed","title":"renders all tabs but only one visible panel at a time with data prop"},{"ancestorTitles":["Tabs"],"duration":351,"failureDetails":[],"failureMessages":[],"fullName":"Tabs switches between tabs","invocations":1,"location":null,"numPassingAsserts":11,"retryReasons":[],"status":"passed","title":"switches between tabs"},{"ancestorTitles":["Tabs"],"duration":79,"failureDetails":[],"failureMessages":[],"fullName":"Tabs renders the specified initial index value","invocations":1,"location":null,"numPassingAsserts":3,"retryReasons":[],"status":"passed","title":"renders the specified initial index value"},{"ancestorTitles":["Tabs"],"duration":318,"failureDetails":[],"failureMessages":[],"fullName":"Tabs invokes the callback function","invocations":1,"location":null,"numPassingAsserts":3,"retryReasons":[],"status":"passed","title":"invokes the callback function"},{"ancestorTitles":["Tabs"],"duration":42,"failureDetails":[],"failureMessages":[],"fullName":"Tabs should throw a warning when no data is passed","invocations":1,"location":null,"numPassingAsserts":1,"retryReasons":[],"status":"passed","title":"should throw a warning when no data is passed"},{"ancestorTitles":["Tabs"],"duration":43,"failureDetails":[],"failureMessages":[],"fullName":"Tabs should throw a warning when both the 'data' prop and children are passed","invocations":1,"location":null,"numPassingAsserts":1,"retryReasons":[],"status":"passed","title":"should throw a warning when both the 'data' prop and children are passed"},{"ancestorTitles":["Tabs"],"duration":77,"failureDetails":[],"failureMessages":[],"fullName":"Tabs should throw a warning when more than six object tabs are passed","invocations":1,"location":null,"numPassingAsserts":1,"retryReasons":[],"status":"passed","title":"should throw a warning when more than six object tabs are passed"},{"ancestorTitles":["Tabs"],"duration":189,"failureDetails":[],"failureMessages":[],"fullName":"Tabs renders the UI snapshot correctly","invocations":1,"location":null,"numPassingAsserts":3,"retryReasons":[],"status":"passed","title":"renders the UI snapshot correctly"},{"ancestorTitles":["Tabs"],"duration":16,"failureDetails":[],"failureMessages":[],"fullName":"Tabs passes a ref to the div wrapper element","invocations":1,"location":null,"numPassingAsserts":1,"retryReasons":[],"status":"passed","title":"passes a ref to the div wrapper element"}],"endTime":1680107364196,"message":"","name":"/Users/edwinguzman/projects/design/nypl-design-system/src/components/Tabs/Tabs.test.tsx","startTime":1680107340346,"status":"passed","summary":""},{"assertionResults":[{"ancestorTitles":["Pagination Accessibility"],"duration":1091,"failureDetails":[],"failureMessages":[],"fullName":"Pagination Accessibility passes axe accessibility on the first page","invocations":1,"location":null,"numPassingAsserts":1,"retryReasons":[],"status":"passed","title":"passes axe accessibility on the first page"},{"ancestorTitles":["Pagination Accessibility"],"duration":396,"failureDetails":[],"failureMessages":[],"fullName":"Pagination Accessibility passes axe accessibility on a middle page","invocations":1,"location":null,"numPassingAsserts":1,"retryReasons":[],"status":"passed","title":"passes axe accessibility on a middle page"},{"ancestorTitles":["Pagination Accessibility"],"duration":410,"failureDetails":[],"failureMessages":[],"fullName":"Pagination Accessibility passes axe accessibility on the last page","invocations":1,"location":null,"numPassingAsserts":1,"retryReasons":[],"status":"passed","title":"passes axe accessibility on the last page"},{"ancestorTitles":["Pagination","Rendering"],"duration":256,"failureDetails":[],"failureMessages":[],"fullName":"Pagination Rendering renders a nav element with an unordered list and links","invocations":1,"location":null,"numPassingAsserts":5,"retryReasons":[],"status":"passed","title":"renders a nav element with an unordered list and links"},{"ancestorTitles":["Pagination","Rendering"],"duration":91,"failureDetails":[],"failureMessages":[],"fullName":"Pagination Rendering does not render the Previous link on the first page","invocations":1,"location":null,"numPassingAsserts":3,"retryReasons":[],"status":"passed","title":"does not render the Previous link on the first page"},{"ancestorTitles":["Pagination","Rendering"],"duration":99,"failureDetails":[],"failureMessages":[],"fullName":"Pagination Rendering does not render the Next link on the last page","invocations":1,"location":null,"numPassingAsserts":3,"retryReasons":[],"status":"passed","title":"does not render the Next link on the last page"},{"ancestorTitles":["Pagination","Rendering"],"duration":128,"failureDetails":[],"failureMessages":[],"fullName":"Pagination Rendering renders an ellipsis at the end of the list","invocations":1,"location":null,"numPassingAsserts":6,"retryReasons":[],"status":"passed","title":"renders an ellipsis at the end of the list"},{"ancestorTitles":["Pagination","Rendering"],"duration":186,"failureDetails":[],"failureMessages":[],"fullName":"Pagination Rendering renders an ellipsis at the start of the list","invocations":1,"location":null,"numPassingAsserts":6,"retryReasons":[],"status":"passed","title":"renders an ellipsis at the start of the list"},{"ancestorTitles":["Pagination","Rendering"],"duration":222,"failureDetails":[],"failureMessages":[],"fullName":"Pagination Rendering renders two ellipsis when the current page is in the middle","invocations":1,"location":null,"numPassingAsserts":12,"retryReasons":[],"status":"passed","title":"renders two ellipsis when the current page is in the middle"},{"ancestorTitles":["Pagination","Rendering"],"duration":69,"failureDetails":[],"failureMessages":[],"fullName":"Pagination Rendering adds aria-current to the active page","invocations":1,"location":null,"numPassingAsserts":3,"retryReasons":[],"status":"passed","title":"adds aria-current to the active page"},{"ancestorTitles":["Pagination","Rendering"],"duration":36,"failureDetails":[],"failureMessages":[],"fullName":"Pagination Rendering When pagination has 1 element, pagination is not shown","invocations":1,"location":null,"numPassingAsserts":1,"retryReasons":[],"status":"passed","title":"When pagination has 1 element, pagination is not shown"},{"ancestorTitles":["Pagination","Rendering"],"duration":2,"failureDetails":[],"failureMessages":[],"fullName":"Pagination Rendering When pagination has 0 elements, pagination is not shown","invocations":1,"location":null,"numPassingAsserts":1,"retryReasons":[],"status":"passed","title":"When pagination has 0 elements, pagination is not shown"},{"ancestorTitles":["Pagination","Rendering"],"duration":90,"failureDetails":[],"failureMessages":[],"fullName":"Pagination Rendering renders the UI snapshot correctly","invocations":1,"location":null,"numPassingAsserts":5,"retryReasons":[],"status":"passed","title":"renders the UI snapshot correctly"},{"ancestorTitles":["Pagination","Rendering"],"duration":26,"failureDetails":[],"failureMessages":[],"fullName":"Pagination Rendering passes a ref to the nav wrapper element","invocations":1,"location":null,"numPassingAsserts":1,"retryReasons":[],"status":"passed","title":"passes a ref to the nav wrapper element"},{"ancestorTitles":["Pagination","Behavior"],"duration":320,"failureDetails":[],"failureMessages":[],"fullName":"Pagination Behavior navigates to the appropriate page when the Next or Previous links are clicked","invocations":1,"location":null,"numPassingAsserts":2,"retryReasons":[],"status":"passed","title":"navigates to the appropriate page when the Next or Previous links are clicked"},{"ancestorTitles":["Pagination","Behavior"],"duration":54,"failureDetails":[],"failureMessages":[],"fullName":"Pagination Behavior updates the links href value when getPageHref is used","invocations":1,"location":null,"numPassingAsserts":9,"retryReasons":[],"status":"passed","title":"updates the links href value when getPageHref is used"},{"ancestorTitles":["Pagination","Behavior"],"duration":697,"failureDetails":[],"failureMessages":[],"fullName":"Pagination Behavior when page item is selected, runs the onPageChange callback","invocations":1,"location":null,"numPassingAsserts":11,"retryReasons":[],"status":"passed","title":"when page item is selected, runs the onPageChange callback"},{"ancestorTitles":["Pagination","Behavior"],"duration":213,"failureDetails":[],"failureMessages":[],"fullName":"Pagination Behavior uses the currentPage prop to update the selected page","invocations":1,"location":null,"numPassingAsserts":6,"retryReasons":[],"status":"passed","title":"uses the currentPage prop to update the selected page"},{"ancestorTitles":["Pagination","Behavior"],"duration":21,"failureDetails":[],"failureMessages":[],"fullName":"Pagination Behavior logs a warning if both `getPageHref` and `onPageChange` props are both passed","invocations":1,"location":null,"numPassingAsserts":1,"retryReasons":[],"status":"passed","title":"logs a warning if both `getPageHref` and `onPageChange` props are both passed"},{"ancestorTitles":["Pagination","Behavior"],"duration":21,"failureDetails":[],"failureMessages":[],"fullName":"Pagination Behavior logs a warning if both `getPageHref` and `currentPage` props are both passed","invocations":1,"location":null,"numPassingAsserts":1,"retryReasons":[],"status":"passed","title":"logs a warning if both `getPageHref` and `currentPage` props are both passed"}],"endTime":1680107364557,"message":"","name":"/Users/edwinguzman/projects/design/nypl-design-system/src/components/Pagination/Pagination.test.tsx","startTime":1680107340519,"status":"passed","summary":""},{"assertionResults":[{"ancestorTitles":["HeaderSearchForm Accessibility"],"duration":2710,"failureDetails":[],"failureMessages":[],"fullName":"HeaderSearchForm Accessibility passes axe accessibility test","invocations":1,"location":null,"numPassingAsserts":1,"retryReasons":[],"status":"passed","title":"passes axe accessibility test"},{"ancestorTitles":["HeaderSearchForm Accessibility"],"duration":1557,"failureDetails":[],"failureMessages":[],"fullName":"HeaderSearchForm Accessibility passes axe accessibility test for mobile view","invocations":1,"location":null,"numPassingAsserts":1,"retryReasons":[],"status":"passed","title":"passes axe accessibility test for mobile view"},{"ancestorTitles":["HeaderSearchForm","Desktop"],"duration":null,"failureDetails":[],"failureMessages":[],"fullName":"HeaderSearchForm Desktop renders a form with an input, radio inputs, and a search button","invocations":1,"location":null,"numPassingAsserts":0,"retryReasons":[],"status":"pending","title":"renders a form with an input, radio inputs, and a search button"},{"ancestorTitles":["HeaderSearchForm","Desktop"],"duration":null,"failureDetails":[],"failureMessages":[],"fullName":"HeaderSearchForm Desktop makes a request to the Encore catalog","invocations":1,"location":null,"numPassingAsserts":0,"retryReasons":[],"status":"pending","title":"makes a request to the Encore catalog"},{"ancestorTitles":["HeaderSearchForm","Desktop"],"duration":null,"failureDetails":[],"failureMessages":[],"fullName":"HeaderSearchForm Desktop makes a request to the Research Catalog","invocations":1,"location":null,"numPassingAsserts":0,"retryReasons":[],"status":"pending","title":"makes a request to the Research Catalog"},{"ancestorTitles":["HeaderSearchForm","Desktop"],"duration":null,"failureDetails":[],"failureMessages":[],"fullName":"HeaderSearchForm Desktop makes a request to the web catalog","invocations":1,"location":null,"numPassingAsserts":0,"retryReasons":[],"status":"pending","title":"makes a request to the web catalog"},{"ancestorTitles":["HeaderSearchForm","Mobile"],"duration":null,"failureDetails":[],"failureMessages":[],"fullName":"HeaderSearchForm Mobile renders a form with an input and three radios on mobile","invocations":1,"location":null,"numPassingAsserts":0,"retryReasons":[],"status":"pending","title":"renders a form with an input and three radios on mobile"},{"ancestorTitles":["HeaderSearchForm","Mobile"],"duration":null,"failureDetails":[],"failureMessages":[],"fullName":"HeaderSearchForm Mobile makes a request to the Encore catalog","invocations":1,"location":null,"numPassingAsserts":0,"retryReasons":[],"status":"pending","title":"makes a request to the Encore catalog"},{"ancestorTitles":["HeaderSearchForm","Mobile"],"duration":null,"failureDetails":[],"failureMessages":[],"fullName":"HeaderSearchForm Mobile makes a request to the Research Catalog","invocations":1,"location":null,"numPassingAsserts":0,"retryReasons":[],"status":"pending","title":"makes a request to the Research Catalog"},{"ancestorTitles":["HeaderSearchForm","Mobile"],"duration":null,"failureDetails":[],"failureMessages":[],"fullName":"HeaderSearchForm Mobile makes a request to the web catalog","invocations":1,"location":null,"numPassingAsserts":0,"retryReasons":[],"status":"pending","title":"makes a request to the web catalog"},{"ancestorTitles":["HeaderSearchForm"],"duration":null,"failureDetails":[],"failureMessages":[],"fullName":"HeaderSearchForm renders the UI snapshot correctly","invocations":1,"location":null,"numPassingAsserts":0,"retryReasons":[],"status":"pending","title":"renders the UI snapshot correctly"}],"endTime":1680107364589,"message":"","name":"/Users/edwinguzman/projects/design/nypl-design-system/src/components/Header/components/HeaderSearchForm.test.tsx","startTime":1680107340490,"status":"focused","summary":""},{"assertionResults":[{"ancestorTitles":["Slider Accessibility","Single Slider"],"duration":1247,"failureDetails":[],"failureMessages":[],"fullName":"Slider Accessibility Single Slider passes axe accessibility test","invocations":1,"location":null,"numPassingAsserts":1,"retryReasons":[],"status":"passed","title":"passes axe accessibility test"},{"ancestorTitles":["Slider Accessibility","Single Slider"],"duration":470,"failureDetails":[],"failureMessages":[],"fullName":"Slider Accessibility Single Slider passes axe accessibility test without a label","invocations":1,"location":null,"numPassingAsserts":1,"retryReasons":[],"status":"passed","title":"passes axe accessibility test without a label"},{"ancestorTitles":["Slider Accessibility","Single Slider"],"duration":210,"failureDetails":[],"failureMessages":[],"fullName":"Slider Accessibility Single Slider passes axe accessibility test without visible values","invocations":1,"location":null,"numPassingAsserts":1,"retryReasons":[],"status":"passed","title":"passes axe accessibility test without visible values"},{"ancestorTitles":["Slider Accessibility","Range Slider"],"duration":447,"failureDetails":[],"failureMessages":[],"fullName":"Slider Accessibility Range Slider passes axe accessibility test","invocations":1,"location":null,"numPassingAsserts":1,"retryReasons":[],"status":"passed","title":"passes axe accessibility test"},{"ancestorTitles":["Slider Accessibility","Range Slider"],"duration":477,"failureDetails":[],"failureMessages":[],"fullName":"Slider Accessibility Range Slider passes axe accessibility test without a label","invocations":1,"location":null,"numPassingAsserts":1,"retryReasons":[],"status":"passed","title":"passes axe accessibility test without a label"},{"ancestorTitles":["Slider Accessibility","Range Slider"],"duration":198,"failureDetails":[],"failureMessages":[],"fullName":"Slider Accessibility Range Slider passes axe accessibility test without visible values","invocations":1,"location":null,"numPassingAsserts":1,"retryReasons":[],"status":"passed","title":"passes axe accessibility test without visible values"},{"ancestorTitles":["Slider","Single Slider"],"duration":124,"failureDetails":[],"failureMessages":[],"fullName":"Slider Single Slider renders a label, two static values, text input, and helper text","invocations":1,"location":null,"numPassingAsserts":6,"retryReasons":[],"status":"passed","title":"renders a label, two static values, text input, and helper text"},{"ancestorTitles":["Slider","Single Slider"],"duration":55,"failureDetails":[],"failureMessages":[],"fullName":"Slider Single Slider adds the appropriate aria-* attributes to the slider element","invocations":1,"location":null,"numPassingAsserts":4,"retryReasons":[],"status":"passed","title":"adds the appropriate aria-* attributes to the slider element"},{"ancestorTitles":["Slider","Single Slider"],"duration":86,"failureDetails":[],"failureMessages":[],"fullName":"Slider Single Slider renders the '(Required)' text in the label or hides it","invocations":1,"location":null,"numPassingAsserts":2,"retryReasons":[],"status":"passed","title":"renders the '(Required)' text in the label or hides it"},{"ancestorTitles":["Slider","Single Slider"],"duration":51,"failureDetails":[],"failureMessages":[],"fullName":"Slider Single Slider hides the label but adds it as an aria-label attribute","invocations":1,"location":null,"numPassingAsserts":2,"retryReasons":[],"status":"passed","title":"hides the label but adds it as an aria-label attribute"},{"ancestorTitles":["Slider","Single Slider"],"duration":78,"failureDetails":[],"failureMessages":[],"fullName":"Slider Single Slider hides the min/max static values","invocations":1,"location":null,"numPassingAsserts":4,"retryReasons":[],"status":"passed","title":"hides the min/max static values"},{"ancestorTitles":["Slider","Single Slider"],"duration":77,"failureDetails":[],"failureMessages":[],"fullName":"Slider Single Slider hides the current value input box","invocations":1,"location":null,"numPassingAsserts":3,"retryReasons":[],"status":"passed","title":"hides the current value input box"},{"ancestorTitles":["Slider","Single Slider"],"duration":60,"failureDetails":[],"failureMessages":[],"fullName":"Slider Single Slider renders the invalid state","invocations":1,"location":null,"numPassingAsserts":3,"retryReasons":[],"status":"passed","title":"renders the invalid state"},{"ancestorTitles":["Slider","Single Slider"],"duration":73,"failureDetails":[],"failureMessages":[],"fullName":"Slider Single Slider renders the invalid state if the min prop is greater than the max prop","invocations":1,"location":null,"numPassingAsserts":4,"retryReasons":[],"status":"passed","title":"renders the invalid state if the min prop is greater than the max prop"},{"ancestorTitles":["Slider","Single Slider"],"duration":39,"failureDetails":[],"failureMessages":[],"fullName":"Slider Single Slider renders the disabled state","invocations":1,"location":null,"numPassingAsserts":1,"retryReasons":[],"status":"passed","title":"renders the disabled state"},{"ancestorTitles":["Slider","Single Slider"],"duration":66,"failureDetails":[],"failureMessages":[],"fullName":"Slider Single Slider updates the value through the text input","invocations":1,"location":null,"numPassingAsserts":2,"retryReasons":[],"status":"passed","title":"updates the value through the text input"},{"ancestorTitles":["Slider","Single Slider"],"duration":44,"failureDetails":[],"failureMessages":[],"fullName":"Slider Single Slider doesn't crash if no onChange callback function is passed","invocations":1,"location":null,"numPassingAsserts":1,"retryReasons":[],"status":"passed","title":"doesn't crash if no onChange callback function is passed"},{"ancestorTitles":["Slider","Single Slider"],"duration":68,"failureDetails":[],"failureMessages":[],"fullName":"Slider Single Slider gets the current value through the onChange callback function","invocations":1,"location":null,"numPassingAsserts":2,"retryReasons":[],"status":"passed","title":"gets the current value through the onChange callback function"},{"ancestorTitles":["Slider","Single Slider"],"duration":71,"failureDetails":[],"failureMessages":[],"fullName":"Slider Single Slider gets the current value through the onChangeEnd callback function","invocations":1,"location":null,"numPassingAsserts":2,"retryReasons":[],"status":"passed","title":"gets the current value through the onChangeEnd callback function"},{"ancestorTitles":["Slider","Single Slider"],"duration":37,"failureDetails":[],"failureMessages":[],"fullName":"Slider Single Slider logs a warning when both `onChange` and `onChangeEnd` are passed","invocations":1,"location":null,"numPassingAsserts":2,"retryReasons":[],"status":"passed","title":"logs a warning when both `onChange` and `onChangeEnd` are passed"},{"ancestorTitles":["Slider","Single Slider"],"duration":130,"failureDetails":[],"failureMessages":[],"fullName":"Slider Single Slider updates the value programmatically through the `value` prop","invocations":1,"location":null,"numPassingAsserts":4,"retryReasons":[],"status":"passed","title":"updates the value programmatically through the `value` prop"},{"ancestorTitles":["Slider","Single Slider"],"duration":120,"failureDetails":[],"failureMessages":[],"fullName":"Slider Single Slider renders the UI snapshot correctly","invocations":1,"location":null,"numPassingAsserts":9,"retryReasons":[],"status":"passed","title":"renders the UI snapshot correctly"},{"ancestorTitles":["Slider","Single Slider"],"duration":38,"failureDetails":[],"failureMessages":[],"fullName":"Slider Single Slider passes a ref to the div wrapper element","invocations":1,"location":null,"numPassingAsserts":1,"retryReasons":[],"status":"passed","title":"passes a ref to the div wrapper element"},{"ancestorTitles":["Slider","Range Slider"],"duration":166,"failureDetails":[],"failureMessages":[],"fullName":"Slider Range Slider renders everything from the single but also two text input fields","invocations":1,"location":null,"numPassingAsserts":8,"retryReasons":[],"status":"passed","title":"renders everything from the single but also two text input fields"},{"ancestorTitles":["Slider","Range Slider"],"duration":88,"failureDetails":[],"failureMessages":[],"fullName":"Slider Range Slider adds the appropriate aria-* attributes to the slider element","invocations":1,"location":null,"numPassingAsserts":8,"retryReasons":[],"status":"passed","title":"adds the appropriate aria-* attributes to the slider element"},{"ancestorTitles":["Slider","Range Slider"],"duration":132,"failureDetails":[],"failureMessages":[],"fullName":"Slider Range Slider hides the label but adds it as an aria-label attribute","invocations":1,"location":null,"numPassingAsserts":3,"retryReasons":[],"status":"passed","title":"hides the label but adds it as an aria-label attribute"},{"ancestorTitles":["Slider","Range Slider"],"duration":38,"failureDetails":[],"failureMessages":[],"fullName":"Slider Range Slider renders with min and max values as the default values if no `defaultValue` array is passed","invocations":1,"location":null,"numPassingAsserts":2,"retryReasons":[],"status":"passed","title":"renders with min and max values as the default values if no `defaultValue` array is passed"},{"ancestorTitles":["Slider","Range Slider"],"duration":157,"failureDetails":[],"failureMessages":[],"fullName":"Slider Range Slider renders the invalid state if the min prop is greater than the max prop","invocations":1,"location":null,"numPassingAsserts":4,"retryReasons":[],"status":"passed","title":"renders the invalid state if the min prop is greater than the max prop"},{"ancestorTitles":["Slider","Range Slider"],"duration":134,"failureDetails":[],"failureMessages":[],"fullName":"Slider Range Slider renders the invalid state if the start is greater than the end values","invocations":1,"location":null,"numPassingAsserts":5,"retryReasons":[],"status":"passed","title":"renders the invalid state if the start is greater than the end values"},{"ancestorTitles":["Slider","Range Slider"],"duration":125,"failureDetails":[],"failureMessages":[],"fullName":"Slider Range Slider updates the value through the text input","invocations":1,"location":null,"numPassingAsserts":2,"retryReasons":[],"status":"passed","title":"updates the value through the text input"},{"ancestorTitles":["Slider","Range Slider"],"duration":14,"failureDetails":[],"failureMessages":[],"fullName":"Slider Range Slider logs a warning when there is no `id` passed","invocations":1,"location":null,"numPassingAsserts":1,"retryReasons":[],"status":"passed","title":"logs a warning when there is no `id` passed"},{"ancestorTitles":["Slider","Range Slider"],"duration":336,"failureDetails":[],"failureMessages":[],"fullName":"Slider Range Slider updates the value programmatically through the `value` prop","invocations":1,"location":null,"numPassingAsserts":8,"retryReasons":[],"status":"passed","title":"updates the value programmatically through the `value` prop"},{"ancestorTitles":["Slider","Range Slider"],"duration":121,"failureDetails":[],"failureMessages":[],"fullName":"Slider Range Slider renders the UI snapshot correctly","invocations":1,"location":null,"numPassingAsserts":7,"retryReasons":[],"status":"passed","title":"renders the UI snapshot correctly"},{"ancestorTitles":["Slider","Range Slider"],"duration":29,"failureDetails":[],"failureMessages":[],"fullName":"Slider Range Slider passes a ref to the div wrapper element","invocations":1,"location":null,"numPassingAsserts":1,"retryReasons":[],"status":"passed","title":"passes a ref to the div wrapper element"},{"ancestorTitles":["Slider"],"duration":164,"failureDetails":[],"failureMessages":[],"fullName":"Slider gets the current value through the onChangeEnd callback function","invocations":1,"location":null,"numPassingAsserts":2,"retryReasons":[],"status":"passed","title":"gets the current value through the onChangeEnd callback function"}],"endTime":1680107365284,"message":"","name":"/Users/edwinguzman/projects/design/nypl-design-system/src/components/Slider/Slider.test.tsx","startTime":1680107340394,"status":"passed","summary":""},{"assertionResults":[{"ancestorTitles":["HeaderMobileNav Accessibility"],"duration":1688,"failureDetails":[],"failureMessages":[],"fullName":"HeaderMobileNav Accessibility passes axe accessibility test","invocations":1,"location":null,"numPassingAsserts":1,"retryReasons":[],"status":"passed","title":"passes axe accessibility test"},{"ancestorTitles":["HeaderMobileNav"],"duration":98,"failureDetails":[],"failureMessages":[],"fullName":"HeaderMobileNav renders the NYPL logo","invocations":1,"location":null,"numPassingAsserts":2,"retryReasons":[],"status":"passed","title":"renders the NYPL logo"},{"ancestorTitles":["HeaderMobileNav"],"duration":271,"failureDetails":[],"failureMessages":[],"fullName":"HeaderMobileNav renders a nav list","invocations":1,"location":null,"numPassingAsserts":10,"retryReasons":[],"status":"passed","title":"renders a nav list"},{"ancestorTitles":["HeaderMobileNav"],"duration":192,"failureDetails":[],"failureMessages":[],"fullName":"HeaderMobileNav renders the bottom links","invocations":1,"location":null,"numPassingAsserts":7,"retryReasons":[],"status":"passed","title":"renders the bottom links"},{"ancestorTitles":["HeaderMobileNav"],"duration":131,"failureDetails":[],"failureMessages":[],"fullName":"HeaderMobileNav renders the UI snapshot correctly","invocations":1,"location":null,"numPassingAsserts":1,"retryReasons":[],"status":"passed","title":"renders the UI snapshot correctly"}],"endTime":1680107365641,"message":"","name":"/Users/edwinguzman/projects/design/nypl-design-system/src/components/Header/components/HeaderMobileNav.test.tsx","startTime":1680107360201,"status":"passed","summary":""},{"assertionResults":[{"ancestorTitles":["Tooltip accessibility"],"duration":1277,"failureDetails":[],"failureMessages":[],"fullName":"Tooltip accessibility passes axe accessibility test with string content","invocations":1,"location":null,"numPassingAsserts":1,"retryReasons":[],"status":"passed","title":"passes axe accessibility test with string content"},{"ancestorTitles":["Tooltip accessibility"],"duration":717,"failureDetails":[],"failureMessages":[],"fullName":"Tooltip accessibility passes axe accessibility test with Image content","invocations":1,"location":null,"numPassingAsserts":1,"retryReasons":[],"status":"passed","title":"passes axe accessibility test with Image content"},{"ancestorTitles":["Tooltip accessibility"],"duration":655,"failureDetails":[],"failureMessages":[],"fullName":"Tooltip accessibility passes axe accessibility test with Icon content","invocations":1,"location":null,"numPassingAsserts":1,"retryReasons":[],"status":"passed","title":"passes axe accessibility test with Icon content"},{"ancestorTitles":["Tooltip"],"duration":null,"failureDetails":[],"failureMessages":[],"fullName":"Tooltip should render on mouseover and close on mouseleave","invocations":1,"location":null,"numPassingAsserts":0,"retryReasons":[],"status":"pending","title":"should render on mouseover and close on mouseleave"},{"ancestorTitles":["Tooltip"],"duration":null,"failureDetails":[],"failureMessages":[],"fullName":"Tooltip should render after 500ms","invocations":1,"location":null,"numPassingAsserts":0,"retryReasons":[],"status":"pending","title":"should render after 500ms"},{"ancestorTitles":["Tooltip"],"duration":null,"failureDetails":[],"failureMessages":[],"fullName":"Tooltip should not render on mouseover if isDisabled is true","invocations":1,"location":null,"numPassingAsserts":0,"retryReasons":[],"status":"pending","title":"should not render on mouseover if isDisabled is true"},{"ancestorTitles":["Tooltip"],"duration":null,"failureDetails":[],"failureMessages":[],"fullName":"Tooltip should render on mouseover if isDisabled has a falsy value","invocations":1,"location":null,"numPassingAsserts":0,"retryReasons":[],"status":"pending","title":"should render on mouseover if isDisabled has a falsy value"},{"ancestorTitles":["Tooltip"],"duration":null,"failureDetails":[],"failureMessages":[],"fullName":"Tooltip should render on mouseover and closes on pressing 'esc'","invocations":1,"location":null,"numPassingAsserts":0,"retryReasons":[],"status":"pending","title":"should render on mouseover and closes on pressing 'esc'"},{"ancestorTitles":["Tooltip"],"duration":null,"failureDetails":[],"failureMessages":[],"fullName":"Tooltip logs a warning if `content` is not a string, number, Icon, or Image","invocations":1,"location":null,"numPassingAsserts":0,"retryReasons":[],"status":"pending","title":"logs a warning if `content` is not a string, number, Icon, or Image"}],"endTime":1680107365752,"message":"","name":"/Users/edwinguzman/projects/design/nypl-design-system/src/components/Tooltip/Tooltip.test.tsx","startTime":1680107359893,"status":"focused","summary":""},{"assertionResults":[{"ancestorTitles":["AudioPlayer Accessibility"],"duration":902,"failureDetails":[],"failureMessages":[],"fullName":"AudioPlayer Accessibility Passes axe accessibility test for Libsyn player","invocations":1,"location":null,"numPassingAsserts":1,"retryReasons":[],"status":"passed","title":"Passes axe accessibility test for Libsyn player"},{"ancestorTitles":["AudioPlayer Accessibility"],"duration":624,"failureDetails":[],"failureMessages":[],"fullName":"AudioPlayer Accessibility Passes axe accessibility test for Soundcloud player","invocations":1,"location":null,"numPassingAsserts":1,"retryReasons":[],"status":"passed","title":"Passes axe accessibility test for Soundcloud player"},{"ancestorTitles":["AudioPlayer Accessibility"],"duration":554,"failureDetails":[],"failureMessages":[],"fullName":"AudioPlayer Accessibility Passes axe accessibility test for Spotify Player","invocations":1,"location":null,"numPassingAsserts":1,"retryReasons":[],"status":"passed","title":"Passes axe accessibility test for Spotify Player"},{"ancestorTitles":["AudioPlayer Accessibility"],"duration":634,"failureDetails":[],"failureMessages":[],"fullName":"AudioPlayer Accessibility Passes axe accessibility test with labels","invocations":1,"location":null,"numPassingAsserts":1,"retryReasons":[],"status":"passed","title":"Passes axe accessibility test with labels"},{"ancestorTitles":["AudioPlayer valid render"],"duration":21,"failureDetails":[],"failureMessages":[],"fullName":"AudioPlayer valid render Renders AudioPlayer container","invocations":1,"location":null,"numPassingAsserts":1,"retryReasons":[],"status":"passed","title":"Renders AudioPlayer container"},{"ancestorTitles":["AudioPlayer valid render"],"duration":21,"failureDetails":[],"failureMessages":[],"fullName":"AudioPlayer valid render Renders iframe","invocations":1,"location":null,"numPassingAsserts":3,"retryReasons":[],"status":"passed","title":"Renders iframe"},{"ancestorTitles":["AudioPlayer valid render"],"duration":40,"failureDetails":[],"failureMessages":[],"fullName":"AudioPlayer valid render Renders headingText","invocations":1,"location":null,"numPassingAsserts":1,"retryReasons":[],"status":"passed","title":"Renders headingText"},{"ancestorTitles":["AudioPlayer valid render"],"duration":21,"failureDetails":[],"failureMessages":[],"fullName":"AudioPlayer valid render Renders descriptionText","invocations":1,"location":null,"numPassingAsserts":1,"retryReasons":[],"status":"passed","title":"Renders descriptionText"},{"ancestorTitles":["AudioPlayer valid render"],"duration":38,"failureDetails":[],"failureMessages":[],"fullName":"AudioPlayer valid render Renders helperText","invocations":1,"location":null,"numPassingAsserts":1,"retryReasons":[],"status":"passed","title":"Renders helperText"},{"ancestorTitles":["Custom iframe title"],"duration":61,"failureDetails":[],"failureMessages":[],"fullName":"Custom iframe title Uses the default iframe title if it exists","invocations":1,"location":null,"numPassingAsserts":1,"retryReasons":[],"status":"passed","title":"Uses the default iframe title if it exists"},{"ancestorTitles":["Custom iframe title"],"duration":68,"failureDetails":[],"failureMessages":[],"fullName":"Custom iframe title Uses a generic iframe title if none was provided","invocations":1,"location":null,"numPassingAsserts":1,"retryReasons":[],"status":"passed","title":"Uses a generic iframe title if none was provided"},{"ancestorTitles":["Custom iframe title"],"duration":83,"failureDetails":[],"failureMessages":[],"fullName":"Custom iframe title Uses iframeTitle prop to add iframe title to iframe","invocations":1,"location":null,"numPassingAsserts":1,"retryReasons":[],"status":"passed","title":"Uses iframeTitle prop to add iframe title to iframe"},{"ancestorTitles":["Props validation"],"duration":50,"failureDetails":[],"failureMessages":[],"fullName":"Props validation Renders error message when embedCode snippet is not described in audioType","invocations":1,"location":null,"numPassingAsserts":1,"retryReasons":[],"status":"passed","title":"Renders error message when embedCode snippet is not described in audioType"},{"ancestorTitles":["Props validation"],"duration":11,"failureDetails":[],"failureMessages":[],"fullName":"Props validation Renders error message when embedCode is not an iframe","invocations":1,"location":null,"numPassingAsserts":1,"retryReasons":[],"status":"passed","title":"Renders error message when embedCode is not an iframe"},{"ancestorTitles":["Props validation","Throw warnings"],"duration":8,"failureDetails":[],"failureMessages":[],"fullName":"Props validation Throw warnings Throws warning when the audioType is 'spotify' or 'soundcloud' or 'libsyn' but without embedCode","invocations":1,"location":null,"numPassingAsserts":1,"retryReasons":[],"status":"passed","title":"Throws warning when the audioType is 'spotify' or 'soundcloud' or 'libsyn' but without embedCode"},{"ancestorTitles":["AudioPlay Snapshots"],"duration":150,"failureDetails":[],"failureMessages":[],"fullName":"AudioPlay Snapshots Renders the well formatted AudioPlayer UI ","invocations":1,"location":null,"numPassingAsserts":4,"retryReasons":[],"status":"passed","title":"Renders the well formatted AudioPlayer UI "},{"ancestorTitles":["AudioPlay Snapshots"],"duration":3,"failureDetails":[],"failureMessages":[],"fullName":"AudioPlay Snapshots Renders the errored AudioPlayer UI","invocations":1,"location":null,"numPassingAsserts":1,"retryReasons":[],"status":"passed","title":"Renders the errored AudioPlayer UI"}],"endTime":1680107367899,"message":"","name":"/Users/edwinguzman/projects/design/nypl-design-system/src/components/AudioPlayer/AudioPlayer.test.tsx","startTime":1680107361833,"status":"passed","summary":""},{"assertionResults":[{"ancestorTitles":["Hero accessbility tests"],"duration":513,"failureDetails":[],"failureMessages":[],"fullName":"Hero accessbility tests passes for type Primary","invocations":1,"location":null,"numPassingAsserts":1,"retryReasons":[],"status":"passed","title":"passes for type Primary"},{"ancestorTitles":["Hero accessbility tests"],"duration":196,"failureDetails":[],"failureMessages":[],"fullName":"Hero accessbility tests passes for type Secondary","invocations":1,"location":null,"numPassingAsserts":1,"retryReasons":[],"status":"passed","title":"passes for type Secondary"},{"ancestorTitles":["Hero accessbility tests"],"duration":192,"failureDetails":[],"failureMessages":[],"fullName":"Hero accessbility tests passes for type Tertiary","invocations":1,"location":null,"numPassingAsserts":1,"retryReasons":[],"status":"passed","title":"passes for type Tertiary"},{"ancestorTitles":["Hero accessbility tests"],"duration":192,"failureDetails":[],"failureMessages":[],"fullName":"Hero accessbility tests passes for type Campaign","invocations":1,"location":null,"numPassingAsserts":1,"retryReasons":[],"status":"passed","title":"passes for type Campaign"},{"ancestorTitles":["Hero accessbility tests"],"duration":149,"failureDetails":[],"failureMessages":[],"fullName":"Hero accessbility tests passes for type FiftyFifty","invocations":1,"location":null,"numPassingAsserts":1,"retryReasons":[],"status":"passed","title":"passes for type FiftyFifty"},{"ancestorTitles":["Hero"],"duration":40,"failureDetails":[],"failureMessages":[],"fullName":"Hero renders Primary Hero","invocations":1,"location":null,"numPassingAsserts":3,"retryReasons":[],"status":"passed","title":"renders Primary Hero"},{"ancestorTitles":["Hero"],"duration":99,"failureDetails":[],"failureMessages":[],"fullName":"Hero renders Secondary Hero","invocations":1,"location":null,"numPassingAsserts":4,"retryReasons":[],"status":"passed","title":"renders Secondary Hero"},{"ancestorTitles":["Hero"],"duration":6,"failureDetails":[],"failureMessages":[],"fullName":"Hero renders Tertiary Hero","invocations":1,"location":null,"numPassingAsserts":3,"retryReasons":[],"status":"passed","title":"renders Tertiary Hero"},{"ancestorTitles":["Hero"],"duration":71,"failureDetails":[],"failureMessages":[],"fullName":"Hero renders Campaign Hero","invocations":1,"location":null,"numPassingAsserts":5,"retryReasons":[],"status":"passed","title":"renders Campaign Hero"},{"ancestorTitles":["Hero"],"duration":32,"failureDetails":[],"failureMessages":[],"fullName":"Hero renders Fifty-Fifty Hero","invocations":1,"location":null,"numPassingAsserts":3,"retryReasons":[],"status":"passed","title":"renders Fifty-Fifty Hero"},{"ancestorTitles":["Hero"],"duration":14,"failureDetails":[],"failureMessages":[],"fullName":"Hero renders custom background and foreground colors for all but the Secondary type","invocations":1,"location":null,"numPassingAsserts":3,"retryReasons":[],"status":"passed","title":"renders custom background and foreground colors for all but the Secondary type"},{"ancestorTitles":["Hero"],"duration":3,"failureDetails":[],"failureMessages":[],"fullName":"Hero logs a warning if `imageProps.src` prop is passed but not `imageProps.alt`","invocations":1,"location":null,"numPassingAsserts":1,"retryReasons":[],"status":"passed","title":"logs a warning if `imageProps.src` prop is passed but not `imageProps.alt`"},{"ancestorTitles":["Hero"],"duration":41,"failureDetails":[],"failureMessages":[],"fullName":"Hero renders Primary Hero with warnings in browser console","invocations":1,"location":null,"numPassingAsserts":2,"retryReasons":[],"status":"passed","title":"renders Primary Hero with warnings in browser console"},{"ancestorTitles":["Hero"],"duration":21,"failureDetails":[],"failureMessages":[],"fullName":"Hero renders Secondary Hero with warnings in browser console","invocations":1,"location":null,"numPassingAsserts":3,"retryReasons":[],"status":"passed","title":"renders Secondary Hero with warnings in browser console"},{"ancestorTitles":["Hero"],"duration":7,"failureDetails":[],"failureMessages":[],"fullName":"Hero renders Tertiary Hero with warnings in browser console","invocations":1,"location":null,"numPassingAsserts":3,"retryReasons":[],"status":"passed","title":"renders Tertiary Hero with warnings in browser console"},{"ancestorTitles":["Hero"],"duration":39,"failureDetails":[],"failureMessages":[],"fullName":"Hero renders Campaign Hero with warnings in browser console","invocations":1,"location":null,"numPassingAsserts":3,"retryReasons":[],"status":"passed","title":"renders Campaign Hero with warnings in browser console"},{"ancestorTitles":["Hero"],"duration":24,"failureDetails":[],"failureMessages":[],"fullName":"Hero renders FiftyFifty Hero with warnings in browser console","invocations":1,"location":null,"numPassingAsserts":2,"retryReasons":[],"status":"passed","title":"renders FiftyFifty Hero with warnings in browser console"},{"ancestorTitles":["Hero"],"duration":96,"failureDetails":[],"failureMessages":[],"fullName":"Hero Renders the UI snapshot correctly","invocations":1,"location":null,"numPassingAsserts":11,"retryReasons":[],"status":"passed","title":"Renders the UI snapshot correctly"},{"ancestorTitles":["Hero"],"duration":16,"failureDetails":[],"failureMessages":[],"fullName":"Hero passes a ref to the div wrapper element","invocations":1,"location":null,"numPassingAsserts":1,"retryReasons":[],"status":"passed","title":"passes a ref to the div wrapper element"}],"endTime":1680107369403,"message":"","name":"/Users/edwinguzman/projects/design/nypl-design-system/src/components/Hero/Hero.test.tsx","startTime":1680107364729,"status":"passed","summary":""},{"assertionResults":[{"ancestorTitles":["DatePicker Accessibility"],"duration":970,"failureDetails":[],"failureMessages":[],"fullName":"DatePicker Accessibility passes axe accessibility for a single date input","invocations":1,"location":null,"numPassingAsserts":1,"retryReasons":[],"status":"passed","title":"passes axe accessibility for a single date input"},{"ancestorTitles":["DatePicker Accessibility"],"duration":410,"failureDetails":[],"failureMessages":[],"fullName":"DatePicker Accessibility passes axe accessibility with hidden label","invocations":1,"location":null,"numPassingAsserts":1,"retryReasons":[],"status":"passed","title":"passes axe accessibility with hidden label"},{"ancestorTitles":["DatePicker Accessibility"],"duration":652,"failureDetails":[],"failureMessages":[],"fullName":"DatePicker Accessibility passes axe accessibility for a date range","invocations":1,"location":null,"numPassingAsserts":1,"retryReasons":[],"status":"passed","title":"passes axe accessibility for a date range"},{"ancestorTitles":["DatePicker Accessibility"],"duration":436,"failureDetails":[],"failureMessages":[],"fullName":"DatePicker Accessibility passes axe accessibility for a date range with hidden label","invocations":1,"location":null,"numPassingAsserts":1,"retryReasons":[],"status":"passed","title":"passes axe accessibility for a date range with hidden label"},{"ancestorTitles":["DatePicker","Single input"],"duration":37,"failureDetails":[],"failureMessages":[],"fullName":"DatePicker Single input should render the basic date input field including a date","invocations":1,"location":null,"numPassingAsserts":4,"retryReasons":[],"status":"passed","title":"should render the basic date input field including a date"},{"ancestorTitles":["DatePicker","Single input"],"duration":32,"failureDetails":[],"failureMessages":[],"fullName":"DatePicker Single input should render with an initial date","invocations":1,"location":null,"numPassingAsserts":1,"retryReasons":[],"status":"passed","title":"should render with an initial date"},{"ancestorTitles":["DatePicker","Single input"],"duration":48,"failureDetails":[],"failureMessages":[],"fullName":"DatePicker Single input should render the 'month' DatePicker type","invocations":1,"location":null,"numPassingAsserts":3,"retryReasons":[],"status":"passed","title":"should render the 'month' DatePicker type"},{"ancestorTitles":["DatePicker","Single input"],"duration":36,"failureDetails":[],"failureMessages":[],"fullName":"DatePicker Single input should render the 'year' DatePicker type","invocations":1,"location":null,"numPassingAsserts":3,"retryReasons":[],"status":"passed","title":"should render the 'year' DatePicker type"},{"ancestorTitles":["DatePicker","Single input"],"duration":80,"failureDetails":[],"failureMessages":[],"fullName":"DatePicker Single input should render a custom date format","invocations":1,"location":null,"numPassingAsserts":2,"retryReasons":[],"status":"passed","title":"should render a custom date format"},{"ancestorTitles":["DatePicker","Single input"],"duration":15,"failureDetails":[],"failureMessages":[],"fullName":"DatePicker Single input should hide the input label but add an aria-label","invocations":1,"location":null,"numPassingAsserts":2,"retryReasons":[],"status":"passed","title":"should hide the input label but add an aria-label"},{"ancestorTitles":["DatePicker","Single input"],"duration":52,"failureDetails":[],"failureMessages":[],"fullName":"DatePicker Single input should render with helper text and error text","invocations":1,"location":null,"numPassingAsserts":5,"retryReasons":[],"status":"passed","title":"should render with helper text and error text"},{"ancestorTitles":["DatePicker","Single input"],"duration":39,"failureDetails":[],"failureMessages":[],"fullName":"DatePicker Single input should not render the helper text or invalid text when 'showHelperInvalidText' is false","invocations":1,"location":null,"numPassingAsserts":4,"retryReasons":[],"status":"passed","title":"should not render the helper text or invalid text when 'showHelperInvalidText' is false"},{"ancestorTitles":["DatePicker","Single input"],"duration":13,"failureDetails":[],"failureMessages":[],"fullName":"DatePicker Single input should render a disabled input field","invocations":1,"location":null,"numPassingAsserts":1,"retryReasons":[],"status":"passed","title":"should render a disabled input field"},{"ancestorTitles":["DatePicker","Single input"],"duration":29,"failureDetails":[],"failureMessages":[],"fullName":"DatePicker Single input should render a required label","invocations":1,"location":null,"numPassingAsserts":1,"retryReasons":[],"status":"passed","title":"should render a required label"},{"ancestorTitles":["DatePicker","Single input"],"duration":60,"failureDetails":[],"failureMessages":[],"fullName":"DatePicker Single input should hide the (Required) text in the label with `showRequiredLabel`","invocations":1,"location":null,"numPassingAsserts":3,"retryReasons":[],"status":"passed","title":"should hide the (Required) text in the label with `showRequiredLabel`"},{"ancestorTitles":["DatePicker","Single input"],"duration":672,"failureDetails":[],"failureMessages":[],"fullName":"DatePicker Single input should pass the value to the `onChange` function","invocations":1,"location":null,"numPassingAsserts":2,"retryReasons":[],"status":"passed","title":"should pass the value to the `onChange` function"},{"ancestorTitles":["DatePicker","Single input"],"duration":13,"failureDetails":[],"failureMessages":[],"fullName":"DatePicker Single input should throw a warning when refs are used but not `name` props","invocations":1,"location":null,"numPassingAsserts":1,"retryReasons":[],"status":"passed","title":"should throw a warning when refs are used but not `name` props"},{"ancestorTitles":["DatePicker","Single input"],"duration":31,"failureDetails":[],"failureMessages":[],"fullName":"DatePicker Single input should throw a warning when `onChange` is passed as well as a `ref` prop.","invocations":1,"location":null,"numPassingAsserts":1,"retryReasons":[],"status":"passed","title":"should throw a warning when `onChange` is passed as well as a `ref` prop."},{"ancestorTitles":["DatePicker","Single input"],"duration":159,"failureDetails":[],"failureMessages":[],"fullName":"DatePicker Single input renders the UI snapshot correctly","invocations":1,"location":null,"numPassingAsserts":7,"retryReasons":[],"status":"passed","title":"renders the UI snapshot correctly"},{"ancestorTitles":["DatePicker","Single input"],"duration":23,"failureDetails":[],"failureMessages":[],"fullName":"DatePicker Single input passes a ref to the input element","invocations":1,"location":null,"numPassingAsserts":1,"retryReasons":[],"status":"passed","title":"passes a ref to the input element"},{"ancestorTitles":["DatePicker","Date Range"],"duration":47,"failureDetails":[],"failureMessages":[],"fullName":"DatePicker Date Range should render the date range with two input fields","invocations":1,"location":null,"numPassingAsserts":3,"retryReasons":[],"status":"passed","title":"should render the date range with two input fields"},{"ancestorTitles":["DatePicker","Date Range"],"duration":51,"failureDetails":[],"failureMessages":[],"fullName":"DatePicker Date Range should render the initial dates","invocations":1,"location":null,"numPassingAsserts":2,"retryReasons":[],"status":"passed","title":"should render the initial dates"},{"ancestorTitles":["DatePicker","Date Range"],"duration":72,"failureDetails":[],"failureMessages":[],"fullName":"DatePicker Date Range should render two input labels and three separate helper text","invocations":1,"location":null,"numPassingAsserts":5,"retryReasons":[],"status":"passed","title":"should render two input labels and three separate helper text"},{"ancestorTitles":["DatePicker","Date Range"],"duration":145,"failureDetails":[],"failureMessages":[],"fullName":"DatePicker Date Range should render different states based on respective props","invocations":1,"location":null,"numPassingAsserts":6,"retryReasons":[],"status":"passed","title":"should render different states based on respective props"},{"ancestorTitles":["DatePicker","Date Range"],"duration":141,"failureDetails":[],"failureMessages":[],"fullName":"DatePicker Date Range renders the UI snapshot correctly","invocations":1,"location":null,"numPassingAsserts":5,"retryReasons":[],"status":"passed","title":"renders the UI snapshot correctly"},{"ancestorTitles":["DatePicker","Date Range"],"duration":1522,"failureDetails":[],"failureMessages":[],"fullName":"DatePicker Date Range should select two new dates","invocations":1,"location":null,"numPassingAsserts":7,"retryReasons":[],"status":"passed","title":"should select two new dates"},{"ancestorTitles":["DatePicker","Date Range"],"duration":65,"failureDetails":[],"failureMessages":[],"fullName":"DatePicker Date Range passes two refs to both input elements","invocations":1,"location":null,"numPassingAsserts":2,"retryReasons":[],"status":"passed","title":"passes two refs to both input elements"},{"ancestorTitles":["DatePicker","Popup Calendar"],"duration":435,"failureDetails":[],"failureMessages":[],"fullName":"DatePicker Popup Calendar should render a popup calendar for the full date","invocations":1,"location":null,"numPassingAsserts":10,"retryReasons":[],"status":"passed","title":"should render a popup calendar for the full date"},{"ancestorTitles":["DatePicker","Popup Calendar"],"duration":1379,"failureDetails":[],"failureMessages":[],"fullName":"DatePicker Popup Calendar should select a new date from the calendar","invocations":1,"location":null,"numPassingAsserts":4,"retryReasons":[],"status":"passed","title":"should select a new date from the calendar"},{"ancestorTitles":["DatePicker","Popup Calendar"],"duration":371,"failureDetails":[],"failureMessages":[],"fullName":"DatePicker Popup Calendar should render a popup calendar for the month date","invocations":1,"location":null,"numPassingAsserts":15,"retryReasons":[],"status":"passed","title":"should render a popup calendar for the month date"},{"ancestorTitles":["DatePicker","Popup Calendar"],"duration":268,"failureDetails":[],"failureMessages":[],"fullName":"DatePicker Popup Calendar should select a new month from the calendar","invocations":1,"location":null,"numPassingAsserts":4,"retryReasons":[],"status":"passed","title":"should select a new month from the calendar"},{"ancestorTitles":["DatePicker","Popup Calendar"],"duration":284,"failureDetails":[],"failureMessages":[],"fullName":"DatePicker Popup Calendar should render a popup calendar for the year date","invocations":1,"location":null,"numPassingAsserts":14,"retryReasons":[],"status":"passed","title":"should render a popup calendar for the year date"},{"ancestorTitles":["DatePicker","Popup Calendar"],"duration":271,"failureDetails":[],"failureMessages":[],"fullName":"DatePicker Popup Calendar should select a new year from the calendar","invocations":1,"location":null,"numPassingAsserts":2,"retryReasons":[],"status":"passed","title":"should select a new year from the calendar"},{"ancestorTitles":["DatePicker","Popup Calendar"],"duration":72,"failureDetails":[],"failureMessages":[],"fullName":"DatePicker Popup Calendar logs a warning when there is no `id` passed","invocations":1,"location":null,"numPassingAsserts":1,"retryReasons":[],"status":"passed","title":"logs a warning when there is no `id` passed"}],"endTime":1680107369900,"message":"","name":"/Users/edwinguzman/projects/design/nypl-design-system/src/components/DatePicker/DatePicker.test.tsx","startTime":1680107340491,"status":"passed","summary":""},{"assertionResults":[{"ancestorTitles":["VideoPlayer Accessibility"],"duration":881,"failureDetails":[],"failureMessages":[],"fullName":"VideoPlayer Accessibility passes axe accessibility test","invocations":1,"location":null,"numPassingAsserts":1,"retryReasons":[],"status":"passed","title":"passes axe accessibility test"},{"ancestorTitles":["VideoPlayer","YouTube player"],"duration":14,"failureDetails":[],"failureMessages":[],"fullName":"VideoPlayer YouTube player Renders VideoPlayer container","invocations":1,"location":null,"numPassingAsserts":1,"retryReasons":[],"status":"passed","title":"Renders VideoPlayer container"},{"ancestorTitles":["VideoPlayer","YouTube player"],"duration":14,"failureDetails":[],"failureMessages":[],"fullName":"VideoPlayer YouTube player Renders VideoPlayer iframe","invocations":1,"location":null,"numPassingAsserts":1,"retryReasons":[],"status":"passed","title":"Renders VideoPlayer iframe"},{"ancestorTitles":["VideoPlayer","YouTube player"],"duration":12,"failureDetails":[],"failureMessages":[],"fullName":"VideoPlayer YouTube player Renders YouTube video","invocations":1,"location":null,"numPassingAsserts":1,"retryReasons":[],"status":"passed","title":"Renders YouTube video"},{"ancestorTitles":["VideoPlayer","Vimeo player"],"duration":11,"failureDetails":[],"failureMessages":[],"fullName":"VideoPlayer Vimeo player Renders VideoPlayer iframe","invocations":1,"location":null,"numPassingAsserts":1,"retryReasons":[],"status":"passed","title":"Renders VideoPlayer iframe"},{"ancestorTitles":["VideoPlayer","Vimeo player"],"duration":13,"failureDetails":[],"failureMessages":[],"fullName":"VideoPlayer Vimeo player Renders Vimeo video","invocations":1,"location":null,"numPassingAsserts":1,"retryReasons":[],"status":"passed","title":"Renders Vimeo video"},{"ancestorTitles":["VideoPlayer","using embedCode prop"],"duration":55,"failureDetails":[],"failureMessages":[],"fullName":"VideoPlayer using embedCode prop Renders custom embed code","invocations":1,"location":null,"numPassingAsserts":2,"retryReasons":[],"status":"passed","title":"Renders custom embed code"},{"ancestorTitles":["VideoPlayer","using embedCode prop"],"duration":39,"failureDetails":[],"failureMessages":[],"fullName":"VideoPlayer using embedCode prop Renders custom embed code with custom iframe title","invocations":1,"location":null,"numPassingAsserts":1,"retryReasons":[],"status":"passed","title":"Renders custom embed code with custom iframe title"},{"ancestorTitles":["VideoPlayer","using embedCode prop"],"duration":50,"failureDetails":[],"failureMessages":[],"fullName":"VideoPlayer using embedCode prop Renders custom embed code with pre-existing title","invocations":1,"location":null,"numPassingAsserts":1,"retryReasons":[],"status":"passed","title":"Renders custom embed code with pre-existing title"},{"ancestorTitles":["VideoPlayer","using embedCode prop"],"duration":41,"failureDetails":[],"failureMessages":[],"fullName":"VideoPlayer using embedCode prop Renders custom embed code with pre-existing title and ignores `iframeTitle` prop","invocations":1,"location":null,"numPassingAsserts":1,"retryReasons":[],"status":"passed","title":"Renders custom embed code with pre-existing title and ignores `iframeTitle` prop"},{"ancestorTitles":["VideoPlayer","text elements"],"duration":75,"failureDetails":[],"failureMessages":[],"fullName":"VideoPlayer text elements Renders Heading component","invocations":1,"location":null,"numPassingAsserts":1,"retryReasons":[],"status":"passed","title":"Renders Heading component"},{"ancestorTitles":["VideoPlayer","text elements"],"duration":70,"failureDetails":[],"failureMessages":[],"fullName":"VideoPlayer text elements Renders description text","invocations":1,"location":null,"numPassingAsserts":1,"retryReasons":[],"status":"passed","title":"Renders description text"},{"ancestorTitles":["VideoPlayer","text elements"],"duration":35,"failureDetails":[],"failureMessages":[],"fullName":"VideoPlayer text elements Renders HelperErrorText component","invocations":1,"location":null,"numPassingAsserts":1,"retryReasons":[],"status":"passed","title":"Renders HelperErrorText component"},{"ancestorTitles":["VideoPlayer","text elements"],"duration":62,"failureDetails":[],"failureMessages":[],"fullName":"VideoPlayer text elements does not render the helper text","invocations":1,"location":null,"numPassingAsserts":1,"retryReasons":[],"status":"passed","title":"does not render the helper text"},{"ancestorTitles":["VideoPlayer","custom iframe title"],"duration":68,"failureDetails":[],"failureMessages":[],"fullName":"VideoPlayer custom iframe title Uses iframeTitle prop to add custom title attribute to iframe","invocations":1,"location":null,"numPassingAsserts":1,"retryReasons":[],"status":"passed","title":"Uses iframeTitle prop to add custom title attribute to iframe"},{"ancestorTitles":["VideoPlayer","prop validation"],"duration":23,"failureDetails":[],"failureMessages":[],"fullName":"VideoPlayer prop validation Throws error if the videoId prop not is formatted properly","invocations":1,"location":null,"numPassingAsserts":1,"retryReasons":[],"status":"passed","title":"Throws error if the videoId prop not is formatted properly"},{"ancestorTitles":["VideoPlayer","prop validation"],"duration":48,"failureDetails":[],"failureMessages":[],"fullName":"VideoPlayer prop validation Throws appropriate error if VideoPlayer props are not configured properly","invocations":1,"location":null,"numPassingAsserts":7,"retryReasons":[],"status":"passed","title":"Throws appropriate error if VideoPlayer props are not configured properly"},{"ancestorTitles":["VideoPlayer"],"duration":88,"failureDetails":[],"failureMessages":[],"fullName":"VideoPlayer renders the UI snapshot correctly","invocations":1,"location":null,"numPassingAsserts":6,"retryReasons":[],"status":"passed","title":"renders the UI snapshot correctly"},{"ancestorTitles":["VideoPlayer"],"duration":51,"failureDetails":[],"failureMessages":[],"fullName":"VideoPlayer passes a ref to the div warpper element","invocations":1,"location":null,"numPassingAsserts":1,"re
[...]
45}}}},"branchMap":{},"s":{"0":0,"1":0,"2":0,"3":0,"4":0},"f":{"0":0},"b":{}},"/Users/edwinguzman/projects/design/nypl-design-system/src/utils/componentCategories.ts":{"path":"/Users/edwinguzman/projects/design/nypl-design-system/src/utils/componentCategories.ts","statementMap":{"0":{"start":{"line":3,"column":19},"end":{"line":158,"column":2}},"1":{"start":{"line":160,"column":27},"end":{"line":170,"column":1}},"2":{"start":{"line":161,"column":16},"end":{"line":161,"column":25}},"3":{"start":{"line":162,"column":2},"end":{"line":168,"column":5}},"4":{"start":{"line":163,"column":14},"end":{"line":163,"column":62}},"5":{"start":{"line":164,"column":14},"end":{"line":164,"column":67}},"6":{"start":{"line":165,"column":4},"end":{"line":167,"column":null}},"7":{"start":{"line":166,"column":6},"end":{"line":166,"column":36}},"8":{"start":{"line":169,"column":2},"end":{"line":169,"column":17}},"9":{"start":{"line":160,"column":13},"end":{"line":160,"column":27}}},"fnMap":{"0":{"name":"(anonymous_0)","decl":{"start":{"line":160,"column":27},"end":{"line":160,"column":28}},"loc":{"start":{"line":160,"column":49},"end":{"line":170,"column":1}}},"1":{"name":"(anonymous_1)","decl":{"start":{"line":162,"column":34},"end":{"line":162,"column":35}},"loc":{"start":{"line":162,"column":50},"end":{"line":168,"column":3}}}},"branchMap":{"0":{"loc":{"start":{"line":165,"column":4},"end":{"line":167,"column":null}},"type":"if","locations":[{"start":{"line":165,"column":4},"end":{"line":167,"column":null}}]}},"s":{"0":0,"1":0,"2":0,"3":0,"4":0,"5":0,"6":0,"7":0,"8":0,"9":0},"f":{"0":0,"1":0},"b":{"0":[0]}},"/Users/edwinguzman/projects/design/nypl-design-system/src/components/Icons/IconNames.tsx":{"path":"/Users/edwinguzman/projects/design/nypl-design-system/src/components/Icons/IconNames.tsx","statementMap":{"0":{"start":{"line":1,"column":18},"end":{"line":55,"column":11}},"1":{"start":{"line":57,"column":28},"end":{"line":57,"column":43}},"2":{"start":{"line":57,"column":34},"end":{"line":57,"column":43}},"3":{"start":{"line":57,"column":13},"end":{"line":57,"column":28}},"4":{"start":{"line":59,"column":0},"end":{"line":59,"column":25}}},"fnMap":{"0":{"name":"(anonymous_0)","decl":{"start":{"line":57,"column":28},"end":{"line":57,"column":31}},"loc":{"start":{"line":57,"column":34},"end":{"line":57,"column":43}}}},"branchMap":{},"s":{"0":0,"1":0,"2":0,"3":0,"4":0},"f":{"0":0},"b":{}},"/Users/edwinguzman/projects/design/nypl-design-system/src/components/StyleGuide/ColorCard.tsx":{"path":"/Users/edwinguzman/projects/design/nypl-design-system/src/components/StyleGuide/ColorCard.tsx","statementMap":{"0":{"start":{"line":1,"column":0},"end":{"line":1,"column":47}},"1":{"start":{"line":2,"column":0},"end":{"line":2,"column":31}},"2":{"start":{"line":4,"column":0},"end":{"line":4,"column":41}},"3":{"start":{"line":5,"column":0},"end":{"line":5,"column":33}},"4":{"start":{"line":6,"column":0},"end":{"line":6,"column":35}},"5":{"start":{"line":7,"column":0},"end":{"line":7,"column":32}},"6":{"start":{"line":19,"column":25},"end":{"line":41,"column":1}},"7":{"start":{"line":22,"column":50},"end":{"line":22,"column":55}},"8":{"start":{"line":23,"column":2},"end":{"line":40,"column":4}},"9":{"start":{"line":88,"column":25},"end":{"line":381,"column":1}},"10":{"start":{"line":101,"column":6},"end":{"line":101,"column":11}},"11":{"start":{"line":102,"column":22},"end":{"line":111,"column":null}},"12":{"start":{"line":103,"column":4},"end":{"line":110,"column":null}},"13":{"start":{"line":113,"column":29},"end":{"line":119,"column":3}},"14":{"start":{"line":114,"column":26},"end":{"line":114,"column":54}},"15":{"start":{"line":115,"column":4},"end":{"line":118,"column":6}},"16":{"start":{"line":120,"column":24},"end":{"line":120,"column":58}},"17":{"start":{"line":122,"column":32},"end":{"line":122,"column":66}},"18":{"start":{"line":123,"column":32},"end":{"line":123,"column":75}},"19":{"start":{"line":124,"column":32},"end":{"line":124,"column":66}},"20":{"start":{"line":125,"column":32},"end":{"line":125,"column":75}},"21":{"start":{"line":128,"column":4},"end":{"line":128,"column":70}},"22":{"start":{"line":130,"column":4},"end":{"line":130,"column":79}},"23":{"start":{"line":132,"column":4},"end":{"line":132,"column":74}},"24":{"start":{"line":134,"column":4},"end":{"line":135,"column":56}},"25":{"start":{"line":139,"column":4},"end":{"line":139,"column":58}},"26":{"start":{"line":141,"column":4},"end":{"line":141,"column":67}},"27":{"start":{"line":143,"column":4},"end":{"line":143,"column":64}},"28":{"start":{"line":145,"column":4},"end":{"line":145,"column":73}},"29":{"start":{"line":147,"column":4},"end":{"line":147,"column":66}},"30":{"start":{"line":149,"column":4},"end":{"line":149,"column":75}},"31":{"start":{"line":151,"column":4},"end":{"line":151,"column":72}},"32":{"start":{"line":153,"column":4},"end":{"line":154,"column":55}},"33":{"start":{"line":156,"column":4},"end":{"line":156,"column":68}},"34":{"start":{"line":158,"column":4},"end":{"line":158,"column":77}},"35":{"start":{"line":160,"column":4},"end":{"line":160,"column":62}},"36":{"start":{"line":162,"column":4},"end":{"line":162,"column":71}},"37":{"start":{"line":164,"column":20},"end":{"line":195,"column":4}},"38":{"start":{"line":196,"column":21},"end":{"line":201,"column":4}},"39":{"start":{"line":202,"column":22},"end":{"line":227,"column":4}},"40":{"start":{"line":230,"column":2},"end":{"line":246,"column":null}},"41":{"start":{"line":231,"column":4},"end":{"line":245,"column":7}},"42":{"start":{"line":247,"column":2},"end":{"line":263,"column":null}},"43":{"start":{"line":248,"column":4},"end":{"line":262,"column":7}},"44":{"start":{"line":264,"column":2},"end":{"line":283,"column":null}},"45":{"start":{"line":265,"column":4},"end":{"line":282,"column":7}},"46":{"start":{"line":284,"column":2},"end":{"line":300,"column":null}},"47":{"start":{"line":285,"column":4},"end":{"line":299,"column":7}},"48":{"start":{"line":303,"column":2},"end":{"line":319,"column":null}},"49":{"start":{"line":304,"column":4},"end":{"line":318,"column":7}},"50":{"start":{"line":320,"column":2},"end":{"line":336,"column":null}},"51":{"start":{"line":321,"column":4},"end":{"line":335,"column":7}},"52":{"start":{"line":337,"column":2},"end":{"line":353,"column":null}},"53":{"start":{"line":338,"column":4},"end":{"line":352,"column":7}},"54":{"start":{"line":354,"column":2},"end":{"line":370,"column":null}},"55":{"start":{"line":355,"column":4},"end":{"line":369,"column":7}},"56":{"start":{"line":372,"column":2},"end":{"line":380,"column":4}},"57":{"start":{"line":88,"column":13},"end":{"line":88,"column":25}},"58":{"start":{"line":383,"column":25},"end":{"line":446,"column":1}},"59":{"start":{"line":399,"column":6},"end":{"line":399,"column":11}},"60":{"start":{"line":400,"column":21},"end":{"line":400,"column":69}},"61":{"start":{"line":402,"column":4},"end":{"line":406,"column":17}},"62":{"start":{"line":407,"column":2},"end":{"line":445,"column":4}},"63":{"start":{"line":383,"column":13},"end":{"line":383,"column":25}},"64":{"start":{"line":448,"column":0},"end":{"line":448,"column":25}}},"fnMap":{"0":{"name":"(anonymous_0)","decl":{"start":{"line":19,"column":25},"end":{"line":19,"column":null}},"loc":{"start":{"line":21,"column":4},"end":{"line":41,"column":1}}},"1":{"name":"(anonymous_1)","decl":{"start":{"line":88,"column":25},"end":{"line":88,"column":26}},"loc":{"start":{"line":88,"column":76},"end":{"line":381,"column":1}}},"2":{"name":"(anonymous_2)","decl":{"start":{"line":102,"column":22},"end":{"line":102,"column":25}},"loc":{"start":{"line":103,"column":4},"end":{"line":110,"column":null}}},"3":{"name":"(anonymous_3)","decl":{"start":{"line":113,"column":29},"end":{"line":113,"column":30}},"loc":{"start":{"line":113,"column":73},"end":{"line":119,"column":3}}},"4":{"name":"(anonymous_4)","decl":{"start":{"line":383,"column":25},"end":{"line":383,"column":26}},"loc":{"start":{"line":383,"column":76},"end":{"line":446,"column":1}}}},"branchMap":{"0":{"loc":{"start":{"line":28,"column":10},"end":{"line":32,"column":33}},"type":"cond-expr","locations":[{"start":{"line":29,"column":14},"end":{"line":29,"column":18}},{"start":{"line":30,"column":14},"end":{"line":32,"column":33}}]},"1":{"loc":{"start":{"line":28,"column":10},"end":{"line":28,"column":32}},"type":"binary-expr","locations":[{"start":{"line":28,"column":10},"end":{"line":28,"column":17}},{"start":{"line":28,"column":21},"end":{"line":28,"column":32}}]},"2":{"loc":{"start":{"line":30,"column":14},"end":{"line":32,"column":33}},"type":"cond-expr","locations":[{"start":{"line":31,"column":14},"end":{"line":31,"column":33}},{"start":{"line":32,"column":14},"end":{"line":32,"column":33}}]},"3":{"loc":{"start":{"line":94,"column":4},"end":{"line":94,"column":39}},"type":"default-arg","locations":[{"start":{"line":94,"column":21},"end":{"line":94,"column":39}}]},"4":{"loc":{"start":{"line":97,"column":4},"end":{"line":97,"column":39}},"type":"default-arg","locations":[{"start":{"line":97,"column":21},"end":{"line":97,"column":39}}]},"5":{"loc":{"start":{"line":100,"column":4},"end":{"line":100,"column":26}},"type":"default-arg","locations":[{"start":{"line":100,"column":16},"end":{"line":100,"column":26}}]},"6":{"loc":{"start":{"line":113,"column":51},"end":{"line":113,"column":69}},"type":"default-arg","locations":[{"start":{"line":113,"column":62},"end":{"line":113,"column":69}}]},"7":{"loc":{"start":{"line":114,"column":26},"end":{"line":114,"column":54}},"type":"cond-expr","locations":[{"start":{"line":114,"column":49},"end":{"line":114,"column":50}},{"start":{"line":114,"column":53},"end":{"line":114,"column":54}}]},"8":{"loc":{"start":{"line":116,"column":6},"end":{"line":117,"column":62}},"type":"binary-expr","locations":[{"start":{"line":116,"column":7},"end":{"line":116,"column":40}},{"start":{"line":117,"column":8},"end":{"line":117,"column":42}},{"start":{"line":117,"column":47},"end":{"line":117,"column":62}}]},"9":{"loc":{"start":{"line":128,"column":4},"end":{"line":128,"column":70}},"type":"binary-expr","locations":[{"start":{"line":128,"column":4},"end":{"line":128,"column":25}},{"start":{"line":128,"column":29},"end":{"line":128,"column":70}}]},"10":{"loc":{"start":{"line":130,"column":4},"end":{"line":130,"column":79}},"type":"binary-expr","locations":[{"start":{"line":130,"column":4},"end":{"line":130,"column":25}},{"start":{"line":130,"column":29},"end":{"line":130,"column":79}}]},"11":{"loc":{"start":{"line":132,"column":4},"end":{"line":132,"column":74}},"type":"binary-expr","locations":[{"start":{"line":132,"column":4},"end":{"line":132,"column":27}},{"start":{"line":132,"column":31},"end":{"line":132,"column":74}}]},"12":{"loc":{"start":{"line":134,"column":4},"end":{"line":135,"column":56}},"type":"binary-expr","locations":[{"start":{"line":134,"column":4},"end":{"line":134,"column":27}},{"start":{"line":135,"column":4},"end":{"line":135,"column":56}}]},"13":{"loc":{"start":{"line":139,"column":4},"end":{"line":139,"column":58}},"type":"binary-expr","locations":[{"start":{"line":139,"column":4},"end":{"line":139,"column":19}},{"start":{"line":139,"column":23},"end":{"line":139,"column":58}}]},"14":{"loc":{"start":{"line":141,"column":4},"end":{"line":141,"column":67}},"type":"binary-expr","locations":[{"start":{"line":141,"column":4},"end":{"line":141,"column":19}},{"start":{"line":141,"column":23},"end":{"line":141,"column":67}}]},"15":{"loc":{"start":{"line":143,"column":4},"end":{"line":143,"column":64}},"type":"binary-expr","locations":[{"start":{"line":143,"column":4},"end":{"line":143,"column":22}},{"start":{"line":143,"column":26},"end":{"line":143,"column":64}}]},"16":{"loc":{"start":{"line":145,"column":4},"end":{"line":145,"column":73}},"type":"binary-expr","locations":[{"start":{"line":145,"column":4},"end":{"line":145,"column":22}},{"start":{"line":145,"column":26},"end":{"line":145,"column":73}}]},"17":{"loc":{"start":{"line":147,"column":4},"end":{"line":147,"column":66}},"type":"binary-expr","locations":[{"start":{"line":147,"column":4},"end":{"line":147,"column":23}},{"start":{"line":147,"column":27},"end":{"line":147,"column":66}}]},"18":{"loc":{"start":{"line":149,"column":4},"end":{"line":149,"column":75}},"type":"binary-expr","locations":[{"start":{"line":149,"column":4},"end":{"line":149,"column":23}},{"start":{"line":149,"column":27},"end":{"line":149,"column":75}}]},"19":{"loc":{"start":{"line":151,"column":4},"end":{"line":151,"column":72}},"type":"binary-expr","locations":[{"start":{"line":151,"column":4},"end":{"line":151,"column":26}},{"start":{"line":151,"column":30},"end":{"line":151,"column":72}}]},"20":{"loc":{"start":{"line":153,"column":4},"end":{"line":154,"column":55}},"type":"binary-expr","locations":[{"start":{"line":153,"column":4},"end":{"line":153,"column":26}},{"start":{"line":154,"column":4},"end":{"line":154,"column":55}}]},"21":{"loc":{"start":{"line":156,"column":4},"end":{"line":156,"column":68}},"type":"binary-expr","locations":[{"start":{"line":156,"column":4},"end":{"line":156,"column":24}},{"start":{"line":156,"column":28},"end":{"line":156,"column":68}}]},"22":{"loc":{"start":{"line":158,"column":4},"end":{"line":158,"column":77}},"type":"binary-expr","locations":[{"start":{"line":158,"column":4},"end":{"line":158,"column":24}},{"start":{"line":158,"column":28},"end":{"line":158,"column":77}}]},"23":{"loc":{"start":{"line":160,"column":4},"end":{"line":160,"column":62}},"type":"binary-expr","locations":[{"start":{"line":160,"column":4},"end":{"line":160,"column":21}},{"start":{"line":160,"column":25},"end":{"line":160,"column":62}}]},"24":{"loc":{"start":{"line":162,"column":4},"end":{"line":162,"column":71}},"type":"binary-expr","locations":[{"start":{"line":162,"column":4},"end":{"line":162,"column":21}},{"start":{"line":162,"column":25},"end":{"line":162,"column":71}}]},"25":{"loc":{"start":{"line":198,"column":6},"end":{"line":198,"column":72}},"type":"cond-expr","locations":[{"start":{"line":198,"column":33},"end":{"line":198,"column":51}},{"start":{"line":198,"column":54},"end":{"line":198,"column":72}}]},"26":{"loc":{"start":{"line":230,"column":2},"end":{"line":246,"column":null}},"type":"if","locations":[{"start":{"line":230,"column":2},"end":{"line":246,"column":null}}]},"27":{"loc":{"start":{"line":230,"column":6},"end":{"line":230,"column":63}},"type":"binary-expr","locations":[{"start":{"line":230,"column":6},"end":{"line":230,"column":27}},{"start":{"line":230,"column":31},"end":{"line":230,"column":63}}]},"28":{"loc":{"start":{"line":247,"column":2},"end":{"line":263,"column":null}},"type":"if","locations":[{"start":{"line":247,"column":2},"end":{"line":263,"column":null}}]},"29":{"loc":{"start":{"line":247,"column":6},"end":{"line":247,"column":67}},"type":"binary-expr","locations":[{"start":{"line":247,"column":6},"end":{"line":247,"column":29}},{"start":{"line":247,"column":33},"end":{"line":247,"column":67}}]},"30":{"loc":{"start":{"line":264,"column":2},"end":{"line":283,"column":null}},"type":"if","locations":[{"start":{"line":264,"column":2},"end":{"line":283,"column":null}}]},"31":{"loc":{"start":{"line":264,"column":6},"end":{"line":264,"column":51}},"type":"binary-expr","locations":[{"start":{"line":264,"column":6},"end":{"line":264,"column":21}},{"start":{"line":264,"column":25},"end":{"line":264,"column":51}}]},"32":{"loc":{"start":{"line":284,"column":2},"end":{"line":300,"column":null}},"type":"if","locations":[{"start":{"line":284,"column":2},"end":{"line":300,"column":null}}]},"33":{"loc":{"start":{"line":284,"column":6},"end":{"line":284,"column":57}},"type":"binary-expr","locations":[{"start":{"line":284,"column":6},"end":{"line":284,"column":24}},{"start":{"line":284,"column":28},"end":{"line":284,"column":57}}]},"34":{"loc":{"start":{"line":303,"column":2},"end":{"line":319,"column":null}},"type":"if","locations":[{"start":{"line":303,"column":2},"end":{"line":319,"column":null}}]},"35":{"loc":{"start":{"line":303,"column":6},"end":{"line":303,"column":59}},"type":"binary-expr","locations":[{"start":{"line":303,"column":6},"end":{"line":303,"column":25}},{"start":{"line":303,"column":29},"end":{"line":303,"column":59}}]},"36":{"loc":{"start":{"line":320,"column":2},"end":{"line":336,"column":null}},"type":"if","locations":[{"start":{"line":320,"column":2},"end":{"line":336,"column":null}}]},"37":{"loc":{"start":{"line":320,"column":6},"end":{"line":320,"column":65}},"type":"binary-expr","locations":[{"start":{"line":320,"column":6},"end":{"line":320,"column":28}},{"start":{"line":320,"column":32},"end":{"line":320,"column":65}}]},"38":{"loc":{"start":{"line":337,"column":2},"end":{"line":353,"column":null}},"type":"if","locations":[{"start":{"line":337,"column":2},"end":{"line":353,"column":null}}]},"39":{"loc":{"start":{"line":337,"column":6},"end":{"line":337,"column":61}},"type":"binary-expr","locations":[{"start":{"line":337,"column":6},"end":{"line":337,"column":26}},{"start":{"line":337,"column":30},"end":{"line":337,"column":61}}]},"40":{"loc":{"start":{"line":354,"column":2},"end":{"line":370,"column":null}},"type":"if","locations":[{"start":{"line":354,"column":2},"end":{"line":370,"column":null}}]},"41":{"loc":{"start":{"line":354,"column":6},"end":{"line":354,"column":55}},"type":"binary-expr","locations":[{"start":{"line":354,"column":6},"end":{"line":354,"column":23}},{"start":{"line":354,"column":27},"end":{"line":354,"column":55}}]},"42":{"loc":{"start":{"line":390,"column":4},"end":{"line":390,"column":18}},"type":"default-arg","locations":[{"start":{"line":390,"column":16},"end":{"line":390,"column":18}}]},"43":{"loc":{"start":{"line":392,"column":4},"end":{"line":392,"column":39}},"type":"default-arg","locations":[{"start":{"line":392,"column":21},"end":{"line":392,"column":39}}]},"44":{"loc":{"start":{"line":395,"column":4},"end":{"line":395,"column":39}},"type":"default-arg","locations":[{"start":{"line":395,"column":21},"end":{"line":395,"column":39}}]},"45":{"loc":{"start":{"line":398,"column":4},"end":{"line":398,"column":26}},"type":"default-arg","locations":[{"start":{"line":398,"column":16},"end":{"line":398,"column":26}}]},"46":{"loc":{"start":{"line":402,"column":4},"end":{"line":406,"column":17}},"type":"cond-expr","locations":[{"start":{"line":405,"column":8},"end":{"line":405,"column":57}},{"start":{"line":406,"column":8},"end":{"line":406,"column":17}}]},"47":{"loc":{"start":{"line":402,"column":4},"end":{"line":404,"column":52}},"type":"binary-expr","locations":[{"start":{"line":402,"column":4},"end":{"line":402,"column":34}},{"start":{"line":403,"column":4},"end":{"line":403,"column":55}},{"start":{"line":404,"column":4},"end":{"line":404,"column":52}}]},"48":{"loc":{"start":{"line":424,"column":11},"end":{"line":427,"column":null}},"type":"binary-expr","locations":[{"start":{"line":424,"column":11},"end":{"line":424,"column":22}},{"start":{"line":425,"column":12},"end":{"line":426,"column":null}}]}},"s":{"0":0,"1":0,"2":0,"3":0,"4":0,"5":0,"6":0,"7":0,"8":0,"9":0,"10":0,"11":0,"12":0,"13":0,"14":0,"15":0,"16":0,"17":0,"18":0,"19":0,"20":0,"21":0,"22":0,"23":0,"24":0,"25":0,"26":0,"27":0,"28":0,"29":0,"30":0,"31":0,"32":0,"33":0,"34":0,"35":0,"36":0,"37":0,"38":0,"39":0,"40":0,"41":0,"42":0,"43":0,"44":0,"45":0,"46":0,"47":0,"48":0,"49":0,"50":0,"51":0,"52":0,"53":0,"54":0,"55":0,"56":0,"57":0,"58":0,"59":0,"60":0,"61":0,"62":0,"63":0,"64":0},"f":{"0":0,"1":0,"2":0,"3":0,"4":0},"b":{"0":[0,0],"1":[0,0],"2":[0,0],"3":[0],"4":[0],"5":[0],"6":[0],"7":[0,0],"8":[0,0,0],"9":[0,0],"10":[0,0],"11":[0,0],"12":[0,0],"13":[0,0],"14":[0,0],"15":[0,0],"16":[0,0],"17":[0,0],"18":[0,0],"19":[0,0],"20":[0,0],"21":[0,0],"22":[0,0],"23":[0,0],"24":[0,0],"25":[0,0],"26":[0],"27":[0,0],"28":[0],"29":[0,0],"30":[0],"31":[0,0],"32":[0],"33":[0,0],"34":[0],"35":[0,0],"36":[0],"37":[0,0],"38":[0],"39":[0,0],"40":[0],"41":[0,0],"42":[0],"43":[0],"44":[0],"45":[0],"46":[0,0],"47":[0,0,0],"48":[0,0]}}}}
