{"numFailedTestSuites":1,"numFailedTests":3,"numPassedTestSuites":69,"numPassedTests":755,"numPendingTestSuites":2,"numPendingTests":41,"numRuntimeErrorTestSuites":0,"numTodoTests":0,"numTotalTestSuites":72,"numTotalTests":799,"openHandles":[],"snapshot":{"added":0,"didUpdate":false,"failure":false,"filesAdded":0,"filesRemoved":0,"filesRemovedList":[],"filesUnmatched":0,"filesUpdated":0,"matched":381,"total":381,"unchecked":0,"uncheckedKeysByFile":[],"unmatched":0,"updated":0},"startTime":1680098589584,"success":false,"testResults":[{"assertionResults":[{"ancestorTitles":["EncoreCatalogLogOutTimer","The `PAT_LOGGED_IN` cookie does not exist"],"duration":49,"failureDetails":[],"failureMessages":[],"fullName":"EncoreCatalogLogOutTimer The `PAT_LOGGED_IN` cookie does not exist should delete the `nyplIdentityPatron` and `VALID_DOMAIN_LAST_VISITED` cookies","invocations":1,"location":null,"numPassingAsserts":6,"retryReasons":[],"status":"passed","title":"should delete the `nyplIdentityPatron` and `VALID_DOMAIN_LAST_VISITED` cookies"},{"ancestorTitles":["EncoreCatalogLogOutTimer","The `PAT_LOGGED_IN` cookie exists when visiting on Encore's domain"],"duration":2,"failureDetails":[],"failureMessages":[],"fullName":"EncoreCatalogLogOutTimer The `PAT_LOGGED_IN` cookie exists when visiting on Encore's domain should set the `VALID_DOMAIN_LAST_VISITED` cookie","invocations":1,"location":null,"numPassingAsserts":2,"retryReasons":[],"status":"passed","title":"should set the `VALID_DOMAIN_LAST_VISITED` cookie"},{"ancestorTitles":["EncoreCatalogLogOutTimer","The `PAT_LOGGED_IN` cookie exists when visiting on Encore's domain"],"duration":1,"failureDetails":[],"failureMessages":[],"fullName":"EncoreCatalogLogOutTimer The `PAT_LOGGED_IN` cookie exists when visiting on Encore's domain should call the `logOutFromEncoreAndCatalogIn` with 30 minutes timeout time","invocations":1,"location":null,"numPassingAsserts":1,"retryReasons":[],"status":"passed","title":"should call the `logOutFromEncoreAndCatalogIn` with 30 minutes timeout time"},{"ancestorTitles":["EncoreCatalogLogOutTimer","The `PAT_LOGGED_IN` cookie exists when visiting on Catalog's domain"],"duration":2,"failureDetails":[],"failureMessages":[],"fullName":"EncoreCatalogLogOutTimer The `PAT_LOGGED_IN` cookie exists when visiting on Catalog's domain should set the `VALID_DOMAIN_LAST_VISITED` cookie","invocations":1,"location":null,"numPassingAsserts":2,"retryReasons":[],"status":"passed","title":"should set the `VALID_DOMAIN_LAST_VISITED` cookie"},{"ancestorTitles":["EncoreCatalogLogOutTimer","The `PAT_LOGGED_IN` cookie exists when visiting on Catalog's domain"],"duration":0,"failureDetails":[],"failureMessages":[],"fullName":"EncoreCatalogLogOutTimer The `PAT_LOGGED_IN` cookie exists when visiting on Catalog's domain should call the `logOutFromEncoreAndCatalogIn` with 30 minutes timeout time","invocations":1,"location":null,"numPassingAsserts":1,"retryReasons":[],"status":"passed","title":"should call the `logOutFromEncoreAndCatalogIn` with 30 minutes timeout time"},{"ancestorTitles":["EncoreCatalogLogOutTimer","The `PAT_LOGGED_IN` cookie exists when visiting an 'invalid' domain"],"duration":1,"failureDetails":[],"failureMessages":[],"fullName":"EncoreCatalogLogOutTimer The `PAT_LOGGED_IN` cookie exists when visiting an 'invalid' domain should reset timer to the remaining time before `PAT_LOGGED_IN` is expired","invocations":1,"location":null,"numPassingAsserts":5,"retryReasons":[],"status":"passed","title":"should reset timer to the remaining time before `PAT_LOGGED_IN` is expired"},{"ancestorTitles":["EncoreCatalogLogOutTimer","The `PAT_LOGGED_IN` cookie exists but `VALID_DOMAIN_LAST_VISITED` does not when visiting an 'invalid' domain"],"duration":3,"failureDetails":[],"failureMessages":[],"fullName":"EncoreCatalogLogOutTimer The `PAT_LOGGED_IN` cookie exists but `VALID_DOMAIN_LAST_VISITED` does not when visiting an 'invalid' domain should set VALID_DOMAIN_LAST_VISITED and set EncoreLoggedInTimer to the full default time","invocations":1,"location":null,"numPassingAsserts":4,"retryReasons":[],"status":"passed","title":"should set VALID_DOMAIN_LAST_VISITED and set EncoreLoggedInTimer to the full default time"},{"ancestorTitles":["EncoreCatalogLogOutTimer","logOutFromEncoreAndCatalogIn"],"duration":3,"failureDetails":[],"failureMessages":[],"fullName":"EncoreCatalogLogOutTimer logOutFromEncoreAndCatalogIn should not yet delete cookies if the timeout time has not been reached","invocations":1,"location":null,"numPassingAsserts":6,"retryReasons":[],"status":"passed","title":"should not yet delete cookies if the timeout time has not been reached"},{"ancestorTitles":["EncoreCatalogLogOutTimer","logOutFromEncoreAndCatalogIn"],"duration":88,"failureDetails":[],"failureMessages":[],"fullName":"EncoreCatalogLogOutTimer logOutFromEncoreAndCatalogIn should delete cookies if the timeout time has been reached","invocations":1,"location":null,"numPassingAsserts":6,"retryReasons":[],"status":"passed","title":"should delete cookies if the timeout time has been reached"},{"ancestorTitles":["EncoreCatalogLogOutTimer","loadLogOutIframe"],"duration":71,"failureDetails":[],"failureMessages":[],"fullName":"EncoreCatalogLogOutTimer loadLogOutIframe should load the iframe with the Encore logout URL","invocations":1,"location":null,"numPassingAsserts":4,"retryReasons":[],"status":"passed","title":"should load the iframe with the Encore logout URL"}],"endTime":1680098609013,"message":"","name":"/Users/edwinguzman/projects/design/nypl-design-system/src/components/Header/utils/encoreCatalogLogOutTimer.test.ts","startTime":1680098592131,"status":"passed","summary":""},{"assertionResults":[{"ancestorTitles":["Google Analytics utils"],"duration":3,"failureDetails":[],"failureMessages":[],"fullName":"Google Analytics utils should initialize correctly in development environment","invocations":1,"location":null,"numPassingAsserts":2,"retryReasons":[],"status":"passed","title":"should initialize correctly in development environment"},{"ancestorTitles":["Google Analytics utils"],"duration":21,"failureDetails":[],"failureMessages":[],"fullName":"Google Analytics utils should initialize correctly in production environment","invocations":1,"location":null,"numPassingAsserts":2,"retryReasons":[],"status":"passed","title":"should initialize correctly in production environment"},{"ancestorTitles":["Google Analytics utils"],"duration":2,"failureDetails":[],"failureMessages":[],"fullName":"Google Analytics utils should send an event to Google Analytics","invocations":1,"location":null,"numPassingAsserts":1,"retryReasons":[],"status":"passed","title":"should send an event to Google Analytics"},{"ancestorTitles":["Google Analytics utils"],"duration":3,"failureDetails":[],"failureMessages":[],"fullName":"Google Analytics utils calls a callback function on a delay","invocations":1,"location":null,"numPassingAsserts":3,"retryReasons":[],"status":"passed","title":"calls a callback function on a delay"},{"ancestorTitles":["Google Analytics utils"],"duration":2,"failureDetails":[],"failureMessages":[],"fullName":"Google Analytics utils should send an event with custom dimensions","invocations":1,"location":null,"numPassingAsserts":3,"retryReasons":[],"status":"passed","title":"should send an event with custom dimensions"}],"endTime":1680098609093,"message":"","name":"/Users/edwinguzman/projects/design/nypl-design-system/src/components/Header/utils/googleAnalyticsUtils.test.ts","startTime":1680098592214,"status":"passed","summary":""},{"assertionResults":[{"ancestorTitles":["Header utils","encoreEncodeSearchString"],"duration":53,"failureDetails":[],"failureMessages":[],"fullName":"Header utils encoreEncodeSearchString should encode a search string","invocations":1,"location":null,"numPassingAsserts":1,"retryReasons":[],"status":"passed","title":"should encode a search string"},{"ancestorTitles":["Header utils","encoreEncodeSearchString"],"duration":0,"failureDetails":[],"failureMessages":[],"fullName":"Header utils encoreEncodeSearchString should encode a search string with special characters","invocations":1,"location":null,"numPassingAsserts":1,"retryReasons":[],"status":"passed","title":"should encode a search string with special characters"},{"ancestorTitles":["Header utils","encoreEncodeSearchString"],"duration":1,"failureDetails":[],"failureMessages":[],"fullName":"Header utils encoreEncodeSearchString should encode a search string with special characters and spaces","invocations":1,"location":null,"numPassingAsserts":1,"retryReasons":[],"status":"passed","title":"should encode a search string with special characters and spaces"},{"ancestorTitles":["Header utils","getEncoreCatalogURL"],"duration":1,"failureDetails":[],"failureMessages":[],"fullName":"Header utils getEncoreCatalogURL should return a URL for the Encore catalog","invocations":1,"location":null,"numPassingAsserts":1,"retryReasons":[],"status":"passed","title":"should return a URL for the Encore catalog"},{"ancestorTitles":["Header utils","getEncoreCatalogURL"],"duration":0,"failureDetails":[],"failureMessages":[],"fullName":"Header utils getEncoreCatalogURL should return a URL for the Encore catalog with special characters","invocations":1,"location":null,"numPassingAsserts":1,"retryReasons":[],"status":"passed","title":"should return a URL for the Encore catalog with special characters"},{"ancestorTitles":["Header utils","getResearchCatalogURL"],"duration":0,"failureDetails":[],"failureMessages":[],"fullName":"Header utils getResearchCatalogURL should return a URL for the Encore catalog","invocations":1,"location":null,"numPassingAsserts":1,"retryReasons":[],"status":"passed","title":"should return a URL for the Encore catalog"},{"ancestorTitles":["Header utils","getResearchCatalogURL"],"duration":1,"failureDetails":[],"failureMessages":[],"fullName":"Header utils getResearchCatalogURL should return a URL for the Encore catalog with special characters","invocations":1,"location":null,"numPassingAsserts":1,"retryReasons":[],"status":"passed","title":"should return a URL for the Encore catalog with special characters"},{"ancestorTitles":["Header utils","getNYPLSearchURL"],"duration":1,"failureDetails":[],"failureMessages":[],"fullName":"Header utils getNYPLSearchURL should return a URL for the NYPL catalog","invocations":1,"location":null,"numPassingAsserts":1,"retryReasons":[],"status":"passed","title":"should return a URL for the NYPL catalog"},{"ancestorTitles":["Header utils","getNYPLSearchURL"],"duration":1,"failureDetails":[],"failureMessages":[],"fullName":"Header utils getNYPLSearchURL should return a URL for the NYPL catalog with special characters","invocations":1,"location":null,"numPassingAsserts":1,"retryReasons":[],"status":"passed","title":"should return a URL for the NYPL catalog with special characters"}],"endTime":1680098609122,"message":"","name":"/Users/edwinguzman/projects/design/nypl-design-system/src/components/Header/utils/headerUtils.test.ts","startTime":1680098592086,"status":"passed","summary":""},{"assertionResults":[{"ancestorTitles":["HeaderContext"],"duration":216,"failureDetails":[],"failureMessages":[],"fullName":"HeaderContext returns an empty string if no value is passed","invocations":1,"location":null,"numPassingAsserts":1,"retryReasons":[],"status":"passed","title":"returns an empty string if no value is passed"},{"ancestorTitles":["HeaderContext"],"duration":5,"failureDetails":[],"failureMessages":[],"fullName":"HeaderContext sets the default environment to production","invocations":1,"location":null,"numPassingAsserts":1,"retryReasons":[],"status":"passed","title":"sets the default environment to production"},{"ancestorTitles":["HeaderContext"],"duration":103,"failureDetails":[],"failureMessages":[],"fullName":"HeaderContext passes down the patron name value down to its children","invocations":1,"location":null,"numPassingAsserts":1,"retryReasons":[],"status":"passed","title":"passes down the patron name value down to its children"}],"endTime":1680098610114,"message":"","name":"/Users/edwinguzman/projects/design/nypl-design-system/src/components/Header/context/headerContext.test.tsx","startTime":1680098592132,"status":"passed","summary":""},{"assertionResults":[{"ancestorTitles":["HeaderLoginButton Accessibility"],"duration":871,"failureDetails":[],"failureMessages":[],"fullName":"HeaderLoginButton Accessibility passes axe accessibility test","invocations":1,"location":null,"numPassingAsserts":1,"retryReasons":[],"status":"passed","title":"passes axe accessibility test"},{"ancestorTitles":["HeaderLoginButton Accessibility"],"duration":363,"failureDetails":[],"failureMessages":[],"fullName":"HeaderLoginButton Accessibility passes axe accessibility test for mobile","invocations":1,"location":null,"numPassingAsserts":1,"retryReasons":[],"status":"passed","title":"passes axe accessibility test for mobile"},{"ancestorTitles":["HeaderLoginButton","Desktop"],"duration":null,"failureDetails":[],"failureMessages":[],"fullName":"HeaderLoginButton Desktop renders the logged out UI if there is no `patronName` value","invocations":1,"location":null,"numPassingAsserts":0,"retryReasons":[],"status":"pending","title":"renders the logged out UI if there is no `patronName` value"},{"ancestorTitles":["HeaderLoginButton","Desktop"],"duration":null,"failureDetails":[],"failureMessages":[],"fullName":"HeaderLoginButton Desktop focuses on the catalog link when the login is opened and there is no patron name","invocations":1,"location":null,"numPassingAsserts":0,"retryReasons":[],"status":"pending","title":"focuses on the catalog link when the login is opened and there is no patron name"},{"ancestorTitles":["HeaderLoginButton","Desktop"],"duration":null,"failureDetails":[],"failureMessages":[],"fullName":"HeaderLoginButton Desktop renders the logged in UI if there is a `patronName` value","invocations":1,"location":null,"numPassingAsserts":0,"retryReasons":[],"status":"pending","title":"renders the logged in UI if there is a `patronName` value"},{"ancestorTitles":["HeaderLoginButton","Desktop"],"duration":null,"failureDetails":[],"failureMessages":[],"fullName":"HeaderLoginButton Desktop focuses on the greeting message when the login is opened and there is a patron","invocations":1,"location":null,"numPassingAsserts":0,"retryReasons":[],"status":"pending","title":"focuses on the greeting message when the login is opened and there is a patron"},{"ancestorTitles":["HeaderLoginButton","Mobile"],"duration":null,"failureDetails":[],"failureMessages":[],"fullName":"HeaderLoginButton Mobile renders the logged out UI if there is no `patronName` value","invocations":1,"location":null,"numPassingAsserts":0,"retryReasons":[],"status":"pending","title":"renders the logged out UI if there is no `patronName` value"},{"ancestorTitles":["HeaderLoginButton","Mobile"],"duration":null,"failureDetails":[],"failureMessages":[],"fullName":"HeaderLoginButton Mobile focuses on the catalog link when the login is opened and there is no patron name","invocations":1,"location":null,"numPassingAsserts":0,"retryReasons":[],"status":"pending","title":"focuses on the catalog link when the login is opened and there is no patron name"},{"ancestorTitles":["HeaderLoginButton","Mobile"],"duration":null,"failureDetails":[],"failureMessages":[],"fullName":"HeaderLoginButton Mobile renders the logged in UI if there is a `patronName` value","invocations":1,"location":null,"numPassingAsserts":0,"retryReasons":[],"status":"pending","title":"renders the logged in UI if there is a `patronName` value"},{"ancestorTitles":["HeaderLoginButton","Mobile"],"duration":null,"failureDetails":[],"failureMessages":[],"fullName":"HeaderLoginButton Mobile focuses on the greeting message when the login is opened and there is a patron","invocations":1,"location":null,"numPassingAsserts":0,"retryReasons":[],"status":"pending","title":"focuses on the greeting message when the login is opened and there is a patron"}],"endTime":1680098613371,"message":"","name":"/Users/edwinguzman/projects/design/nypl-design-system/src/components/Header/components/HeaderLoginButton.test.tsx","startTime":1680098591954,"status":"focused","summary":""},{"assertionResults":[{"ancestorTitles":["HeaderMobileNav Accessibility"],"duration":1932,"failureDetails":[],"failureMessages":[],"fullName":"HeaderMobileNav Accessibility passes axe accessibility test","invocations":1,"location":null,"numPassingAsserts":1,"retryReasons":[],"status":"passed","title":"passes axe accessibility test"},{"ancestorTitles":["HeaderMobileNav"],"duration":193,"failureDetails":[],"failureMessages":[],"fullName":"HeaderMobileNav renders the NYPL logo","invocations":1,"location":null,"numPassingAsserts":2,"retryReasons":[],"status":"passed","title":"renders the NYPL logo"},{"ancestorTitles":["HeaderMobileNav"],"duration":265,"failureDetails":[],"failureMessages":[],"fullName":"HeaderMobileNav renders a nav list","invocations":1,"location":null,"numPassingAsserts":10,"retryReasons":[],"status":"passed","title":"renders a nav list"},{"ancestorTitles":["HeaderMobileNav"],"duration":171,"failureDetails":[],"failureMessages":[],"fullName":"HeaderMobileNav renders the bottom links","invocations":1,"location":null,"numPassingAsserts":7,"retryReasons":[],"status":"passed","title":"renders the bottom links"},{"ancestorTitles":["HeaderMobileNav"],"duration":132,"failureDetails":[],"failureMessages":[],"fullName":"HeaderMobileNav renders the UI snapshot correctly","invocations":1,"location":null,"numPassingAsserts":1,"retryReasons":[],"status":"passed","title":"renders the UI snapshot correctly"}],"endTime":1680098614480,"message":"","name":"/Users/edwinguzman/projects/design/nypl-design-system/src/components/Header/components/HeaderMobileNav.test.tsx","startTime":1680098592047,"status":"passed","summary":""},{"assertionResults":[{"ancestorTitles":["HeaderMobileNavButton Accessibility"],"duration":845,"failureDetails":[],"failureMessages":[],"fullName":"HeaderMobileNavButton Accessibility passes axe accessibility test","invocations":1,"location":null,"numPassingAsserts":1,"retryReasons":[],"status":"passed","title":"passes axe accessibility test"},{"ancestorTitles":["HeaderMobileNavButton"],"duration":75,"failureDetails":[],"failureMessages":[],"fullName":"HeaderMobileNavButton renders a menu button","invocations":1,"location":null,"numPassingAsserts":2,"retryReasons":[],"status":"passed","title":"renders a menu button"},{"ancestorTitles":["HeaderMobileNavButton"],"duration":433,"failureDetails":[],"failureMessages":[],"fullName":"HeaderMobileNavButton renders a Close button when clicked","invocations":1,"location":null,"numPassingAsserts":3,"retryReasons":[],"status":"passed","title":"renders a Close button when clicked"},{"ancestorTitles":["HeaderMobileNavButton"],"duration":746,"failureDetails":[],"failureMessages":[],"fullName":"HeaderMobileNavButton renders the mobile navigation menu when clicked","invocations":1,"location":null,"numPassingAsserts":3,"retryReasons":[],"status":"passed","title":"renders the mobile navigation menu when clicked"},{"ancestorTitles":["HeaderMobileNavButton"],"duration":67,"failureDetails":[],"failureMessages":[],"fullName":"HeaderMobileNavButton renders the UI snapshot correctly","invocations":1,"location":null,"numPassingAsserts":1,"retryReasons":[],"status":"passed","title":"renders the UI snapshot correctly"}],"endTime":1680098614540,"message":"","name":"/Users/edwinguzman/projects/design/nypl-design-system/src/components/Header/components/HeaderMobileNavButton.test.tsx","startTime":1680098592024,"status":"passed","summary":""},{"assertionResults":[{"ancestorTitles":["HeaderLogin Accessibility"],"duration":1226,"failureDetails":[],"failureMessages":[],"fullName":"HeaderLogin Accessibility passes axe accessibility test","invocations":1,"location":null,"numPassingAsserts":1,"retryReasons":[],"status":"passed","title":"passes axe accessibility test"},{"ancestorTitles":["HeaderLogin Accessibility"],"duration":619,"failureDetails":[],"failureMessages":[],"fullName":"HeaderLogin Accessibility passes axe accessibility test for mobile","invocations":1,"location":null,"numPassingAsserts":1,"retryReasons":[],"status":"passed","title":"passes axe accessibility test for mobile"},{"ancestorTitles":["HeaderLogin","Desktop"],"duration":103,"failureDetails":[],"failureMessages":[],"fullName":"HeaderLogin Desktop renders the logged out UI if there is no `patronName` value","invocations":1,"location":null,"numPassingAsserts":3,"retryReasons":[],"status":"passed","title":"renders the logged out UI if there is no `patronName` value"},{"ancestorTitles":["HeaderLogin","Desktop"],"duration":null,"failureDetails":[],"failureMessages":[],"fullName":"HeaderLogin Desktop renders the logged in UI if there is a `patronName` value","invocations":1,"location":null,"numPassingAsserts":0,"retryReasons":[],"status":"pending","title":"renders the logged in UI if there is a `patronName` value"},{"ancestorTitles":["HeaderLogin","Mobile"],"duration":50,"failureDetails":[],"failureMessages":[],"fullName":"HeaderLogin Mobile renders the logged out UI if there is no `patronName` value","invocations":1,"location":null,"numPassingAsserts":3,"retryReasons":[],"status":"passed","title":"renders the logged out UI if there is no `patronName` value"},{"ancestorTitles":["HeaderLogin","Mobile"],"duration":null,"failureDetails":[],"failureMessages":[],"fullName":"HeaderLogin Mobile renders the logged in UI if there is a `patronName` value","invocations":1,"location":null,"numPassingAsserts":0,"retryReasons":[],"status":"pending","title":"renders the logged in UI if there is a `patronName` value"}],"endTime":1680098614720,"message":"","name":"/Users/edwinguzman/projects/design/nypl-design-system/src/components/Header/components/HeaderLogin.test.tsx","startTime":1680098592121,"status":"focused","summary":""},{"assertionResults":[{"ancestorTitles":["HeaderSearchButton Accessibility"],"duration":916,"failureDetails":[],"failureMessages":[],"fullName":"HeaderSearchButton Accessibility passes axe accessibility test","invocations":1,"location":null,"numPassingAsserts":1,"retryReasons":[],"status":"passed","title":"passes axe accessibility test"},{"ancestorTitles":["HeaderSearchButton Accessibility"],"duration":459,"failureDetails":[],"failureMessages":[],"fullName":"HeaderSearchButton Accessibility passes axe accessibility test for mobile","invocations":1,"location":null,"numPassingAsserts":1,"retryReasons":[],"status":"passed","title":"passes axe accessibility test for mobile"},{"ancestorTitles":["HeaderSearchButton","Desktop"],"duration":156,"failureDetails":[],"failureMessages":[],"fullName":"HeaderSearchButton Desktop renders a Search button","invocations":1,"location":null,"numPassingAsserts":2,"retryReasons":[],"status":"passed","title":"renders a Search button"},{"ancestorTitles":["HeaderSearchButton","Desktop"],"duration":1037,"failureDetails":[],"failureMessages":[],"fullName":"HeaderSearchButton Desktop renders a Close button when clicked","invocations":1,"location":null,"numPassingAsserts":7,"retryReasons":[],"status":"passed","title":"renders a Close button when clicked"},{"ancestorTitles":["HeaderSearchButton","Desktop"],"duration":598,"failureDetails":[],"failureMessages":[],"fullName":"HeaderSearchButton Desktop renders the search form when clicked","invocations":1,"location":null,"numPassingAsserts":2,"retryReasons":[],"status":"passed","title":"renders the search form when clicked"},{"ancestorTitles":["HeaderSearchButton","Mobile"],"duration":66,"failureDetails":[],"failureMessages":[],"fullName":"HeaderSearchButton Mobile renders a Search button","invocations":1,"location":null,"numPassingAsserts":2,"retryReasons":[],"status":"passed","title":"renders a Search button"},{"ancestorTitles":["HeaderSearchButton","Mobile"],"duration":590,"failureDetails":[],"failureMessages":[],"fullName":"HeaderSearchButton Mobile renders a Close button when clicked","invocations":1,"location":null,"numPassingAsserts":3,"retryReasons":[],"status":"passed","title":"renders a Close button when clicked"},{"ancestorTitles":["HeaderSearchButton","Mobile"],"duration":742,"failureDetails":[],"failureMessages":[],"fullName":"HeaderSearchButton Mobile renders the search form when clicked","invocations":1,"location":null,"numPassingAsserts":2,"retryReasons":[],"status":"passed","title":"renders the search form when clicked"},{"ancestorTitles":["HeaderSearchButton"],"duration":90,"failureDetails":[],"failureMessages":[],"fullName":"HeaderSearchButton renders the UI snapshot correctly","invocations":1,"location":null,"numPassingAsserts":2,"retryReasons":[],"status":"passed","title":"renders the UI snapshot correctly"}],"endTime":1680098617138,"message":"","name":"/Users/edwinguzman/projects/design/nypl-design-system/src/components/Header/components/HeaderSearchButton.test.tsx","startTime":1680098591993,"status":"passed","summary":""},{"assertionResults":[{"ancestorTitles":["HeaderSearchForm Accessibility"],"duration":2979,"failureDetails":[],"failureMessages":[],"fullName":"HeaderSearchForm Accessibility passes axe accessibility test","invocations":1,"location":null,"numPassingAsserts":1,"retryReasons":[],"status":"passed","title":"passes axe accessibility test"},{"ancestorTitles":["HeaderSearchForm Accessibility"],"duration":2589,"failureDetails":[],"failureMessages":[],"fullName":"HeaderSearchForm Accessibility passes axe accessibility test for mobile view","invocations":1,"location":null,"numPassingAsserts":1,"retryReasons":[],"status":"passed","title":"passes axe accessibility test for mobile view"},{"ancestorTitles":["HeaderSearchForm","Desktop"],"duration":null,"failureDetails":[],"failureMessages":[],"fullName":"HeaderSearchForm Desktop renders a form with an input, radio inputs, and a search button","invocations":1,"location":null,"numPassingAsserts":0,"retryReasons":[],"status":"pending","title":"renders a form with an input, radio inputs, and a search button"},{"ancestorTitles":["HeaderSearchForm","Desktop"],"duration":null,"failureDetails":[],"failureMessages":[],"fullName":"HeaderSearchForm Desktop makes a request to the Encore catalog","invocations":1,"location":null,"numPassingAsserts":0,"retryReasons":[],"status":"pending","title":"makes a request to the Encore catalog"},{"ancestorTitles":["HeaderSearchForm","Desktop"],"duration":null,"failureDetails":[],"failureMessages":[],"fullName":"HeaderSearchForm Desktop makes a request to the Research Catalog","invocations":1,"location":null,"numPassingAsserts":0,"retryReasons":[],"status":"pending","title":"makes a request to the Research Catalog"},{"ancestorTitles":["HeaderSearchForm","Desktop"],"duration":null,"failureDetails":[],"failureMessages":[],"fullName":"HeaderSearchForm Desktop makes a request to the web catalog","invocations":1,"location":null,"numPassingAsserts":0,"retryReasons":[],"status":"pending","title":"makes a request to the web catalog"},{"ancestorTitles":["HeaderSearchForm","Mobile"],"duration":null,"failureDetails":[],"failureMessages":[],"fullName":"HeaderSearchForm Mobile renders a form with an input and three radios on mobile","invocations":1,"location":null,"numPassingAsserts":0,"retryReasons":[],"status":"pending","title":"renders a form with an input and three radios on mobile"},{"ancestorTitles":["HeaderSearchForm","Mobile"],"duration":null,"failureDetails":[],"failureMessages":[],"fullName":"HeaderSearchForm Mobile makes a request to the Encore catalog","invocations":1,"location":null,"numPassingAsserts":0,"retryReasons":[],"status":"pending","title":"makes a request to the Encore catalog"},{"ancestorTitles":["HeaderSearchForm","Mobile"],"duration":null,"failureDetails":[],"failureMessages":[],"fullName":"HeaderSearchForm Mobile makes a request to the Research Catalog","invocations":1,"location":null,"numPassingAsserts":0,"retryReasons":[],"status":"pending","title":"makes a request to the Research Catalog"},{"ancestorTitles":["HeaderSearchForm","Mobile"],"duration":null,"failureDetails":[],"failureMessages":[],"fullName":"HeaderSearchForm Mobile makes a request to the web catalog","invocations":1,"location":null,"numPassingAsserts":0,"retryReasons":[],"status":"pending","title":"makes a request to the web catalog"},{"ancestorTitles":["HeaderSearchForm"],"duration":null,"failureDetails":[],"failureMessages":[],"fullName":"HeaderSearchForm renders the UI snapshot correctly","invocations":1,"location":null,"numPassingAsserts":0,"retryReasons":[],"status":"pending","title":"renders the UI snapshot correctly"}],"endTime":1680098617899,"message":"","name":"/Users/edwinguzman/projects/design/nypl-design-system/src/components/Header/components/HeaderSearchForm.test.tsx","startTime":1680098592006,"status":"focused","summary":""},{"assertionResults":[{"ancestorTitles":["Tooltip accessibility"],"duration":1324,"failureDetails":[],"failureMessages":[],"fullName":"Tooltip accessibility passes axe accessibility test with string content","invocations":1,"location":null,"numPassingAsserts":1,"retryReasons":[],"status":"passed","title":"passes axe accessibility test with string content"},{"ancestorTitles":["Tooltip accessibility"],"duration":793,"failureDetails":[],"failureMessages":[],"fullName":"Tooltip accessibility passes axe accessibility test with Image content","invocations":1,"location":null,"numPassingAsserts":1,"retryReasons":[],"status":"passed","title":"passes axe accessibility test with Image content"},{"ancestorTitles":["Tooltip accessibility"],"duration":738,"failureDetails":[],"failureMessages":[],"fullName":"Tooltip accessibility passes axe accessibility test with Icon content","invocations":1,"location":null,"numPassingAsserts":1,"retryReasons":[],"status":"passed","title":"passes axe accessibility test with Icon content"},{"ancestorTitles":["Tooltip"],"duration":1696,"failureDetails":[],"failureMessages":[],"fullName":"Tooltip should render on mouseover and close on mouseleave","invocations":1,"location":null,"numPassingAsserts":3,"retryReasons":[],"status":"passed","title":"should render on mouseover and close on mouseleave"},{"ancestorTitles":["Tooltip"],"duration":124,"failureDetails":[],"failureMessages":[],"fullName":"Tooltip should render after 500ms","invocations":1,"location":null,"numPassingAsserts":3,"retryReasons":[],"status":"passed","title":"should render after 500ms"},{"ancestorTitles":["Tooltip"],"duration":144,"failureDetails":[],"failureMessages":[],"fullName":"Tooltip should not render on mouseover if isDisabled is true","invocations":1,"location":null,"numPassingAsserts":1,"retryReasons":[],"status":"passed","title":"should not render on mouseover if isDisabled is true"},{"ancestorTitles":["Tooltip"],"duration":840,"failureDetails":[],"failureMessages":[],"fullName":"Tooltip should render on mouseover if isDisabled has a falsy value","invocations":1,"location":null,"numPassingAsserts":1,"retryReasons":[],"status":"passed","title":"should render on mouseover if isDisabled has a falsy value"},{"ancestorTitles":["Tooltip"],"duration":1657,"failureDetails":[],"failureMessages":[],"fullName":"Tooltip should render on mouseover and closes on pressing 'esc'","invocations":1,"location":null,"numPassingAsserts":3,"retryReasons":[],"status":"passed","title":"should render on mouseover and closes on pressing 'esc'"},{"ancestorTitles":["Tooltip"],"duration":6,"failureDetails":[],"failureMessages":[],"fullName":"Tooltip logs a warning if `content` is not a string, number, Icon, or Image","invocations":1,"location":null,"numPassingAsserts":1,"retryReasons":[],"status":"passed","title":"logs a warning if `content` is not a string, number, Icon, or Image"}],"endTime":1680098621650,"message":"","name":"/Users/edwinguzman/projects/design/nypl-design-system/src/components/Tooltip/Tooltip.test.tsx","startTime":1680098610243,"status":"passed","summary":""},{"assertionResults":[{"ancestorTitles":["Slider Accessibility","Single Slider"],"duration":1437,"failureDetails":[],"failureMessages":[],"fullName":"Slider Accessibility Single Slider passes axe accessibility test","invocations":1,"location":null,"numPassingAsserts":1,"retryReasons":[],"status":"passed","title":"passes axe accessibility test"},{"ancestorTitles":["Slider Accessibility","Single Slider"],"duration":454,"failureDetails":[],"failureMessages":[],"fullName":"Slider Accessibility Single Slider passes axe accessibility test without a label","invocations":1,"location":null,"numPassingAsserts":1,"retryReasons":[],"status":"passed","title":"passes axe accessibility test without a label"},{"ancestorTitles":["Slider Accessibility","Single Slider"],"duration":382,"failureDetails":[],"failureMessages":[],"fullName":"Slider Accessibility Single Slider passes axe accessibility test without visible values","invocations":1,"location":null,"numPassingAsserts":1,"retryReasons":[],"status":"passed","title":"passes axe accessibility test without visible values"},{"ancestorTitles":["Slider Accessibility","Range Slider"],"duration":551,"failureDetails":[],"failureMessages":[],"fullName":"Slider Accessibility Range Slider passes axe accessibility test","invocations":1,"location":null,"numPassingAsserts":1,"retryReasons":[],"status":"passed","title":"passes axe accessibility test"},{"ancestorTitles":["Slider Accessibility","Range Slider"],"duration":391,"failureDetails":[],"failureMessages":[],"fullName":"Slider Accessibility Range Slider passes axe accessibility test without a label","invocations":1,"location":null,"numPassingAsserts":1,"retryReasons":[],"status":"passed","title":"passes axe accessibility test without a label"},{"ancestorTitles":["Slider Accessibility","Range Slider"],"duration":318,"failureDetails":[],"failureMessages":[],"fullName":"Slider Accessibility Range Slider passes axe accessibility test without visible values","invocations":1,"location":null,"numPassingAsserts":1,"retryReasons":[],"status":"passed","title":"passes axe accessibility test without visible values"},{"ancestorTitles":["Slider","Single Slider"],"duration":150,"failureDetails":[],"failureMessages":[],"fullName":"Slider Single Slider renders a label, two static values, text input, and helper text","invocations":1,"location":null,"numPassingAsserts":6,"retryReasons":[],"status":"passed","title":"renders a label, two static values, text input, and helper text"},{"ancestorTitles":["Slider","Single Slider"],"duration":69,"failureDetails":[],"failureMessages":[],"fullName":"Slider Single Slider adds the appropriate aria-* attributes to the slider element","invocations":1,"location":null,"numPassingAsserts":4,"retryReasons":[],"status":"passed","title":"adds the appropriate aria-* attributes to the slider element"},{"ancestorTitles":["Slider","Single Slider"],"duration":83,"failureDetails":[],"failureMessages":[],"fullName":"Slider Single Slider renders the '(Required)' text in the label or hides it","invocations":1,"location":null,"numPassingAsserts":2,"retryReasons":[],"status":"passed","title":"renders the '(Required)' text in the label or hides it"},{"ancestorTitles":["Slider","Single Slider"],"duration":65,"failureDetails":[],"failureMessages":[],"fullName":"Slider Single Slider hides the label but adds it as an aria-label attribute","invocations":1,"location":null,"numPassingAsserts":2,"retryReasons":[],"status":"passed","title":"hides the label but adds it as an aria-label attribute"},{"ancestorTitles":["Slider","Single Slider"],"duration":48,"failureDetails":[],"failureMessages":[],"fullName":"Slider Single Slider hides the min/max static values","invocations":1,"location":null,"numPassingAsserts":4,"retryReasons":[],"status":"passed","title":"hides the min/max static values"},{"ancestorTitles":["Slider","Single Slider"],"duration":80,"failureDetails":[],"failureMessages":[],"fullName":"Slider Single Slider hides the current value input box","invocations":1,"location":null,"numPassingAsserts":3,"retryReasons":[],"status":"passed","title":"hides the current value input box"},{"ancestorTitles":["Slider","Single Slider"],"duration":57,"failureDetails":[],"failureMessages":[],"fullName":"Slider Single Slider renders the invalid state","invocations":1,"location":null,"numPassingAsserts":3,"retryReasons":[],"status":"passed","title":"renders the invalid state"},{"ancestorTitles":["Slider","Single Slider"],"duration":46,"failureDetails":[],"failureMessages":[],"fullName":"Slider Single Slider renders the invalid state if the min prop is greater than the max prop","invocations":1,"location":null,"numPassingAsserts":4,"retryReasons":[],"status":"passed","title":"renders the invalid state if the min prop is greater than the max prop"},{"ancestorTitles":["Slider","Single Slider"],"duration":103,"failureDetails":[],"failureMessages":[],"fullName":"Slider Single Slider renders the disabled state","invocations":1,"location":null,"numPassingAsserts":1,"retryReasons":[],"status":"passed","title":"renders the disabled state"},{"ancestorTitles":["Slider","Single Slider"],"duration":123,"failureDetails":[],"failureMessages":[],"fullName":"Slider Single Slider updates the value through the text input","invocations":1,"location":null,"numPassingAsserts":2,"retryReasons":[],"status":"passed","title":"updates the value through the text input"},{"ancestorTitles":["Slider","Single Slider"],"duration":55,"failureDetails":[],"failureMessages":[],"fullName":"Slider Single Slider doesn't crash if no onChange callback function is passed","invocations":1,"location":null,"numPassingAsserts":1,"retryReasons":[],"status":"passed","title":"doesn't crash if no onChange callback function is passed"},{"ancestorTitles":["Slider","Single Slider"],"duration":126,"failureDetails":[],"failureMessages":[],"fullName":"Slider Single Slider gets the current value through the onChange callback function","invocations":1,"location":null,"numPassingAsserts":2,"retryReasons":[],"status":"passed","title":"gets the current value through the onChange callback function"},{"ancestorTitles":["Slider","Single Slider"],"duration":99,"failureDetails":[],"failureMessages":[],"fullName":"Slider Single Slider gets the current value through the onChangeEnd callback function","invocations":1,"location":null,"numPassingAsserts":2,"retryReasons":[],"status":"passed","title":"gets the current value through the onChangeEnd callback function"},{"ancestorTitles":["Slider","Single Slider"],"duration":44,"failureDetails":[],"failureMessages":[],"fullName":"Slider Single Slider logs a warning when both `onChange` and `onChangeEnd` are passed","invocations":1,"location":null,"numPassingAsserts":2,"retryReasons":[],"status":"passed","title":"logs a warning when both `onChange` and `onChangeEnd` are passed"},{"ancestorTitles":["Slider","Single Slider"],"duration":97,"failureDetails":[],"failureMessages":[],"fullName":"Slider Single Slider updates the value programmatically through the `value` prop","invocations":1,"location":null,"numPassingAsserts":4,"retryReasons":[],"status":"passed","title":"updates the value programmatically through the `value` prop"},{"ancestorTitles":["Slider","Single Slider"],"duration":219,"failureDetails":[],"failureMessages":[],"fullName":"Slider Single Slider renders the UI snapshot correctly","invocations":1,"location":null,"numPassingAsserts":9,"retryReasons":[],"status":"passed","title":"renders the UI snapshot correctly"},{"ancestorTitles":["Slider","Single Slider"],"duration":45,"failureDetails":[],"failureMessages":[],"fullName":"Slider Single Slider passes a ref to the div wrapper element","invocations":1,"location":null,"numPassingAsserts":1,"retryReasons":[],"status":"passed","title":"passes a ref to the div wrapper element"},{"ancestorTitles":["Slider","Range Slider"],"duration":288,"failureDetails":[],"failureMessages":[],"fullName":"Slider Range Slider renders everything from the single but also two text input fields","invocations":1,"location":null,"numPassingAsserts":8,"retryReasons":[],"status":"passed","title":"renders everything from the single but also two text input fields"},{"ancestorTitles":["Slider","Range Slider"],"duration":104,"failureDetails":[],"failureMessages":[],"fullName":"Slider Range Slider adds the appropriate aria-* attributes to the slider element","invocations":1,"location":null,"numPassingAsserts":8,"retryReasons":[],"status":"passed","title":"adds the appropriate aria-* attributes to the slider element"},{"ancestorTitles":["Slider","Range Slider"],"duration":117,"failureDetails":[],"failureMessages":[],"fullName":"Slider Range Slider hides the label but adds it as an aria-label attribute","invocations":1,"location":null,"numPassingAsserts":3,"retryReasons":[],"status":"passed","title":"hides the label but adds it as an aria-label attribute"},{"ancestorTitles":["Slider","Range Slider"],"duration":70,"failureDetails":[],"failureMessages":[],"fullName":"Slider Range Slider renders with min and max values as the default values if no `defaultValue` array is passed","invocations":1,"location":null,"numPassingAsserts":2,"retryReasons":[],"status":"passed","title":"renders with min and max values as the default values if no `defaultValue` array is passed"},{"ancestorTitles":["Slider","Range Slider"],"duration":172,"failureDetails":[],"failureMessages":[],"fullName":"Slider Range Slider renders the invalid state if the min prop is greater than the max prop","invocations":1,"location":null,"numPassingAsserts":4,"retryReasons":[],"status":"passed","title":"renders the invalid state if the min prop is greater than the max prop"},{"ancestorTitles":["Slider","Range Slider"],"duration":113,"failureDetails":[],"failureMessages":[],"fullName":"Slider Range Slider renders the invalid state if the start is greater than the end values","invocations":1,"location":null,"numPassingAsserts":5,"retryReasons":[],"status":"passed","title":"renders the invalid state if the start is greater than the end values"},{"ancestorTitles":["Slider","Range Slider"],"duration":142,"failureDetails":[],"failureMessages":[],"fullName":"Slider Range Slider updates the value through the text input","invocations":1,"location":null,"numPassingAsserts":2,"retryReasons":[],"status":"passed","title":"updates the value through the text input"},{"ancestorTitles":["Slider","Range Slider"],"duration":11,"failureDetails":[],"failureMessages":[],"fullName":"Slider Range Slider logs a warning when there is no `id` passed","invocations":1,"location":null,"numPassingAsserts":1,"retryReasons":[],"status":"passed","title":"logs a warning when there is no `id` passed"},{"ancestorTitles":["Slider","Range Slider"],"duration":325,"failureDetails":[],"failureMessages":[],"fullName":"Slider Range Slider updates the value programmatically through the `value` prop","invocations":1,"location":null,"numPassingAsserts":8,"retryReasons":[],"status":"passed","title":"updates the value programmatically through the `value` prop"},{"ancestorTitles":["Slider","Range Slider"],"duration":117,"failureDetails":[],"failureMessages":[],"fullName":"Slider Range Slider renders the UI snapshot correctly","invocations":1,"location":null,"numPassingAsserts":7,"retryReasons":[],"status":"passed","title":"renders the UI snapshot correctly"},{"ancestorTitles":["Slider","Range Slider"],"duration":35,"failureDetails":[],"failureMessages":[],"fullName":"Slider Range Slider passes a ref to the div wrapper element","invocations":1,"location":null,"numPassingAsserts":1,"retryReasons":[],"status":"passed","title":"passes a ref to the div wrapper element"},{"ancestorTitles":["Slider"],"duration":66,"failureDetails":[],"failureMessages":[],"fullName":"Slider gets the current value through the onChangeEnd callback function","invocations":1,"location":null,"numPassingAsserts":2,"retryReasons":[],"status":"passed","title":"gets the current value through the onChangeEnd callback function"}],"endTime":1680098623868,"message":"","name":"/Users/edwinguzman/projects/design/nypl-design-system/src/components/Slider/Slider.test.tsx","startTime":1680098613396,"status":"passed","summary":""},{"assertionResults":[{"ancestorTitles":["SearchBar Accessibility"],"duration":1272,"failureDetails":[],"failureMessages":[],"fullName":"SearchBar Accessibility passes axe accessibility test","invocations":1,"location":null,"numPassingAsserts":1,"retryReasons":[],"status":"passed","title":"passes axe accessibility test"},{"ancestorTitles":["SearchBar Accessibility"],"duration":746,"failureDetails":[],"failureMessages":[],"fullName":"SearchBar Accessibility passes axe accessibility test with `clear` button","invocations":1,"location":null,"numPassingAsserts":1,"retryReasons":[],"status":"passed","title":"passes axe accessibility test with `clear` button"},{"ancestorTitles":["SearchBar Accessibility"],"duration":1192,"failureDetails":[],"failureMessages":[],"fullName":"SearchBar Accessibility passes axe accessibility test with a Select component","invocations":1,"location":null,"numPassingAsserts":1,"retryReasons":[],"status":"passed","title":"passes axe accessibility test with a Select component"},{"ancestorTitles":["SearchBar"],"duration":135,"failureDetails":[],"failureMessages":[],"fullName":"SearchBar renders the basic form","invocations":1,"location":null,"numPassingAsserts":4,"retryReasons":[],"status":"passed","title":"renders the basic form"},{"ancestorTitles":["SearchBar"],"duration":203,"failureDetails":[],"failureMessages":[],"fullName":"SearchBar renders an optional Select component","invocations":1,"location":null,"numPassingAsserts":2,"retryReasons":[],"status":"passed","title":"renders an optional Select component"},{"ancestorTitles":["SearchBar"],"duration":73,"failureDetails":[],"failureMessages":[],"fullName":"SearchBar renders the invalid text in the invalid state","invocations":1,"location":null,"numPassingAsserts":2,"retryReasons":[],"status":"passed","title":"renders the invalid text in the invalid state"},{"ancestorTitles":["SearchBar"],"duration":97,"failureDetails":[],"failureMessages":[],"fullName":"SearchBar does not render the default invalid text from the Select or TextInput components","invocations":1,"location":null,"numPassingAsserts":1,"retryReasons":[],"status":"passed","title":"does not render the default invalid text from the Select or TextInput components"},{"ancestorTitles":["SearchBar"],"duration":305,"failureDetails":[],"failureMessages":[],"fullName":"SearchBar calls the TextInput onChange callback function","invocations":1,"location":null,"numPassingAsserts":2,"retryReasons":[],"status":"passed","title":"calls the TextInput onChange callback function"},{"ancestorTitles":["SearchBar"],"duration":543,"failureDetails":[],"failureMessages":[],"fullName":"SearchBar renders a `clear` button and clears the input field when clicked","invocations":1,"location":null,"numPassingAsserts":5,"retryReasons":[],"status":"passed","title":"renders a `clear` button and clears the input field when clicked"},{"ancestorTitles":["SearchBar"],"duration":338,"failureDetails":[],"failureMessages":[],"fullName":"SearchBar calls the isClearableCallback function for the `TextInput` component when `isClearable` is true","invocations":1,"location":null,"numPassingAsserts":2,"retryReasons":[],"status":"passed","title":"calls the isClearableCallback function for the `TextInput` component when `isClearable` is true"},{"ancestorTitles":["SearchBar"],"duration":295,"failureDetails":[],"failureMessages":[],"fullName":"SearchBar calls the Select onChange callback function","invocations":1,"location":null,"numPassingAsserts":3,"retryReasons":[],"status":"passed","title":"calls the Select onChange callback function"},{"ancestorTitles":["SearchBar"],"duration":131,"failureDetails":[],"failureMessages":[],"fullName":"SearchBar calls the callback function for the Button component ","invocations":1,"location":null,"numPassingAsserts":2,"retryReasons":[],"status":"passed","title":"calls the callback function for the Button component "},{"ancestorTitles":["SearchBar"],"duration":168,"failureDetails":[],"failureMessages":[],"fullName":"SearchBar calls the callback function on submit ","invocations":1,"location":null,"numPassingAsserts":2,"retryReasons":[],"status":"passed","title":"calls the callback function on submit "},{"ancestorTitles":["SearchBar"],"duration":12,"failureDetails":[],"failureMessages":[],"fullName":"SearchBar renders a default placeholder","invocations":1,"location":null,"numPassingAsserts":1,"retryReasons":[],"status":"passed","title":"renders a default placeholder"},{"ancestorTitles":["SearchBar"],"duration":42,"failureDetails":[],"failureMessages":[],"fullName":"SearchBar sets additional TextInput props","invocations":1,"location":null,"numPassingAsserts":2,"retryReasons":[],"status":"passed","title":"sets additional TextInput props"},{"ancestorTitles":["SearchBar"],"duration":69,"failureDetails":[],"failureMessages":[],"fullName":"SearchBar renders 'required' in the placeholder text","invocations":1,"location":null,"numPassingAsserts":2,"retryReasons":[],"status":"passed","title":"renders 'required' in the placeholder text"},{"ancestorTitles":["SearchBar"],"duration":6,"failureDetails":[],"failureMessages":[],"fullName":"SearchBar logs a warning when there is no `id` passed","invocations":1,"location":null,"numPassingAsserts":1,"retryReasons":[],"status":"passed","title":"logs a warning when there is no `id` passed"},{"ancestorTitles":["SearchBar"],"duration":299,"failureDetails":[],"failureMessages":[],"fullName":"SearchBar renders the UI snapshot correctly","invocations":1,"location":null,"numPassingAsserts":13,"retryReasons":[],"status":"passed","title":"renders the UI snapshot correctly"},{"ancestorTitles":["SearchBar"],"duration":21,"failureDetails":[],"failureMessages":[],"fullName":"SearchBar passes a ref to the div wrapper element","invocations":1,"location":null,"numPassingAsserts":1,"retryReasons":[],"status":"passed","title":"passes a ref to the div wrapper element"}],"endTime":1680098624732,"message":"","name":"/Users/edwinguzman/projects/design/nypl-design-system/src/components/SearchBar/SearchBar.test.tsx","startTime":1680098614598,"status":"passed","summary":""},{"assertionResults":[{"ancestorTitles":["Radio Accessibility"],"duration":1724,"failureDetails":[],"failureMessages":[],"fullName":"Radio Accessibility passes axe accessibility with string labels","invocations":1,"location":null,"numPassingAsserts":1,"retryReasons":[],"status":"passed","title":"passes axe accessibility with string labels"},{"ancestorTitles":["Radio Accessibility"],"duration":890,"failureDetails":[],"failureMessages":[],"fullName":"Radio Accessibility passes axe accessibility with jsx labels","invocations":1,"location":null,"numPassingAsserts":1,"retryReasons":[],"status":"passed","title":"passes axe accessibility with jsx labels"},{"ancestorTitles":["Radio Accessibility"],"duration":902,"failureDetails":[],"failureMessages":[],"fullName":"Radio Accessibility passes axe accessibility with the legend hidden","invocations":1,"location":null,"numPassingAsserts":1,"retryReasons":[],"status":"passed","title":"passes axe accessibility with the legend hidden"},{"ancestorTitles":["Radio Button"],"duration":219,"failureDetails":[],"failureMessages":[],"fullName":"Radio Button renders with radio inputs and a label","invocations":1,"location":null,"numPassingAsserts":5,"retryReasons":[],"status":"passed","title":"renders with radio inputs and a label"},{"ancestorTitles":["Radio Button"],"duration":125,"failureDetails":[],"failureMessages":[],"fullName":"Radio Button <legend> element is available in the DOM when 'showLabel' prop is set to true or false","invocations":1,"location":null,"numPassingAsserts":4,"retryReasons":[],"status":"passed","title":"<legend> element is available in the DOM when 'showLabel' prop is set to true or false"},{"ancestorTitles":["Radio Button"],"duration":109,"failureDetails":[],"failureMessages":[],"fullName":"Radio Button renders visible helper or error text","invocations":1,"location":null,"numPassingAsserts":4,"retryReasons":[],"status":"passed","title":"renders visible helper or error text"},{"ancestorTitles":["Radio Button"],"duration":37,"failureDetails":[],"failureMessages":[],"fullName":"Radio Button sets the RadioGroup's ID","invocations":1,"location":null,"numPassingAsserts":1,"retryReasons":[],"status":"passed","title":"sets the RadioGroup's ID"},{"ancestorTitles":["Radio Button"],"duration":384,"failureDetails":[],"failureMessages":[],"fullName":"Radio Button sets the next value through the onChange function","invocations":1,"location":null,"numPassingAsserts":3,"retryReasons":[],"status":"passed","title":"sets the next value through the onChange function"},{"ancestorTitles":["Radio Button"],"duration":118,"failureDetails":[],"failureMessages":[],"fullName":"Radio Button sets the 'disabled' attribute for all its Radio children","invocations":1,"location":null,"numPassingAsserts":4,"retryReasons":[],"status":"passed","title":"sets the 'disabled' attribute for all its Radio children"},{"ancestorTitles":["Radio Button"],"duration":252,"failureDetails":[],"failureMessages":[],"fullName":"Radio Button sets the 'required' attribute for all its Radio children","invocations":1,"location":null,"numPassingAsserts":7,"retryReasons":[],"status":"passed","title":"sets the 'required' attribute for all its Radio children"},{"ancestorTitles":["Radio Button"],"duration":249,"failureDetails":[],"failureMessages":[],"fullName":"Radio Button sets the error state for all its Radio children","invocations":1,"location":null,"numPassingAsserts":5,"retryReasons":[],"status":"passed","title":"sets the error state for all its Radio children"},{"ancestorTitles":["Radio Button"],"duration":43,"failureDetails":[],"failureMessages":[],"fullName":"Radio Button does not render the error text when 'showHelperInvalidText' is false","invocations":1,"location":null,"numPassingAsserts":1,"retryReasons":[],"status":"passed","title":"does not render the error text when 'showHelperInvalidText' is false"},{"ancestorTitles":["Radio Button"],"duration":346,"failureDetails":[],"failureMessages":[],"fullName":"Radio Button renders the UI snapshot correctly","invocations":1,"location":null,"numPassingAsserts":12,"retryReasons":[],"status":"passed","title":"renders the UI snapshot correctly"},{"ancestorTitles":["Radio Button"],"duration":113,"failureDetails":[],"failureMessages":[],"fullName":"Radio Button should throw warning when a non-Radio component is used as a child","invocations":1,"location":null,"numPassingAsserts":1,"retryReasons":[],"status":"passed","title":"should throw warning when a non-Radio component is used as a child"},{"ancestorTitles":["Radio Button"],"duration":43,"failureDetails":[],"failureMessages":[],"fullName":"Radio Button logs a warning when there is no `id` passed","invocations":1,"location":null,"numPassingAsserts":1,"retryReasons":[],"status":"passed","title":"logs a warning when there is no `id` passed"},{"ancestorTitles":["Radio Button"],"duration":26,"failureDetails":[],"failureMessages":[],"fullName":"Radio Button passes a ref to the input element","invocations":1,"location":null,"numPassingAsserts":1,"retryReasons":[],"status":"passed","title":"passes a ref to the input element"}],"endTime":1680098625267,"message":"","name":"/Users/edwinguzman/projects/design/nypl-design-system/src/components/RadioGroup/RadioGroup.test.tsx","startTime":1680098614972,"status":"passed","summary":""},{"assertionResults":[{"ancestorTitles":["CheckboxGroup Accessibility"],"duration":2149,"failureDetails":[],"failureMessages":[],"fullName":"CheckboxGroup Accessibility passes axe accessibility with string labels ","invocations":1,"location":null,"numPassingAsserts":1,"retryReasons":[],"status":"passed","title":"passes axe accessibility with string labels "},{"ancestorTitles":["CheckboxGroup Accessibility"],"duration":934,"failureDetails":[],"failureMessages":[],"fullName":"CheckboxGroup Accessibility passes axe accessibility with jsx labels","invocations":1,"location":null,"numPassingAsserts":1,"retryReasons":[],"status":"passed","title":"passes axe accessibility with jsx labels"},{"ancestorTitles":["CheckboxGroup Accessibility"],"duration":1008,"failureDetails":[],"failureMessages":[],"fullName":"CheckboxGroup Accessibility passes axe accessibility with the legend hidden","invocations":1,"location":null,"numPassingAsserts":1,"retryReasons":[],"status":"passed","title":"passes axe accessibility with the legend hidden"},{"ancestorTitles":["Checkbox"],"duration":191,"failureDetails":[],"failureMessages":[],"fullName":"Checkbox renders with Checkbox inputs and a label","invocations":1,"location":null,"numPassingAsserts":5,"retryReasons":[],"status":"passed","title":"renders with Checkbox inputs and a label"},{"ancestorTitles":["Checkbox"],"duration":116,"failureDetails":[],"failureMessages":[],"fullName":"Checkbox <legend> element is available in the DOM when 'showLabel' prop is set to true or false","invocations":1,"location":null,"numPassingAsserts":4,"retryReasons":[],"status":"passed","title":"<legend> element is available in the DOM when 'showLabel' prop is set to true or false"},{"ancestorTitles":["Checkbox"],"duration":142,"failureDetails":[],"failureMessages":[],"fullName":"Checkbox renders visible helper or error text","invocations":1,"location":null,"numPassingAsserts":4,"retryReasons":[],"status":"passed","title":"renders visible helper or error text"},{"ancestorTitles":["Checkbox"],"duration":30,"failureDetails":[],"failureMessages":[],"fullName":"Checkbox sets the CheckboxGroup's ID","invocations":1,"location":null,"numPassingAsserts":1,"retryReasons":[],"status":"passed","title":"sets the CheckboxGroup's ID"},{"ancestorTitles":["Checkbox"],"duration":460,"failureDetails":[],"failureMessages":[],"fullName":"Checkbox sets the next value through the onChange function","invocations":1,"location":null,"numPassingAsserts":4,"retryReasons":[],"status":"passed","title":"sets the next value through the onChange function"},{"ancestorTitles":["Checkbox"],"duration":92,"failureDetails":[],"failureMessages":[],"fullName":"Checkbox sets the 'disabled' attribute for all its Checkbox children","invocations":1,"location":null,"numPassingAsserts":4,"retryReasons":[],"status":"passed","title":"sets the 'disabled' attribute for all its Checkbox children"},{"ancestorTitles":["Checkbox"],"duration":342,"failureDetails":[],"failureMessages":[],"fullName":"Checkbox sets the 'required' attribute for all its Checkbox children","invocations":1,"location":null,"numPassingAsserts":4,"retryReasons":[],"status":"passed","title":"sets the 'required' attribute for all its Checkbox children"},{"ancestorTitles":["Checkbox"],"duration":198,"failureDetails":[],"failureMessages":[],"fullName":"Checkbox sets the error state for all its Checkbox children","invocations":1,"location":null,"numPassingAsserts":4,"retryReasons":[],"status":"passed","title":"sets the error state for all its Checkbox children"},{"ancestorTitles":["Checkbox"],"duration":159,"failureDetails":[],"failureMessages":[],"fullName":"Checkbox does not render the invalid text when 'isInvalid' is true but 'showHelperInvalidText' is false","invocations":1,"location":null,"numPassingAsserts":4,"retryReasons":[],"status":"passed","title":"does not render the invalid text when 'isInvalid' is true but 'showHelperInvalidText' is false"},{"ancestorTitles":["Checkbox"],"duration":22,"failureDetails":[],"failureMessages":[],"fullName":"Checkbox logs a warning when there is no `id` passed","invocations":1,"location":null,"numPassingAsserts":1,"retryReasons":[],"status":"passed","title":"logs a warning when there is no `id` passed"},{"ancestorTitles":["Checkbox"],"duration":381,"failureDetails":[],"failureMessages":[],"fullName":"Checkbox updates the selected checkboxes programmatically through the `value` prop","invocations":1,"location":null,"numPassingAsserts":8,"retryReasons":[],"status":"passed","title":"updates the selected checkboxes programmatically through the `value` prop"},{"ancestorTitles":["Checkbox"],"duration":278,"failureDetails":[],"failureMessages":[],"fullName":"Checkbox renders the UI snapshot correctly","invocations":1,"location":null,"numPassingAsserts":12,"retryReasons":[],"status":"passed","title":"renders the UI snapshot correctly"},{"ancestorTitles":["Checkbox"],"duration":140,"failureDetails":[],"failureMessages":[],"fullName":"Checkbox should throw warning when a non-Checkbox component is used as a child","invocations":1,"location":null,"numPassingAsserts":1,"retryReasons":[],"status":"passed","title":"should throw warning when a non-Checkbox component is used as a child"},{"ancestorTitles":["Checkbox"],"duration":37,"failureDetails":[],"failureMessages":[],"fullName":"Checkbox passes a ref to the inner div wrapper element","invocations":1,"location":null,"numPassingAsserts":1,"retryReasons":[],"status":"passed","title":"passes a ref to the inner div wrapper element"}],"endTime":1680098625781,"message":"","name":"/Users/edwinguzman/projects/design/nypl-design-system/src/components/CheckboxGroup/CheckboxGroup.test.tsx","startTime":1680098614541,"status":"passed","summary":""},{"assertionResults":[{"ancestorTitles":["Pagination Accessibility"],"duration":1021,"failureDetails":[],"failureMessages":[],"fullName":"Pagination Accessibility passes axe accessibility on the first page","invocations":1,"location":null,"numPassingAsserts":1,"retryReasons":[],"status":"passed","title":"passes axe accessibility on the first page"},{"ancestorTitles":["Pagination Accessibility"],"duration":556,"failureDetails":[],"failureMessages":[],"fullName":"Pagination Accessibility passes axe accessibility on a middle page","invocations":1,"location":null,"numPassingAsserts":1,"retryReasons":[],"status":"passed","title":"passes axe accessibility on a middle page"},{"ancestorTitles":["Pagination Accessibility"],"duration":396,"failureDetails":[],"failureMessages":[],"fullName":"Pagination Accessibility passes axe accessibility on the last page","invocations":1,"location":null,"numPassingAsserts":1,"retryReasons":[],"status":"passed","title":"passes axe accessibility on the last page"},{"ancestorTitles":["Pagination","Rendering"],"duration":292,"failureDetails":[],"failureMessages":[],"fullName":"Pagination Rendering renders a nav element with an unordered list and links","invocations":1,"location":null,"numPassingAsserts":5,"retryReasons":[],"status":"passed","title":"renders a nav element with an unordered list and links"},{"ancestorTitles":["Pagination","Rendering"],"duration":110,"failureDetails":[],"failureMessages":[],"fullName":"Pagination Rendering does not render the Previous link on the first page","invocations":1,"location":null,"numPassingAsserts":3,"retryReasons":[],"status":"passed","title":"does not render the Previous link on the first page"},{"ancestorTitles":["Pagination","Rendering"],"duration":99,"failureDetails":[],"failureMessages":[],"fullName":"Pagination Rendering does not render the Next link on the last page","invocations":1,"location":null,"numPassingAsserts":3,"retryReasons":[],"status":"passed","title":"does not render the Next link on the last page"},{"ancestorTitles":["Pagination","Rendering"],"duration":231,"failureDetails":[],"failureMessages":[],"fullName":"Pagination Rendering renders an ellipsis at the end of the list","invocations":1,"location":null,"numPassingAsserts":6,"retryReasons":[],"status":"passed","title":"renders an ellipsis at the end of the list"},{"ancestorTitles":["Pagination","Rendering"],"duration":215,"failureDetails":[],"failureMessages":[],"fullName":"Pagination Rendering renders an ellipsis at the start of the list","invocations":1,"location":null,"numPassingAsserts":6,"retryReasons":[],"status":"passed","title":"renders an ellipsis at the start of the list"},{"ancestorTitles":["Pagination","Rendering"],"duration":295,"failureDetails":[],"failureMessages":[],"fullName":"Pagination Rendering renders two ellipsis when the current page is in the middle","invocations":1,"location":null,"numPassingAsserts":12,"retryReasons":[],"status":"passed","title":"renders two ellipsis when the current page is in the middle"},{"ancestorTitles":["Pagination","Rendering"],"duration":164,"failureDetails":[],"failureMessages":[],"fullName":"Pagination Rendering adds aria-current to the active page","invocations":1,"location":null,"numPassingAsserts":3,"retryReasons":[],"status":"passed","title":"adds aria-current to the active page"},{"ancestorTitles":["Pagination","Rendering"],"duration":2,"failureDetails":[],"failureMessages":[],"fullName":"Pagination Rendering When pagination has 1 element, pagination is not shown","invocations":1,"location":null,"numPassingAsserts":1,"retryReasons":[],"status":"passed","title":"When pagination has 1 element, pagination is not shown"},{"ancestorTitles":["Pagination","Rendering"],"duration":2,"failureDetails":[],"failureMessages":[],"fullName":"Pagination Rendering When pagination has 0 elements, pagination is not shown","invocations":1,"location":null,"numPassingAsserts":1,"retryReasons":[],"status":"passed","title":"When pagination has 0 elements, pagination is not shown"},{"ancestorTitles":["Pagination","Rendering"],"duration":121,"failureDetails":[],"failureMessages":[],"fullName":"Pagination Rendering renders the UI snapshot correctly","invocations":1,"location":null,"numPassingAsserts":5,"retryReasons":[],"status":"passed","title":"renders the UI snapshot correctly"},{"ancestorTitles":["Pagination","Rendering"],"duration":27,"failureDetails":[],"failureMessages":[],"fullName":"Pagination Rendering passes a ref to the nav wrapper element","invocations":1,"location":null,"numPassingAsserts":1,"retryReasons":[],"status":"passed","title":"passes a ref to the nav wrapper element"},{"ancestorTitles":["Pagination","Behavior"],"duration":401,"failureDetails":[],"failureMessages":[],"fullName":"Pagination Behavior navigates to the appropriate page when the Next or Previous links are clicked","invocations":1,"location":null,"numPassingAsserts":2,"retryReasons":[],"status":"passed","title":"navigates to the appropriate page when the Next or Previous links are clicked"},{"ancestorTitles":["Pagination","Behavior"],"duration":205,"failureDetails":[],"failureMessages":[],"fullName":"Pagination Behavior updates the links href value when getPageHref is used","invocations":1,"location":null,"numPassingAsserts":9,"retryReasons":[],"status":"passed","title":"updates the links href value when getPageHref is used"},{"ancestorTitles":["Pagination","Behavior"],"duration":842,"failureDetails":[],"failureMessages":[],"fullName":"Pagination Behavior when page item is selected, runs the onPageChange callback","invocations":1,"location":null,"numPassingAsserts":11,"retryReasons":[],"status":"passed","title":"when page item is selected, runs the onPageChange callback"},{"ancestorTitles":["Pagination","Behavior"],"duration":221,"failureDetails":[],"failureMessages":[],"fullName":"Pagination Behavior uses the currentPage prop to update the selected page","invocations":1,"location":null,"numPassingAsserts":6,"retryReasons":[],"status":"passed","title":"uses the currentPage prop to update the selected page"},{"ancestorTitles":["Pagination","Behavior"],"duration":24,"failureDetails":[],"failureMessages":[],"fullName":"Pagination Behavior logs a warning if both `getPageHref` and `onPageChange` props are both passed","invocations":1,"location":null,"numPassingAsserts":1,"retryReasons":[],"status":"passed","title":"logs a warning if both `getPageHref` and `onPageChange` props are both passed"},{"ancestorTitles":["Pagination","Behavior"],"duration":24,"failureDetails":[],"failureMessages":[],"fullName":"Pagination Behavior logs a warning if both `getPageHref` and `currentPage` props are both passed","invocations":1,"location":null,"numPassingAsserts":1,"retryReasons":[],"status":"passed","title":"logs a warning if both `getPageHref` and `currentPage` props are both passed"}],"endTime":1680098626599,"message":"","name":"/Users/edwinguzman/projects/design/nypl-design-system/src/components/Pagination/Pagination.test.tsx","startTime":1680098617229,"status":"passed","summary":""},{"assertionResults":[{"ancestorTitles":["DatePicker Accessibility"],"duration":1394,"failureDetails":[],"failureMessages":[],"fullName":"DatePicker Accessibility passes axe accessibility for a single date input","invocations":1,"location":null,"numPassingAsserts":1,"retryReasons":[],"status":"passed","title":"passes axe accessibility for a single date input"},{"ancestorTitles":["DatePicker Accessibility"],"duration":743,"failureDetails":[],"failureMessages":[],"fullName":"DatePicker Accessibility passes axe accessibility with hidden label","invocations":1,"location":null,"numPassingAsserts":1,"retryReasons":[],"status":"passed","title":"passes axe accessibility with hidden label"},{"ancestorTitles":["DatePicker Accessibility"],"duration":1010,"failureDetails":[],"failureMessages":[],"fullName":"DatePicker Accessibility passes axe accessibility for a date range","invocations":1,"location":null,"numPassingAsserts":1,"retryReasons":[],"status":"passed","title":"passes axe accessibility for a date range"},{"ancestorTitles":["DatePicker Accessibility"],"duration":724,"failureDetails":[],"failureMessages":[],"fullName":"DatePicker Accessibility passes axe accessibility for a date range with hidden label","invocations":1,"location":null,"numPassingAsserts":1,"retryReasons":[],"status":"passed","title":"passes axe accessibility for a date range with hidden label"},{"ancestorTitles":["DatePicker","Single input"],"duration":63,"failureDetails":[],"failureMessages":[],"fullName":"DatePicker Single input should render the basic date input field including a date","invocations":1,"location":null,"numPassingAsserts":4,"retryReasons":[],"status":"passed","title":"should render the basic date input field including a date"},{"ancestorTitles":["DatePicker","Single input"],"duration":29,"failureDetails":[],"failureMessages":[],"fullName":"DatePicker Single input should render with an initial date","invocations":1,"location":null,"numPassingAsserts":1,"retryReasons":[],"status":"passed","title":"should render with an initial date"},{"ancestorTitles":["DatePicker","Single input"],"duration":82,"failureDetails":[],"failureMessages":[],"fullName":"DatePicker Single input should render the 'month' DatePicker type","invocations":1,"location":null,"numPassingAsserts":3,"retryReasons":[],"status":"passed","title":"should render the 'month' DatePicker type"},{"ancestorTitles":["DatePicker","Single input"],"duration":19,"failureDetails":[],"failureMessages":[],"fullName":"DatePicker Single input should render the 'year' DatePicker type","invocations":1,"location":null,"numPassingAsserts":3,"retryReasons":[],"status":"passed","title":"should render the 'year' DatePicker type"},{"ancestorTitles":["DatePicker","Single input"],"duration":170,"failureDetails":[],"failureMessages":[],"fullName":"DatePicker Single input should render a custom date format","invocations":1,"location":null,"numPassingAsserts":2,"retryReasons":[],"status":"passed","title":"should render a custom date format"},{"ancestorTitles":["DatePicker","Single input"],"duration":52,"failureDetails":[],"failureMessages":[],"fullName":"DatePicker Single input should hide the input label but add an aria-label","invocations":1,"location":null,"numPassingAsserts":2,"retryReasons":[],"status":"passed","title":"should hide the input label but add an aria-label"},{"ancestorTitles":["DatePicker","Single input"],"duration":62,"failureDetails":[],"failureMessages":[],"fullName":"DatePicker Single input should render with helper text and error text","invocations":1,"location":null,"numPassingAsserts":5,"retryReasons":[],"status":"passed","title":"should render with helper text and error text"},{"ancestorTitles":["DatePicker","Single input"],"duration":55,"failureDetails":[],"failureMessages":[],"fullName":"DatePicker Single input should not render the helper text or invalid text when 'showHelperInvalidText' is false","invocations":1,"location":null,"numPassingAsserts":4,"retryReasons":[],"status":"passed","title":"should not render the helper text or invalid text when 'showHelperInvalidText' is false"},{"ancestorTitles":["DatePicker","Single input"],"duration":37,"failureDetails":[],"failureMessages":[],"fullName":"DatePicker Single input should render a disabled input field","invocations":1,"location":null,"numPassingAsserts":1,"retryReasons":[],"status":"passed","title":"should render a disabled input field"},{"ancestorTitles":["DatePicker","Single input"],"duration":112,"failureDetails":[],"failureMessages":[],"fullName":"DatePicker Single input should render a required label","invocations":1,"location":null,"numPassingAsserts":1,"retryReasons":[],"status":"passed","title":"should render a required label"},{"ancestorTitles":["DatePicker","Single input"],"duration":88,"failureDetails":[],"failureMessages":[],"fullName":"DatePicker Single input should hide the (Required) text in the label with `showRequiredLabel`","invocations":1,"location":null,"numPassingAsserts":3,"retryReasons":[],"status":"passed","title":"should hide the (Required) text in the label with `showRequiredLabel`"},{"ancestorTitles":["DatePicker","Single input"],"duration":763,"failureDetails":[],"failureMessages":[],"fullName":"DatePicker Single input should pass the value to the `onChange` function","invocations":1,"location":null,"numPassingAsserts":2,"retryReasons":[],"status":"passed","title":"should pass the value to the `onChange` function"},{"ancestorTitles":["DatePicker","Single input"],"duration":35,"failureDetails":[],"failureMessages":[],"fullName":"DatePicker Single input should throw a warning when refs are used but not `name` props","invocations":1,"location":null,"numPassingAsserts":1,"retryReasons":[],"status":"passed","title":"should throw a warning when refs are used but not `name` props"},{"ancestorTitles":["DatePicker","Single input"],"duration":6,"failureDetails":[],"failureMessages":[],"fullName":"DatePicker Single input should throw a warning when `onChange` is passed as well as a `ref` prop.","invocations":1,"location":null,"numPassingAsserts":1,"retryReasons":[],"status":"passed","title":"should throw a warning when `onChange` is passed as well as a `ref` prop."},{"ancestorTitles":["DatePicker","Single input"],"duration":141,"failureDetails":[],"failureMessages":[],"fullName":"DatePicker Single input renders the UI snapshot correctly","invocations":1,"location":null,"numPassingAsserts":7,"retryReasons":[],"status":"passed","title":"renders the UI snapshot correctly"},{"ancestorTitles":["DatePicker","Single input"],"duration":77,"failureDetails":[],"failureMessages":[],"fullName":"DatePicker Single input passes a ref to the input element","invocations":1,"location":null,"numPassingAsserts":1,"retryReasons":[],"status":"passed","title":"passes a ref to the input element"},{"ancestorTitles":["DatePicker","Date Range"],"duration":32,"failureDetails":[],"failureMessages":[],"fullName":"DatePicker Date Range should render the date range with two input fields","invocations":1,"location":null,"numPassingAsserts":3,"retryReasons":[],"status":"passed","title":"should render the date range with two input fields"},{"ancestorTitles":["DatePicker","Date Range"],"duration":58,"failureDetails":[],"failureMessages":[],"fullName":"DatePicker Date Range should render the initial dates","invocations":1,"location":null,"numPassingAsserts":2,"retryReasons":[],"status":"passed","title":"should render the initial dates"},{"ancestorTitles":["DatePicker","Date Range"],"duration":70,"failureDetails":[],"failureMessages":[],"fullName":"DatePicker Date Range should render two input labels and three separate helper text","invocations":1,"location":null,"numPassingAsserts":5,"retryReasons":[],"status":"passed","title":"should render two input labels and three separate helper text"},{"ancestorTitles":["DatePicker","Date Range"],"duration":132,"failureDetails":[],"failureMessages":[],"fullName":"DatePicker Date Range should render different states based on respective props","invocations":1,"location":null,"numPassingAsserts":6,"retryReasons":[],"status":"passed","title":"should render different states based on respective props"},{"ancestorTitles":["DatePicker","Date Range"],"duration":81,"failureDetails":[],"failureMessages":[],"fullName":"DatePicker Date Range renders the UI snapshot correctly","invocations":1,"location":null,"numPassingAsserts":5,"retryReasons":[],"status":"passed","title":"renders the UI snapshot correctly"},{"ancestorTitles":["DatePicker","Date Range"],"duration":1779,"failureDetails":[],"failureMessages":[],"fullName":"DatePicker Date Range should select two new dates","invocations":1,"location":null,"numPassingAsserts":7,"retryReasons":[],"status":"passed","title":"should select two new dates"},{"ancestorTitles":["DatePicker","Date Range"],"duration":55,"failureDetails":[],"failureMessages":[],"fullName":"DatePicker Date Range passes two refs to both input elements","invocations":1,"location":null,"numPassingAsserts":2,"retryReasons":[],"status":"passed","title":"passes two refs to both input elements"},{"ancestorTitles":["DatePicker","Popup Calendar"],"duration":505,"failureDetails":[],"failureMessages":[],"fullName":"DatePicker Popup Calendar should render a popup calendar for the full date","invocations":1,"location":null,"numPassingAsserts":10,"retryReasons":[],"status":"passed","title":"should render a popup calendar for the full date"},{"ancestorTitles":["DatePicker","Popup Calendar"],"duration":1440,"failureDetails":[],"failureMessages":[],"fullName":"DatePicker Popup Calendar should select a new date from the calendar","invocations":1,"location":null,"numPassingAsserts":4,"retryReasons":[],"status":"passed","title":"should select a new date from the calendar"},{"ancestorTitles":["DatePicker","Popup Calendar"],"duration":425,"failureDetails":[],"failureMessages":[],"fullName":"DatePicker Popup Calendar should render a popup calendar for the month date","invocations":1,"location":null,"numPassingAsserts":15,"retryReasons":[],"status":"passed","title":"should render a popup calendar for the month date"},{"ancestorTitles":["DatePicker","Popup Calendar"],"duration":472,"failureDetails":[],"failureMessages":[],"fullName":"DatePicker Popup Calendar should select a new month from the calendar","invocations":1,"location":null,"numPassingAsserts":4,"retryReasons":[],"status":"passed","title":"should select a new month from the calendar"},{"ancestorTitles":["DatePicker","Popup Calendar"],"duration":360,"failureDetails":[],"failureMessages":[],"fullName":"DatePicker Popup Calendar should render a popup calendar for the year date","invocations":1,"location":null,"numPassingAsserts":14,"retryReasons":[],"status":"passed","title":"should render a popup calendar for the year date"},{"ancestorTitles":["DatePicker","Popup Calendar"],"duration":335,"failureDetails":[],"failureMessages":[],"fullName":"DatePicker Popup Calendar should select a new year from the calendar","invocations":1,"location":null,"numPassingAsserts":2,"retryReasons":[],"status":"passed","title":"should select a new year from the calendar"},{"ancestorTitles":["DatePicker","Popup Calendar"],"duration":7,"failureDetails":[],"failureMessages":[],"fullName":"DatePicker Popup Calendar logs a warning when there is no `id` passed","invocations":1,"location":null,"numPassingAsserts":1,"retryReasons":[],"status":"passed","title":"logs a warning when there is no `id` passed"}],"endTime":1680098626690,"message":"","name":"/Users/edwinguzman/projects/design/nypl-design-system/src/components/DatePicker/DatePicker.test.tsx","startTime":1680098609290,"status":"p
[...]
elperErrorText"],"duration":11,"failureDetails":[],"failureMessages":[],"fullName":"HelperErrorText does not have aria-live attribute when ariaLive prop is set to 'off'","invocations":1,"location":null,"numPassingAsserts":2,"retryReasons":[],"status":"passed","title":"does not have aria-live attribute when ariaLive prop is set to 'off'"},{"ancestorTitles":["HelperErrorText"],"duration":27,"failureDetails":[],"failureMessages":[],"fullName":"HelperErrorText accepts an aria-atomic value of false","invocations":1,"location":null,"numPassingAsserts":2,"retryReasons":[],"status":"passed","title":"accepts an aria-atomic value of false"},{"ancestorTitles":["HelperErrorText"],"duration":80,"failureDetails":[],"failureMessages":[],"fullName":"HelperErrorText Renders the UI snapshot correctly","invocations":1,"location":null,"numPassingAsserts":6,"retryReasons":[],"status":"passed","title":"Renders the UI snapshot correctly"},{"ancestorTitles":["HelperErrorText"],"duration":5,"failureDetails":[],"failureMessages":[],"fullName":"HelperErrorText passes a ref to the div element","invocations":1,"location":null,"numPassingAsserts":1,"retryReasons":[],"status":"passed","title":"passes a ref to the div element"}],"endTime":1680098650190,"message":"","name":"/Users/edwinguzman/projects/design/nypl-design-system/src/components/HelperErrorText/HelperErrorText.test.tsx","startTime":1680098646669,"status":"passed","summary":""},{"assertionResults":[{"ancestorTitles":["range"],"duration":61,"failureDetails":[],"failureMessages":[],"fullName":"range returns an array of values not including the stop argument","invocations":1,"location":null,"numPassingAsserts":3,"retryReasons":[],"status":"passed","title":"returns an array of values not including the stop argument"},{"ancestorTitles":["range"],"duration":2,"failureDetails":[],"failureMessages":[],"fullName":"range returns an array of values skipping by the step argument","invocations":1,"location":null,"numPassingAsserts":6,"retryReasons":[],"status":"passed","title":"returns an array of values skipping by the step argument"}],"endTime":1680098650244,"message":"","name":"/Users/edwinguzman/projects/design/nypl-design-system/src/__tests__/utils/utils.test.ts","startTime":1680098648592,"status":"passed","summary":""},{"assertionResults":[{"ancestorTitles":["useMultiSelect hook"],"duration":76,"failureDetails":[],"failureMessages":[],"fullName":"useMultiSelect hook should return five functions and a object containing a key items with all currently selectItems","invocations":1,"location":null,"numPassingAsserts":6,"retryReasons":[],"status":"passed","title":"should return five functions and a object containing a key items with all currently selectItems"},{"ancestorTitles":["useMultiSelect hook"],"duration":3,"failureDetails":[],"failureMessages":[],"fullName":"useMultiSelect hook should update the selectedItems when the onChange function is called","invocations":1,"location":null,"numPassingAsserts":3,"retryReasons":[],"status":"passed","title":"should update the selectedItems when the onChange function is called"},{"ancestorTitles":["useMultiSelect hook"],"duration":2,"failureDetails":[],"failureMessages":[],"fullName":"useMultiSelect hook should update the selectedItems when the onMixedstateChange function is called","invocations":1,"location":null,"numPassingAsserts":2,"retryReasons":[],"status":"passed","title":"should update the selectedItems when the onMixedstateChange function is called"},{"ancestorTitles":["useMultiSelect hook"],"duration":17,"failureDetails":[],"failureMessages":[],"fullName":"useMultiSelect hook should be able to handle multiple MultiSelects","invocations":1,"location":null,"numPassingAsserts":3,"retryReasons":[],"status":"passed","title":"should be able to handle multiple MultiSelects"},{"ancestorTitles":["useMultiSelect hook"],"duration":3,"failureDetails":[],"failureMessages":[],"fullName":"useMultiSelect hook should remove the selectedItems of the multiSelect passed to the onClear function","invocations":1,"location":null,"numPassingAsserts":4,"retryReasons":[],"status":"passed","title":"should remove the selectedItems of the multiSelect passed to the onClear function"},{"ancestorTitles":["useMultiSelect hook"],"duration":3,"failureDetails":[],"failureMessages":[],"fullName":"useMultiSelect hook should set the selectedItems to the state passed to setSelectedItems and reset the selectedItems to an empty object when onClearAll is called","invocations":1,"location":null,"numPassingAsserts":3,"retryReasons":[],"status":"passed","title":"should set the selectedItems to the state passed to setSelectedItems and reset the selectedItems to an empty object when onClearAll is called"}],"endTime":1680098650445,"message":"","name":"/Users/edwinguzman/projects/design/nypl-design-system/src/hooks/__tests__/useMultiSelect.test.ts","startTime":1680098648464,"status":"passed","summary":""},{"assertionResults":[{"ancestorTitles":["useCarouselStyles hook"],"duration":59,"failureDetails":[],"failureMessages":[],"fullName":"useCarouselStyles hook returns two functions and a CSS style object","invocations":1,"location":null,"numPassingAsserts":3,"retryReasons":[],"status":"passed","title":"returns two functions and a CSS style object"},{"ancestorTitles":["useCarouselStyles hook"],"duration":26,"failureDetails":[],"failureMessages":[],"fullName":"useCarouselStyles hook updates the style object when the nextSlide function is clicked","invocations":1,"location":null,"numPassingAsserts":4,"retryReasons":[],"status":"passed","title":"updates the style object when the nextSlide function is clicked"},{"ancestorTitles":["useCarouselStyles hook"],"duration":6,"failureDetails":[],"failureMessages":[],"fullName":"useCarouselStyles hook updates the style object when the prevSlide function is clicked","invocations":1,"location":null,"numPassingAsserts":4,"retryReasons":[],"status":"passed","title":"updates the style object when the prevSlide function is clicked"},{"ancestorTitles":["useCarouselStyles hook"],"duration":6,"failureDetails":[],"failureMessages":[],"fullName":"useCarouselStyles hook resets the slide back to the first slide","invocations":1,"location":null,"numPassingAsserts":3,"retryReasons":[],"status":"passed","title":"resets the slide back to the first slide"},{"ancestorTitles":["useCarouselStyles hook"],"duration":55,"failureDetails":[],"failureMessages":[],"fullName":"useCarouselStyles hook can set a custom slide count and slide width","invocations":1,"location":null,"numPassingAsserts":2,"retryReasons":[],"status":"passed","title":"can set a custom slide count and slide width"}],"endTime":1680098650528,"message":"","name":"/Users/edwinguzman/projects/design/nypl-design-system/src/hooks/__tests__/useCarouselStyles.test.ts","startTime":1680098648515,"status":"passed","summary":""},{"assertionResults":[{"ancestorTitles":["HorizontalRule Accessibility"],"duration":274,"failureDetails":[],"failureMessages":[],"fullName":"HorizontalRule Accessibility passes axe accessibility test","invocations":1,"location":null,"numPassingAsserts":1,"retryReasons":[],"status":"passed","title":"passes axe accessibility test"},{"ancestorTitles":["HorizontalRule"],"duration":16,"failureDetails":[],"failureMessages":[],"fullName":"HorizontalRule renders HorizontalRule component","invocations":1,"location":null,"numPassingAsserts":1,"retryReasons":[],"status":"passed","title":"renders HorizontalRule component"},{"ancestorTitles":["HorizontalRule"],"duration":48,"failureDetails":[],"failureMessages":[],"fullName":"HorizontalRule renders with proper custom class","invocations":1,"location":null,"numPassingAsserts":1,"retryReasons":[],"status":"passed","title":"renders with proper custom class"},{"ancestorTitles":["HorizontalRule"],"duration":93,"failureDetails":[],"failureMessages":[],"fullName":"HorizontalRule renders the UI snapshot correctly","invocations":1,"location":null,"numPassingAsserts":7,"retryReasons":[],"status":"passed","title":"renders the UI snapshot correctly"},{"ancestorTitles":["HorizontalRule"],"duration":32,"failureDetails":[],"failureMessages":[],"fullName":"HorizontalRule passes a ref to the hr element","invocations":1,"location":null,"numPassingAsserts":1,"retryReasons":[],"status":"passed","title":"passes a ref to the hr element"}],"endTime":1680098650627,"message":"","name":"/Users/edwinguzman/projects/design/nypl-design-system/src/components/HorizontalRule/HorizontalRule.test.tsx","startTime":1680098646994,"status":"passed","summary":""},{"assertionResults":[{"ancestorTitles":["Logo Accessibility"],"duration":384,"failureDetails":[],"failureMessages":[],"fullName":"Logo Accessibility passes axe accessibility test","invocations":1,"location":null,"numPassingAsserts":1,"retryReasons":[],"status":"passed","title":"passes axe accessibility test"},{"ancestorTitles":["Logo"],"duration":38,"failureDetails":[],"failureMessages":[],"fullName":"Logo consoles a warning if both name and children are passed to Logo","invocations":1,"location":null,"numPassingAsserts":1,"retryReasons":[],"status":"passed","title":"consoles a warning if both name and children are passed to Logo"},{"ancestorTitles":["Logo"],"duration":3,"failureDetails":[],"failureMessages":[],"fullName":"Logo consoles a warning if both name and children are not passed","invocations":1,"location":null,"numPassingAsserts":1,"retryReasons":[],"status":"passed","title":"consoles a warning if both name and children are not passed"},{"ancestorTitles":["Logo"],"duration":4,"failureDetails":[],"failureMessages":[],"fullName":"Logo consoles a warning if name is not passed and a child is but it's not an SVG element","invocations":1,"location":null,"numPassingAsserts":1,"retryReasons":[],"status":"passed","title":"consoles a warning if name is not passed and a child is but it's not an SVG element"},{"ancestorTitles":["Logo"],"duration":37,"failureDetails":[],"failureMessages":[],"fullName":"Logo renders a logo based on the logo `name` prop","invocations":1,"location":null,"numPassingAsserts":1,"retryReasons":[],"status":"passed","title":"renders a logo based on the logo `name` prop"},{"ancestorTitles":["Logo"],"duration":49,"failureDetails":[],"failureMessages":[],"fullName":"Logo renders a title element","invocations":1,"location":null,"numPassingAsserts":2,"retryReasons":[],"status":"passed","title":"renders a title element"},{"ancestorTitles":["Logo"],"duration":4,"failureDetails":[],"failureMessages":[],"fullName":"Logo renders a logo based on the child","invocations":1,"location":null,"numPassingAsserts":1,"retryReasons":[],"status":"passed","title":"renders a logo based on the child"},{"ancestorTitles":["Logo"],"duration":63,"failureDetails":[],"failureMessages":[],"fullName":"Logo renders the UI snapshot correctly","invocations":1,"location":null,"numPassingAsserts":4,"retryReasons":[],"status":"passed","title":"renders the UI snapshot correctly"}],"endTime":1680098650790,"message":"","name":"/Users/edwinguzman/projects/design/nypl-design-system/src/components/Logo/Logo.test.tsx","startTime":1680098646926,"status":"passed","summary":""},{"assertionResults":[{"ancestorTitles":["StatusBadge Accessibility"],"duration":164,"failureDetails":[],"failureMessages":[],"fullName":"StatusBadge Accessibility passes axe accessibility test","invocations":1,"location":null,"numPassingAsserts":1,"retryReasons":[],"status":"passed","title":"passes axe accessibility test"},{"ancestorTitles":["StatusBadge"],"duration":62,"failureDetails":[],"failureMessages":[],"fullName":"StatusBadge renders a status badge and text","invocations":1,"location":null,"numPassingAsserts":1,"retryReasons":[],"status":"passed","title":"renders a status badge and text"},{"ancestorTitles":["StatusBadge"],"duration":32,"failureDetails":[],"failureMessages":[],"fullName":"StatusBadge throws a warning when no children are passed","invocations":1,"location":null,"numPassingAsserts":1,"retryReasons":[],"status":"passed","title":"throws a warning when no children are passed"},{"ancestorTitles":["StatusBadge"],"duration":49,"failureDetails":[],"failureMessages":[],"fullName":"StatusBadge renders the UI snapshot correctly","invocations":1,"location":null,"numPassingAsserts":5,"retryReasons":[],"status":"passed","title":"renders the UI snapshot correctly"},{"ancestorTitles":["StatusBadge"],"duration":5,"failureDetails":[],"failureMessages":[],"fullName":"StatusBadge passes a ref to the div wrapper element","invocations":1,"location":null,"numPassingAsserts":1,"retryReasons":[],"status":"passed","title":"passes a ref to the div wrapper element"}],"endTime":1680098650914,"message":"","name":"/Users/edwinguzman/projects/design/nypl-design-system/src/components/StatusBadge/StatusBadge.test.tsx","startTime":1680098647520,"status":"passed","summary":""},{"assertionResults":[{"ancestorTitles":["HeaderSitewideAlerts Accessibility"],"duration":null,"failureDetails":[],"failureMessages":[],"fullName":"HeaderSitewideAlerts Accessibility passes axe accessibility test","invocations":1,"location":null,"numPassingAsserts":0,"retryReasons":[],"status":"pending","title":"passes axe accessibility test"},{"ancestorTitles":["HeaderSitewideAlerts","Successful API request"],"duration":null,"failureDetails":[],"failureMessages":[],"fullName":"HeaderSitewideAlerts Successful API request renders a notification","invocations":1,"location":null,"numPassingAsserts":0,"retryReasons":[],"status":"pending","title":"renders a notification"},{"ancestorTitles":["HeaderSitewideAlerts","Successful API request"],"duration":null,"failureDetails":[],"failureMessages":[],"fullName":"HeaderSitewideAlerts Successful API request renders a list with text","invocations":1,"location":null,"numPassingAsserts":0,"retryReasons":[],"status":"pending","title":"renders a list with text"},{"ancestorTitles":["HeaderSitewideAlerts","Successful API request"],"duration":null,"failureDetails":[],"failureMessages":[],"fullName":"HeaderSitewideAlerts Successful API request renders the UI snapshot correctly","invocations":1,"location":null,"numPassingAsserts":0,"retryReasons":[],"status":"pending","title":"renders the UI snapshot correctly"},{"ancestorTitles":["HeaderSitewideAlerts","Successful API request but expired alerts"],"duration":null,"failureDetails":[],"failureMessages":[],"fullName":"HeaderSitewideAlerts Successful API request but expired alerts renders a notification","invocations":1,"location":null,"numPassingAsserts":0,"retryReasons":[],"status":"pending","title":"renders a notification"},{"ancestorTitles":["HeaderSitewideAlerts","Unsuccessful API request"],"duration":null,"failureDetails":[],"failureMessages":[],"fullName":"HeaderSitewideAlerts Unsuccessful API request does not render HTML","invocations":1,"location":null,"numPassingAsserts":0,"retryReasons":[],"status":"pending","title":"does not render HTML"}],"coverage":{},"endTime":1680098653024,"message":"","name":"/Users/edwinguzman/projects/design/nypl-design-system/src/components/Header/components/HeaderSitewideAlerts.test.tsx","startTime":1680098653024,"status":"skipped","summary":""},{"assertionResults":[{"ancestorTitles":["Header Accessibility"],"duration":null,"failureDetails":[],"failureMessages":[],"fullName":"Header Accessibility passes axe accessibility test","invocations":1,"location":null,"numPassingAsserts":0,"retryReasons":[],"status":"pending","title":"passes axe accessibility test"},{"ancestorTitles":["Header"],"duration":null,"failureDetails":[],"failureMessages":[],"fullName":"Header renders a skip navigation","invocations":1,"location":null,"numPassingAsserts":0,"retryReasons":[],"status":"pending","title":"renders a skip navigation"},{"ancestorTitles":["Header"],"duration":null,"failureDetails":[],"failureMessages":[],"fullName":"Header renders a notification","invocations":1,"location":null,"numPassingAsserts":0,"retryReasons":[],"status":"pending","title":"renders a notification"},{"ancestorTitles":["Header"],"duration":null,"failureDetails":[],"failureMessages":[],"fullName":"Header renders the NYPL logo","invocations":1,"location":null,"numPassingAsserts":0,"retryReasons":[],"status":"pending","title":"renders the NYPL logo"},{"ancestorTitles":["Header"],"duration":null,"failureDetails":[],"failureMessages":[],"fullName":"Header sends a GA event when the NYPL logo is clicked","invocations":1,"location":null,"numPassingAsserts":0,"retryReasons":[],"status":"pending","title":"sends a GA event when the NYPL logo is clicked"},{"ancestorTitles":["Header"],"duration":null,"failureDetails":[],"failureMessages":[],"fullName":"Header renders the upper links","invocations":1,"location":null,"numPassingAsserts":0,"retryReasons":[],"status":"pending","title":"renders the upper links"},{"ancestorTitles":["Header"],"duration":null,"failureDetails":[],"failureMessages":[],"fullName":"Header renders the lower links","invocations":1,"location":null,"numPassingAsserts":0,"retryReasons":[],"status":"pending","title":"renders the lower links"},{"ancestorTitles":["Header"],"duration":null,"failureDetails":[],"failureMessages":[],"fullName":"Header opens the login menu","invocations":1,"location":null,"numPassingAsserts":0,"retryReasons":[],"status":"pending","title":"opens the login menu"},{"ancestorTitles":["Header"],"duration":null,"failureDetails":[],"failureMessages":[],"fullName":"Header renders the horizontal rule","invocations":1,"location":null,"numPassingAsserts":0,"retryReasons":[],"status":"pending","title":"renders the horizontal rule"},{"ancestorTitles":["Header"],"duration":null,"failureDetails":[],"failureMessages":[],"fullName":"Header renders the UI snapshot correctly","invocations":1,"location":null,"numPassingAsserts":0,"retryReasons":[],"status":"pending","title":"renders the UI snapshot correctly"},{"ancestorTitles":["Patron API call succeeds"],"duration":null,"failureDetails":[],"failureMessages":[],"fullName":"Patron API call succeeds displays the logged in view when call succeeds","invocations":1,"location":null,"numPassingAsserts":0,"retryReasons":[],"status":"pending","title":"displays the logged in view when call succeeds"},{"ancestorTitles":["Patron API call fails"],"duration":null,"failureDetails":[],"failureMessages":[],"fullName":"Patron API call fails logs warning and displays the logged out view if call fails","invocations":1,"location":null,"numPassingAsserts":0,"retryReasons":[],"status":"pending","title":"logs warning and displays the logged out view if call fails"},{"ancestorTitles":["Patron API returns wrong data"],"duration":null,"failureDetails":[],"failureMessages":[],"fullName":"Patron API returns wrong data displays the logged out view if wrong data is received","invocations":1,"location":null,"numPassingAsserts":0,"retryReasons":[],"status":"pending","title":"displays the logged out view if wrong data is received"},{"ancestorTitles":["Patron API returns expired data, but refreshes the token successfully"],"duration":null,"failureDetails":[],"failureMessages":[],"fullName":"Patron API returns expired data, but refreshes the token successfully displays logged in view if refresh is successful","invocations":1,"location":null,"numPassingAsserts":0,"retryReasons":[],"status":"pending","title":"displays logged in view if refresh is successful"},{"ancestorTitles":["Patron API returns expired data and cannot refresh the token successfully"],"duration":null,"failureDetails":[],"failureMessages":[],"fullName":"Patron API returns expired data and cannot refresh the token successfully displays logged out view if refresh is unsuccessful","invocations":1,"location":null,"numPassingAsserts":0,"retryReasons":[],"status":"pending","title":"displays logged out view if refresh is unsuccessful"}],"coverage":{},"endTime":1680098653024,"message":"","name":"/Users/edwinguzman/projects/design/nypl-design-system/src/components/Header/Header.test.tsx","startTime":1680098653024,"status":"skipped","summary":""}],"wasInterrupted":false,"coverageMap":{}}
