{"numFailedTestSuites":0,"numFailedTests":0,"numPassedTestSuites":70,"numPassedTests":771,"numPendingTestSuites":2,"numPendingTests":28,"numRuntimeErrorTestSuites":0,"numTodoTests":0,"numTotalTestSuites":72,"numTotalTests":799,"openHandles":[],"snapshot":{"added":0,"didUpdate":false,"failure":false,"filesAdded":0,"filesRemoved":0,"filesRemovedList":[],"filesUnmatched":0,"filesUpdated":0,"matched":385,"total":385,"unchecked":0,"uncheckedKeysByFile":[],"unmatched":0,"updated":0},"startTime":1675720675926,"success":true,"testResults":[{"assertionResults":[{"ancestorTitles":["Google Analytics utils"],"failureMessages":[],"fullName":"Google Analytics utils should initialize correctly in development environment","location":null,"status":"passed","title":"should initialize correctly in development environment"},{"ancestorTitles":["Google Analytics utils"],"failureMessages":[],"fullName":"Google Analytics utils should initialize correctly in production environment","location":null,"status":"passed","title":"should initialize correctly in production environment"},{"ancestorTitles":["Google Analytics utils"],"failureMessages":[],"fullName":"Google Analytics utils should send an event to Google Analytics","location":null,"status":"passed","title":"should send an event to Google Analytics"},{"ancestorTitles":["Google Analytics utils"],"failureMessages":[],"fullName":"Google Analytics utils calls a callback function on a delay","location":null,"status":"passed","title":"calls a callback function on a delay"},{"ancestorTitles":["Google Analytics utils"],"failureMessages":[],"fullName":"Google Analytics utils should send an event with custom dimensions","location":null,"status":"passed","title":"should send an event with custom dimensions"}],"endTime":1675720683008,"message":"","name":"/Users/isabellestettle/node-js/nypl-design-system/src/components/Header/utils/googleAnalyticsUtils.test.ts","startTime":1675720677634,"status":"passed","summary":""},{"assertionResults":[{"ancestorTitles":["Header utils","encoreEncodeSearchString"],"failureMessages":[],"fullName":"Header utils encoreEncodeSearchString should encode a search string","location":null,"status":"passed","title":"should encode a search string"},{"ancestorTitles":["Header utils","encoreEncodeSearchString"],"failureMessages":[],"fullName":"Header utils encoreEncodeSearchString should encode a search string with special characters","location":null,"status":"passed","title":"should encode a search string with special characters"},{"ancestorTitles":["Header utils","encoreEncodeSearchString"],"failureMessages":[],"fullName":"Header utils encoreEncodeSearchString should encode a search string with special characters and spaces","location":null,"status":"passed","title":"should encode a search string with special characters and spaces"},{"ancestorTitles":["Header utils","getEncoreCatalogURL"],"failureMessages":[],"fullName":"Header utils getEncoreCatalogURL should return a URL for the Encore catalog","location":null,"status":"passed","title":"should return a URL for the Encore catalog"},{"ancestorTitles":["Header utils","getEncoreCatalogURL"],"failureMessages":[],"fullName":"Header utils getEncoreCatalogURL should return a URL for the Encore catalog with special characters","location":null,"status":"passed","title":"should return a URL for the Encore catalog with special characters"},{"ancestorTitles":["Header utils","getResearchCatalogURL"],"failureMessages":[],"fullName":"Header utils getResearchCatalogURL should return a URL for the Encore catalog","location":null,"status":"passed","title":"should return a URL for the Encore catalog"},{"ancestorTitles":["Header utils","getResearchCatalogURL"],"failureMessages":[],"fullName":"Header utils getResearchCatalogURL should return a URL for the Encore catalog with special characters","location":null,"status":"passed","title":"should return a URL for the Encore catalog with special characters"},{"ancestorTitles":["Header utils","getNYPLSearchURL"],"failureMessages":[],"fullName":"Header utils getNYPLSearchURL should return a URL for the NYPL catalog","location":null,"status":"passed","title":"should return a URL for the NYPL catalog"},{"ancestorTitles":["Header utils","getNYPLSearchURL"],"failureMessages":[],"fullName":"Header utils getNYPLSearchURL should return a URL for the NYPL catalog with special characters","location":null,"status":"passed","title":"should return a URL for the NYPL catalog with special characters"}],"endTime":1675720683067,"message":"","name":"/Users/isabellestettle/node-js/nypl-design-system/src/components/Header/utils/headerUtils.test.ts","startTime":1675720677624,"status":"passed","summary":""},{"assertionResults":[{"ancestorTitles":["EncoreCatalogLogOutTimer","The `PAT_LOGGED_IN` cookie does not exist"],"failureMessages":[],"fullName":"EncoreCatalogLogOutTimer The `PAT_LOGGED_IN` cookie does not exist should delete the `nyplIdentityPatron` and `VALID_DOMAIN_LAST_VISITED` cookies","location":null,"status":"passed","title":"should delete the `nyplIdentityPatron` and `VALID_DOMAIN_LAST_VISITED` cookies"},{"ancestorTitles":["EncoreCatalogLogOutTimer","The `PAT_LOGGED_IN` cookie exists when visiting on Encore's domain"],"failureMessages":[],"fullName":"EncoreCatalogLogOutTimer The `PAT_LOGGED_IN` cookie exists when visiting on Encore's domain should set the `VALID_DOMAIN_LAST_VISITED` cookie","location":null,"status":"passed","title":"should set the `VALID_DOMAIN_LAST_VISITED` cookie"},{"ancestorTitles":["EncoreCatalogLogOutTimer","The `PAT_LOGGED_IN` cookie exists when visiting on Encore's domain"],"failureMessages":[],"fullName":"EncoreCatalogLogOutTimer The `PAT_LOGGED_IN` cookie exists when visiting on Encore's domain should call the `logOutFromEncoreAndCatalogIn` with 30 minutes timeout time","location":null,"status":"passed","title":"should call the `logOutFromEncoreAndCatalogIn` with 30 minutes timeout time"},{"ancestorTitles":["EncoreCatalogLogOutTimer","The `PAT_LOGGED_IN` cookie exists when visiting on Catalog's domain"],"failureMessages":[],"fullName":"EncoreCatalogLogOutTimer The `PAT_LOGGED_IN` cookie exists when visiting on Catalog's domain should set the `VALID_DOMAIN_LAST_VISITED` cookie","location":null,"status":"passed","title":"should set the `VALID_DOMAIN_LAST_VISITED` cookie"},{"ancestorTitles":["EncoreCatalogLogOutTimer","The `PAT_LOGGED_IN` cookie exists when visiting on Catalog's domain"],"failureMessages":[],"fullName":"EncoreCatalogLogOutTimer The `PAT_LOGGED_IN` cookie exists when visiting on Catalog's domain should call the `logOutFromEncoreAndCatalogIn` with 30 minutes timeout time","location":null,"status":"passed","title":"should call the `logOutFromEncoreAndCatalogIn` with 30 minutes timeout time"},{"ancestorTitles":["EncoreCatalogLogOutTimer","The `PAT_LOGGED_IN` cookie exists when visiting an 'invalid' domain"],"failureMessages":[],"fullName":"EncoreCatalogLogOutTimer The `PAT_LOGGED_IN` cookie exists when visiting an 'invalid' domain should reset timer to the remaining time before `PAT_LOGGED_IN` is expired","location":null,"status":"passed","title":"should reset timer to the remaining time before `PAT_LOGGED_IN` is expired"},{"ancestorTitles":["EncoreCatalogLogOutTimer","The `PAT_LOGGED_IN` cookie exists but `VALID_DOMAIN_LAST_VISITED` does not when visiting an 'invalid' domain"],"failureMessages":[],"fullName":"EncoreCatalogLogOutTimer The `PAT_LOGGED_IN` cookie exists but `VALID_DOMAIN_LAST_VISITED` does not when visiting an 'invalid' domain should set VALID_DOMAIN_LAST_VISITED and set EncoreLoggedInTimer to the full default time","location":null,"status":"passed","title":"should set VALID_DOMAIN_LAST_VISITED and set EncoreLoggedInTimer to the full default time"},{"ancestorTitles":["EncoreCatalogLogOutTimer","logOutFromEncoreAndCatalogIn"],"failureMessages":[],"fullName":"EncoreCatalogLogOutTimer logOutFromEncoreAndCatalogIn should not yet delete cookies if the timeout time has not been reached","location":null,"status":"passed","title":"should not yet delete cookies if the timeout time has not been reached"},{"ancestorTitles":["EncoreCatalogLogOutTimer","logOutFromEncoreAndCatalogIn"],"failureMessages":[],"fullName":"EncoreCatalogLogOutTimer logOutFromEncoreAndCatalogIn should delete cookies if the timeout time has been reached","location":null,"status":"passed","title":"should delete cookies if the timeout time has been reached"},{"ancestorTitles":["EncoreCatalogLogOutTimer","loadLogOutIframe"],"failureMessages":[],"fullName":"EncoreCatalogLogOutTimer loadLogOutIframe should load the iframe with the Encore logout URL","location":null,"status":"passed","title":"should load the iframe with the Encore logout URL"}],"endTime":1675720683081,"message":"","name":"/Users/isabellestettle/node-js/nypl-design-system/src/components/Header/utils/encoreCatalogLogOutTimer.test.ts","startTime":1675720677638,"status":"passed","summary":""},{"assertionResults":[{"ancestorTitles":["HeaderContext"],"failureMessages":[],"fullName":"HeaderContext returns an empty string if no value is passed","location":null,"status":"passed","title":"returns an empty string if no value is passed"},{"ancestorTitles":["HeaderContext"],"failureMessages":[],"fullName":"HeaderContext sets the default environment to production","location":null,"status":"passed","title":"sets the default environment to production"},{"ancestorTitles":["HeaderContext"],"failureMessages":[],"fullName":"HeaderContext passes down the patron name value down to its children","location":null,"status":"passed","title":"passes down the patron name value down to its children"}],"endTime":1675720683820,"message":"","name":"/Users/isabellestettle/node-js/nypl-design-system/src/components/Header/context/headerContext.test.tsx","startTime":1675720677703,"status":"passed","summary":""},{"assertionResults":[{"ancestorTitles":["StatusBadge Accessibility"],"failureMessages":[],"fullName":"StatusBadge Accessibility passes axe accessibility test","location":null,"status":"passed","title":"passes axe accessibility test"},{"ancestorTitles":["StatusBadge"],"failureMessages":[],"fullName":"StatusBadge renders a status badge and text","location":null,"status":"passed","title":"renders a status badge and text"},{"ancestorTitles":["StatusBadge"],"failureMessages":[],"fullName":"StatusBadge throws a warning when no children are passed","location":null,"status":"passed","title":"throws a warning when no children are passed"},{"ancestorTitles":["StatusBadge"],"failureMessages":[],"fullName":"StatusBadge renders the UI snapshot correctly","location":null,"status":"passed","title":"renders the UI snapshot correctly"},{"ancestorTitles":["StatusBadge"],"failureMessages":[],"fullName":"StatusBadge passes a ref to the div wrapper element","location":null,"status":"passed","title":"passes a ref to the div wrapper element"}],"endTime":1675720685078,"message":"","name":"/Users/isabellestettle/node-js/nypl-design-system/src/components/StatusBadge/StatusBadge.test.tsx","startTime":1675720677618,"status":"passed","summary":""},{"assertionResults":[{"ancestorTitles":["Modal Accessibility"],"failureMessages":[],"fullName":"Modal Accessibility passes axe accessibility for ModalTrigger","location":null,"status":"passed","title":"passes axe accessibility for ModalTrigger"},{"ancestorTitles":["Modal Accessibility"],"failureMessages":[],"fullName":"Modal Accessibility passes axe accessibility for useModal","location":null,"status":"passed","title":"passes axe accessibility for useModal"},{"ancestorTitles":["ModalTrigger"],"failureMessages":[],"fullName":"ModalTrigger renders content when it is opened","location":null,"status":"passed","title":"renders content when it is opened"},{"ancestorTitles":["ModalTrigger"],"failureMessages":[],"fullName":"ModalTrigger renders the UI snapshot correctly","location":null,"status":"passed","title":"renders the UI snapshot correctly"},{"ancestorTitles":["ModalTrigger"],"failureMessages":[],"fullName":"ModalTrigger passes a ref to the inner button element","location":null,"status":"passed","title":"passes a ref to the inner button element"},{"ancestorTitles":["useModal"],"failureMessages":[],"fullName":"useModal renders content when it is opened","location":null,"status":"passed","title":"renders content when it is opened"},{"ancestorTitles":["useModal"],"failureMessages":[],"fullName":"useModal renders the UI snapshot correctly","location":null,"status":"passed","title":"renders the UI snapshot correctly"}],"endTime":1675720685968,"message":"","name":"/Users/isabellestettle/node-js/nypl-design-system/src/components/Modal/Modal.test.tsx","startTime":1675720677823,"status":"passed","summary":""},{"assertionResults":[{"ancestorTitles":["HeaderLogin Accessibility"],"failureMessages":[],"fullName":"HeaderLogin Accessibility passes axe accessibility test","location":null,"status":"passed","title":"passes axe accessibility test"},{"ancestorTitles":["HeaderLogin Accessibility"],"failureMessages":[],"fullName":"HeaderLogin Accessibility passes axe accessibility test for mobile","location":null,"status":"passed","title":"passes axe accessibility test for mobile"},{"ancestorTitles":["HeaderLogin","Desktop"],"failureMessages":[],"fullName":"HeaderLogin Desktop renders the logged out UI if there is no `patronName` value","location":null,"status":"passed","title":"renders the logged out UI if there is no `patronName` value"},{"ancestorTitles":["HeaderLogin","Desktop"],"failureMessages":[],"fullName":"HeaderLogin Desktop renders the logged in UI if there is a `patronName` value","location":null,"status":"pending","title":"renders the logged in UI if there is a `patronName` value"},{"ancestorTitles":["HeaderLogin","Mobile"],"failureMessages":[],"fullName":"HeaderLogin Mobile renders the logged out UI if there is no `patronName` value","location":null,"status":"passed","title":"renders the logged out UI if there is no `patronName` value"},{"ancestorTitles":["HeaderLogin","Mobile"],"failureMessages":[],"fullName":"HeaderLogin Mobile renders the logged in UI if there is a `patronName` value","location":null,"status":"pending","title":"renders the logged in UI if there is a `patronName` value"}],"endTime":1675720686068,"message":"","name":"/Users/isabellestettle/node-js/nypl-design-system/src/components/Header/components/HeaderLogin.test.tsx","startTime":1675720677630,"status":"passed","summary":""},{"assertionResults":[{"ancestorTitles":["HeaderMobileNavButton Accessibility"],"failureMessages":[],"fullName":"HeaderMobileNavButton Accessibility passes axe accessibility test","location":null,"status":"passed","title":"passes axe accessibility test"},{"ancestorTitles":["HeaderMobileNavButton"],"failureMessages":[],"fullName":"HeaderMobileNavButton renders a menu button","location":null,"status":"passed","title":"renders a menu button"},{"ancestorTitles":["HeaderMobileNavButton"],"failureMessages":[],"fullName":"HeaderMobileNavButton renders a Close button when clicked","location":null,"status":"passed","title":"renders a Close button when clicked"},{"ancestorTitles":["HeaderMobileNavButton"],"failureMessages":[],"fullName":"HeaderMobileNavButton renders the mobile navigation menu when clicked","location":null,"status":"passed","title":"renders the mobile navigation menu when clicked"},{"ancestorTitles":["HeaderMobileNavButton"],"failureMessages":[],"fullName":"HeaderMobileNavButton renders the UI snapshot correctly","location":null,"status":"passed","title":"renders the UI snapshot correctly"}],"endTime":1675720686308,"message":"","name":"/Users/isabellestettle/node-js/nypl-design-system/src/components/Header/components/HeaderMobileNavButton.test.tsx","startTime":1675720677608,"status":"passed","summary":""},{"assertionResults":[{"ancestorTitles":["Hero accessbility tests"],"failureMessages":[],"fullName":"Hero accessbility tests passes for type Primary","location":null,"status":"passed","title":"passes for type Primary"},{"ancestorTitles":["Hero accessbility tests"],"failureMessages":[],"fullName":"Hero accessbility tests passes for type Secondary","location":null,"status":"passed","title":"passes for type Secondary"},{"ancestorTitles":["Hero accessbility tests"],"failureMessages":[],"fullName":"Hero accessbility tests passes for type Tertiary","location":null,"status":"passed","title":"passes for type Tertiary"},{"ancestorTitles":["Hero accessbility tests"],"failureMessages":[],"fullName":"Hero accessbility tests passes for type Campaign","location":null,"status":"passed","title":"passes for type Campaign"},{"ancestorTitles":["Hero accessbility tests"],"failureMessages":[],"fullName":"Hero accessbility tests passes for type FiftyFifty","location":null,"status":"passed","title":"passes for type FiftyFifty"},{"ancestorTitles":["Hero"],"failureMessages":[],"fullName":"Hero renders Primary Hero","location":null,"status":"passed","title":"renders Primary Hero"},{"ancestorTitles":["Hero"],"failureMessages":[],"fullName":"Hero renders Secondary Hero","location":null,"status":"passed","title":"renders Secondary Hero"},{"ancestorTitles":["Hero"],"failureMessages":[],"fullName":"Hero renders Tertiary Hero","location":null,"status":"passed","title":"renders Tertiary Hero"},{"ancestorTitles":["Hero"],"failureMessages":[],"fullName":"Hero renders Campaign Hero","location":null,"status":"passed","title":"renders Campaign Hero"},{"ancestorTitles":["Hero"],"failureMessages":[],"fullName":"Hero renders Fifty-Fifty Hero","location":null,"status":"passed","title":"renders Fifty-Fifty Hero"},{"ancestorTitles":["Hero"],"failureMessages":[],"fullName":"Hero renders custom background and foreground colors for all but the Secondary type","location":null,"status":"passed","title":"renders custom background and foreground colors for all but the Secondary type"},{"ancestorTitles":["Hero"],"failureMessages":[],"fullName":"Hero logs a warning if `imageProps.src` prop is passed but not `imageProps.alt`","location":null,"status":"passed","title":"logs a warning if `imageProps.src` prop is passed but not `imageProps.alt`"},{"ancestorTitles":["Hero"],"failureMessages":[],"fullName":"Hero renders Primary Hero with warnings in browser console","location":null,"status":"passed","title":"renders Primary Hero with warnings in browser console"},{"ancestorTitles":["Hero"],"failureMessages":[],"fullName":"Hero renders Secondary Hero with warnings in browser console","location":null,"status":"passed","title":"renders Secondary Hero with warnings in browser console"},{"ancestorTitles":["Hero"],"failureMessages":[],"fullName":"Hero renders Tertiary Hero with warnings in browser console","location":null,"status":"passed","title":"renders Tertiary Hero with warnings in browser console"},{"ancestorTitles":["Hero"],"failureMessages":[],"fullName":"Hero renders Campaign Hero with warnings in browser console","location":null,"status":"passed","title":"renders Campaign Hero with warnings in browser console"},{"ancestorTitles":["Hero"],"failureMessages":[],"fullName":"Hero renders FiftyFifty Hero with warnings in browser console","location":null,"status":"passed","title":"renders FiftyFifty Hero with warnings in browser console"},{"ancestorTitles":["Hero"],"failureMessages":[],"fullName":"Hero Renders the UI snapshot correctly","location":null,"status":"passed","title":"Renders the UI snapshot correctly"},{"ancestorTitles":["Hero"],"failureMessages":[],"fullName":"Hero passes a ref to the div wrapper element","location":null,"status":"passed","title":"passes a ref to the div wrapper element"}],"endTime":1675720686397,"message":"","name":"/Users/isabellestettle/node-js/nypl-design-system/src/components/Hero/Hero.test.tsx","startTime":1675720677813,"status":"passed","summary":""},{"assertionResults":[{"ancestorTitles":["Breadcrumbs Accessibility"],"failureMessages":[],"fullName":"Breadcrumbs Accessibility passes axe accessibility test","location":null,"status":"passed","title":"passes axe accessibility test"},{"ancestorTitles":["Breadcrumbs Accessibility"],"failureMessages":[],"fullName":"Breadcrumbs Accessibility does not pass axe accessibility test","location":null,"status":"passed","title":"does not pass axe accessibility test"},{"ancestorTitles":["Breadcrumbs"],"failureMessages":[],"fullName":"Breadcrumbs Renders a tag with custom text","location":null,"status":"passed","title":"Renders a tag with custom text"},{"ancestorTitles":["Breadcrumbs"],"failureMessages":[],"fullName":"Breadcrumbs Renders icon","location":null,"status":"passed","title":"Renders icon"},{"ancestorTitles":["Breadcrumbs"],"failureMessages":[],"fullName":"Breadcrumbs Throws error when nothing is passed into Breadcrumb","location":null,"status":"passed","title":"Throws error when nothing is passed into Breadcrumb"},{"ancestorTitles":["Breadcrumbs"],"failureMessages":[],"fullName":"Breadcrumbs passes a ref to the nav wrapper element","location":null,"status":"passed","title":"passes a ref to the nav wrapper element"},{"ancestorTitles":["Breadcrumbs Snapshot"],"failureMessages":[],"fullName":"Breadcrumbs Snapshot Renders the UI snapshot correctly","location":null,"status":"passed","title":"Renders the UI snapshot correctly"},{"ancestorTitles":["Truncate breadcrumb text"],"failureMessages":[],"fullName":"Truncate breadcrumb text Truncate breadcrumbs text if beyond 40 characters","location":null,"status":"passed","title":"Truncate breadcrumbs text if beyond 40 characters"}],"endTime":1675720686505,"message":"","name":"/Users/isabellestettle/node-js/nypl-design-system/src/components/Breadcrumbs/Breadcrumbs.test.tsx","startTime":1675720677695,"status":"passed","summary":""},{"assertionResults":[{"ancestorTitles":["HeaderMobileNav Accessibility"],"failureMessages":[],"fullName":"HeaderMobileNav Accessibility passes axe accessibility test","location":null,"status":"passed","title":"passes axe accessibility test"},{"ancestorTitles":["HeaderMobileNav"],"failureMessages":[],"fullName":"HeaderMobileNav renders the NYPL logo","location":null,"status":"passed","title":"renders the NYPL logo"},{"ancestorTitles":["HeaderMobileNav"],"failureMessages":[],"fullName":"HeaderMobileNav renders a nav list","location":null,"status":"passed","title":"renders a nav list"},{"ancestorTitles":["HeaderMobileNav"],"failureMessages":[],"fullName":"HeaderMobileNav renders the bottom links","location":null,"status":"passed","title":"renders the bottom links"},{"ancestorTitles":["HeaderMobileNav"],"failureMessages":[],"fullName":"HeaderMobileNav renders the UI snapshot correctly","location":null,"status":"passed","title":"renders the UI snapshot correctly"}],"endTime":1675720686595,"message":"","name":"/Users/isabellestettle/node-js/nypl-design-system/src/components/Header/components/HeaderMobileNav.test.tsx","startTime":1675720677626,"status":"passed","summary":""},{"assertionResults":[{"ancestorTitles":["HeaderLoginButton Accessibility"],"failureMessages":[],"fullName":"HeaderLoginButton Accessibility passes axe accessibility test","location":null,"status":"passed","title":"passes axe accessibility test"},{"ancestorTitles":["HeaderLoginButton Accessibility"],"failureMessages":[],"fullName":"HeaderLoginButton Accessibility passes axe accessibility test for mobile","location":null,"status":"passed","title":"passes axe accessibility test for mobile"},{"ancestorTitles":["HeaderLoginButton","Desktop"],"failureMessages":[],"fullName":"HeaderLoginButton Desktop renders the logged out UI if there is no `patronName` value","location":null,"status":"passed","title":"renders the logged out UI if there is no `patronName` value"},{"ancestorTitles":["HeaderLoginButton","Desktop"],"failureMessages":[],"fullName":"HeaderLoginButton Desktop focuses on the catalog link when the login is opened and there is no patron name","location":null,"status":"passed","title":"focuses on the catalog link when the login is opened and there is no patron name"},{"ancestorTitles":["HeaderLoginButton","Desktop"],"failureMessages":[],"fullName":"HeaderLoginButton Desktop renders the logged in UI if there is a `patronName` value","location":null,"status":"pending","title":"renders the logged in UI if there is a `patronName` value"},{"ancestorTitles":["HeaderLoginButton","Desktop"],"failureMessages":[],"fullName":"HeaderLoginButton Desktop focuses on the greeting message when the login is opened and there is a patron","location":null,"status":"pending","title":"focuses on the greeting message when the login is opened and there is a patron"},{"ancestorTitles":["HeaderLoginButton","Mobile"],"failureMessages":[],"fullName":"HeaderLoginButton Mobile renders the logged out UI if there is no `patronName` value","location":null,"status":"passed","title":"renders the logged out UI if there is no `patronName` value"},{"ancestorTitles":["HeaderLoginButton","Mobile"],"failureMessages":[],"fullName":"HeaderLoginButton Mobile focuses on the catalog link when the login is opened and there is no patron name","location":null,"status":"passed","title":"focuses on the catalog link when the login is opened and there is no patron name"},{"ancestorTitles":["HeaderLoginButton","Mobile"],"failureMessages":[],"fullName":"HeaderLoginButton Mobile renders the logged in UI if there is a `patronName` value","location":null,"status":"pending","title":"renders the logged in UI if there is a `patronName` value"},{"ancestorTitles":["HeaderLoginButton","Mobile"],"failureMessages":[],"fullName":"HeaderLoginButton Mobile focuses on the greeting message when the login is opened and there is a patron","location":null,"status":"pending","title":"focuses on the greeting message when the login is opened and there is a patron"}],"endTime":1675720686841,"message":"","name":"/Users/isabellestettle/node-js/nypl-design-system/src/components/Header/components/HeaderLoginButton.test.tsx","startTime":1675720677594,"status":"passed","summary":""},{"assertionResults":[{"ancestorTitles":["Text Accessibility"],"failureMessages":[],"fullName":"Text Accessibility passes axe accessibility test","location":null,"status":"passed","title":"passes axe accessibility test"},{"ancestorTitles":["Text"],"failureMessages":[],"fullName":"Text renders a <p> tag and text","location":null,"status":"passed","title":"renders a <p> tag and text"},{"ancestorTitles":["Text"],"failureMessages":[],"fullName":"Text throws a warning when no children are passed","location":null,"status":"passed","title":"throws a warning when no children are passed"},{"ancestorTitles":["Text"],"failureMessages":[],"fullName":"Text renders the UI snapshot correctly","location":null,"status":"passed","title":"renders the UI snapshot correctly"},{"ancestorTitles":["Text"],"failureMessages":[],"fullName":"Text passes a ref to the div wrapper element","location":null,"status":"passed","title":"passes a ref to the div wrapper element"}],"endTime":1675720687185,"message":"","name":"/Users/isabellestettle/node-js/nypl-design-system/src/components/Text/Text.test.tsx","startTime":1675720683107,"status":"passed","summary":""},{"assertionResults":[{"ancestorTitles":["SkipNavigation Accessibility"],"failureMessages":[],"fullName":"SkipNavigation Accessibility passes axe accessibility test","location":null,"status":"passed","title":"passes axe accessibility test"},{"ancestorTitles":["Label"],"failureMessages":[],"fullName":"Label renders a nav element with an unordered list","location":null,"status":"passed","title":"renders a nav element with an unordered list"},{"ancestorTitles":["Label"],"failureMessages":[],"fullName":"Label renders two links","location":null,"status":"passed","title":"renders two links"},{"ancestorTitles":["Label"],"failureMessages":[],"fullName":"Label renders a custom main link target","location":null,"status":"passed","title":"renders a custom main link target"},{"ancestorTitles":["Label"],"failureMessages":[],"fullName":"Label Renders the UI snapshot correctly","location":null,"status":"passed","title":"Renders the UI snapshot correctly"},{"ancestorTitles":["Label"],"failureMessages":[],"fullName":"Label passes a ref to the nav wrapper element","location":null,"status":"passed","title":"passes a ref to the nav wrapper element"}],"endTime":1675720687493,"message":"","name":"/Users/isabellestettle/node-js/nypl-design-system/src/components/SkipNavigation/SkipNavigation.test.tsx","startTime":1675720683100,"status":"passed","summary":""},{"assertionResults":[{"ancestorTitles":["HeaderSearchButton Accessibility"],"failureMessages":[],"fullName":"HeaderSearchButton Accessibility passes axe accessibility test","location":null,"status":"passed","title":"passes axe accessibility test"},{"ancestorTitles":["HeaderSearchButton Accessibility"],"failureMessages":[],"fullName":"HeaderSearchButton Accessibility passes axe accessibility test for mobile","location":null,"status":"passed","title":"passes axe accessibility test for mobile"},{"ancestorTitles":["HeaderSearchButton","Desktop"],"failureMessages":[],"fullName":"HeaderSearchButton Desktop renders a Search button","location":null,"status":"passed","title":"renders a Search button"},{"ancestorTitles":["HeaderSearchButton","Desktop"],"failureMessages":[],"fullName":"HeaderSearchButton Desktop renders a Close button when clicked","location":null,"status":"passed","title":"renders a Close button when clicked"},{"ancestorTitles":["HeaderSearchButton","Desktop"],"failureMessages":[],"fullName":"HeaderSearchButton Desktop renders the search form when clicked","location":null,"status":"passed","title":"renders the search form when clicked"},{"ancestorTitles":["HeaderSearchButton","Mobile"],"failureMessages":[],"fullName":"HeaderSearchButton Mobile renders a Search button","location":null,"status":"passed","title":"renders a Search button"},{"ancestorTitles":["HeaderSearchButton","Mobile"],"failureMessages":[],"fullName":"HeaderSearchButton Mobile renders a Close button when clicked","location":null,"status":"passed","title":"renders a Close button when clicked"},{"ancestorTitles":["HeaderSearchButton","Mobile"],"failureMessages":[],"fullName":"HeaderSearchButton Mobile renders the search form when clicked","location":null,"status":"passed","title":"renders the search form when clicked"},{"ancestorTitles":["HeaderSearchButton"],"failureMessages":[],"fullName":"HeaderSearchButton renders the UI snapshot correctly","location":null,"status":"passed","title":"renders the UI snapshot correctly"}],"endTime":1675720687571,"message":"","name":"/Users/isabellestettle/node-js/nypl-design-system/src/components/Header/components/HeaderSearchButton.test.tsx","startTime":1675720677627,"status":"passed","summary":""},{"assertionResults":[{"ancestorTitles":["Fieldset Accessibility"],"failureMessages":[],"fullName":"Fieldset Accessibility passes axe accessibility","location":null,"status":"passed","title":"passes axe accessibility"},{"ancestorTitles":["Fieldset Accessibility"],"failureMessages":[],"fullName":"Fieldset Accessibility passes axe accessibility with the legend hidden","location":null,"status":"passed","title":"passes axe accessibility with the legend hidden"},{"ancestorTitles":["Fieldset"],"failureMessages":[],"fullName":"Fieldset renders text in a legend and fieldset along with its children","location":null,"status":"passed","title":"renders text in a legend and fieldset along with its children"},{"ancestorTitles":["Fieldset"],"failureMessages":[],"fullName":"Fieldset renders '(Required)' text in the legend when `isRequired` is true","location":null,"status":"passed","title":"renders '(Required)' text in the legend when `isRequired` is true"},{"ancestorTitles":["Fieldset"],"failureMessages":[],"fullName":"Fieldset can hide the '(Required)' text in the legend but still show the main text","location":null,"status":"passed","title":"can hide the '(Required)' text in the legend but still show the main text"},{"ancestorTitles":["Fieldset"],"failureMessages":[],"fullName":"Fieldset logs a warning when there is no `id` passed","location":null,"status":"passed","title":"logs a warning when there is no `id` passed"},{"ancestorTitles":["Fieldset"],"failureMessages":[],"fullName":"Fieldset renders the UI snapshot correctly","location":null,"status":"passed","title":"renders the UI snapshot correctly"},{"ancestorTitles":["Fieldset"],"failureMessages":[],"fullName":"Fieldset passes a ref to the fieldset element","location":null,"status":"passed","title":"passes a ref to the fieldset element"}],"endTime":1675720687650,"message":"","name":"/Users/isabellestettle/node-js/nypl-design-system/src/components/Fieldset/Fieldset.test.tsx","startTime":1675720683896,"status":"passed","summary":""},{"assertionResults":[{"ancestorTitles":["Select Accessibility"],"failureMessages":[],"fullName":"Select Accessibility passes axe accessibility test","location":null,"status":"passed","title":"passes axe accessibility test"},{"ancestorTitles":["Select Accessibility"],"failureMessages":[],"fullName":"Select Accessibility passes axe accessibility test with hidden label","location":null,"status":"passed","title":"passes axe accessibility test with hidden label"},{"ancestorTitles":["Select"],"failureMessages":[],"fullName":"Select renders a label, select, option, and helper text DOM elements","location":null,"status":"passed","title":"renders a label, select, option, and helper text DOM elements"},{"ancestorTitles":["Select"],"failureMessages":[],"fullName":"Select renders a name attribute to use in forms","location":null,"status":"passed","title":"renders a name attribute to use in forms"},{"ancestorTitles":["Select"],"failureMessages":[],"fullName":"Select renders an aria-label attribute when `showLabel` is false","location":null,"status":"passed","title":"renders an aria-label attribute when `showLabel` is false"},{"ancestorTitles":["Select"],"failureMessages":[],"fullName":"Select renders aria-describedby when helperText prop is passed","location":null,"status":"passed","title":"renders aria-describedby when helperText prop is passed"},{"ancestorTitles":["Select"],"failureMessages":[],"fullName":"Select renders '(Required)' text in the label","location":null,"status":"passed","title":"renders '(Required)' text in the label"},{"ancestorTitles":["Select"],"failureMessages":[],"fullName":"Select renders required and aria-required attributes when 'showLabel' is false","location":null,"status":"passed","title":"renders required and aria-required attributes when 'showLabel' is false"},{"ancestorTitles":["Select"],"failureMessages":[],"fullName":"Select should not render a required label if 'showRequiredLabel' flag is false, but still render the label","location":null,"status":"passed","title":"should not render a required label if 'showRequiredLabel' flag is false, but still render the label"},{"ancestorTitles":["Select"],"failureMessages":[],"fullName":"Select renders helper text when helperText prop is passed","location":null,"status":"passed","title":"renders helper text when helperText prop is passed"},{"ancestorTitles":["Select"],"failureMessages":[],"fullName":"Select renders default error text when 'invalidText' prop is not passed and 'isInvalid' prop is set to true","location":null,"status":"passed","title":"renders default error text when 'invalidText' prop is not passed and 'isInvalid' prop is set to true"},{"ancestorTitles":["Select"],"failureMessages":[],"fullName":"Select does not render the error text when 'isInvalid' is true and 'showHelperInvalidText' is false","location":null,"status":"passed","title":"does not render the error text when 'isInvalid' is true and 'showHelperInvalidText' is false"},{"ancestorTitles":["Select"],"failureMessages":[],"fullName":"Select renders custom error text when 'invalidText' prop is passed and 'isInvalid' prop is set to true","location":null,"status":"passed","title":"renders custom error text when 'invalidText' prop is passed and 'isInvalid' prop is set to true"},{"ancestorTitles":["Select"],"failureMessages":[],"fullName":"Select updates the value through a ref","location":null,"status":"passed","title":"updates the value through a ref"},{"ancestorTitles":["Select"],"failureMessages":[],"fullName":"Select calls the onChange callback function","location":null,"status":"passed","title":"calls the onChange callback function"},{"ancestorTitles":["Select"],"failureMessages":[],"fullName":"Select logs a warning when there is no `id` passed","location":null,"status":"passed","title":"logs a warning when there is no `id` passed"},{"ancestorTitles":["Select"],"failureMessages":[],"fullName":"Select Renders the UI snapshot correctly","location":null,"status":"passed","title":"Renders the UI snapshot correctly"},{"ancestorTitles":["Select"],"failureMessages":[],"fullName":"Select passes a ref to the select element","location":null,"status":"passed","title":"passes a ref to the select element"}],"endTime":1675720688638,"message":"","name":"/Users/isabellestettle/node-js/nypl-design-system/src/components/Select/Select.test.tsx","startTime":1675720683055,"status":"passed","summary":""},{"assertionResults":[{"ancestorTitles":["HorizontalRule Accessibility"],"failureMessages":[],"fullName":"HorizontalRule Accessibility passes axe accessibility test","location":null,"status":"passed","title":"passes axe accessibility test"},{"ancestorTitles":["HorizontalRule"],"failureMessages":[],"fullName":"HorizontalRule renders HorizontalRule component","location":null,"status":"passed","title":"renders HorizontalRule component"},{"ancestorTitles":["HorizontalRule"],"failureMessages":[],"fullName":"HorizontalRule renders with proper custom class","location":null,"status":"passed","title":"renders with proper custom class"},{"ancestorTitles":["HorizontalRule"],"failureMessages":[],"fullName":"HorizontalRule renders the UI snapshot correctly","location":null,"status":"passed","title":"renders the UI snapshot correctly"},{"ancestorTitles":["HorizontalRule"],"failureMessages":[],"fullName":"HorizontalRule passes a ref to the hr element","location":null,"status":"passed","title":"passes a ref to the hr element"}],"endTime":1675720688780,"message":"","name":"/Users/isabellestettle/node-js/nypl-design-system/src/components/HorizontalRule/HorizontalRule.test.tsx","startTime":1675720686012,"status":"passed","summary":""},{"assertionResults":[{"ancestorTitles":["Icon Accessibility"],"failureMessages":[],"fullName":"Icon Accessibility passes axe accessibility test","location":null,"status":"passed","title":"passes axe accessibility test"},{"ancestorTitles":["Icon"],"failureMessages":[],"fullName":"Icon consoles a warning if both name and children are passed to Icon","location":null,"status":"passed","title":"consoles a warning if both name and children are passed to Icon"},{"ancestorTitles":["Icon"],"failureMessages":[],"fullName":"Icon consoles a warning if both name and children are not passed","location":null,"status":"passed","title":"consoles a warning if both name and children are not passed"},{"ancestorTitles":["Icon"],"failureMessages":[],"fullName":"Icon consoles a warning if name is not passed and a child is but it's not an SVG element","location":null,"status":"passed","title":"consoles a warning if name is not passed and a child is but it's not an SVG element"},{"ancestorTitles":["Icon"],"failureMessages":[],"fullName":"Icon renders an icon based on the icon `name` prop","location":null,"status":"passed","title":"renders an icon based on the icon `name` prop"},{"ancestorTitles":["Icon"],"failureMessages":[],"fullName":"Icon renders a title element","location":null,"status":"passed","title":"renders a title element"},{"ancestorTitles":["Icon"],"failureMessages":[],"fullName":"Icon renders an icon based on the child","location":null,"status":"passed","title":"renders an icon based on the child"},{"ancestorTitles":["Icon"],"failureMessages":[],"fullName":"Icon renders the UI snapshot correctly","location":null,"status":"passed","title":"renders the UI snapshot correctly"}],"endTime":1675720689045,"message":"","name":"/Users/isabellestettle/node-js/nypl-design-system/src/components/Icons/Icon.test.tsx","startTime":1675720686153,"status":"passed","summary":""},{"assertionResults":[{"ancestorTitles":["StructuredContent Accessibility"],"failureMessages":[],"fullName":"StructuredContent Accessibility passes axe accessibility for HTML string text content","location":null,"status":"passed","title":"passes axe accessibility for HTML string text content"},{"ancestorTitles":["StructuredContent Accessibility"],"failureMessages":[],"fullName":"StructuredContent Accessibility passes axe accessibility for HTML DOM text content","location":null,"status":"passed","title":"passes axe accessibility for HTML DOM text content"},{"ancestorTitles":["StructuredContent Accessibility"],"failureMessages":[],"fullName":"StructuredContent Accessibility passes axe accessibility without an image","location":null,"status":"passed","title":"passes axe accessibility without an image"},{"ancestorTitles":["StructuredContent"],"failureMessages":[],"fullName":"StructuredContent renders two headings, an image, and body text","location":null,"status":"passed","title":"renders two headings, an image, and body text"},{"ancestorTitles":["StructuredContent"],"failureMessages":[],"fullName":"StructuredContent optionally renders without the headings","location":null,"status":"passed","title":"optionally renders without the headings"},{"ancestorTitles":["StructuredContent"],"failureMessages":[],"fullName":"StructuredContent optionally renders without the image","location":null,"status":"passed","title":"optionally renders without the image"},{"ancestorTitles":["StructuredContent"],"failureMessages":[],"fullName":"StructuredContent logs a warning when an image is used but no alt text is passed to `imageProps.alt`","location":null,"status":"passed","title":"logs a warning when an image is used but no alt text is passed to `imageProps.alt`"},{"ancestorTitles":["StructuredContent"],"failureMessages":[],"fullName":"StructuredContent renders an image wrapped in figure when provided an image caption or credit","location":null,"status":"passed","title":"renders an image wrapped in figure when provided an image caption or credit"},{"ancestorTitles":["StructuredContent"],"failureMessages":[],"fullName":"StructuredContent renders a simple image element when no image caption or credit are provided","location":null,"status":"passed","title":"renders a simple image element when no image caption or credit are provided"},{"ancestorTitles":["StructuredContent"],"failureMessages":[],"fullName":"StructuredContent renders the UI snapshot","location":null,"status":"passed","title":"renders the UI snapshot"},{"ancestorTitles":["StructuredContent"],"failureMessages":[],"fullName":"StructuredContent passes a ref to the div wrapper element","location":null,"status":"passed","title":"passes a ref to the div wrapper element"}],"endTime":1675720689121,"message":"","name":"/Users/isabellestettle/node-js/nypl-design-system/src/components/StructuredContent/StructuredContent.test.tsx","startTime":1675720685113,"status":"passed","summary":""},{"assertionResults":[{"ancestorTitles":["Logo Accessibility"],"failureMessages":[],"fullName":"Logo Accessibility passes axe accessibility test","location":null,"status":"passed","title":"passes axe accessibility test"},{"ancestorTitles":["Logo"],"failureMessages":[],"fullName":"Logo consoles a warning if both name and children are passed to Logo","location":null,"status":"passed","title":"consoles a warning if both name and children are passed to Logo"},{"ancestorTitles":["Logo"],"failureMessages":[],"fullName":"Logo consoles a warning if both name and children are not passed","location":null,"status":"passed","title":"consoles a warning if both name and children are not passed"},{"ancestorTitles":["Logo"],"failureMessages":[],"fullName":"Logo consoles a warning if name is not passed and a child is but it's not an SVG element","location":null,"status":"passed","title":"consoles a warning if name is not passed and a child is but it's not an SVG element"},{"ancestorTitles":["Logo"],"failureMessages":[],"fullName":"Logo renders a logo based on the logo `name` prop","location":null,"status":"passed","title":"renders a logo based on the logo `name` prop"},{"ancestorTitles":["Logo"],"failureMessages":[],"fullName":"Logo renders a title element","location":null,"status":"passed","title":"renders a title element"},{"ancestorTitles":["Logo"],"failureMessages":[],"fullName":"Logo renders a logo based on the child","location":null,"status":"passed","title":"renders a logo based on the child"},{"ancestorTitles":["Logo"],"failureMessages":[],"fullName":"Logo renders the UI snapshot correctly","location":null,"status":"passed","title":"renders the UI snapshot correctly"}],"endTime":1675720689440,"message":"","name":"/Users/isabellestettle/node-js/nypl-design-system/src/components/Logo/Logo.test.tsx","startTime":1675720686556,"status":"passed","summary":""},{"assertionResults":[{"ancestorTitles":["Link Accessibility"],"failureMessages":[],"fullName":"Link Accessibility passes axe accessibility test for children component","location":null,"status":"passed","title":"passes axe accessibility test for children component"},{"ancestorTitles":["Link Accessibility"],"failureMessages":[],"fullName":"Link Accessibility passes axe accessibility test for href prop","location":null,"status":"passed","title":"passes axe accessibility test for href prop"},{"ancestorTitles":["Link"],"failureMessages":[],"fullName":"Link Can pass in an icon and text as children and url as prop","location":null,"status":"passed","title":"Can pass in an icon and text as children and url as prop"},{"ancestorTitles":["Link"],"failureMessages":[],"fullName":"Link Can pass a link with <a> tag","location":null,"status":"passed","title":"Can pass a link with <a> tag"},{"ancestorTitles":["Link"],"failureMessages":[],"fullName":"Link Can pass a link with <a> tag and an icon","location":null,"status":"passed","title":"Can pass a link with <a> tag and an icon"},{"ancestorTitles":["Link"],"failureMessages":[],"fullName":"Link Generated back link has icon","location":null,"status":"passed","title":"Generated back link has icon"},{"ancestorTitles":["Link"],"failureMessages":[],"fullName":"Link Generated forwards link has icon","location":null,"status":"passed","title":"Generated forwards link has icon"},{"ancestorTitles":["Link"],"failureMessages":[],"fullName":"Link Can pass in text as child and url as props","location":null,"status":"passed","title":"Can pass in text as child and url as props"},{"ancestorTitles":["Link"],"failureMessages":[],"fullName":"Link throws an error if text is passed but no url is passed","location":null,"status":"passed","title":"throws an error if text is passed but no url is passed"},{"ancestorTitles":["Link"],"failureMessages":[],"fullName":"Link throws an error if more than one child element is passed","location":null,"status":"passed","title":"throws an error if more than one child element is passed"},{"ancestorTitles":["Link"],"failureMessages":[],"fullName":"Link renders the UI snapshot correctly","location":null,"status":"passed","title":"renders the UI snapshot correctly"},{"ancestorTitles":["Link"],"failureMessages":[],"fullName":"Link passes a ref to the anchor element","location":null,"status":"passed","title":"passes a ref to the anchor element"}],"endTime":1675720689655,"message":"","name":"/Users/isabellestettle/node-js/nypl-design-system/src/components/Link/Link.test.tsx","startTime":1675720686632,"status":"passed","summary":""},{"assertionResults":[{"ancestorTitles":["List Accessibility"],"failureMessages":[],"fullName":"List Accessibility passes axe accessibility test for unordered list","location":null,"status":"passed","title":"passes axe accessibility test for unordered list"},{"ancestorTitles":["List Accessibility"],"failureMessages":[],"fullName":"List Accessibility passes axe accessibility test for ordered list","location":null,"status":"passed","title":"passes axe accessibility test for ordered list"},{"ancestorTitles":["List Accessibility"],"failureMessages":[],"fullName":"List Accessibility passes axe accessibility test for description list","location":null,"status":"passed","title":"passes axe accessibility test for description list"},{"ancestorTitles":["List"],"failureMessages":[],"fullName":"List renders unordered list","location":null,"status":"passed","title":"renders unordered list"},{"ancestorTitles":["List"],"failureMessages":[],"fullName":"List renders unordered list with the `listItems` prop","location":null,"status":"passed","title":"renders unordered list with the `listItems` prop"},{"ancestorTitles":["List"],"failureMessages":[],"fullName":"List renders ordered list","location":null,"status":"passed","title":"renders ordered list"},{"ancestorTitles":["List"],"failureMessages":[],"fullName":"List renders ordered list with the `listItems` prop","location":null,"status":"passed","title":"renders ordered list with the `listItems` prop"},{"ancestorTitles":["List"],"failureMessages":[],"fullName":"List returns description list","location":null,"status":"passed","title":"returns description list"},{"ancestorTitles":["List"],"failureMessages":[],"fullName":"List returns description list with the `listItems` prop","location":null,"status":"passed","title":"returns description list with the `listItems` prop"},{"ancestorTitles":["List"],"failureMessages":[],"fullName":"List consoles a warning when children and the `listItems` prop are both passed","location":null,"status":"passed","title":"consoles a warning when children and the `listItems` prop are both passed"},{"ancestorTitles":["List"],"failureMessages":[],"fullName":"List consoles a warning when no children are passed or the `listItems` prop is not passed","location":null,"status":"passed","title":"consoles a warning when no children are passed or the `listItems` prop is not passed"},{"ancestorTitles":["List"],"failureMessages":[],"fullName":"List consoles a warning when you pass an ordered or unordered list children that aren't <li>s","location":null,"status":"passed","title":"consoles a warning when you pass an ordered or unordered list children that aren't <li>s"},{"ancestorTitles":["List"],"failureMessages":[],"fullName":"List consoles a warning when you pass a description list children that aren't `<dt>`s or `<dd>`s","location":null,"status":"passed","title":"consoles a warning when you pass a description list children that aren't `<dt>`s or `<dd>`s"},{"ancestorTitles":["List"],"failureMessages":[],"fullName":"List Renders the UI snapshot correctly","location":null,"status":"passed","title":"Renders the UI snapshot correctly"},{"ancestorTitles":["List"],"failureMessages":[],"fullName":"List passes a ref to the section or list element","location":null,"status":"passed","title":"passes a ref to the section or list element"}],"endTime":1675720689769,"message":"","name":"/Users/isabellestettle/node-js/nypl-design-system/src/components/List/List.test.tsx","startTime":1675720686368,"status":"passed","summary":""},{"assertionResults":[{"ancestorTitles":["Button Accessibility"],"failureMessages":[],"fullName":"Button Accessibility passes axe accessibility test","location":null,"status":"passed","title":"passes axe accessibility test"},{"ancestorTitles":["Button"],"failureMessages":[],"fullName":"Button calls the onClick","location":null,"status":"passed","title":"calls the onClick"},{"ancestorTitles":["Button"],"failureMessages":[],"fullName":"Button optionally calls the onClick on mouseDown instead of on click","location":null,"status":"passed","title":"optionally calls the onClick on mouseDown instead of on click"},{"ancestorTitles":["Button"],"failureMessages":[],"fullName":"Button should render string children","location":null,"status":"passed","title":"should render string children"},{"ancestorTitles":["Button"],"failureMessages":[],"fullName":"Button should render element children","location":null,"status":"passed","title":"should render element children"},{"ancestorTitles":["Button"],"failureMessages":[],"fullName":"Button button has proper child svg for the icon only button","location":null,"status":"passed","title":"button has proper child svg for the icon only button"},{"ancestorTitles":["Button"],"failureMessages":[],"fullName":"Button logs a warning when there is no `id` passed","location":null,"status":"passed","title":"logs a warning when there is no `id` passed"},{"ancestorTitles":["Button"],"failureMessages":[],"fullName":"Button passes a ref to the button element","location":null,"status":"passed","title":"passes a ref to the button element"},{"ancestorTitles":["Button Snapshot"],"failureMessages":[],"fullName":"Button Snapshot Renders the UI snapshot correctly","location":null,"status":"passed","title":"Renders the UI snapshot correctly"}],"endTime":1675720689914,"message":"","name":"/Users/isabellestettle/node-js/nypl-design-system/src/components/Button/Button.test.tsx","startTime":1675720686862,"status":"passed","summary":""},{"assertionResults":[{"ancestorTitles":["ComponentWrapper Accessibility"],"failureMessages":[],"fullName":"ComponentWrapper Accessibility Passes axe accessibility test","location":null,"status":"passed","title":"Passes axe accessibility test"},{"ancestorTitles":["ComponentWrapper Accessibility"],"failureMessages":[],"fullName":"ComponentWrapper Accessibility Passes axe accessibility test without certain props","location":null,"status":"passed","title":"Passes axe accessibility test without certain props"},{"ancestorTitles":["ComponentWrapper"],"failureMessages":[],"fullName":"ComponentWrapper renders with different text sections and children elements","location":null,"status":"passed","title":"renders with different text sections and children elements"},{"ancestorTitles":["ComponentWrapper"],"failureMessages":[],"fullName":"ComponentWrapper renders with only its children elements","location":null,"status":"passed","title":"renders with only its children elements"},{"ancestorTitles":["ComponentWrapper"],"failureMessages":[],"fullName":"ComponentWrapper renders invalid text in the internal HelperErrorText component","location":null,"status":"passed","title":"renders invalid text in the internal HelperErrorText component"},{"ancestorTitles":["ComponentWrapper"],"failureMessages":[],"fullName":"ComponentWrapper Renders the UI snapshot correctly","location":null,"status":"passed","title":"Renders the UI snapshot correctly"},{"ancestorTitles":["ComponentWrapper"],"failureMessages":[],"fullName":"ComponentWrapper passes a ref to the div wrapper element","location":null,"status":"passed","title":"passes a ref to the div wrapper element"}],"endTime":1675720690250,"message":"","name":"/Users/isabellestettle/node-js/nypl-design-system/src/components/ComponentWrapper/ComponentWrapper.test.tsx","startTime":1675720687211,"status":"passed","summary":""},{"assertionResults":[{"ancestorTitles":["StyledList Accessibility"],"failureMessages":[],"fullName":"StyledList Accessibility passes axe accessibility test for li children","location":null,"status":"passed","title":"passes axe accessibility test for li children"},{"ancestorTitles":["StyledList Accessibility"],"failureMessages":[],"fullName":"StyledList Accessibility passes axe accessibility test for listItems data array","location":null,"status":"passed","title":"passes axe accessibility test for listItems data array"},{"ancestorTitles":["StyledList Accessibility"],"failureMessages":[],"fullName":"StyledList Accessibility passes axe accessibility test for listItems JSX data array","location":null,"status":"passed","title":"passes axe accessibility test for listItems JSX data array"},{"ancestorTitles":["StyledList"],"failureMessages":[],"fullName":"StyledList renders unordered list","location":null,"status":"passed","title":"renders unordered list"},{"ancestorTitles":["StyledList"],"failureMessages":[],"fullName":"StyledList renders unordered list with the `listItems` prop","location":null,"status":"passed","title":"renders unordered list with the `listItems` prop"},{"ancestorTitles":["StyledList"],"failureMessages":[],"fullName":"StyledList consoles a warning when children and the `listItems` prop are both passed","location":null,"status":"passed","title":"consoles a warning when children and the `listItems` prop are both passed"},{"ancestorTitles":["StyledList"],"failureMessages":[],"fullName":"StyledList consoles a warning when you pass children that aren't <li>s","location":null,"status":"passed","title":"consoles a warning when you pass children that aren't <li>s"},{"ancestorTitles":["StyledList"],"failureMessages":[],"fullName":"StyledList Renders the UI snapshot correctly","location":null,"status":"passed","title":"Renders the UI snapshot correctly"}],"endTime":1675720690696,"message":"","name":"/Users/isabellestettle/node-js/nypl-design-system/src/components/StyledList/StyledList.test.tsx","startTime":1675720687627,"status":"passed","summary":""},{"assertionResults":[{"ancestorTitles":["Table Accessibility"],"failureMessages":[],"fullName":"Table Accessibility passes axe accessibility test with the columnHeaders and tableData prop","location":null,"status":"passed","title":"passes axe accessibility test with the columnHeaders and tableData prop"},{"ancestorTitles":["Table Accessibility"],"failureMessages":[],"fullName":"Table Accessibility passes axe accessibility test with tableData prop","location":null,"status":"passed","title":"passes axe accessibility test with tableData prop"},{"ancestorTitles":["Table"],"failureMessages":[],"fullName":"Table renders a caption","location":null,"status":"passed","title":"renders a caption"},{"ancestorTitles":["Table"],"failureMessages":[],"fullName":"Table renders a table header","location":null,"status":"passed","title":"renders a table header"},{"ancestorTitles":["Table"],"failureMessages":[],"fullName":"Table renders table data","location":null,"status":"passed","title":"renders table data"},{"ancestorTitles":["Table"],"failureMessages":[],"fullName":"Table logs a warning when the `columnHeaders` prop is an empty array","location":null,"status":"passed","title":"logs a warning when the `columnHeaders` prop is an empty array"},{"ancestorTitles":["Table"],"failureMessages":[],"fullName":"Table logs a warning when the `tableData` prop is an empty array","location":null,"status":"passed","title":"logs a warning when the `tableData` prop is an empty array"},{"ancestorTitles":["Table"],"failureMessages":[],"fullName":"Table logs a warning when the columns in each `tableData` row are not identical","location":null,"status":"passed","title":"logs a warning when the columns in each `tableData` row are not identical"},{"ancestorTitles":["Table"],"failureMessages":[],"fullName":"Table logs a warning when the column headers `columnHeaders` is not equal the number of columns in the data table","location":null,"status":"passed","title":"logs a warning when the column headers `columnHeaders` is not equal the number of columns in the data table"},{"ancestorTitles":["Table"],"failureMessages":[],"fullName":"Table renders JSX elements from the data array","location":null,"status":"passed","title":"renders JSX elements from the data array"},{"ancestorTitles":["Table"],"failureMessages":[],"fullName":"Table renders the UI snapshot correctly","location":null,"status":"passed","title":"renders the UI snapshot correctly"},{"ancestorTitles":["Table"],"failureMessages":[],"fullName":"Table passes a ref to the table element","location":null,"status":"passed","title":"passes a ref to the table element"}],"endTime":1675720690850,"message":"","name":"/Users/isabellestettle/node-js/nypl-design-system/src/components/Table/Table.test.tsx","startTime":1675720686433,"status":"passed","summary":""},{"assertionResults":[{"ancestorTitles":["Image Accessibility"],"failureMessages":[],"fullName":"Image Accessibility passes axe accessibility for regular img element","location":null,"status":"passed","title":"passes axe accessibility for regular img element"},{"ancestorTitles":["Image Accessibility"],"failureMessages":[],"fullName":"Image Accessibility passes axe accessibility for regular lazy loading img element","location":null,"status":"passed","title":"passes axe accessibility for regular lazy loading img element"},{"ancestorTitles":["Image Accessibility"],"failureMessages":[],"fullName":"Image Accessibility passes axe accessibility for figure element wrapper","location":null,"status":"passed","title":"passes axe accessibility for figure element wrapper"},{"ancestorTitles":["Image Accessibility"],"failureMessages":[],"fullName":"Image Accessibility passes axe accessibility for figure lazy loading element wrapper","location":null,"status":"passed","title":"passes axe accessibility for figure lazy loading element wrapper"},{"ancestorTitles":["Image"],"failureMessages":[],"fullName":"Image does not render an image src when `isLazy` is true until it is 'inView'","location":null,"status":"passed","title":"does not render an image src when `isLazy` is true until it is 'inView'"},{"ancestorTitles":["Image"],"failureMessages":[],"fullName":"Image renders a simple image not wrapped in a figure element","location":null,"status":"passed","title":"renders a simple image not wrapped in a figure element"},{"ancestorTitles":["Image"],"failureMessages":[],"fullName":"Image renders an image wrapped in figure when provided a caption","location":null,"status":"passed","title":"renders an image wrapped in figure when provided a caption"},{"ancestorTitles":["Image"],"failureMessages":[],"fullName":"Image renders an image wrapped in figure when provided an image credit","location":null,"status":"passed","title":"renders an image wrapped in figure when provided an image credit"},{"ancestorTitles":["Image"],"failureMessages":[],"fullName":"Image renders an image wrapped in figure with credit and caption","location":null,"status":"passed","title":"renders an image wrapped in figure with credit and caption"},{"ancestorTitles":["Image"],"failureMessages":[],"fullName":"Image throws error when alt text is too long","location":null,"status":"passed","title":"throws error when alt text is too long"},{"ancestorTitles":["Image"],"failureMessages":[],"fullName":"Image Renders the UI snapshot correctly","location":null,"status":"passed","title":"Renders the UI snapshot correctly"},{"ancestorTitles":["Image"],"failureMessages":[],"fullName":"Image passes a ref to the div wrapper element","location":null,"status":"passed","title":"passes a ref to the div wrapper element"}],"endTime":1675720691137,"message":"","name":"/Users/isabellestettle/node-js/nypl-design-system/src/components/Image/Image.test.tsx","startTime":1675720687671,"status":"passed","summary":""},{"assertionResults":[{"ancestorTitles":["Toggle Accessibility"],"failureMessages":[],"fullName":"Toggle Accessibility Passes axe accessibility test","location":null,"status":"passed","title":"Passes axe accessibility test"},{"ancestorTitles":["Toggle"],"failureMessages":[],"fullName":"Toggle Renders with a Toggle input and label","location":null,"status":"passed","title":"Renders with a Toggle input and label"},{"ancestorTitles":["Toggle"],"failureMessages":[],"fullName":"Toggle Renders visible helper or error text","location":null,"status":"passed","title":"Renders visible helper or error text"},{"ancestorTitles":["Toggle"],"failureMessages":[],"fullName":"Toggle Sets the Toggle's ID","location":null,"status":"passed","title":"Sets the Toggle's ID"},{"ancestorTitles":["Toggle"],"failureMessages":[],"fullName":"Toggle Sets the 'checked' attribute","location":null,"status":"passed","title":"Sets the 'checked' attribute"},{"ancestorTitles":["Toggle"],"failureMessages":[],"fullName":"Toggle Sets the 'disabled' attribute","location":null,"status":"passed","title":"Sets the 'disabled' attribute"},{"ancestorTitles":["Toggle"],"failureMessages":[],"fullName":"Toggle Sets the error state","location":null,"status":"passed","title":"Sets the error state"},{"ancestorTitles":["Toggle"],"failureMessages":[],"fullName":"Toggle does not render the error text when 'isInvalid' is true but 'invalidText' is not passed","location":null,"status":"passed","title":"does not render the error text when 'isInvalid' is true but 'invalidText' is not passed"},{"ancestorTitles":["Toggle"],"failureMessages":[],"fullName":"Toggle Changing the value calls the onChange handler","location":null,"status":"passed","title":"Changing the value calls the onChange handler"},{"ancestorTitles":["Toggle"],"failureMessages":[],"fullName":"Toggle Logs a warning when there is no `id` passed","location":null,"status":"passed","title":"Logs a warning when there is no `id` passed"},{"ancestorTitles":["Toggle"],"failureMessages":[],"fullName":"Toggle Renders the UI snapshot correctly","location":null,"status":"passed","title":"Renders the UI snapshot correctly"},{"ancestorTitles":["Toggle"],"failureMessages":[],"fullName":"Toggle passes a ref to the input element","location":null,"status":"passed","title":"passes a ref to the input element"}],"endTime":1675720691251,"message":"","name":"/Users/isabellestettle/node-js/nypl-design-system/src/components/Toggle/Toggle.test.tsx","startTime":1675720687566,"status":"passed","summary":""},{"assertionResults":[{"ancestorTitles":["HelperErrorText Accessibility"],"failureMessages":[],"fullName":"HelperErrorText Accessibility passes axe accessibility test","location":null,"status":"passed","title":"passes axe accessibility test"},{"ancestorTitles":["HelperErrorText"],"failureMessages":[],"fullName":"HelperErrorText renders the text passed","location":null,"status":"passed","title":"renders the text passed"},{"ancestorTitles":["HelperErrorText"],"failureMessages":[],"fullName":"HelperErrorText renders the text passed as an HTML string","location":null,"status":"passed","title":"renders the text passed as an HTML string"},{"ancestorTitles":["HelperErrorText"],"failureMessages":[],"fullName":"HelperErrorText renders the text passed as HTML","location":null,"status":"passed","title":"renders the text passed as HTML"},{"ancestorTitles":["HelperErrorText"],"failureMessages":[],"fullName":"HelperErrorText renders the invalid state","location":null,"status":"passed","title":"renders the invalid state"},{"ancestorTitles":["HelperErrorText"],"failureMessages":[],"fullName":"HelperErrorText has aria-atomic and aria-live attributes by default","location":null,"status":"passed","title":"has aria-atomic and aria-live attributes by default"},{"ancestorTitles":["HelperErrorText"],"failureMessages":[],"fullName":"HelperErrorText sets custom aria-live attribute when ariaLive prop is passed as 'polite' or 'assertive'","location":null,"status":"passed","title":"sets custom aria-live attribute when ariaLive prop is passed as 'polite' or 'assertive'"},{"ancestorTitles":["HelperErrorText"],"failureMessages":[],"fullName":"HelperErrorText does not have aria-live attribute when ariaLive prop is set to 'off'","location":null,"status":"passed","title":"does not have aria-live attribute when ariaLive prop is set to 'off'"},{"ancestorTitles":["HelperErrorText"],"failureMessages":[],"fullName":"HelperErrorText accepts an aria-atomic value of false","location":null,"status":"passed","title":"accepts an aria-atomic value of false"},{"ancestorTitles":["HelperErrorText"],"failureMessages":[],"fullName":"HelperErrorText Renders the UI snapshot correctly","location":null,"status":"passed","title":"Renders the UI snapshot correctly"},{"ancestorTitles":["HelperErrorText"],"failureMessages":[],"fullName":"HelperErrorText passes a ref to the div element","location":null,"status":"passed","title":"passes a ref to the div element"}],"endTime":1675720691695,"message":"","name":"/Users/isabellestettle/node-js/nypl-design-system/src/components/HelperErrorText/HelperErrorText.test.tsx","startTime":1675720688669,"status":"passed","summary":""},{"assertionResults":[{"ancestorTitles":["HeaderSearchForm Accessibility"],"failureMessages":[],"fullName":"HeaderSearchForm Accessibility passes axe accessibility test","location":null,"status":"passed","title":"passes axe accessibility test"},{"ancestorTitles":["HeaderSearchForm Accessibility"],"failureMessages":[],"fullName":"HeaderSearchForm Accessibility passes axe accessibility test for mobile view","location":null,"status":"passed","title":"passes axe accessibility test for mobile view"},{"ancestorTitles":["HeaderSearchForm","Desktop"],"failureMessages":[],"fullName":"HeaderSearchForm Desktop renders a form with an input, radio inputs, and a search button","location":null,"status":"passed","title":"renders a form with an input, radio inputs, and a search button"},{"ancestorTitles":["HeaderSearchForm","Desktop"],"failureMessages":[],"fullName":"HeaderSearchForm Desktop makes a request to the Encore catalog","location":null,"status":"passed","title":"makes a request to the Encore catalog"},{"ancestorTitles":["HeaderSearchForm","Desktop"],"failureMessages":[],"fullName":"HeaderSearchForm Desktop makes a request to the Research Catalog","location":null,"status":"passed","title":"makes a request to the Research Catalog"},{"ancestorTitles":["HeaderSearchForm","Desktop"],"failureMessages":[],"fullName":"HeaderSearchForm Desktop makes a request to the web catalog","location":null,"status":"passed","title":"makes a request to the web catalog"},{"ancestorTitles":["HeaderSearchForm","Mobile"],"failureMessages":[],"fullName":"HeaderSearchForm Mobile renders a form with an input and three radios on mobile","location":null,"status":"passed","title":"renders a form with an input and three radios on mobile"},{"ancestorTitles":["HeaderSearchForm","Mobile"],"failureMessages":[],"fullName":"HeaderSearchForm Mobile makes a request to the Encore catalog","location":null,"status":"passed","title":"makes a request to the Encore catalog"},{"ancestorTitles":["HeaderSearchForm","Mobile"],"failureMessages":[],"fullName":"HeaderSearchForm Mobile makes a request to the Research Catalog","location":null,"status":"passed","title":"makes a request to the Research Catalog"},{"ancestorTitles":["HeaderSearchForm","Mobile"],"failureMessages":[],"fullName":"HeaderSearchForm Mobile makes a request to the web catalog","location":null,"status":"passed","title":"makes a request to the web catalog"},{"ancestorTitles":["HeaderSearchForm"],"failureMessages":[],"fullName":"HeaderSearchForm renders the UI snapshot correctly","location":null,"status":"passed","title":"renders the UI snapshot correctly"}],"endTime":1675720692043,"message":"","name":"/Users/isabellestettle/node-js/nypl-design-system/src/components/Header/components/HeaderSearchForm.test.tsx","startTime":1675720677600,"status":"passed","summary":""},{"assertionResults":[{"ancestorTitles":["Label Accessibility"],"failureMessages":[],"fullName":"Label Accessibility passes axe accessibility test","location":null,"status":"passed","title":"passes axe accessibility test"},{"ancestorTitles":["Label Accessibility"],"failureMessages":[],"fullName":"Label Accessibility passes axe accessibility test with required text","location":null,"status":"passed","title":"passes axe accessibility test with required text"},{"ancestorTitles":["Label"],"failureMessages":[],"fullName":"Label renders a label element when passed text as children","location":null,"status":"passed","title":"renders a label element when passed text as children"},{"ancestorTitles":["Label"],"failureMessages":[],"fullName":"Label renders a label element when passed element as children","location":null,"status":"passed","title":"renders a label element when passed element as children"},{"ancestorTitles":["Label"],"failureMessages":[],"fullName":"Label renders the '(Required)' helper text","location":null,"status":"passed","title":"renders the '(Required)' helper text"},{"ancestorTitles":["Label"],"failureMessages":[],"fullName":"Label renders a custom '(Required)' helper text when provided","location":null,"status":"passed","title":"renders a custom '(Required)' helper text when provided"},{"ancestorTitles":["Label"],"failureMessages":[],"fullName":"Label Logs a warning when there is no `id` passed","location":null,"status":"passed","title":"Logs a warning when there is no `id` passed"},{"ancestorTitles":["Label"],"failureMessages":[],"fullName":"Label Renders the UI snapshot correctly","location":null,"status":"passed","title":"Renders the UI snapshot correctly"},{"ancestorTitles":["Label"],"failureMessages":[],"fullName":"Label passes a ref to the div wrapper element","location":null,"status":"passed","title":"passes a ref to the div wrapper element"}],"endTime":1675720692138,"message":"","name":"/Users/isabellestettle/node-js/nypl-design-system/src/components/Label/Label.test.tsx","startTime":1675720689061,"status":"passed","summary":""},{"assertionResults":[{"ancestorTitles":["TemplateAppContainer accessibility"],"failureMessages":[],"fullName":"TemplateAppContainer accessibility passes axe accessibility test","location":null,"status":"passed","title":"passes axe accessibility test"},{"ancestorTitles":["Template components accessibility"],"failureMessages":[],"fullName":"Template components accessibility passes axe accessibility test","location":null,"status":"passed","title":"passes axe accessibility test"},{"ancestorTitles":["TemplateAppContainer component"],"failureMessages":[],"fullName":"TemplateAppContainer component renders each section","location":null,"status":"passed","title":"renders each section"},{"ancestorTitles":["TemplateAppContainer component"],"failureMessages":[],"fullName":"TemplateAppContainer component renders a #mainContent id in the `main` DOM element","location":null,"status":"passed","title":"renders a #mainContent id in the `main` DOM element"},{"ancestorTitles":["TemplateAppContainer component"],"failureMessages":[],"fullName":"TemplateAppContainer component renders only one header in a custom header component","location":null,"status":"passed","title":"renders only one header in a custom header component"},{"ancestorTitles":["TemplateAppContainer component"],"failureMessages":[],"fullName":"TemplateAppContainer component consoles a warning when a header element was passed without setting `renderHeaderElement` to false","location":null,"status":"passed","title":"consoles a warning when a header element was passed without setting `renderHeaderElement` to false"},{"ancestorTitles":["TemplateAppContainer component"],"failureMessages":[],"fullName":"TemplateAppContainer component renders only one footer in a custom footer component","location":null,"status":"passed","title":"renders only one footer in a custom footer component"},{"ancestorTitles":["TemplateAppContainer component"],"failureMessages":[],"fullName":"TemplateAppContainer component consoles a warning when a footer element was passed without setting `renderFooterElement` to false","location":null,"status":"passed","title":"consoles a warning when a footer element was passed without setting `renderFooterElement` to false"},{"ancestorTitles":["Template components"],"failureMessages":[],"fullName":"Template components renders each section","location":null,"status":"passed","title":"renders each section"},{"ancestorTitles":["Template components"],"failureMessages":[],"fullName":"Template components renders a #mainContent id in the TemplateContent component","location":null,"status":"passed","title":"renders a #mainContent id in the TemplateContent component"},{"ancestorTitles":["Template components"],"failureMessages":[],"fullName":"Template components renders the UI snapshot correctly","location":null,"status":"passed","title":"renders the UI snapshot correctly"},{"ancestorTitles":["Template components"],"failureMessages":[],"fullName":"Template components passes a ref to the div wrapper element","location":null,"status":"passed","title":"passes a ref to the div wrapper element"}],"endTime":1675720692976,"message":"","name":"/Users/isabellestettle/node-js/nypl-design-system/src/components/Template/Template.test.tsx","startTime":1675720689149,"status":"passed","summary":""},{"assertionResults":[{"ancestorTitles":["Heading Accessibility"],"failureMessages":[],"fullName":"Heading Accessibility passes axe accessibility test","location":null,"status":"passed","title":"passes axe accessibility test"},{"ancestorTitles":["Heading"],"failureMessages":[],"fullName":"Heading renders and HTML heading element with the correct level","location":null,"status":"passed","title":"renders and HTML heading element with the correct level"},{"ancestorTitles":["Heading"],"failureMessages":[],"fullName":"Heading can pass heading content as child","location":null,"status":"passed","title":"can pass heading content as child"},{"ancestorTitles":["Heading"],"failureMessages":[],"fullName":"Heading renders the default level two if no `level` prop is passed","location":null,"status":"passed","title":"renders the default level two if no `level` prop is passed"},{"ancestorTitles":["Heading"],"failureMessages":[],"fullName":"Heading can pass a span element as a child","location":null,"status":"passed","title":"can pass a span element as a child"},{"ancestorTitles":["Heading"],"failureMessages":[],"fullName":"Heading prioritizes the child when both child and the text prop are passed","location":null,"status":"passed","title":"prioritizes the child when both child and the text prop are passed"},{"ancestorTitles":["Heading"],"failureMessages":[],"fullName":"Heading renders an anchor element when the `url` prop is passed","location":null,"status":"passed","title":"renders an anchor element when the `url` prop is passed"},{"ancestorTitles":["Heading"],"failureMessages":[],"fullName":"Heading adds the `urlClass` prop to the anchor element as its class name","location":null,"status":"passed","title":"adds the `urlClass` prop to the anchor element as its class name"},{"ancestorTitles":["Heading"],"failureMessages":[],"fullName":"Heading throws error when neither child nor text is passed","location":null,"status":"passed","title":"throws error when neither child nor text is passed"},{"ancestorTitles":["Heading"],"failureMessages":[],"fullName":"Heading throws error when heading with many children is passed","location":null,"status":"passed","title":"throws error when heading with many children is passed"},{"ancestorTitles":["Heading"],"failureMessages":[],"fullName":"Heading uses custom display size","location":null,"status":"passed","title":"uses custom display size"},{"ancestorTitles":["Heading"],"failureMessages":[],"fullName":"Heading renders the UI snapshot correctly","location":null,"status":"passed","title":"renders the UI snapshot correctly"},{"ancestorTitles":["Heading"],"failureMessages":[],"fullName":"Heading passes a ref to the heading element","location":null,"status":"passed","title":"passes a ref to the heading element"}],"endTime":1675720693228,"message":"","name":"/Users/isabellestettle/node-js/nypl-design-system/src/components/Heading/Heading.test.tsx","startTime":1675720689800,"status":"passed","summary":""},{"assertionResults":[{"ancestorTitles":["Checkbox Accessibility"],"failureMessages":[],"fullName":"Checkbox Accessibility passes axe accessibility test with string label","location":null,"status":"passed","title":"passes axe accessibility test with string label"},{"ancestorTitles":["Checkbox Accessibility"],"failureMessages":[],"fullName":"Checkbox Accessibility passes axe accessibility test with hidden label","location":null,"status":"passed","title":"passes axe accessibility test with hidden label"},{"ancestorTitles":["Checkbox Accessibility"],"failureMessages":[],"fullName":"Checkbox Accessibility passes axe accessibility test with jsx label","location":null,"status":"passed","title":"passes axe accessibility test with jsx label"},{"ancestorTitles":["Checkbox"],"failureMess
[...]
["useMultiSelect hook"],"failureMessages":[],"fullName":"useMultiSelect hook should be able to handle multiple MultiSelects","location":null,"status":"passed","title":"should be able to handle multiple MultiSelects"},{"ancestorTitles":["useMultiSelect hook"],"failureMessages":[],"fullName":"useMultiSelect hook should remove the selectedItems of the multiSelect passed to the onClear function","location":null,"status":"passed","title":"should remove the selectedItems of the multiSelect passed to the onClear function"},{"ancestorTitles":["useMultiSelect hook"],"failureMessages":[],"fullName":"useMultiSelect hook should set the selectedItems to the state passed to setSelectedItems and reset the selectedItems to an empty object when onClearAll is called","location":null,"status":"passed","title":"should set the selectedItems to the state passed to setSelectedItems and reset the selectedItems to an empty object when onClearAll is called"}],"endTime":1675720702678,"message":"","name":"/Users/isabellestettle/node-js/nypl-design-system/src/hooks/__tests__/useMultiSelect.test.ts","startTime":1675720700960,"status":"passed","summary":""},{"assertionResults":[{"ancestorTitles":["MultiSelect Accessibility"],"failureMessages":[],"fullName":"MultiSelect Accessibility should have no axe violations for the 'listbox' type","location":null,"status":"passed","title":"should have no axe violations for the 'listbox' type"},{"ancestorTitles":["MultiSelect Accessibility"],"failureMessages":[],"fullName":"MultiSelect Accessibility should have no axe violations for the 'dialog' type","location":null,"status":"passed","title":"should have no axe violations for the 'dialog' type"},{"ancestorTitles":["MultiSelect Dialog"],"failureMessages":[],"fullName":"MultiSelect Dialog should initially render with provided id","location":null,"status":"passed","title":"should initially render with provided id"},{"ancestorTitles":["MultiSelect Dialog"],"failureMessages":[],"fullName":"MultiSelect Dialog should initially render with a given label","location":null,"status":"passed","title":"should initially render with a given label"},{"ancestorTitles":["MultiSelect Dialog"],"failureMessages":[],"fullName":"MultiSelect Dialog should initially render with a closed menu when the isDefaultOpen is omitted or set to false","location":null,"status":"passed","title":"should initially render with a closed menu when the isDefaultOpen is omitted or set to false"},{"ancestorTitles":["MultiSelect Dialog"],"failureMessages":[],"fullName":"MultiSelect Dialog should initially render with open menu if isDefaultOpen prop is true","location":null,"status":"passed","title":"should initially render with open menu if isDefaultOpen prop is true"},{"ancestorTitles":["MultiSelect Dialog"],"failureMessages":[],"fullName":"MultiSelect Dialog should render a 'Clear' and 'Apply button","location":null,"status":"passed","title":"should render a 'Clear' and 'Apply button"},{"ancestorTitles":["MultiSelect Dialog"],"failureMessages":[],"fullName":"MultiSelect Dialog should focus on the MultiSelectMenuButton upon clicking 'Apply' or 'Clear","location":null,"status":"passed","title":"should focus on the MultiSelectMenuButton upon clicking 'Apply' or 'Clear"},{"ancestorTitles":["MultiSelect Dialog"],"failureMessages":[],"fullName":"MultiSelect Dialog should allow user to toggle menu by clicking menu button or use the 'Enter'/'Spacebar' key","location":null,"status":"passed","title":"should allow user to toggle menu by clicking menu button or use the 'Enter'/'Spacebar' key"},{"ancestorTitles":["MultiSelect Dialog"],"failureMessages":[],"fullName":"MultiSelect Dialog should allow user to close the dialog using the ESC key, then the focus should be on the MultiSelectMenuButton","location":null,"status":"passed","title":"should allow user to close the dialog using the ESC key, then the focus should be on the MultiSelectMenuButton"},{"ancestorTitles":["MultiSelect Dialog"],"failureMessages":[],"fullName":"MultiSelect Dialog should call onChange when an item without child items or a child item is selected/unselected","location":null,"status":"passed","title":"should call onChange when an item without child items or a child item is selected/unselected"},{"ancestorTitles":["MultiSelect Dialog"],"failureMessages":[],"fullName":"MultiSelect Dialog should call onMixedStateChange when a parent item is selected/unselected","location":null,"status":"passed","title":"should call onMixedStateChange when a parent item is selected/unselected"},{"ancestorTitles":["MultiSelect Dialog"],"failureMessages":[],"fullName":"MultiSelect Dialog should have indeterminate state for parent item if not all child items are checked","location":null,"status":"passed","title":"should have indeterminate state for parent item if not all child items are checked"},{"ancestorTitles":["MultiSelect Dialog"],"failureMessages":[],"fullName":"MultiSelect Dialog should check all child items if parent is checked","location":null,"status":"passed","title":"should check all child items if parent is checked"},{"ancestorTitles":["MultiSelect Dialog"],"failureMessages":[],"fullName":"MultiSelect Dialog should check parent item if all child items are checked","location":null,"status":"passed","title":"should check parent item if all child items are checked"},{"ancestorTitles":["MultiSelect Dialog"],"failureMessages":[],"fullName":"MultiSelect Dialog should render a count button with the correct count, should clear the selectedItems on click ","location":null,"status":"passed","title":"should render a count button with the correct count, should clear the selectedItems on click "},{"ancestorTitles":["MultiSelect Dialog"],"failureMessages":[],"fullName":"MultiSelect Dialog should render with a correct initial selection of items if passed to the component, upon clicking the count button to delet the selectedItmes, the MultiSelectMenuButton should have focus","location":null,"status":"passed","title":"should render with a correct initial selection of items if passed to the component, upon clicking the count button to delet the selectedItmes, the MultiSelectMenuButton should have focus"},{"ancestorTitles":["MultiSelect Dialog"],"failureMessages":[],"fullName":"MultiSelect Dialog should render the UI snapshot correctly","location":null,"status":"passed","title":"should render the UI snapshot correctly"},{"ancestorTitles":["MultiSelect Listbox"],"failureMessages":[],"fullName":"MultiSelect Listbox should initially render with provided id","location":null,"status":"passed","title":"should initially render with provided id"},{"ancestorTitles":["MultiSelect Listbox"],"failureMessages":[],"fullName":"MultiSelect Listbox should initially render with a given label","location":null,"status":"passed","title":"should initially render with a given label"},{"ancestorTitles":["MultiSelect Listbox"],"failureMessages":[],"fullName":"MultiSelect Listbox should initially render with open menu if isDefaultOpen prop is true","location":null,"status":"passed","title":"should initially render with open menu if isDefaultOpen prop is true"},{"ancestorTitles":["MultiSelect Listbox"],"failureMessages":[],"fullName":"MultiSelect Listbox should allow user to toggle menu by clicking menu button","location":null,"status":"passed","title":"should allow user to toggle menu by clicking menu button"},{"ancestorTitles":["MultiSelect Listbox"],"failureMessages":[],"fullName":"MultiSelect Listbox should call onChange when an item gets selected/unselected","location":null,"status":"passed","title":"should call onChange when an item gets selected/unselected"},{"ancestorTitles":["MultiSelect Listbox"],"failureMessages":[],"fullName":"MultiSelect Listbox should render a count button with the correct count, should clear the selectedItems on click","location":null,"status":"passed","title":"should render a count button with the correct count, should clear the selectedItems on click"},{"ancestorTitles":["MultiSelect Listbox"],"failureMessages":[],"fullName":"MultiSelect Listbox Renders the UI snapshot correctly","location":null,"status":"passed","title":"Renders the UI snapshot correctly"}],"endTime":1675720702811,"message":"","name":"/Users/isabellestettle/node-js/nypl-design-system/src/components/MultiSelect/MultiSelect.test.tsx","startTime":1675720677719,"status":"passed","summary":""},{"assertionResults":[{"ancestorTitles":["useCloseDropDown hook"],"failureMessages":[],"fullName":"useCloseDropDown hook closes a dropdown by clicking on an element outside of its component","location":null,"status":"passed","title":"closes a dropdown by clicking on an element outside of its component"},{"ancestorTitles":["useCloseDropDown hook"],"failureMessages":[],"fullName":"useCloseDropDown hook closes a dropdown when the esc key is pressed","location":null,"status":"passed","title":"closes a dropdown when the esc key is pressed"}],"endTime":1675720702871,"message":"","name":"/Users/isabellestettle/node-js/nypl-design-system/src/hooks/__tests__/useCloseDropDown.test.tsx","startTime":1675720700878,"status":"passed","summary":""},{"assertionResults":[{"ancestorTitles":["Radio Accessibility"],"failureMessages":[],"fullName":"Radio Accessibility passes axe accessibility with string labels","location":null,"status":"passed","title":"passes axe accessibility with string labels"},{"ancestorTitles":["Radio Accessibility"],"failureMessages":[],"fullName":"Radio Accessibility passes axe accessibility with jsx labels","location":null,"status":"passed","title":"passes axe accessibility with jsx labels"},{"ancestorTitles":["Radio Accessibility"],"failureMessages":[],"fullName":"Radio Accessibility passes axe accessibility with the legend hidden","location":null,"status":"passed","title":"passes axe accessibility with the legend hidden"},{"ancestorTitles":["Radio Button"],"failureMessages":[],"fullName":"Radio Button renders with radio inputs and a label","location":null,"status":"passed","title":"renders with radio inputs and a label"},{"ancestorTitles":["Radio Button"],"failureMessages":[],"fullName":"Radio Button <legend> element is available in the DOM when 'showLabel' prop is set to true or false","location":null,"status":"passed","title":"<legend> element is available in the DOM when 'showLabel' prop is set to true or false"},{"ancestorTitles":["Radio Button"],"failureMessages":[],"fullName":"Radio Button renders visible helper or error text","location":null,"status":"passed","title":"renders visible helper or error text"},{"ancestorTitles":["Radio Button"],"failureMessages":[],"fullName":"Radio Button sets the RadioGroup's ID","location":null,"status":"passed","title":"sets the RadioGroup's ID"},{"ancestorTitles":["Radio Button"],"failureMessages":[],"fullName":"Radio Button sets the next value through the onChange function","location":null,"status":"passed","title":"sets the next value through the onChange function"},{"ancestorTitles":["Radio Button"],"failureMessages":[],"fullName":"Radio Button sets the 'disabled' attribute for all its Radio children","location":null,"status":"passed","title":"sets the 'disabled' attribute for all its Radio children"},{"ancestorTitles":["Radio Button"],"failureMessages":[],"fullName":"Radio Button sets the 'required' attribute for all its Radio children","location":null,"status":"passed","title":"sets the 'required' attribute for all its Radio children"},{"ancestorTitles":["Radio Button"],"failureMessages":[],"fullName":"Radio Button sets the error state for all its Radio children","location":null,"status":"passed","title":"sets the error state for all its Radio children"},{"ancestorTitles":["Radio Button"],"failureMessages":[],"fullName":"Radio Button does not render the error text when 'showHelperInvalidText' is false","location":null,"status":"passed","title":"does not render the error text when 'showHelperInvalidText' is false"},{"ancestorTitles":["Radio Button"],"failureMessages":[],"fullName":"Radio Button renders the UI snapshot correctly","location":null,"status":"passed","title":"renders the UI snapshot correctly"},{"ancestorTitles":["Radio Button"],"failureMessages":[],"fullName":"Radio Button should throw warning when a non-Radio component is used as a child","location":null,"status":"passed","title":"should throw warning when a non-Radio component is used as a child"},{"ancestorTitles":["Radio Button"],"failureMessages":[],"fullName":"Radio Button logs a warning when there is no `id` passed","location":null,"status":"passed","title":"logs a warning when there is no `id` passed"},{"ancestorTitles":["Radio Button"],"failureMessages":[],"fullName":"Radio Button passes a ref to the input element","location":null,"status":"passed","title":"passes a ref to the input element"}],"endTime":1675720702894,"message":"","name":"/Users/isabellestettle/node-js/nypl-design-system/src/components/RadioGroup/RadioGroup.test.tsx","startTime":1675720697786,"status":"passed","summary":""},{"assertionResults":[{"ancestorTitles":["Grid Accessibility"],"failureMessages":[],"fullName":"Grid Accessibility passes axe accessibility test with children components","location":null,"status":"passed","title":"passes axe accessibility test with children components"},{"ancestorTitles":["SimpleGrid"],"failureMessages":[],"fullName":"SimpleGrid Renders the SimpleGrid UI snapshot correctly","location":null,"status":"passed","title":"Renders the SimpleGrid UI snapshot correctly"},{"ancestorTitles":["SimpleGrid"],"failureMessages":[],"fullName":"SimpleGrid Renders SimpleGrid component","location":null,"status":"passed","title":"Renders SimpleGrid component"},{"ancestorTitles":["SimpleGrid"],"failureMessages":[],"fullName":"SimpleGrid passes a ref to the div element","location":null,"status":"passed","title":"passes a ref to the div element"}],"endTime":1675720703108,"message":"","name":"/Users/isabellestettle/node-js/nypl-design-system/src/components/Grid/SimpleGrid.test.tsx","startTime":1675720701159,"status":"passed","summary":""},{"assertionResults":[{"ancestorTitles":["FilterBar Accessibility"],"failureMessages":[],"fullName":"FilterBar Accessibility should have no axe violations on desktop","location":null,"status":"passed","title":"should have no axe violations on desktop"},{"ancestorTitles":["FilterBar Accessibility"],"failureMessages":[],"fullName":"FilterBar Accessibility should have no axe violations on mobile","location":null,"status":"passed","title":"should have no axe violations on mobile"},{"ancestorTitles":["FilterBar"],"failureMessages":[],"fullName":"FilterBar should render the `Show Filter` button when window size is mobile","location":null,"status":"passed","title":"should render the `Show Filter` button when window size is mobile"},{"ancestorTitles":["FilterBar"],"failureMessages":[],"fullName":"FilterBar should open the filter modal whene `Show Filter` button is clicked","location":null,"status":"passed","title":"should open the filter modal whene `Show Filter` button is clicked"},{"ancestorTitles":["FilterBar"],"failureMessages":[],"fullName":"FilterBar should render a 'Clear Filters' button when showClearAll prop is passed","location":null,"status":"passed","title":"should render a 'Clear Filters' button when showClearAll prop is passed"},{"ancestorTitles":["FilterBar"],"failureMessages":[],"fullName":"FilterBar should render a 'Apply Filters' button when showSubmitAll prop is passed","location":null,"status":"passed","title":"should render a 'Apply Filters' button when showSubmitAll prop is passed"},{"ancestorTitles":["FilterBar"],"failureMessages":[],"fullName":"FilterBar should clear the selectedItems when 'Clear Filters' button is clicked","location":null,"status":"passed","title":"should clear the selectedItems when 'Clear Filters' button is clicked"},{"ancestorTitles":["FilterBar"],"failureMessages":[],"fullName":"FilterBar should call onSubmit function when 'Apply Filters' button is clicked","location":null,"status":"passed","title":"should call onSubmit function when 'Apply Filters' button is clicked"},{"ancestorTitles":["FilterBar"],"failureMessages":[],"fullName":"FilterBar renders the UI snapshots correctly","location":null,"status":"passed","title":"renders the UI snapshots correctly"}],"endTime":1675720704780,"message":"","name":"/Users/isabellestettle/node-js/nypl-design-system/src/components/FilterBar/FilterBar.test.tsx","startTime":1675720696023,"status":"passed","summary":""},{"assertionResults":[{"ancestorTitles":["FeedbackBox Accessibility"],"failureMessages":[],"fullName":"FeedbackBox Accessibility passes axe accessibility when closed","location":null,"status":"passed","title":"passes axe accessibility when closed"},{"ancestorTitles":["FeedbackBox Accessibility"],"failureMessages":[],"fullName":"FeedbackBox Accessibility passes axe accessibility when opened","location":null,"status":"passed","title":"passes axe accessibility when opened"},{"ancestorTitles":["FeedbackBox"],"failureMessages":[],"fullName":"FeedbackBox renders a button component","location":null,"status":"passed","title":"renders a button component"},{"ancestorTitles":["FeedbackBox"],"failureMessages":[],"fullName":"FeedbackBox renders the basic content when opened","location":null,"status":"passed","title":"renders the basic content when opened"},{"ancestorTitles":["FeedbackBox"],"failureMessages":[],"fullName":"FeedbackBox renders optional radio group and email field","location":null,"status":"passed","title":"renders optional radio group and email field"},{"ancestorTitles":["FeedbackBox"],"failureMessages":[],"fullName":"FeedbackBox sets the invalid state for the comment and email field","location":null,"status":"passed","title":"sets the invalid state for the comment and email field"},{"ancestorTitles":["FeedbackBox"],"failureMessages":[],"fullName":"FeedbackBox renders optional additional description text","location":null,"status":"passed","title":"renders optional additional description text"},{"ancestorTitles":["FeedbackBox"],"failureMessages":[],"fullName":"FeedbackBox renders optional notification text or JSX","location":null,"status":"passed","title":"renders optional notification text or JSX"},{"ancestorTitles":["FeedbackBox"],"failureMessages":[],"fullName":"FeedbackBox renders the `confirmation` screen through the `view` prop","location":null,"status":"passed","title":"renders the `confirmation` screen through the `view` prop"},{"ancestorTitles":["FeedbackBox"],"failureMessages":[],"fullName":"FeedbackBox renders the email `confirmation` message when showEmailField is true","location":null,"status":"passed","title":"renders the email `confirmation` message when showEmailField is true"},{"ancestorTitles":["FeedbackBox"],"failureMessages":[],"fullName":"FeedbackBox renders the `error` screen through the `view` prop","location":null,"status":"passed","title":"renders the `error` screen through the `view` prop"},{"ancestorTitles":["FeedbackBox"],"failureMessages":[],"fullName":"FeedbackBox submits the form and returns the submitted data","location":null,"status":"passed","title":"submits the form and returns the submitted data"},{"ancestorTitles":["FeedbackBox"],"failureMessages":[],"fullName":"FeedbackBox adds hidden fields data to the submitted data","location":null,"status":"passed","title":"adds hidden fields data to the submitted data"},{"ancestorTitles":["FeedbackBox"],"failureMessages":[],"fullName":"FeedbackBox transitions to the `form` screen from the `error` screen","location":null,"status":"passed","title":"transitions to the `form` screen from the `error` screen"},{"ancestorTitles":["FeedbackBox"],"failureMessages":[],"fullName":"FeedbackBox renders the UI snapshot correctly","location":null,"status":"passed","title":"renders the UI snapshot correctly"}],"endTime":1675720705301,"message":"","name":"/Users/isabellestettle/node-js/nypl-design-system/src/components/FeedbackBox/FeedbackBox.test.tsx","startTime":1675720696271,"status":"passed","summary":""}],"wasInterrupted":false}