{"numFailedTestSuites":1,"numFailedTests":9,"numPassedTestSuites":62,"numPassedTests":738,"numPendingTestSuites":3,"numPendingTests":60,"numRuntimeErrorTestSuites":0,"numTodoTests":0,"numTotalTestSuites":66,"numTotalTests":807,"openHandles":[],"snapshot":{"added":0,"didUpdate":false,"failure":false,"filesAdded":0,"filesRemoved":0,"filesRemovedList":[],"filesUnmatched":0,"filesUpdated":0,"matched":402,"total":402,"unchecked":0,"uncheckedKeysByFile":[],"unmatched":0,"updated":0},"startTime":1712956976038,"success":false,"testResults":[{"assertionResults":[{"ancestorTitles":["Tabs Accessibility"],"duration":1260,"failureDetails":[],"failureMessages":[],"fullName":"Tabs Accessibility passes axe accessibility test with the data prop","invocations":1,"location":null,"numPassingAsserts":1,"retryReasons":[],"status":"passed","title":"passes axe accessibility test with the data prop"},{"ancestorTitles":["Tabs Accessibility"],"duration":561,"failureDetails":[],"failureMessages":[],"fullName":"Tabs Accessibility passes axe accessibility test with children components","invocations":1,"location":null,"numPassingAsserts":1,"retryReasons":[],"status":"passed","title":"passes axe accessibility test with children components"},{"ancestorTitles":["Tabs"],"duration":211,"failureDetails":[],"failureMessages":[],"fullName":"Tabs renders all tabs but only one panel at a time with children","invocations":1,"location":null,"numPassingAsserts":6,"retryReasons":[],"status":"passed","title":"renders all tabs but only one panel at a time with children"},{"ancestorTitles":["Tabs"],"duration":245,"failureDetails":[],"failureMessages":[],"fullName":"Tabs renders all tabs but only one visible panel at a time with data prop","invocations":1,"location":null,"numPassingAsserts":6,"retryReasons":[],"status":"passed","title":"renders all tabs but only one visible panel at a time with data prop"},{"ancestorTitles":["Tabs"],"duration":475,"failureDetails":[],"failureMessages":[],"fullName":"Tabs switches between tabs","invocations":1,"location":null,"numPassingAsserts":11,"retryReasons":[],"status":"passed","title":"switches between tabs"},{"ancestorTitles":["Tabs"],"duration":230,"failureDetails":[],"failureMessages":[],"fullName":"Tabs renders the specified initial index value","invocations":1,"location":null,"numPassingAsserts":3,"retryReasons":[],"status":"passed","title":"renders the specified initial index value"},{"ancestorTitles":["Tabs"],"duration":491,"failureDetails":[],"failureMessages":[],"fullName":"Tabs invokes the callback function","invocations":1,"location":null,"numPassingAsserts":3,"retryReasons":[],"status":"passed","title":"invokes the callback function"},{"ancestorTitles":["Tabs"],"duration":7,"failureDetails":[],"failureMessages":[],"fullName":"Tabs should throw a warning when no data is passed","invocations":1,"location":null,"numPassingAsserts":1,"retryReasons":[],"status":"passed","title":"should throw a warning when no data is passed"},{"ancestorTitles":["Tabs"],"duration":92,"failureDetails":[],"failureMessages":[],"fullName":"Tabs should throw a warning when both the 'data' prop and children are passed","invocations":1,"location":null,"numPassingAsserts":1,"retryReasons":[],"status":"passed","title":"should throw a warning when both the 'data' prop and children are passed"},{"ancestorTitles":["Tabs"],"duration":74,"failureDetails":[],"failureMessages":[],"fullName":"Tabs should throw a warning when more than six object tabs are passed","invocations":1,"location":null,"numPassingAsserts":1,"retryReasons":[],"status":"passed","title":"should throw a warning when more than six object tabs are passed"},{"ancestorTitles":["Tabs"],"duration":216,"failureDetails":[],"failureMessages":[],"fullName":"Tabs renders the UI snapshot correctly","invocations":1,"location":null,"numPassingAsserts":3,"retryReasons":[],"status":"passed","title":"renders the UI snapshot correctly"},{"ancestorTitles":["Tabs"],"duration":65,"failureDetails":[],"failureMessages":[],"fullName":"Tabs passes a ref to the div wrapper element","invocations":1,"location":null,"numPassingAsserts":1,"retryReasons":[],"status":"passed","title":"passes a ref to the div wrapper element"}],"endTime":1712957000543,"message":"","name":"/Users/edwinguzman/projects/ds/nypl-design-system/src/components/Tabs/Tabs.test.tsx","startTime":1712956978017,"status":"passed","summary":""},{"assertionResults":[{"ancestorTitles":["Text Accessibility"],"duration":408,"failureDetails":[],"failureMessages":[],"fullName":"Text Accessibility passes axe accessibility test","invocations":1,"location":null,"numPassingAsserts":1,"retryReasons":[],"status":"passed","title":"passes axe accessibility test"},{"ancestorTitles":["Text"],"duration":50,"failureDetails":[],"failureMessages":[],"fullName":"Text renders a <p> tag and text","invocations":1,"location":null,"numPassingAsserts":1,"retryReasons":[],"status":"passed","title":"renders a <p> tag and text"},{"ancestorTitles":["Text"],"duration":4,"failureDetails":[],"failureMessages":[],"fullName":"Text throws a warning when no children are passed","invocations":1,"location":null,"numPassingAsserts":1,"retryReasons":[],"status":"passed","title":"throws a warning when no children are passed"},{"ancestorTitles":["Text"],"duration":33,"failureDetails":[],"failureMessages":[],"fullName":"Text throws a warning when isBold is used with size caption","invocations":1,"location":null,"numPassingAsserts":1,"retryReasons":[],"status":"passed","title":"throws a warning when isBold is used with size caption"},{"ancestorTitles":["Text"],"duration":7,"failureDetails":[],"failureMessages":[],"fullName":"Text throws a warning when isBold is used with size overline","invocations":1,"location":null,"numPassingAsserts":2,"retryReasons":[],"status":"passed","title":"throws a warning when isBold is used with size overline"},{"ancestorTitles":["Text"],"duration":30,"failureDetails":[],"failureMessages":[],"fullName":"Text throws a warning when isBold is used with size subtitle","invocations":1,"location":null,"numPassingAsserts":2,"retryReasons":[],"status":"passed","title":"throws a warning when isBold is used with size subtitle"},{"ancestorTitles":["Text"],"duration":3,"failureDetails":[],"failureMessages":[],"fullName":"Text throws a warning when isBold is used with size tag","invocations":1,"location":null,"numPassingAsserts":1,"retryReasons":[],"status":"passed","title":"throws a warning when isBold is used with size tag"},{"ancestorTitles":["Text"],"duration":4,"failureDetails":[],"failureMessages":[],"fullName":"Text throws a warning when isBold is used with size mini","invocations":1,"location":null,"numPassingAsserts":1,"retryReasons":[],"status":"passed","title":"throws a warning when isBold is used with size mini"},{"ancestorTitles":["Text"],"duration":75,"failureDetails":[],"failureMessages":[],"fullName":"Text renders the UI snapshot correctly","invocations":1,"location":null,"numPassingAsserts":10,"retryReasons":[],"status":"passed","title":"renders the UI snapshot correctly"},{"ancestorTitles":["Text"],"duration":3,"failureDetails":[],"failureMessages":[],"fullName":"Text passes a ref to the div wrapper element","invocations":1,"location":null,"numPassingAsserts":1,"retryReasons":[],"status":"passed","title":"passes a ref to the div wrapper element"}],"endTime":1712957010477,"message":"","name":"/Users/edwinguzman/projects/ds/nypl-design-system/src/components/Text/Text.test.tsx","startTime":1712956978009,"status":"passed","summary":""},{"assertionResults":[{"ancestorTitles":["StatusBadge Accessibility"],"duration":412,"failureDetails":[],"failureMessages":[],"fullName":"StatusBadge Accessibility passes axe accessibility test","invocations":1,"location":null,"numPassingAsserts":1,"retryReasons":[],"status":"passed","title":"passes axe accessibility test"},{"ancestorTitles":["StatusBadge"],"duration":36,"failureDetails":[],"failureMessages":[],"fullName":"StatusBadge renders a status badge and text","invocations":1,"location":null,"numPassingAsserts":1,"retryReasons":[],"status":"passed","title":"renders a status badge and text"},{"ancestorTitles":["StatusBadge"],"duration":20,"failureDetails":[],"failureMessages":[],"fullName":"StatusBadge throws a warning when no children are passed","invocations":1,"location":null,"numPassingAsserts":1,"retryReasons":[],"status":"passed","title":"throws a warning when no children are passed"},{"ancestorTitles":["StatusBadge"],"duration":100,"failureDetails":[],"failureMessages":[],"fullName":"StatusBadge renders the UI snapshot correctly","invocations":1,"location":null,"numPassingAsserts":11,"retryReasons":[],"status":"passed","title":"renders the UI snapshot correctly"},{"ancestorTitles":["StatusBadge"],"duration":40,"failureDetails":[],"failureMessages":[],"fullName":"StatusBadge passes a ref to the div wrapper element","invocations":1,"location":null,"numPassingAsserts":1,"retryReasons":[],"status":"passed","title":"passes a ref to the div wrapper element"}],"endTime":1712957010681,"message":"","name":"/Users/edwinguzman/projects/ds/nypl-design-system/src/components/StatusBadge/StatusBadge.test.tsx","startTime":1712956977994,"status":"passed","summary":""},{"assertionResults":[{"ancestorTitles":["HelperErrorText Accessibility"],"duration":400,"failureDetails":[],"failureMessages":[],"fullName":"HelperErrorText Accessibility passes axe accessibility test","invocations":1,"location":null,"numPassingAsserts":1,"retryReasons":[],"status":"passed","title":"passes axe accessibility test"},{"ancestorTitles":["HelperErrorText Accessibility"],"duration":94,"failureDetails":[],"failureMessages":[],"fullName":"HelperErrorText Accessibility passes axe accessibility test when not rendering","invocations":1,"location":null,"numPassingAsserts":1,"retryReasons":[],"status":"passed","title":"passes axe accessibility test when not rendering"},{"ancestorTitles":["HelperErrorText"],"duration":33,"failureDetails":[],"failureMessages":[],"fullName":"HelperErrorText renders the text passed","invocations":1,"location":null,"numPassingAsserts":2,"retryReasons":[],"status":"passed","title":"renders the text passed"},{"ancestorTitles":["HelperErrorText"],"duration":7,"failureDetails":[],"failureMessages":[],"fullName":"HelperErrorText renders the text passed as an HTML string","invocations":1,"location":null,"numPassingAsserts":1,"retryReasons":[],"status":"passed","title":"renders the text passed as an HTML string"},{"ancestorTitles":["HelperErrorText"],"duration":26,"failureDetails":[],"failureMessages":[],"fullName":"HelperErrorText renders the text passed as HTML","invocations":1,"location":null,"numPassingAsserts":1,"retryReasons":[],"status":"passed","title":"renders the text passed as HTML"},{"ancestorTitles":["HelperErrorText"],"duration":6,"failureDetails":[],"failureMessages":[],"fullName":"HelperErrorText renders the invalid state","invocations":1,"location":null,"numPassingAsserts":2,"retryReasons":[],"status":"passed","title":"renders the invalid state"},{"ancestorTitles":["HelperErrorText"],"duration":39,"failureDetails":[],"failureMessages":[],"fullName":"HelperErrorText has aria-atomic and aria-live attributes by default","invocations":1,"location":null,"numPassingAsserts":2,"retryReasons":[],"status":"passed","title":"has aria-atomic and aria-live attributes by default"},{"ancestorTitles":["HelperErrorText"],"duration":4,"failureDetails":[],"failureMessages":[],"fullName":"HelperErrorText sets custom aria-live attribute when ariaLive prop is passed as 'polite' or 'assertive'","invocations":1,"location":null,"numPassingAsserts":2,"retryReasons":[],"status":"passed","title":"sets custom aria-live attribute when ariaLive prop is passed as 'polite' or 'assertive'"},{"ancestorTitles":["HelperErrorText"],"duration":34,"failureDetails":[],"failureMessages":[],"fullName":"HelperErrorText does not have aria-live attribute when ariaLive prop is set to 'off'","invocations":1,"location":null,"numPassingAsserts":2,"retryReasons":[],"status":"passed","title":"does not have aria-live attribute when ariaLive prop is set to 'off'"},{"ancestorTitles":["HelperErrorText"],"duration":5,"failureDetails":[],"failureMessages":[],"fullName":"HelperErrorText accepts an aria-atomic value of false","invocations":1,"location":null,"numPassingAsserts":2,"retryReasons":[],"status":"passed","title":"accepts an aria-atomic value of false"},{"ancestorTitles":["HelperErrorText"],"duration":63,"failureDetails":[],"failureMessages":[],"fullName":"HelperErrorText Renders the UI snapshot correctly","invocations":1,"location":null,"numPassingAsserts":6,"retryReasons":[],"status":"passed","title":"Renders the UI snapshot correctly"},{"ancestorTitles":["HelperErrorText"],"duration":37,"failureDetails":[],"failureMessages":[],"fullName":"HelperErrorText passes a ref to the div element","invocations":1,"location":null,"numPassingAsserts":1,"retryReasons":[],"status":"passed","title":"passes a ref to the div element"}],"endTime":1712957010921,"message":"","name":"/Users/edwinguzman/projects/ds/nypl-design-system/src/components/HelperErrorText/HelperErrorText.test.tsx","startTime":1712956978082,"status":"passed","summary":""},{"assertionResults":[{"ancestorTitles":["Fieldset Accessibility"],"duration":540,"failureDetails":[],"failureMessages":[],"fullName":"Fieldset Accessibility passes axe accessibility","invocations":1,"location":null,"numPassingAsserts":1,"retryReasons":[],"status":"passed","title":"passes axe accessibility"},{"ancestorTitles":["Fieldset Accessibility"],"duration":99,"failureDetails":[],"failureMessages":[],"fullName":"Fieldset Accessibility passes axe accessibility with the legend hidden","invocations":1,"location":null,"numPassingAsserts":1,"retryReasons":[],"status":"passed","title":"passes axe accessibility with the legend hidden"},{"ancestorTitles":["Fieldset"],"duration":111,"failureDetails":[],"failureMessages":[],"fullName":"Fieldset renders text in a legend and fieldset along with its children","invocations":1,"location":null,"numPassingAsserts":3,"retryReasons":[],"status":"passed","title":"renders text in a legend and fieldset along with its children"},{"ancestorTitles":["Fieldset"],"duration":6,"failureDetails":[],"failureMessages":[],"fullName":"Fieldset renders '(Required)' text in the legend when `isRequired` is true","invocations":1,"location":null,"numPassingAsserts":1,"retryReasons":[],"status":"passed","title":"renders '(Required)' text in the legend when `isRequired` is true"},{"ancestorTitles":["Fieldset"],"duration":35,"failureDetails":[],"failureMessages":[],"fullName":"Fieldset can hide the '(Required)' text in the legend but still show the main text","invocations":1,"location":null,"numPassingAsserts":3,"retryReasons":[],"status":"passed","title":"can hide the '(Required)' text in the legend but still show the main text"},{"ancestorTitles":["Fieldset"],"duration":6,"failureDetails":[],"failureMessages":[],"fullName":"Fieldset logs a warning when there is no `id` passed","invocations":1,"location":null,"numPassingAsserts":1,"retryReasons":[],"status":"passed","title":"logs a warning when there is no `id` passed"},{"ancestorTitles":["Fieldset"],"duration":73,"failureDetails":[],"failureMessages":[],"fullName":"Fieldset renders the UI snapshot correctly","invocations":1,"location":null,"numPassingAsserts":6,"retryReasons":[],"status":"passed","title":"renders the UI snapshot correctly"},{"ancestorTitles":["Fieldset"],"duration":3,"failureDetails":[],"failureMessages":[],"fullName":"Fieldset passes a ref to the fieldset element","invocations":1,"location":null,"numPassingAsserts":1,"retryReasons":[],"status":"passed","title":"passes a ref to the fieldset element"}],"endTime":1712957011430,"message":"","name":"/Users/edwinguzman/projects/ds/nypl-design-system/src/components/Fieldset/Fieldset.test.tsx","startTime":1712956978054,"status":"passed","summary":""},{"assertionResults":[{"ancestorTitles":["HorizontalRule Accessibility"],"duration":337,"failureDetails":[],"failureMessages":[],"fullName":"HorizontalRule Accessibility passes axe accessibility test","invocations":1,"location":null,"numPassingAsserts":1,"retryReasons":[],"status":"passed","title":"passes axe accessibility test"},{"ancestorTitles":["HorizontalRule"],"duration":97,"failureDetails":[],"failureMessages":[],"fullName":"HorizontalRule renders HorizontalRule component","invocations":1,"location":null,"numPassingAsserts":1,"retryReasons":[],"status":"passed","title":"renders HorizontalRule component"},{"ancestorTitles":["HorizontalRule"],"duration":10,"failureDetails":[],"failureMessages":[],"fullName":"HorizontalRule renders with proper custom class","invocations":1,"location":null,"numPassingAsserts":1,"retryReasons":[],"status":"passed","title":"renders with proper custom class"},{"ancestorTitles":["HorizontalRule"],"duration":83,"failureDetails":[],"failureMessages":[],"fullName":"HorizontalRule renders the UI snapshot correctly","invocations":1,"location":null,"numPassingAsserts":7,"retryReasons":[],"status":"passed","title":"renders the UI snapshot correctly"},{"ancestorTitles":["HorizontalRule"],"duration":4,"failureDetails":[],"failureMessages":[],"fullName":"HorizontalRule passes a ref to the hr element","invocations":1,"location":null,"numPassingAsserts":1,"retryReasons":[],"status":"passed","title":"passes a ref to the hr element"}],"endTime":1712957011927,"message":"","name":"/Users/edwinguzman/projects/ds/nypl-design-system/src/components/HorizontalRule/HorizontalRule.test.tsx","startTime":1712956978042,"status":"passed","summary":""},{"assertionResults":[{"ancestorTitles":["Label Accessibility"],"duration":208,"failureDetails":[],"failureMessages":[],"fullName":"Label Accessibility passes axe accessibility test","invocations":1,"location":null,"numPassingAsserts":1,"retryReasons":[],"status":"passed","title":"passes axe accessibility test"},{"ancestorTitles":["Label Accessibility"],"duration":125,"failureDetails":[],"failureMessages":[],"fullName":"Label Accessibility passes axe accessibility test with required text","invocations":1,"location":null,"numPassingAsserts":1,"retryReasons":[],"status":"passed","title":"passes axe accessibility test with required text"},{"ancestorTitles":["Label"],"duration":6,"failureDetails":[],"failureMessages":[],"fullName":"Label renders a label element when passed text as children","invocations":1,"location":null,"numPassingAsserts":1,"retryReasons":[],"status":"passed","title":"renders a label element when passed text as children"},{"ancestorTitles":["Label"],"duration":14,"failureDetails":[],"failureMessages":[],"fullName":"Label renders a label element when passed element as children","invocations":1,"location":null,"numPassingAsserts":1,"retryReasons":[],"status":"passed","title":"renders a label element when passed element as children"},{"ancestorTitles":["Label"],"duration":6,"failureDetails":[],"failureMessages":[],"fullName":"Label renders the '(Required)' helper text","invocations":1,"location":null,"numPassingAsserts":2,"retryReasons":[],"status":"passed","title":"renders the '(Required)' helper text"},{"ancestorTitles":["Label"],"duration":74,"failureDetails":[],"failureMessages":[],"fullName":"Label renders a custom '(Required)' helper text when provided","invocations":1,"location":null,"numPassingAsserts":4,"retryReasons":[],"status":"passed","title":"renders a custom '(Required)' helper text when provided"},{"ancestorTitles":["Label"],"duration":33,"failureDetails":[],"failureMessages":[],"fullName":"Label Logs a warning when there is no `id` passed","invocations":1,"location":null,"numPassingAsserts":1,"retryReasons":[],"status":"passed","title":"Logs a warning when there is no `id` passed"},{"ancestorTitles":["Label"],"duration":15,"failureDetails":[],"failureMessages":[],"fullName":"Label Renders the UI snapshot correctly","invocations":1,"location":null,"numPassingAsserts":5,"retryReasons":[],"status":"passed","title":"Renders the UI snapshot correctly"},{"ancestorTitles":["Label"],"duration":3,"failureDetails":[],"failureMessages":[],"fullName":"Label passes a ref to the div wrapper element","invocations":1,"location":null,"numPassingAsserts":1,"retryReasons":[],"status":"passed","title":"passes a ref to the div wrapper element"}],"endTime":1712957012120,"message":"","name":"/Users/edwinguzman/projects/ds/nypl-design-system/src/components/Label/Label.test.tsx","startTime":1712957000662,"status":"passed","summary":""},{"assertionResults":[{"ancestorTitles":["ProgressIndicator Accessibility"],"duration":998,"failureDetails":[],"failureMessages":[],"fullName":"ProgressIndicator Accessibility passes axe accessibility for linear and circular types","invocations":1,"location":null,"numPassingAsserts":2,"retryReasons":[],"status":"passed","title":"passes axe accessibility for linear and circular types"},{"ancestorTitles":["ProgressIndicator Accessibility"],"duration":299,"failureDetails":[],"failureMessages":[],"fullName":"ProgressIndicator Accessibility passes axe accessibility for linear and circular types without labels","invocations":1,"location":null,"numPassingAsserts":2,"retryReasons":[],"status":"passed","title":"passes axe accessibility for linear and circular types without labels"},{"ancestorTitles":["ProgressIndicator Accessibility"],"duration":388,"failureDetails":[],"failureMessages":[],"fullName":"ProgressIndicator Accessibility passes axe accessibility for linear and circular types for indeterminate state","invocations":1,"location":null,"numPassingAsserts":2,"retryReasons":[],"status":"passed","title":"passes axe accessibility for linear and circular types for indeterminate state"},{"ancestorTitles":["ProgressIndicator"],"duration":36,"failureDetails":[],"failureMessages":[],"fullName":"ProgressIndicator renders a label and a progressbar for the linear type","invocations":1,"location":null,"numPassingAsserts":2,"retryReasons":[],"status":"passed","title":"renders a label and a progressbar for the linear type"},{"ancestorTitles":["ProgressIndicator"],"duration":66,"failureDetails":[],"failureMessages":[],"fullName":"ProgressIndicator renders a label, a progressbar, and an svg for the circular type","invocations":1,"location":null,"numPassingAsserts":3,"retryReasons":[],"status":"passed","title":"renders a label, a progressbar, and an svg for the circular type"},{"ancestorTitles":["ProgressIndicator"],"duration":35,"failureDetails":[],"failureMessages":[],"fullName":"ProgressIndicator renders the appropriate aria atttribute when the label is hidden","invocations":1,"location":null,"numPassingAsserts":2,"retryReasons":[],"status":"passed","title":"renders the appropriate aria atttribute when the label is hidden"},{"ancestorTitles":["ProgressIndicator"],"duration":14,"failureDetails":[],"failureMessages":[],"fullName":"ProgressIndicator renders the value passed","invocations":1,"location":null,"numPassingAsserts":3,"retryReasons":[],"status":"passed","title":"renders the value passed"},{"ancestorTitles":["ProgressIndicator"],"duration":4,"failureDetails":[],"failureMessages":[],"fullName":"ProgressIndicator logs a warning if a value less than 0 is passed","invocations":1,"location":null,"numPassingAsserts":1,"retryReasons":[],"status":"passed","title":"logs a warning if a value less than 0 is passed"},{"ancestorTitles":["ProgressIndicator"],"duration":36,"failureDetails":[],"failureMessages":[],"fullName":"ProgressIndicator logs a warning if a value more than 100 is passed","invocations":1,"location":null,"numPassingAsserts":1,"retryReasons":[],"status":"passed","title":"logs a warning if a value more than 100 is passed"},{"ancestorTitles":["ProgressIndicator"],"duration":76,"failureDetails":[],"failureMessages":[],"fullName":"ProgressIndicator Renders the UI snapshot correctly","invocations":1,"location":null,"numPassingAsserts":8,"retryReasons":[],"status":"passed","title":"Renders the UI snapshot correctly"},{"ancestorTitles":["ProgressIndicator"],"duration":5,"failureDetails":[],"failureMessages":[],"fullName":"ProgressIndicator passes a ref to the div wrapper element","invocations":1,"location":null,"numPassingAsserts":1,"retryReasons":[],"status":"passed","title":"passes a ref to the div wrapper element"}],"endTime":1712957013245,"message":"","name":"/Users/edwinguzman/projects/ds/nypl-design-system/src/components/ProgressIndicator/ProgressIndicator.test.tsx","startTime":1712956978008,"status":"passed","summary":""},{"assertionResults":[{"ancestorTitles":["useNYPLBreakpoints"],"duration":56,"failureDetails":[],"failureMessages":[],"fullName":"useNYPLBreakpoints should report the correct media query match on window resize","invocations":1,"location":null,"numPassingAsserts":5,"retryReasons":[],"status":"passed","title":"should report the correct media query match on window resize"}],"endTime":1712957013268,"message":"","name":"/Users/edwinguzman/projects/ds/nypl-design-system/src/hooks/__tests__/useNYPLBreakpoints.test.ts","startTime":1712957010970,"status":"passed","summary":""},{"assertionResults":[{"ancestorTitles":["range"],"duration":3,"failureDetails":[],"failureMessages":[],"fullName":"range returns an array of values not including the stop argument","invocations":1,"location":null,"numPassingAsserts":3,"retryReasons":[],"status":"passed","title":"returns an array of values not including the stop argument"},{"ancestorTitles":["range"],"duration":2,"failureDetails":[],"failureMessages":[],"fullName":"range returns an array of values skipping by the step argument","invocations":1,"location":null,"numPassingAsserts":6,"retryReasons":[],"status":"passed","title":"returns an array of values skipping by the step argument"}],"endTime":1712957013470,"message":"","name":"/Users/edwinguzman/projects/ds/nypl-design-system/src/__tests__/utils/utils.test.ts","startTime":1712957011475,"status":"passed","summary":""},{"assertionResults":[{"ancestorTitles":["Image Accessibility"],"duration":505,"failureDetails":[],"failureMessages":[],"fullName":"Image Accessibility passes axe accessibility for regular img element","invocations":1,"location":null,"numPassingAsserts":1,"retryReasons":[],"status":"passed","title":"passes axe accessibility for regular img element"},{"ancestorTitles":["Image Accessibility"],"duration":129,"failureDetails":[],"failureMessages":[],"fullName":"Image Accessibility passes axe accessibility for regular lazy loading img element","invocations":1,"location":null,"numPassingAsserts":1,"retryReasons":[],"status":"passed","title":"passes axe accessibility for regular lazy loading img element"},{"ancestorTitles":["Image Accessibility"],"duration":284,"failureDetails":[],"failureMessages":[],"fullName":"Image Accessibility passes axe accessibility for figure element wrapper","invocations":1,"location":null,"numPassingAsserts":1,"retryReasons":[],"status":"passed","title":"passes axe accessibility for figure element wrapper"},{"ancestorTitles":["Image Accessibility"],"duration":195,"failureDetails":[],"failureMessages":[],"fullName":"Image Accessibility passes axe accessibility for figure lazy loading element wrapper","invocations":1,"location":null,"numPassingAsserts":1,"retryReasons":[],"status":"passed","title":"passes axe accessibility for figure lazy loading element wrapper"},{"ancestorTitles":["Image"],"duration":51,"failureDetails":[],"failureMessages":[],"fullName":"Image does not render an image src when `isLazy` is true until it is 'inView'","invocations":1,"location":null,"numPassingAsserts":1,"retryReasons":[],"status":"passed","title":"does not render an image src when `isLazy` is true until it is 'inView'"},{"ancestorTitles":["Image"],"duration":20,"failureDetails":[],"failureMessages":[],"fullName":"Image renders a simple image not wrapped in a figure element","invocations":1,"location":null,"numPassingAsserts":2,"retryReasons":[],"status":"passed","title":"renders a simple image not wrapped in a figure element"},{"ancestorTitles":["Image"],"duration":68,"failureDetails":[],"failureMessages":[],"fullName":"Image renders an image wrapped in figure when provided a caption","invocations":1,"location":null,"numPassingAsserts":3,"retryReasons":[],"status":"passed","title":"renders an image wrapped in figure when provided a caption"},{"ancestorTitles":["Image"],"duration":40,"failureDetails":[],"failureMessages":[],"fullName":"Image renders an image wrapped in figure when provided an image credit","invocations":1,"location":null,"numPassingAsserts":3,"retryReasons":[],"status":"passed","title":"renders an image wrapped in figure when provided an image credit"},{"ancestorTitles":["Image"],"duration":56,"failureDetails":[],"failureMessages":[],"fullName":"Image renders an image wrapped in figure with credit and caption","invocations":1,"location":null,"numPassingAsserts":4,"retryReasons":[],"status":"passed","title":"renders an image wrapped in figure with credit and caption"},{"ancestorTitles":["Image"],"duration":135,"failureDetails":[],"failureMessages":[],"fullName":"Image throws error when alt text is too long","invocations":1,"location":null,"numPassingAsserts":1,"retryReasons":[],"status":"passed","title":"throws error when alt text is too long"},{"ancestorTitles":["Image"],"duration":220,"failureDetails":[],"failureMessages":[],"fullName":"Image Renders the UI snapshot correctly","invocations":1,"location":null,"numPassingAsserts":21,"retryReasons":[],"status":"passed","title":"Renders the UI snapshot correctly"},{"ancestorTitles":["Image"],"duration":4,"failureDetails":[],"failureMessages":[],"fullName":"Image passes a ref to the div wrapper element","invocations":1,"location":null,"numPassingAsserts":1,"retryReasons":[],"status":"passed","title":"passes a ref to the div wrapper element"}],"endTime":1712957013556,"message":"","name":"/Users/edwinguzman/projects/ds/nypl-design-system/src/components/Image/Image.test.tsx","startTime":1712956977946,"status":"passed","summary":""},{"assertionResults":[{"ancestorTitles":["useStateWithDependencies hook"],"duration":318,"failureDetails":[],"failureMessages":[],"fullName":"useStateWithDependencies hook updates its internal value through its `set` function","invocations":1,"location":null,"numPassingAsserts":4,"retryReasons":[],"status":"passed","title":"updates its internal value through its `set` function"},{"ancestorTitles":["useStateWithDependencies hook"],"duration":84,"failureDetails":[],"failureMessages":[],"fullName":"useStateWithDependencies hook updates its internal value through a prop value","invocations":1,"location":null,"numPassingAsserts":5,"retryReasons":[],"status":"passed","title":"updates its internal value through a prop value"}],"endTime":1712957013752,"message":"","name":"/Users/edwinguzman/projects/ds/nypl-design-system/src/hooks/__tests__/useStateWithDependencies.test.tsx","startTime":1712957010718,"status":"passed","summary":""},{"assertionResults":[{"ancestorTitles":["useCloseDropDown hook"],"duration":69,"failureDetails":[],"failureMessages":[],"fullName":"useCloseDropDown hook closes a dropdown by clicking on an element outside of its component","invocations":1,"location":null,"numPassingAsserts":3,"retryReasons":[],"status":"passed","title":"closes a dropdown by clicking on an element outside of its component"},{"ancestorTitles":["useCloseDropDown hook"],"duration":43,"failureDetails":[],"failureMessages":[],"fullName":"useCloseDropDown hook closes a dropdown when the esc key is pressed","invocations":1,"location":null,"numPassingAsserts":3,"retryReasons":[],"status":"passed","title":"closes a dropdown when the esc key is pressed"}],"endTime":1712957013938,"message":"","name":"/Users/edwinguzman/projects/ds/nypl-design-system/src/hooks/__tests__/useCloseDropDown.test.tsx","startTime":1712957010527,"status":"passed","summary":""},{"assertionResults":[{"ancestorTitles":["useCarouselStyles hook"],"duration":7,"failureDetails":[],"failureMessages":[],"fullName":"useCarouselStyles hook returns two functions and a CSS style object","invocations":1,"location":null,"numPassingAsserts":3,"retryReasons":[],"status":"passed","title":"returns two functions and a CSS style object"},{"ancestorTitles":["useCarouselStyles hook"],"duration":22,"failureDetails":[],"failureMessages":[],"fullName":"useCarouselStyles hook updates the style object when the nextSlide function is clicked","invocations":1,"location":null,"numPassingAsserts":4,"retryReasons":[],"status":"passed","title":"updates the style object when the nextSlide function is clicked"},{"ancestorTitles":["useCarouselStyles hook"],"duration":8,"failureDetails":[],"failureMessages":[],"fullName":"useCarouselStyles hook updates the style object when the prevSlide function is clicked","invocations":1,"location":null,"numPassingAsserts":4,"retryReasons":[],"status":"passed","title":"updates the style object when the prevSlide function is clicked"},{"ancestorTitles":["useCarouselStyles hook"],"duration":4,"failureDetails":[],"failureMessages":[],"fullName":"useCarouselStyles hook resets the slide back to the first slide","invocations":1,"location":null,"numPassingAsserts":3,"retryReasons":[],"status":"passed","title":"resets the slide back to the first slide"},{"ancestorTitles":["useCarouselStyles hook"],"duration":1,"failureDetails":[],"failureMessages":[],"fullName":"useCarouselStyles hook can set a custom slide count and slide width","invocations":1,"location":null,"numPassingAsserts":2,"retryReasons":[],"status":"passed","title":"can set a custom slide count and slide width"}],"endTime":1712957014130,"message":"","name":"/Users/edwinguzman/projects/ds/nypl-design-system/src/hooks/__tests__/useCarouselStyles.test.ts","startTime":1712957012029,"status":"passed","summary":""},{"assertionResults":[{"ancestorTitles":["useFilterBar hook"],"duration":7,"failureDetails":[],"failureMessages":[],"fullName":"useFilterBar hook should return a boolean value isModalOpen, functions onOpen, onClose and onToggle to change the isModalOpen state and all functions from useMultiSelect","invocations":1,"location":null,"numPassingAsserts":10,"retryReasons":[],"status":"passed","title":"should return a boolean value isModalOpen, functions onOpen, onClose and onToggle to change the isModalOpen state and all functions from useMultiSelect"},{"ancestorTitles":["useFilterBar hook"],"duration":3,"failureDetails":[],"failureMessages":[],"fullName":"useFilterBar hook should change the isModalOpen value when onToggle is called","invocations":1,"location":null,"numPassingAsserts":2,"retryReasons":[],"status":"passed","title":"should change the isModalOpen value when onToggle is called"},{"ancestorTitles":["useFilterBar hook"],"duration":3,"failureDetails":[],"failureMessages":[],"fullName":"useFilterBar hook should change and keep the isModalOpen value as true when onOpen is called","invocations":1,"location":null,"numPassingAsserts":3,"retryReasons":[],"status":"passed","title":"should change and keep the isModalOpen value as true when onOpen is called"},{"ancestorTitles":["useFilterBar hook"],"duration":2,"failureDetails":[],"failureMessages":[],"fullName":"useFilterBar hook should change and keep the isModalOpen value as false when onClose is called","invocations":1,"location":null,"numPassingAsserts":4,"retryReasons":[],"status":"passed","title":"should change and keep the isModalOpen value as false when onClose is called"}],"endTime":1712957014613,"message":"","name":"/Users/edwinguzman/projects/ds/nypl-design-system/src/hooks/__tests__/useFilterBar.test.ts","startTime":1712957012193,"status":"passed","summary":""},{"assertionResults":[{"ancestorTitles":["SkeletonLoader Accessibility"],"duration":887,"failureDetails":[],"failureMessages":[],"fullName":"SkeletonLoader Accessibility passes axe accessibility test","invocations":1,"location":null,"numPassingAsserts":1,"retryReasons":[],"status":"passed","title":"passes axe accessibility test"},{"ancestorTitles":["SkeletonLoader"],"duration":47,"failureDetails":[],"failureMessages":[],"fullName":"SkeletonLoader renders default layout","invocations":1,"location":null,"numPassingAsserts":1,"retryReasons":[],"status":"passed","title":"renders default layout"},{"ancestorTitles":["SkeletonLoader"],"duration":42,"failureDetails":[],"failureMessages":[],"fullName":"SkeletonLoader renders in the column or row layout","invocations":1,"location":null,"numPassingAsserts":2,"retryReasons":[],"status":"passed","title":"renders in the column or row layout"},{"ancestorTitles":["SkeletonLoader"],"duration":12,"failureDetails":[],"failureMessages":[],"fullName":"SkeletonLoader renders default elements","invocations":1,"location":null,"numPassingAsserts":1,"retryReasons":[],"status":"passed","title":"renders default elements"},{"ancestorTitles":["SkeletonLoader"],"duration":34,"failureDetails":[],"failureMessages":[],"fullName":"SkeletonLoader renders without image","invocations":1,"location":null,"numPassingAsserts":1,"retryReasons":[],"status":"passed","title":"renders without image"},{"ancestorTitles":["SkeletonLoader"],"duration":21,"failureDetails":[],"failureMessages":[],"fullName":"SkeletonLoader renders without heading","invocations":1,"location":null,"numPassingAsserts":1,"retryReasons":[],"status":"passed","title":"renders without heading"},{"ancestorTitles":["SkeletonLoader"],"duration":3,"failureDetails":[],"failureMessages":[],"fullName":"SkeletonLoader renders without content","invocations":1,"location":null,"numPassingAsserts":1,"retryReasons":[],"status":"passed","title":"renders without content"},{"ancestorTitles":["SkeletonLoader"],"duration":22,"failureDetails":[],"failureMessages":[],"fullName":"SkeletonLoader renders with button","invocations":1,"location":null,"numPassingAsserts":1,"retryReasons":[],"status":"passed","title":"renders with button"},{"ancestorTitles":["SkeletonLoader"],"duration":207,"failureDetails":[],"failureMessages":[],"fullName":"SkeletonLoader renders the UI snapshot correctly","invocations":1,"location":null,"numPassingAsserts":12,"retryReasons":[],"status":"passed","title":"renders the UI snapshot correctly"},{"ancestorTitles":["SkeletonLoader"],"duration":8,"failureDetails":[],"failureMessages":[],"fullName":"SkeletonLoader passes a ref to the div wrapper element","invocations":1,"location":null,"numPassingAsserts":1,"retryReasons":[],"status":"passed","title":"passes a ref to the div wrapper element"}],"endTime":1712957014939,"message":"","name":"/Users/edwinguzman/projects/ds/nypl-design-system/src/components/SkeletonLoader/SkeletonLoader.test.tsx","startTime":1712956978036,"status":"passed","summary":""},{"assertionResults":[{"ancestorTitles":["getSectionColors"],"duration":24,"failureDetails":[],"failureMessages":[],"fullName":"getSectionColors returns an object with primary and secondary colors for the passed type","invocations":1,"location":null,"numPassingAsserts":4,"retryReasons":[],"status":"passed","title":"returns an object with primary and secondary colors for the passed type"},{"ancestorTitles":["getSectionColors"],"duration":0,"failureDetails":[],"failureMessages":[],"fullName":"getSectionColors returns a string with the appropriate color value","invocations":1,"location":null,"numPassingAsserts":4,"retryReasons":[],"status":"passed","title":"returns a string with the appropriate color value"},{"ancestorTitles":["getSectionColors"],"duration":1,"failureDetails":[],"failureMessages":[],"fullName":"getSectionColors returns a string with the dark mode color variant","invocations":1,"location":null,"numPassingAsserts":4,"retryReasons":[],"status":"passed","title":"returns a string with the dark mode color variant"}],"endTime":1712957015245,"message":"","name":"/Users/edwinguzman/projects/ds/nypl-design-system/src/__tests__/utils/getSectionColors.test.ts","startTime":1712957013341,"status":"passed","summary":""},{"assertionResults":[{"ancestorTitles":["useMultiSelect hook"],"duration":43,"failureDetails":[],"failureMessages":[],"fullName":"useMultiSelect hook should return five functions and a object containing a key items with all currently selectItems","invocations":1,"location":null,"numPassingAsserts":6,"retryReasons":[],"status":"passed","title":"should return five functions and a object containing a key items with all currently selectItems"},{"ancestorTitles":["useMultiSelect hook"],"duration":3,"failureDetails":[],"failureMessages":[],"fullName":"useMultiSelect hook should update the selectedItems when the onChange function is called","invocations":1,"location":null,"numPassingAsserts":3,"retryReasons":[],"status":"passed","title":"should update the selectedItems when the onChange function is called"},{"ancestorTitles":["useMultiSelect hook"],"duration":3,"failureDetails":[],"failureMessages":[],"fullName":"useMultiSelect hook should update the selectedItems when the onMixedstateChange function is called","invocations":1,"location":null,"numPassingAsserts":2,"retryReasons":[],"status":"passed","title":"should update the selectedItems when the onMixedstateChange function is called"},{"ancestorTitles":["useMultiSelect hook"],"duration":1,"failureDetails":[],"failureMessages":[],"fullName":"useMultiSelect hook should be able to handle multiple MultiSelects","invocations":1,"location":null,"numPassingAsserts":3,"retryReasons":[],"status":"passed","title":"should be able to handle multiple MultiSelects"},{"ancestorTitles":["useMultiSelect hook"],"duration":29,"failureDetails":[],"failureMessages":[],"fullName":"useMultiSelect hook should remove the selectedItems of the multiSelect passed to the onClear function","invocations":1,"location":null,"numPassingAsserts":4,"retryReasons":[],"status":"passed","title":"should remove the selectedItems of the multiSelect passed to the onClear function"},{"ancestorTitles":["useMultiSelect hook"],"duration":2,"failureDetails":[],"failureMessages":[],"fullName":"useMultiSelect hook should set the selectedItems to the state passed to setSelectedItems and reset the selectedItems to an empty object when onClearAll is called","invocations":1,"location":null,"numPassingAsserts":3,"retryReasons":[],"status":"passed","title":"should set the selectedItems to the state passed to setSelectedItems and reset the selectedItems to an empty object when onClearAll is called"}],"endTime":1712957015466,"message":"","name":"/Users/edwinguzman/projects/ds/nypl-design-system/src/hooks/__tests__/useMultiSelect.test.ts","startTime":1712957013277,"status":"passed","summary":""},{"assertionResults":[{"ancestorTitles":["Table Accessibility"],"duration":1192,"failureDetails":[],"failureMessages":[],"fullName":"Table Accessibility passes axe accessibility test with the columnHeaders and tableData prop","invocations":1,"location":null,"numPassingAsserts":1,"retryReasons":[],"status":"passed","title":"passes axe accessibility test with the columnHeaders and tableData prop"},{"ancestorTitles":["Table Accessibility"],"duration":407,"failureDetails":[],"failureMessages":[],"fullName":"Table Accessibility passes axe accessibility test with tableData prop","invocations":1,"location":null,"numPassingAsserts":1,"retryReasons":[],"status":"passed","title":"passes axe accessibility test with tableData prop"},{"ancestorTitles":["Table"],"duration":163,"failureDetails":[],"failureMessages":[],"fullName":"Table renders a caption","invocations":1,"location":null,"numPassingAsserts":1,"retryReasons":[],"status":"passed","title":"renders a caption"},{"ancestorTitles":["Table"],"duration":65,"failureDetails":[],"failureMessages":[],"fullName":"Table renders a table header","invocations":1,"location":null,"numPassingAsserts":3,"retryReasons":[],"status":"passed","title":"renders a table header"},{"ancestorTitles":["Table"],"duration":126,"failureDetails":[],"failureMessages":[],"fullName":"Table renders table data","invocations":1,"location":null,"numPassingAsserts":3,"retryReasons":[],"status":"passed","title":"renders table data"},{"ancestorTitles":["Table"],"duration":242,"failureDetails":[],"failureMessages":[],"fullName":"Table logs a warning when the `columnHeaders` prop is an empty array","invocations":1,"location":null,"numPassingAsserts":1,"retryReasons":[],"status":"passed","title":"logs a warning when the `columnHeaders` prop is an empty array"},{"ancestorTitles":["Table"],"duration":5,"failureDetails":[],"failureMessages":[],"fullName":"Table logs a warning when the `tableData` prop is an empty array","invocations":1,"location":null,"numPassingAsserts":1,"retryReasons":[],"status":"passed","title":"logs a warning when the `tableData` prop is an empty array"},{"ancestorTitles":["Table"],"duration":90,"failureDetails":[],"failureMessages":[],"fullName":"Table logs a warning when the columns in each `tableData` row are not identical","invocations":1,"location":null,"numPassingAsserts":1,"retryReasons":[],"status":"passed","title":"logs a warning when the columns in each `tableData` row are not identical"},{"ancestorTitles":["Table"],"duration":87,"failureDetails":[],"failureMessages":[],"fullName":"Table logs a warning when the column headers `columnHeaders` is not equal the number of columns in the data table","invocations":1,"location":null,"numPassingAsserts":1,"retryReasons":[],"status":"passed","title":"logs a warning when the column headers `columnHeaders` is not equal the number of columns in the data table"},{"ancestorTitles":["Table"],"duration":167,"failureDetails":[],"failureMessages":[],"fullName":"Table renders JSX elements from the data array","invocations":1,"location":null,"numPassingAsserts":1,"retryReasons":[],"status":"passed","title":"renders JSX elements from the data array"},{"ancestorTitles":["Table"],"duration":415,"failureDetails":[],"failureMessages":[],"fullName":"Table renders the UI snapshot correctly","invocations":1,"location":null,"numPassingAsserts":8,"retryReasons":[],"status":"passed","title":"renders the UI snapshot correctly"},{"ancestorTitles":["Table"],"duration":156,"failureDetails":[],"failureMessages":[],"fullName":"Table passes a ref to the table element","invocations":1,"location":null,"numPassingAsserts":1,"retryReasons":[],"status":"passed","title":"passes a ref to the table element"}],"endTime":1712957017102,"message":"","name":"/Users/edwinguzman/projects/ds/nypl-design-system/src/components/Table/Table.test.tsx","startTime":1712956977991,"status":"passed","summary":""},{"assertionResults":[{"ancestorTitles":["useNYPLTheme"],"duration":61,"failureDetails":[],"failureMessages":[],"fullName":"useNYPLTheme returns an empty object when not used inside a DSProvider component","invocations":1,"location":null,"numPassingAsserts":2,"retryReasons":[],"status":"passed","title":"returns an empty object when not used inside a DSProvider component"},{"ancestorTitles":["useNYPLTheme"],"duration":766,"failureDetails":[],"failureMessages":[],"fullName":"useNYPLTheme returns an object with NYPL styles","invocations":1,"location":null,"numPassingAsserts":2,"retryReasons":[],"status":"passed","title":"returns an object with NYPL styles"}],"endTime":1712957018241,"message":"","name":"/Users/edwinguzman/projects/ds/nypl-design-system/src/hooks/__tests__/useNYPLTheme.test.tsx","startTime":1712956978042,"status":"passed","summary":""},{"assertionResults":[{"ancestorTitles":["useDSHeading hook"],"duration":95,"failureDetails":[],"failureMessages":[],"fullName":"useDSHeading hook renders an H2 heading by default when a string is passed","invocations":1,"location":null,"numPassingAsserts":1,"retryReasons":[],"status":"passed","title":"renders an H2 heading by default when a string is passed"},{"ancestorTitles":["useDSHeading hook"],"duration":10,"failureDetails":[],"failureMessages":[],"fullName":"useDSHeading hook renders the custom heading element when an element is passed","invocations":1,"location":null,"numPassingAsserts":1,"retryReasons":[],"status":"passed","title":"renders the custom heading element when an element is passed"},{"ancestorTitles":["useDSHeading hook"],"duration":19,"failureDetails":[],"failureMessages":[],"fullName":"useDSHeading hook logs an warning if an HTML heading element was passed","invocations":1,"location":null,"numPassingAsserts":2,"retryReasons":[],"status":"passed","title":"logs an warning if an HTML heading element was passed"},{"ancestorTitles":["useDSHeading hook"],"duration":2,"failureDetails":[],"failureMessages":[],"fullName":"useDSHeading hook logs a warning and does not render the title if the custom heading is not a DS Heading component or an HTML heading element.","invocations":1,"location":null,"numPassingAsserts":2,"retryReasons":[],"status":"passed","title":"logs a warning and does not render the title if the custom heading is not a DS Heading component or an HTML heading element."}],"endTime":1712957028475,"message":"","name":"/Users/edwinguzman/projects/ds/nypl-design-system/src/hooks/__tests__/useDSHeading.test.tsx","startTime":1712957013484,"status":"passed","summary":""},{"assertionResults":[{"ancestorTitles":["StyledList Accessibility"],"duration":316,"failureDetails":[],"failureMessages":[],"fullName":"StyledList Accessibility passes axe accessibility test for li children","invocations":1,"location":null,"numPassingAsserts":1,"retryReasons":[],"status":"passed","title":"passes axe accessibility test for li children"},{"ancestorTitles":["StyledList Accessibility"],"duration":252,"failureDetails":[],"failureMessages":[],"fullName":"StyledList Accessibility passes axe accessibility test for listItems data array","invocations":1,"location":null,"numPassingAsserts":1,"retryReasons":[],"status":"passed","title":"passes axe accessibility test for listItems data array"},{"ancestorTitles":["StyledList Accessibility"],"duration":420,"failureDetails":[],"failureMessages":[],"fullName":"StyledList Accessibility passes axe accessibility test for listItems JSX data array","invocations":1,"location":null,"numPassingAsserts":1,"retryReasons":[],"status":"passed","title":"passes axe accessibility test for listItems JSX data array"},{"ancestorTitles":["StyledList"],"duration":52,"failureDetails":[],"failureMessages":[],"fullName":"StyledList renders unordered list","invocations":1,"location":null,"numPassingAsserts":3,"retryReasons":[],"status":"passed","title":"renders unordered list"},{"ancestorTitles":["StyledList"],"duration":56,"failureDetails":[],"failureMessages":[],"fullName":"StyledList renders unordered list with the `listItems` prop","invocations":1,"location":null,"numPassingAsserts":5,"retryReasons":[],"status":"passed","title":"renders unordered list with the `listItems` prop"},{"ancestorTitles":["StyledList"],"duration":2,"failureDetails":[],"failureMessages":[],"fullName":"StyledList consoles a warning when children and the `listItems` prop are both passed","invocations":1,"location":null,"numPassingAsserts":1,"retryReasons":[],"status":"passed","title":"consoles a warning when children and the `listItems` prop are both passed"},{"ancestorTitles":["StyledList"],"duration":3,"failureDetails":[],"failureMessages":[],"fullName":"StyledList consoles a warning when you pass children that aren't <li>s","invocations":1,"location":null,"numPassingAsserts":1,"retryReasons":[],"status":"passed","title":"consoles a warning when you pass children that aren't <li>s"},{"ancestorTitles":["StyledList"],"duration":15,"failureDetails":[],"failureMessages":[],"fullName":"StyledList Renders the UI snapshot correctly","invocations":1,"location":null,"numPassingAsserts":9,"retryReasons":[],"status":"passed","title":"Renders the UI snapshot correctly"}],"endTime":1712957030298,"message":"","name":"/Users/edwinguzman/projects/ds/nypl-design-system/src/components/StyledList/StyledList.test.tsx","startTime":1712957015267,"status":"passed","summary":""},{"assertionResults":[{"ancestorTitles":["VideoPlayer Accessibility"],"duration":788,"failureDetails":[],"failureMessages":[],"fullName":"VideoPlayer Accessibility passes axe accessibility test","invocations":1,"location":null,"numPassingAsserts":1,"retryReasons":[],"status":"passed","title":"passes axe accessibility test"},{"ancestorTitles":["VideoPlayer","YouTube player"],"duration":38,"failureDetails":[],"failureMessages":[],"fullName":"VideoPlayer YouTube player Renders VideoPlayer container","invocations":1,"location":null,"numPassingAsserts":1,"retryReasons":[],"status":"passed","title":"Renders VideoPlayer container"},{"ancestorTitles":["VideoPlayer","YouTube player"],"duration":95,"failureDetails":[],"failureMessages":[],"fullName":"VideoPlayer YouTube player Renders VideoPlayer iframe","invocations":1,"location":null,"numPassingAsserts":1,"retryReasons":[],"status":"passed","title":"Renders VideoPlayer iframe"},{"ancestorTitles":["VideoPlayer","YouTube player"],"duration":19,"failureDetails":[],"failureMessages":[],"fullName":"VideoPlayer YouTube player Renders YouTube video","invocations":1,"location":null,"numPassingAsserts":1,"retryReasons":[],"status":"passed","title":"Renders YouTube video"},{"ancestorTitles":["VideoPlayer","Vimeo player"],"duration":13,"failureDetails":[],"failureMessages":[],"fullName":"VideoPlayer Vimeo player Renders VideoPlayer iframe","invocations":1,"location":null,"numPassingAsserts":1,"retryReasons":[],"status":"passed","title":"Renders VideoPlayer iframe"},{"ancestorTitles":["VideoPlayer","Vimeo player"],"duration":12,"failureDetails":[],"failureMessages":[],"fullName":"VideoPlayer Vimeo player Renders Vimeo video","invocations":1,"location":null,"numPassingAsserts":1,"retryReasons":[],"status":"passed","title":"Renders Vimeo video"},{"ancestorTitles":["VideoPlayer","using embedCode prop"],"duration":184,"failureDetails":[],"failureMessages":[],"fullName":"VideoPlayer using embedCode prop Renders custom embed code","invocations":1,"location":null,"numPassingAsserts":2,"retryReasons":[],"status":"passed","title":"Renders custom embed code"},{"ancestorTitles":["VideoPlayer","using embedCode prop"],"duration":59,"failureDetails":[],"failureMessages":[],"fullName":"VideoPlayer using embedCode prop Renders custom embed code with custom iframe title","invocations":1,"location":null,"numPassingAsserts":1,"retryReasons":[],"status":"passed","title":"Renders custom embed code with custom iframe title"},{"ancestorTitles":["VideoPlayer","using embedCode prop"],"duration":37,"failureDetails":[],"failureMessages":[],"fullName":"VideoPlayer using embedCode prop Renders custom embed code with pre-existing title","invocations":1,"location":null,"numPassingAsserts":1,"retryReasons":[],"status":"passed","title":"Renders custom embed code with pre-existing title"},{"ancestorTitles":["VideoPlayer","using embedCode prop"],"duration":13,"failureDetails":[],"failureMessages":[],"fullName":"VideoPlayer using embedCode prop Renders custom embed code with pre-existing title and ignores `iframeTitle` prop","invocations":1,"location":null,"numPassingAsserts":1,"retryReasons":[],"status":"passed","title":"Renders custom embed code with pre-existing title and ignores `iframeTitle` prop"},{"ancestorTitles":["VideoPlayer","text elements"],"duration":85,"failureDetails":[],"failureMessages":[],"fullName":"VideoPlayer text elements Renders Heading component","invocations":1,"location":null,"numPassingAsserts":1,"retryReasons":[],"status":"passed","title":"Renders Heading component"},{"ancestorTitles":["VideoPlayer","text elements"],"duration":88,"failureDetails":[],"failureMessages":[],"fullName":"VideoPlayer text elements Renders a custom heading level","invocations":1,"location":null,"numPassingAsserts":1,"retryReasons":[],"status":"passed","title":"Renders a custom heading level"},{"ancestorTitles":["VideoPlayer","text elements"],"duration":11,"failureDetails":[],"failureMessages":[],"fullName":"VideoPlayer text elements Renders description text","invocations":1,"location":null,"numPassingAsserts":1,"retryReasons":[],"status":"passed","title":"Renders description text"},{"ancestorTitles":["VideoPlayer","text elements"],"duration":90,"failureDetails":[],"failureMessages":[],"fullName":"VideoPlayer text elements Renders HelperErrorText component","invocations":1,"location":null,"numPassingAsserts":1,"retryReasons":[],"status":"passed","title":"Renders HelperErrorText component"},{"ancestorTitles":["VideoPlayer","text elements"],"duration":41,"failureDetails":[],"failureMessages":[],"fullName":"VideoPlayer text elements does not render the helper text","invocations":1,"location":null,"numPassingAsserts":1,"retryReasons":[],"status":"passed","title":"does not render the helper text"},{"ancestorTitles":["VideoPlayer","custom iframe title"],"duration":42,"failureDetails":[],"failureMessages":[],"fullName":"VideoPlayer custom iframe title Uses iframeTitle prop to add custom title attribute to iframe","invocations":1,"location":null,"numPassingAsserts":1,"retryReasons":[],"status":"passed","title":"Uses iframeTitle prop to add custom title attribute to iframe"},{"ancestorTitles":["VideoPlayer","prop validation"],"duration":46,"failureDetails":[],"failureMessages":[],"fullName":"VideoPlayer prop validation Throws error if the videoId prop not is formatted properly","invocations":1,"location":null,"numPassingAsserts":1,"retryReasons":[],"status":"passed","title":"Throws error if the videoId prop not is formatted properly"},{"ancestorTitles":["VideoPlayer","prop validation"],"duration":35,"failureDetails":[],"failureMessages":[],"fullName":"VideoPlayer prop validation Throws appropriate error if VideoPlayer props are not configured properly","invocations":1,"location":null,"numPassingAsserts":7,"retryReasons":[],"status":"passed","title":"Throws appropriate error if VideoPlayer props are not configured properly"},{"ancestorTitles":["VideoPlayer"],"duration":38,"failureDetails":[],"failureMessages":[],"fullName":"VideoPlayer renders the UI snapshot correctly","invocations":1,"location":null,"numPassingAsserts":6,"retryReasons":[],"status":"passed","title":"renders the UI snapshot correctly"},{"ancestorTitles":["VideoPlayer"],"duration":19,"failureDetails":[],"failureMessages":[],"fullName":"VideoPlayer passes a ref to the div warpper element","invocations":1,"location":null,"numPassingAsserts":1,"retryReasons":[],"status":"passed","title":"passes a ref to the div warpper element"}],"endTime":1712957030331,"message":"","name":"/Users/edwinguzman/projects/ds/nypl-design-system/src/components/VideoPlayer/VideoPlayer.test.tsx","startTime":1712957013636,"status":"passed","summary":""},{"assertionResults":[{"ancestorTitles":["Toggle Accessibility"],"duration":593,"failureDetails":[],"failureMessages":[],"fullName":"Toggle Accessibility Passes axe accessibility test","invocations":1,"location":null,"numPassingAsserts":1,"retryReasons":[],"status":"passed","title":"Passes axe accessibility test"},{"ancestorTitles":["Toggle"],"duration":87,"failureDetails":[],"failureMessages":[],"fullName":"Toggle Renders with a Toggle input and label","invocations":1,"location":null,"numPassingAsserts":2,"retryReasons":[],"status":"passed","title":"Renders with a Toggle input and label"},{"ancestorTitles":["Toggle"],"duration":206,"failureDetails":[],"failureMessages":[],"fullName":"Toggle Renders visible helper or error text","invocations":1,"location":null,"numPassingAsserts":4,"retryReasons":[],"status":"passed","title":"Renders visible helper or error text"},{"ancestorTitles":["Toggle"],"duration":82,"failureDetails":[],"failureMessages":[],"fullName":"Toggle Sets the Toggle's ID","invocations":1,"location":null,"numPassingAsserts":1,"retryReasons":[],"status":"passed","title":"Sets the Toggle's ID"},{"ancestorTitles":["Toggle"],"duration":111,"failureDetails":[],"failureMessages":[],"fullName":"Toggle Sets the 'checked' attribute","invocations":1,"location":null,"numPassingAsserts":1,"retryReasons":[],"status":"passed","title":"Sets the 'checked' attribute"},{"ancestorTitles":["Toggle"],"duration":110,"failureDetails":[],"failureMessages":[],"fullName":"Toggle Sets the 'disabled' attribute","invocations":1,"location":null,"numPassingAsserts":1,"retryReasons":[],"status":"passed","title":"Sets the 'disabled' attribute"},{"ancestorTitles":["Toggle"],"duration":46,"failureDetails":[],"failureMessages":[],"fullName":"Toggle Sets the error state","invocations":1,"location":null,"numPassingAsserts":2,"retryReasons":[],"status":"passed","title":"Sets the error state"},{"ancestorTitles":["Toggle"],"duration":106,"failureDetails":[],"failureMessages":[],"fullName":"Toggle does not render the error text when 'isInvalid' is true but 'invalidText' is not passed","invocations":1,"location":null,"numPassingAsserts":2,"retryReasons":[],"status":"passed","title":"does not render the error text when 'isInvalid' is true but 'invalidText' is not passed"},{"ancestorTitles":["Toggle"],"duration":288,"failureDetails":[],"failureMessages":[],"fullName":"Toggle Changing the value calls the onChange handler","invocations":1,"location":null,"numPassingAsserts":2,"retryReasons":[],"status":"passed","title":"Changing the value calls the onChange handler"},{"ancestorTitles":["Toggle"],"duration":6,"failureDetails":[],"failureMessages":[],"fullName":"Toggle Logs a warning when there is no `id` passed","invocations":1,"location":null,"numPassingAsserts":1,"retryReasons":[],"status":"passed","title":"Logs a warning when there is no `id` passed"},{"ancestorTitles":["Toggle"],"duration":106,"failureDetails":[],"failureMessages":[],"fullName":"Toggle Renders the UI snapshot correctly","invocations":1,"location":null,"numPassingAsserts":7,"retryReasons":[],"status":"passed","title":"Renders the UI snapshot correctly"},{"ancestorTitles":["Toggle"],"duration":5,"failureDetails":[],"failureMessages":[],"fullName":"Toggle passes a ref to the input element","invocations":1,"location":null,"numPassingAsserts":1,"retryReasons":[],"status":"passed","title":"passes a ref to the input element"}],"endTime":1712957030425,"message":"","name":"/Users/edwinguzman/projects/ds/nypl-design-system/src/components/Toggle/Toggle.test.tsx","startTime":1712957013958,"status":"passed","summary":""},{"assertionResults":[{"ancestorTitles":["SocialMediaLinks Accessibility","Labels"],"duration":null,"failureDetails":[],"failureMessages":[],"fullName":"SocialMediaLinks Accessibility Labels passes axe accessibility test without visible labels","invocations":1,"location":null,"numPassingAsserts":0,"retryReasons":[],"status":"pending","title":"passes axe accessibility test without visible labels"},{"ancestorTitles":["SocialMediaLinks Accessibility","Labels"],"duration":null,"failureDetails":[],"failureMessages":[],"fullName":"SocialMediaLinks Accessibility Labels passes axe accessibility test with labels set to true","invocations":1,"location":null,"numPassingAsserts":0,"retryReasons":[],"status":"pending","title":"passes axe accessibility test with labels set to true"},{"ancestorTitles":["SocialMediaLinks Accessibility","Colors"],"duration":null,"failureDetails":[],"failureMessages":[],"fullName":"SocialMediaLinks Accessibility Colors passes axe accessibility test with link color & labels","invocations":1,"location":null,"numPassingAsserts":0,"retryReasons":[],"status":"pending","title":"passes axe accessibility test with link color & labels"},{"ancestorTitles":["SocialMediaLinks Accessibility","Colors"],"duration":null,"failureDetails":[],"failureMessages":[],"fullName":"SocialMediaLinks Accessibility Colors passes axe accessibility test with textInverse color & labels","invocations":1,"location":null,"numPassingAsserts":0,"retryReasons":[],"status":"pending","title":"passes axe accessibility test with textInverse color & labels"},{"ancestorTitles":["SocialMediaLinks Accessibility","Borders"],"duration":null,"failureDetails":[],"failureMessages":[],"fullName":"SocialMediaLinks Accessibility Borders passes axe accessibility test with straight borders & labels","invocations":1,"location":null,"numPassingAsserts":0,"retryReasons":[],"status":"pending","title":"passes axe accessibility test with straight borders & labels"},{"ancestorTitles":["SocialMediaLinks Accessibility","Borders"],"duration":null,"failureDetails":[],"failureMessages":[],"fullName":"SocialMediaLinks Accessibility Borders passes axe accessibility test with circular borders","invocations":1,"location":null,"numPassingAsserts":0,"retryReasons":[],"status":"pending","title":"passes axe accessibility test with circular borders"},{"ancestorTitles":["SocialMediaLinks"],"duration":null,"failureDetails":[],"failureMessages":[],"fullName":"SocialMediaLinks Renders default","invocations":1,"location":null,"numPassingAsserts":0,"retryReasons":[],"status":"pending","title":"Renders default"},{"ancestorTitles":["SocialMediaLinks"],"duration":null,"failureDetails":[],"failureMessages":[],"fullName":"SocialMediaLinks Renders selected types","invocations":1,"location":null,"numPassingAsserts":0,"retryReasons":[],"status":"pending","title":"Renders selected types"},{"ancestorTitles":["SocialMediaLinks"],"duration":null,"failureDetails":[],"failureMessages":[],"fullName":"SocialMediaLinks logs an error if border='circular' and showLabels=true","invocations":1,"location":null,"numPassingAsserts":0,"retryReasons":[],"status":"pending","title":"logs an error if border='circular' and showLabels=true"},{"ancestorTitles":["SocialMediaLinks Snapshot"],"duration":null,"failureDetails":[],"failureMessages":[],"fullName":"SocialMediaLinks Snapshot Renders the UI snapshot correctly when the layout is in a row.","invocations":1,"location":null,"numPassingAsserts":0,"retryReasons":[],"status":"pending","title":"Renders the UI snapshot correctly when the layout is in a row."},{"ancestorTitles":["SocialMediaLinks Snapshot"],"duration":null,"failureDetails":[],"failureMessages":[],"fullName":"SocialMediaLinks Snapshot Renders the UI snapshot correctly when the layout is in a column.","invocations":1,"location":null,"numPassingAsserts":0,"retryReasons":[],"status":"pending","title":"Renders the UI snapshot correctly when the layout is in a column."},{"ancestorTitles":["SocialMediaLinks Snapshot"],"duration":null,"failureDetails":[],"failureMessages":[],"fullName":"SocialMediaLinks Snapshot Renders the UI snapshot correctly when linksData has a value.","invocations":1,"location":null,"numPassingAsserts":0,"retryReasons":[],"status":"pending","title":"Renders the UI snapshot correctly when linksData has a value."}],"coverage":{},"endTime":1712957070830,"message":"","name":"/Users/edwinguzman/projects/ds/nypl-design-system/src/components/SocialMediaLinks/SocialMediaLinks.test.tsx","startTime":1712957070830,"status":"skipped","summary":""},{"assertionResults":[{"ancestorTitles":["TemplateAppContainer accessibility"],"duration":561,"failureDetails":[],"failureMessages":[],"fullName":"TemplateAppContainer accessibility passes axe accessibility test","invocations":1,"location":null,"numPassingAsserts":1,"retryReasons":[],"status":"passed","title":"passes axe accessibility test"},{"ancestorTitles":["Template components accessibility"],"duration":592,"failureDetails":[],"failureMessages":[],"fullName":"Template components accessibility passes axe accessibility test","invocations":1,"location":null,"numPassingAsserts":1,"retryReasons":[],"status":"passed","title":"passes axe accessibility test"},{"ancestorTitles":["TemplateAppContainer component"],"duration":85,"failureDetails":[],"failureMessages":[],"fullName":"TemplateAppContainer component renders each section","invocations":1,"location":null,"numPassingAsserts":9,"retryReasons":[],"status":"passed","title":"renders each section"},{"ancestorTitles":["TemplateAppContainer component"],"duration":120,"failureDetails":[],"failureMessages":[],"fullName":"TemplateAppContainer component renders a #mainContent id in the `main` DOM element","invocations":1,"location":null,"numPassingAsserts":2,"retryReasons":[],"status":"passed","title":"renders a #mainContent id in the `main` DOM element"},{"ancestorTitles":["TemplateAppContainer component"],"duration":48,"failureDetails":[],"failureMessages":[],"fullName":"TemplateAppContainer component renders only one header in a custom header component","invocations":1,"location":null,"numPassingAsserts":1,"retryReasons":[],"status":"passed","title":"renders only one header in a custom header component"},{"ancestorTitles":["TemplateAppContainer component"],"duration":9,"failureDetails":[],"failureMessages":[],"fullName":"TemplateAppContainer component consoles a warning when a header element was passed without setting `renderHeaderElement` to false","invocations":1,"location":null,"numPassingAsserts":1,"retryReasons":[],"status":"passed","title":"consoles a warning when a header element was passed without setting `renderHeaderElement` to false"},{"ancestorTitles":["TemplateAppContainer component"],"duration":13,"failureDetails":[],"failureMessages":[],"fullName":"TemplateAppContainer component renders only one footer in a custom footer component","invocations":1,"location":null,"numPassingAsserts":1,"retryReasons":[],"status":"passed","title":"renders only one footer in a custom footer component"},{"ancestorTitles":["TemplateAppContainer component"],"duration":4,"failureDetails":[],"failureMessages":[],"fullName":"TemplateAppContainer component consoles a warning when a footer element was passed without setting `renderFooterElement` to false","invocations":1,"location":null,"numPassingAsserts":1,"retryReasons":[],"status":"passed","title":"consoles a warning when a footer element was passed without setting `renderFooterElement` to false"},{"ancestorTitles":["Template components"],"duration":15,"failureDetails":[],"failureMessages":[],"fullName":"Template components renders each section","invocations":1,"location":null,"numPassingAsserts":9,"retryReasons":[],"status":"passed","title":"renders each section"},{"ancestorTitles":["Template components"],"duration":5,"failureDetails":[],"failureMessages":[],"fullName":"Template components renders a #mainContent id in the TemplateContent component","invocations":1,"location":null,"numPassingAsserts":2,"retryReasons":[],"status":"passed","title":"renders a #mainContent id in the TemplateContent component"},{"ancestorTitles":["Template components"],"duration":123,"failureDetails":[],"failureMessages":[],"fullName":"Template components renders the UI snapshot correctly","invocations":1,"location":null,"numPassingAsserts":4,"retryReasons":[],"status":"passed","title":"renders the UI snapshot correctly"},{"ancestorTitles":["Template components"],"duration":66,"failureDetails":[],"failureMessages":[],"fullName":"Template components passes a ref to the div wrapper element","invocations":1,"location":null,"numPassingAsserts":1,"retryReasons":[],"status":"passed","title":"passes a ref to the div wrapper element"}],"endTime":1712957031203,"message":"","name":"/Users/edwinguzman/projects/ds/nypl-design-system/src/components/Template/Template.test.tsx","startTime":1712957015041,"status":"passed","summary":""},{"assertionResults":[{"ancestorTitles":["Tooltip accessibility"],"duration":1036,"failureDetails":[],"failureMessages":[],"fullName":"Tooltip accessibility passes axe accessibility test with string content","invocations":1,"location":null,"numPassingAsserts":1,"retryReasons":[],"status":"passed","title":"passes axe accessibility test with string content"},{"ancestorTitles":["Tooltip accessibility"],"duration":1292,"failureDetails":[],"failureMessages":[],"fullName":"Tooltip accessibility passes axe accessibility test with Image content","invocations":1,"location":null,"numPassingAsserts":1,"retryReasons":[],"status":"passed","title":"passes axe accessibility test with Image content"},{"ancestorTitles":["Tooltip accessibility"],"duration":594,"failureDetails":[],"failureMessages":[],"fullName":"Tooltip accessibility passes axe accessibility test with Icon content","invocations":1,"location":null,"numPassingAsserts":1,"retryReasons":[],"status":"passed","title":"passes axe accessibility test with Icon content"},{"ancestorTitles":["Tooltip"],"duration":null,"failureDetails":[],"failureMessages":[],"fullName":"Tooltip should render on pointerOver and close on mouseleave","invocations":1,"location":null,"numPassingAsserts":0,"retryReasons":[],"status":"pending","title":"should render on pointerOver and close on mouseleave"},{"ancestorTitles":["Tooltip"],"duration":null,"failureDetails":[],"failureMessages":[],"fullName":"Tooltip should render after 500ms","invocations":1,"location":null,"numPassingAsserts":0,"retryReasons":[],"status":"pending","title":"should render after 500ms"},{"ancestorTitles":["Tooltip"],"duration":null,"failureDetails":[],"failureMessages":[],"fullName":"Tooltip should not render on pointerOver if isDisabled is true","invocations":1,"location":null,"numPassingAsserts":0,"retryReasons":[],"status":"pending","title":"should not render on pointerOver if isDisabled is true"},{"ancestorTitles":["Tooltip"],"duration":null,"failureDetails":[],"failureMessages":[],"fullName":"Tooltip should render on pointerOver if isDisabled has a falsy value","invocations":1,"location":null,"numPassingAsserts":0,"retryReasons":[],"status":"pending","title":"should render on pointerOver if isDisabled has a falsy value"},{"ancestorTitles":["Tooltip"],"duration":null,"failureDetails":[],"failureMessages":[],"fullName":"Tooltip should render on pointerOver and closes on pressing 'esc'","invocations":1,"location":null,"numPassingAsserts":0,"retryReasons":[],"status":"pending","title":"should render on pointerOver and closes on pressing 'esc'"},{"ancestorTitles":["Tooltip"],"duration":null,"failureDetails":[],"failureMessages":[],"fullName":"Tooltip logs a warning if `content` is not a string, number, Icon, or Image","invocations":1,"location":null,"numPassingAsserts":0,"retryReasons":[],"status":"pending","title":"logs a warning if `content` is not a string, number, Icon, or Image"}],"endTime":1712957031876,"message":"","name":"/Users/edwinguzman/projects/ds/nypl-design-system/src/components/Tooltip/Tooltip.test.tsx","startTime":1712957013762,"status":"focused","summary":""},{"assertionResults":[{"ancestorTitles":["SkipNavigation Accessibility"],"duration":452,"failureDetails":[],"failureMessages":[],"fullName":"SkipNavigation Accessibility passes axe accessibility test","invocations":1,"location":null,"numPassingAsserts":1,"retryReasons":[],"status":"passed","title":"passes axe accessibility test"},{"ancestorTitles":["Label"],"duration":36,"failureDetails":[],"failureMessages":[],"fullName":"Label renders a nav element with an unordered list","invocations":1,"location":null,"numPassingAsserts":3,"retryReasons":[],"status":"passed","title":"renders a nav element with an unordered list"},{"ancestorTitles":["Label"],"duration":39,"failureDetails":[],"failureMessages":[],"fullName":"Label renders two links","invocations":1,"location":null,"numPassingAsserts":2,"retryReasons":[],"status":"passed","title":"renders two links"},{"ancestorTitles":["Label"],"duration":38,"failureDetails":[],"failureMessages":[],"fullName":"Label renders a custom main link target","invocations":1,"location":null,"numPassingAsserts":1,"retryReasons":[],"status":"passed","title":"renders a custom main link target"},{"ancestorTitles":["Label"],"duration":55,"failureDetails":[],"failureMessages":[],"fullName":"Label Renders the UI snapshot correctly","invocations":1,"location":null,"numPassingAsserts":4,"retryReasons":[],"status":"passed","title":"Renders the UI snapshot correctly"},{"ancestorTitles":["Label"],"duration":4,"failureDetails":[],"failureMessages":[],"fullName":"Label passes a ref to the nav wrapper element","invocations":1,"location":null,"numPassingAsserts":1,"retryReasons":[],"status":"passed","title":"passes a ref to the nav wrapper element"}],"endTime":1712957032978,"message":"","name":"/Users/edwinguzman/projects/ds/nypl-design-system/src/components/SkipNavigation/SkipNavigation.test.tsx","startTime":1712957028528,"status":"passed","summary":""},{"assertionResults":[{"ancestorTitles":["StructuredContent Accessibility"],"duration":701,"failureDetails":[],"failureMessages":[],"fullName":"StructuredContent Accessibility passes axe accessibility for HTML string text content","invocations":1,"location":null,"numPassingAsserts":1,"retryReasons":[],"status":"passed","title":"passes axe accessibility for HTML string text content"},{"ancestorTitles":["StructuredContent Accessibility"],"duration":767,"failureDetails":[],"failureMessages":[],"fullName":"StructuredContent Accessibility passes axe accessibility for HTML DOM text content","invocations":1,"location":null,"numPassingAsserts":1,"retryReasons":[],"status":"passed","title":"passes axe accessibility for HTML DOM text content"},{"ancestorTitles":["StructuredContent Accessibility"],"duration":256,"failureDetails":[],"failureMessages":[],"fullName":"StructuredContent Accessibility passes axe accessibility without an image","invocations":1,"location":null,"numPassingAsserts":1,"retryReasons":[],"status":"passed","title":"passes axe accessibility without an image"},{"ancestorTitles":["StructuredContent"],"duration":143,"failureDetails":[],"failureMessages":[],"fullName":"StructuredContent renders two headings, an image, and body text","invocations":1,"location":null,"numPassingAsserts":4,"retryReasons":[],"status":"passed","title":"renders two headings, an image, and body text"},{"ancestorTitles":["StructuredContent"],"duration":95,"failureDetails":[],"failureMessages":[],"fullName":"StructuredContent renders a custom heading and callout level","invocations":1,"location":null,"numPassingAsserts":2,"retryReasons":[],"status":"passed","title":"renders a custom heading and callout level"},{"ancestorTitles":["StructuredContent"],"duration":96,"failureDetails":[],"failureMessages":[],"fullName":"StructuredContent optionally renders without the headings","invocations":1,"location":null,"numPassingAsserts":4,"retryReasons":[],"status":"passed","title":"optionally renders without the headings"},{"ancestorTitles":["StructuredContent"],"duration":60,"failureDetails":[],"failureMessages":[],"fullName":"StructuredContent optionally renders without the image","invocations":1,"location":null,"numPassingAsserts":4,"retryReasons":[],"status":"passed","title":"optionally renders without the image"},{"ancestorTitles":["StructuredContent"],"duration":52,"failureDetails":[],"failureMessages":[],"fullName":"StructuredContent logs a warning when an image is used but no alt text is passed to `imageProps.alt`","invocations":1,"location":null,"numPassingAsserts":2,"retryReasons":[],"status":"passed","title":"logs a warning when an image is used but no alt text is passed to `imageProps.alt`"},{"ancestorTitles":["StructuredContent"],"duration":128,"failureDetails":[],"failureMessages":[],"fullName":"StructuredContent renders an image wrapped in figure when provided an image caption or credit","invocations":1,"location":null,"numPassingAsserts":8,"retryReasons":[],"status":"passed","title":"renders an image wrapped in figure when provided an image caption or credit"},{"ancestorTitles":["StructuredContent"],"duration":31,"failureDetails":[],"failureMessages":[],"fullName":"StructuredContent renders a simple image element when no image caption or credit are provided","invocations":1,"location":null,"numPassingAsserts":4,"retryReasons":[],"status":"passed","title":"renders a simple image element when no image caption or credit are provided"},{"ancestorTitles":["StructuredContent"],"duration":73,"failureDetails":[],"failureMessages":[],"fullName":"StructuredContent renders the UI snapshot","invocations":1,"location":null,"numPassingAsserts":8,"retryReasons":[],"status":"passed","title":"renders the UI snapshot"},{"ancestorTitles":["StructuredContent"],"duration":33,"failureDetails":[],"failureMessages":[],"fullName":"StructuredContent passes a ref to the div wrapper element","invocations":1,"locatio
[...]
cker","Popup Calendar"],"duration":132,"failureDetails":[],"failureMessages":[],"fullName":"DatePicker Popup Calendar should select a new month from the calendar","invocations":1,"location":null,"numPassingAsserts":4,"retryReasons":[],"status":"passed","title":"should select a new month from the calendar"},{"ancestorTitles":["DatePicker","Popup Calendar"],"duration":170,"failureDetails":[],"failureMessages":[],"fullName":"DatePicker Popup Calendar should render a popup calendar for the year date","invocations":1,"location":null,"numPassingAsserts":14,"retryReasons":[],"status":"passed","title":"should render a popup calendar for the year date"},{"ancestorTitles":["DatePicker","Popup Calendar"],"duration":95,"failureDetails":[],"failureMessages":[],"fullName":"DatePicker Popup Calendar should select a new year from the calendar","invocations":1,"location":null,"numPassingAsserts":2,"retryReasons":[],"status":"passed","title":"should select a new year from the calendar"},{"ancestorTitles":["DatePicker","Popup Calendar"],"duration":6,"failureDetails":[],"failureMessages":[],"fullName":"DatePicker Popup Calendar logs a warning when there is no `id` passed","invocations":1,"location":null,"numPassingAsserts":1,"retryReasons":[],"status":"passed","title":"logs a warning when there is no `id` passed"}],"endTime":1712957067923,"message":"","name":"/Users/edwinguzman/projects/ds/nypl-design-system/src/components/DatePicker/DatePicker.test.tsx","startTime":1712957051838,"status":"passed","summary":""},{"assertionResults":[{"ancestorTitles":["Breadcrumbs Accessibility"],"duration":219,"failureDetails":[],"failureMessages":[],"fullName":"Breadcrumbs Accessibility passes axe accessibility test","invocations":1,"location":null,"numPassingAsserts":1,"retryReasons":[],"status":"passed","title":"passes axe accessibility test"},{"ancestorTitles":["Breadcrumbs Accessibility"],"duration":243,"failureDetails":[],"failureMessages":[],"fullName":"Breadcrumbs Accessibility does not pass axe accessibility test","invocations":1,"location":null,"numPassingAsserts":1,"retryReasons":[],"status":"passed","title":"does not pass axe accessibility test"},{"ancestorTitles":["Breadcrumbs"],"duration":53,"failureDetails":[],"failureMessages":[],"fullName":"Breadcrumbs Renders a tag with custom text","invocations":1,"location":null,"numPassingAsserts":4,"retryReasons":[],"status":"passed","title":"Renders a tag with custom text"},{"ancestorTitles":["Breadcrumbs"],"duration":6,"failureDetails":[],"failureMessages":[],"fullName":"Breadcrumbs Renders icon on mobile","invocations":1,"location":null,"numPassingAsserts":1,"retryReasons":[],"status":"passed","title":"Renders icon on mobile"},{"ancestorTitles":["Breadcrumbs"],"duration":82,"failureDetails":[],"failureMessages":[],"fullName":"Breadcrumbs Throws error when nothing is passed into Breadcrumb","invocations":1,"location":null,"numPassingAsserts":1,"retryReasons":[],"status":"passed","title":"Throws error when nothing is passed into Breadcrumb"},{"ancestorTitles":["Breadcrumbs"],"duration":74,"failureDetails":[],"failureMessages":[],"fullName":"Breadcrumbs Truncates breadcrumbs text if it is longer than 40 characters","invocations":1,"location":null,"numPassingAsserts":3,"retryReasons":[],"status":"passed","title":"Truncates breadcrumbs text if it is longer than 40 characters"},{"ancestorTitles":["Breadcrumbs"],"duration":6,"failureDetails":[],"failureMessages":[],"fullName":"Breadcrumbs passes a ref to the nav wrapper element","invocations":1,"location":null,"numPassingAsserts":1,"retryReasons":[],"status":"passed","title":"passes a ref to the nav wrapper element"},{"ancestorTitles":["Breadcrumbs Snapshot"],"duration":17,"failureDetails":[],"failureMessages":[],"fullName":"Breadcrumbs Snapshot Renders the UI snapshot correctly","invocations":1,"location":null,"numPassingAsserts":7,"retryReasons":[],"status":"passed","title":"Renders the UI snapshot correctly"}],"endTime":1712957068422,"message":"","name":"/Users/edwinguzman/projects/ds/nypl-design-system/src/components/Breadcrumbs/Breadcrumbs.test.tsx","startTime":1712957060662,"status":"passed","summary":""},{"assertionResults":[{"ancestorTitles":["AudioPlayer Accessibility"],"duration":636,"failureDetails":[],"failureMessages":[],"fullName":"AudioPlayer Accessibility Passes axe accessibility test for Libsyn player","invocations":1,"location":null,"numPassingAsserts":1,"retryReasons":[],"status":"passed","title":"Passes axe accessibility test for Libsyn player"},{"ancestorTitles":["AudioPlayer Accessibility"],"duration":543,"failureDetails":[],"failureMessages":[],"fullName":"AudioPlayer Accessibility Passes axe accessibility test for Soundcloud player","invocations":1,"location":null,"numPassingAsserts":1,"retryReasons":[],"status":"passed","title":"Passes axe accessibility test for Soundcloud player"},{"ancestorTitles":["AudioPlayer Accessibility"],"duration":540,"failureDetails":[],"failureMessages":[],"fullName":"AudioPlayer Accessibility Passes axe accessibility test for Spotify Player","invocations":1,"location":null,"numPassingAsserts":1,"retryReasons":[],"status":"passed","title":"Passes axe accessibility test for Spotify Player"},{"ancestorTitles":["AudioPlayer Accessibility"],"duration":581,"failureDetails":[],"failureMessages":[],"fullName":"AudioPlayer Accessibility Passes axe accessibility test with labels","invocations":1,"location":null,"numPassingAsserts":1,"retryReasons":[],"status":"passed","title":"Passes axe accessibility test with labels"},{"ancestorTitles":["AudioPlayer valid render"],"duration":22,"failureDetails":[],"failureMessages":[],"fullName":"AudioPlayer valid render Renders AudioPlayer container","invocations":1,"location":null,"numPassingAsserts":1,"retryReasons":[],"status":"passed","title":"Renders AudioPlayer container"},{"ancestorTitles":["AudioPlayer valid render"],"duration":16,"failureDetails":[],"failureMessages":[],"fullName":"AudioPlayer valid render Renders iframe","invocations":1,"location":null,"numPassingAsserts":3,"retryReasons":[],"status":"passed","title":"Renders iframe"},{"ancestorTitles":["AudioPlayer valid render"],"duration":14,"failureDetails":[],"failureMessages":[],"fullName":"AudioPlayer valid render Renders headingText","invocations":1,"location":null,"numPassingAsserts":1,"retryReasons":[],"status":"passed","title":"Renders headingText"},{"ancestorTitles":["AudioPlayer valid render"],"duration":37,"failureDetails":[],"failureMessages":[],"fullName":"AudioPlayer valid render Renders a custom heading level","invocations":1,"location":null,"numPassingAsserts":1,"retryReasons":[],"status":"passed","title":"Renders a custom heading level"},{"ancestorTitles":["AudioPlayer valid render"],"duration":12,"failureDetails":[],"failureMessages":[],"fullName":"AudioPlayer valid render Renders descriptionText","invocations":1,"location":null,"numPassingAsserts":1,"retryReasons":[],"status":"passed","title":"Renders descriptionText"},{"ancestorTitles":["AudioPlayer valid render"],"duration":12,"failureDetails":[],"failureMessages":[],"fullName":"AudioPlayer valid render Renders helperText","invocations":1,"location":null,"numPassingAsserts":1,"retryReasons":[],"status":"passed","title":"Renders helperText"},{"ancestorTitles":["Custom iframe title"],"duration":12,"failureDetails":[],"failureMessages":[],"fullName":"Custom iframe title Uses the default iframe title if it exists","invocations":1,"location":null,"numPassingAsserts":1,"retryReasons":[],"status":"passed","title":"Uses the default iframe title if it exists"},{"ancestorTitles":["Custom iframe title"],"duration":10,"failureDetails":[],"failureMessages":[],"fullName":"Custom iframe title Uses a generic iframe title if none was provided","invocations":1,"location":null,"numPassingAsserts":1,"retryReasons":[],"status":"passed","title":"Uses a generic iframe title if none was provided"},{"ancestorTitles":["Custom iframe title"],"duration":13,"failureDetails":[],"failureMessages":[],"fullName":"Custom iframe title Uses iframeTitle prop to add iframe title to iframe","invocations":1,"location":null,"numPassingAsserts":1,"retryReasons":[],"status":"passed","title":"Uses iframeTitle prop to add iframe title to iframe"},{"ancestorTitles":["Props validation"],"duration":7,"failureDetails":[],"failureMessages":[],"fullName":"Props validation Renders error message when embedCode snippet is not described in audioType","invocations":1,"location":null,"numPassingAsserts":1,"retryReasons":[],"status":"passed","title":"Renders error message when embedCode snippet is not described in audioType"},{"ancestorTitles":["Props validation"],"duration":5,"failureDetails":[],"failureMessages":[],"fullName":"Props validation Renders error message when embedCode is not an iframe","invocations":1,"location":null,"numPassingAsserts":1,"retryReasons":[],"status":"passed","title":"Renders error message when embedCode is not an iframe"},{"ancestorTitles":["Props validation","Throw warnings"],"duration":4,"failureDetails":[],"failureMessages":[],"fullName":"Props validation Throw warnings Throws warning when the audioType is 'spotify' or 'soundcloud' or 'libsyn' but without embedCode","invocations":1,"location":null,"numPassingAsserts":1,"retryReasons":[],"status":"passed","title":"Throws warning when the audioType is 'spotify' or 'soundcloud' or 'libsyn' but without embedCode"},{"ancestorTitles":["AudioPlay Snapshots"],"duration":57,"failureDetails":[],"failureMessages":[],"fullName":"AudioPlay Snapshots Renders the well formatted AudioPlayer UI ","invocations":1,"location":null,"numPassingAsserts":4,"retryReasons":[],"status":"passed","title":"Renders the well formatted AudioPlayer UI "},{"ancestorTitles":["AudioPlay Snapshots"],"duration":2,"failureDetails":[],"failureMessages":[],"fullName":"AudioPlay Snapshots Renders the errored AudioPlayer UI","invocations":1,"location":null,"numPassingAsserts":1,"retryReasons":[],"status":"passed","title":"Renders the errored AudioPlayer UI"}],"endTime":1712957068758,"message":"","name":"/Users/edwinguzman/projects/ds/nypl-design-system/src/components/AudioPlayer/AudioPlayer.test.tsx","startTime":1712957058804,"status":"passed","summary":""},{"assertionResults":[{"ancestorTitles":["AlphabetFilter accessibility"],"duration":374,"failureDetails":[],"failureMessages":[],"fullName":"AlphabetFilter accessibility passes axe accessibility test","invocations":1,"location":null,"numPassingAsserts":1,"retryReasons":[],"status":"passed","title":"passes axe accessibility test"},{"ancestorTitles":["AlphabetFilter accessibility"],"duration":501,"failureDetails":[],"failureMessages":[],"fullName":"AlphabetFilter accessibility passes axe accessibility test with heading and description","invocations":1,"location":null,"numPassingAsserts":1,"retryReasons":[],"status":"passed","title":"passes axe accessibility test with heading and description"},{"ancestorTitles":["AlphabetFilter"],"duration":139,"failureDetails":[],"failureMessages":[],"fullName":"AlphabetFilter should render a nav with 28 buttons","invocations":1,"location":null,"numPassingAsserts":2,"retryReasons":[],"status":"passed","title":"should render a nav with 28 buttons"},{"ancestorTitles":["AlphabetFilter"],"duration":113,"failureDetails":[],"failureMessages":[],"fullName":"AlphabetFilter should set all `Button` children as disabled if isDisabled is true","invocations":1,"location":null,"numPassingAsserts":2,"retryReasons":[],"status":"passed","title":"should set all `Button` children as disabled if isDisabled is true"},{"ancestorTitles":["AlphabetFilter"],"duration":28,"failureDetails":[],"failureMessages":[],"fullName":"AlphabetFilter should render heading and description if headingText and descriptionText is passed","invocations":1,"location":null,"numPassingAsserts":2,"retryReasons":[],"status":"passed","title":"should render heading and description if headingText and descriptionText is passed"},{"ancestorTitles":["AlphabetFilter"],"duration":23,"failureDetails":[],"failureMessages":[],"fullName":"AlphabetFilter should render a custom heading level","invocations":1,"location":null,"numPassingAsserts":1,"retryReasons":[],"status":"passed","title":"should render a custom heading level"},{"ancestorTitles":["AlphabetFilter"],"duration":116,"failureDetails":[],"failureMessages":[],"fullName":"AlphabetFilter should disable buttons with values not passed through activeLetters","invocations":1,"location":null,"numPassingAsserts":2,"retryReasons":[],"status":"passed","title":"should disable buttons with values not passed through activeLetters"},{"ancestorTitles":["AlphabetFilter"],"duration":19,"failureDetails":[],"failureMessages":[],"fullName":"AlphabetFilter should have correct aria-label","invocations":1,"location":null,"numPassingAsserts":1,"retryReasons":[],"status":"passed","title":"should have correct aria-label"},{"ancestorTitles":["AlphabetFilter"],"duration":212,"failureDetails":[],"failureMessages":[],"fullName":"AlphabetFilter should have corresponding aria-labels for each button","invocations":1,"location":null,"numPassingAsserts":3,"retryReasons":[],"status":"passed","title":"should have corresponding aria-labels for each button"},{"ancestorTitles":["AlphabetFilter"],"duration":142,"failureDetails":[],"failureMessages":[],"fullName":"AlphabetFilter should add aria-current to the active letter","invocations":1,"location":null,"numPassingAsserts":3,"retryReasons":[],"status":"passed","title":"should add aria-current to the active letter"},{"ancestorTitles":["AlphabetFilter"],"duration":25,"failureDetails":[],"failureMessages":[],"fullName":"AlphabetFilter should pass a ref to the nav wrapper element","invocations":1,"location":null,"numPassingAsserts":1,"retryReasons":[],"status":"passed","title":"should pass a ref to the nav wrapper element"},{"ancestorTitles":["AlphabetFilter"],"duration":186,"failureDetails":[],"failureMessages":[],"fullName":"AlphabetFilter should update active letter when letter or show all button is clicked","invocations":1,"location":null,"numPassingAsserts":2,"retryReasons":[],"status":"passed","title":"should update active letter when letter or show all button is clicked"},{"ancestorTitles":["AlphabetFilter Snapshot"],"duration":63,"failureDetails":[],"failureMessages":[],"fullName":"AlphabetFilter Snapshot Renders the UI snapshot correctly","invocations":1,"location":null,"numPassingAsserts":6,"retryReasons":[],"status":"passed","title":"Renders the UI snapshot correctly"}],"endTime":1712957070127,"message":"","name":"/Users/edwinguzman/projects/ds/nypl-design-system/src/components/AlphabetFilter/AlphabetFilter.test.tsx","startTime":1712957061188,"status":"passed","summary":""},{"assertionResults":[{"ancestorTitles":["FeedbackBox Accessibility"],"duration":84,"failureDetails":[],"failureMessages":[],"fullName":"FeedbackBox Accessibility passes axe accessibility when closed","invocations":1,"location":null,"numPassingAsserts":1,"retryReasons":[],"status":"passed","title":"passes axe accessibility when closed"},{"ancestorTitles":["FeedbackBox Accessibility"],"duration":258,"failureDetails":[],"failureMessages":[],"fullName":"FeedbackBox Accessibility passes axe accessibility when opened","invocations":1,"location":null,"numPassingAsserts":3,"retryReasons":[],"status":"passed","title":"passes axe accessibility when opened"},{"ancestorTitles":["FeedbackBox"],"duration":17,"failureDetails":[],"failureMessages":[],"fullName":"FeedbackBox renders a button component","invocations":1,"location":null,"numPassingAsserts":1,"retryReasons":[],"status":"passed","title":"renders a button component"},{"ancestorTitles":["FeedbackBox"],"duration":291,"failureDetails":[],"failureMessages":[],"fullName":"FeedbackBox renders the basic content when opened","invocations":1,"location":null,"numPassingAsserts":8,"retryReasons":[],"status":"passed","title":"renders the basic content when opened"},{"ancestorTitles":["FeedbackBox"],"duration":271,"failureDetails":[],"failureMessages":[],"fullName":"FeedbackBox renders optional radio group and email field","invocations":1,"location":null,"numPassingAsserts":2,"retryReasons":[],"status":"passed","title":"renders optional radio group and email field"},{"ancestorTitles":["FeedbackBox"],"duration":232,"failureDetails":[],"failureMessages":[],"fullName":"FeedbackBox sets the invalid state for the comment and email field","invocations":1,"location":null,"numPassingAsserts":2,"retryReasons":[],"status":"passed","title":"sets the invalid state for the comment and email field"},{"ancestorTitles":["FeedbackBox"],"duration":330,"failureDetails":[],"failureMessages":[],"fullName":"FeedbackBox sets the invalid state for the comment field if it is empty when submitted","invocations":1,"location":null,"numPassingAsserts":1,"retryReasons":[],"status":"passed","title":"sets the invalid state for the comment field if it is empty when submitted"},{"ancestorTitles":["FeedbackBox"],"duration":150,"failureDetails":[],"failureMessages":[],"fullName":"FeedbackBox renders optional additional description text","invocations":1,"location":null,"numPassingAsserts":1,"retryReasons":[],"status":"passed","title":"renders optional additional description text"},{"ancestorTitles":["FeedbackBox"],"duration":162,"failureDetails":[],"failureMessages":[],"fullName":"FeedbackBox renders optional notification text or JSX","invocations":1,"location":null,"numPassingAsserts":2,"retryReasons":[],"status":"passed","title":"renders optional notification text or JSX"},{"ancestorTitles":["FeedbackBox"],"duration":107,"failureDetails":[],"failureMessages":[],"fullName":"FeedbackBox renders the `confirmation` screen through the `view` prop","invocations":1,"location":null,"numPassingAsserts":2,"retryReasons":[],"status":"passed","title":"renders the `confirmation` screen through the `view` prop"},{"ancestorTitles":["FeedbackBox"],"duration":87,"failureDetails":[],"failureMessages":[],"fullName":"FeedbackBox renders the email `confirmation` message when showEmailField is true","invocations":1,"location":null,"numPassingAsserts":1,"retryReasons":[],"status":"passed","title":"renders the email `confirmation` message when showEmailField is true"},{"ancestorTitles":["FeedbackBox"],"duration":81,"failureDetails":[],"failureMessages":[],"fullName":"FeedbackBox renders the `error` screen through the `view` prop","invocations":1,"location":null,"numPassingAsserts":1,"retryReasons":[],"status":"passed","title":"renders the `error` screen through the `view` prop"},{"ancestorTitles":["FeedbackBox"],"duration":1136,"failureDetails":[],"failureMessages":[],"fullName":"FeedbackBox submits the form and returns the submitted data","invocations":1,"location":null,"numPassingAsserts":1,"retryReasons":[],"status":"passed","title":"submits the form and returns the submitted data"},{"ancestorTitles":["FeedbackBox"],"duration":933,"failureDetails":[],"failureMessages":[],"fullName":"FeedbackBox adds hidden fields data to the submitted data","invocations":1,"location":null,"numPassingAsserts":1,"retryReasons":[],"status":"passed","title":"adds hidden fields data to the submitted data"},{"ancestorTitles":["FeedbackBox"],"duration":165,"failureDetails":[],"failureMessages":[],"fullName":"FeedbackBox transitions to the `form` screen from the `error` screen","invocations":1,"location":null,"numPassingAsserts":6,"retryReasons":[],"status":"passed","title":"transitions to the `form` screen from the `error` screen"},{"ancestorTitles":["FeedbackBox"],"duration":3,"failureDetails":[],"failureMessages":[],"fullName":"FeedbackBox renders the UI snapshot correctly","invocations":1,"location":null,"numPassingAsserts":1,"retryReasons":[],"status":"passed","title":"renders the UI snapshot correctly"}],"endTime":1712957070390,"message":"","name":"/Users/edwinguzman/projects/ds/nypl-design-system/src/components/FeedbackBox/FeedbackBox.test.tsx","startTime":1712957051062,"status":"passed","summary":""}],"wasInterrupted":false}
