{"numFailedTestSuites":0,"numFailedTests":0,"numPassedTestSuites":65,"numPassedTests":692,"numPendingTestSuites":0,"numPendingTests":0,"numRuntimeErrorTestSuites":0,"numTodoTests":0,"numTotalTestSuites":65,"numTotalTests":692,"openHandles":[],"snapshot":{"added":0,"didUpdate":false,"failure":false,"filesAdded":0,"filesRemoved":0,"filesRemovedList":[],"filesUnmatched":0,"filesUpdated":0,"matched":353,"total":353,"unchecked":0,"uncheckedKeysByFile":[],"unmatched":0,"updated":0},"startTime":1664388178368,"success":true,"testResults":[{"assertionResults":[{"ancestorTitles":["useMultiSelect hook"],"failureMessages":[],"fullName":"useMultiSelect hook should return three functions and a object containing a key items with all currently selectItems","location":null,"status":"passed","title":"should return three functions and a object containing a key items with all currently selectItems"},{"ancestorTitles":["useMultiSelect hook"],"failureMessages":[],"fullName":"useMultiSelect hook should update the selectedItems when the onChange function is called","location":null,"status":"passed","title":"should update the selectedItems when the onChange function is called"},{"ancestorTitles":["useMultiSelect hook"],"failureMessages":[],"fullName":"useMultiSelect hook should update the selectedItems when the onMixedstateChange function is called","location":null,"status":"passed","title":"should update the selectedItems when the onMixedstateChange function is called"},{"ancestorTitles":["useMultiSelect hook"],"failureMessages":[],"fullName":"useMultiSelect hook should return again a empty object of selectedItems when the onClear function is called","location":null,"status":"passed","title":"should return again a empty object of selectedItems when the onClear function is called"}],"endTime":1664388186276,"message":"","name":"/Users/edwinguzman/projects/design/nypl-design-system/src/hooks/__tests__/useMultiSelect.test.ts","startTime":1664388180658,"status":"passed","summary":""},{"assertionResults":[{"ancestorTitles":["range"],"failureMessages":[],"fullName":"range returns an array of values not including the stop argument","location":null,"status":"passed","title":"returns an array of values not including the stop argument"},{"ancestorTitles":["range"],"failureMessages":[],"fullName":"range returns an array of values skipping by the step argument","location":null,"status":"passed","title":"returns an array of values skipping by the step argument"}],"endTime":1664388186372,"message":"","name":"/Users/edwinguzman/projects/design/nypl-design-system/src/__tests__/utils/utils.test.ts","startTime":1664388180659,"status":"passed","summary":""},{"assertionResults":[{"ancestorTitles":["useCarouselStyles hook"],"failureMessages":[],"fullName":"useCarouselStyles hook returns two functions and a CSS style object","location":null,"status":"passed","title":"returns two functions and a CSS style object"},{"ancestorTitles":["useCarouselStyles hook"],"failureMessages":[],"fullName":"useCarouselStyles hook updates the style object when the nextSlide function is clicked","location":null,"status":"passed","title":"updates the style object when the nextSlide function is clicked"},{"ancestorTitles":["useCarouselStyles hook"],"failureMessages":[],"fullName":"useCarouselStyles hook updates the style object when the prevSlide function is clicked","location":null,"status":"passed","title":"updates the style object when the prevSlide function is clicked"},{"ancestorTitles":["useCarouselStyles hook"],"failureMessages":[],"fullName":"useCarouselStyles hook resets the slide back to the first slide","location":null,"status":"passed","title":"resets the slide back to the first slide"},{"ancestorTitles":["useCarouselStyles hook"],"failureMessages":[],"fullName":"useCarouselStyles hook can set a custom slide count and slide width","location":null,"status":"passed","title":"can set a custom slide count and slide width"}],"endTime":1664388186472,"message":"","name":"/Users/edwinguzman/projects/design/nypl-design-system/src/hooks/__tests__/useCarouselStyles.test.ts","startTime":1664388180558,"status":"passed","summary":""},{"assertionResults":[{"ancestorTitles":["useNYPLBreakpoints"],"failureMessages":[],"fullName":"useNYPLBreakpoints should report the correct media query match on window resize","location":null,"status":"passed","title":"should report the correct media query match on window resize"}],"endTime":1664388187594,"message":"","name":"/Users/edwinguzman/projects/design/nypl-design-system/src/hooks/__tests__/useNYPLBreakpoints.test.ts","startTime":1664388180561,"status":"passed","summary":""},{"assertionResults":[{"ancestorTitles":["useCloseDropDown hook"],"failureMessages":[],"fullName":"useCloseDropDown hook closes a dropdown by clicking on an element outside of its component","location":null,"status":"passed","title":"closes a dropdown by clicking on an element outside of its component"},{"ancestorTitles":["useCloseDropDown hook"],"failureMessages":[],"fullName":"useCloseDropDown hook closes a dropdown when the esc key is pressed","location":null,"status":"passed","title":"closes a dropdown when the esc key is pressed"}],"endTime":1664388188067,"message":"","name":"/Users/edwinguzman/projects/design/nypl-design-system/src/hooks/__tests__/useCloseDropDown.test.tsx","startTime":1664388180759,"status":"passed","summary":""},{"assertionResults":[{"ancestorTitles":["useNYPLTheme"],"failureMessages":[],"fullName":"useNYPLTheme returns an empty object when not used inside a DSProvider component","location":null,"status":"passed","title":"returns an empty object when not used inside a DSProvider component"},{"ancestorTitles":["useNYPLTheme"],"failureMessages":[],"fullName":"useNYPLTheme returns an object with NYPL styles","location":null,"status":"passed","title":"returns an object with NYPL styles"}],"endTime":1664388188461,"message":"","name":"/Users/edwinguzman/projects/design/nypl-design-system/src/hooks/__tests__/useNYPLTheme.test.tsx","startTime":1664388180808,"status":"passed","summary":""},{"assertionResults":[{"ancestorTitles":["HeaderSitewideAlerts Accessibility"],"failureMessages":[],"fullName":"HeaderSitewideAlerts Accessibility passes axe accessibility test","location":null,"status":"passed","title":"passes axe accessibility test"},{"ancestorTitles":["HeaderSitewideAlerts","Successful API request"],"failureMessages":[],"fullName":"HeaderSitewideAlerts Successful API request renders a notification","location":null,"status":"passed","title":"renders a notification"},{"ancestorTitles":["HeaderSitewideAlerts","Successful API request"],"failureMessages":[],"fullName":"HeaderSitewideAlerts Successful API request renders a list with text","location":null,"status":"passed","title":"renders a list with text"},{"ancestorTitles":["HeaderSitewideAlerts","Successful API request"],"failureMessages":[],"fullName":"HeaderSitewideAlerts Successful API request renders the UI snapshot correctly","location":null,"status":"passed","title":"renders the UI snapshot correctly"},{"ancestorTitles":["HeaderSitewideAlerts","Successful API request but expired alerts"],"failureMessages":[],"fullName":"HeaderSitewideAlerts Successful API request but expired alerts renders a notification","location":null,"status":"passed","title":"renders a notification"},{"ancestorTitles":["HeaderSitewideAlerts","Unsuccessful API request"],"failureMessages":[],"fullName":"HeaderSitewideAlerts Unsuccessful API request does not render HTML","location":null,"status":"passed","title":"does not render HTML"}],"endTime":1664388189454,"message":"","name":"/Users/edwinguzman/projects/design/nypl-design-system/src/components/Header/components/HeaderSitewideAlerts.test.tsx","startTime":1664388180893,"status":"passed","summary":""},{"assertionResults":[{"ancestorTitles":["Grid Accessibility"],"failureMessages":[],"fullName":"Grid Accessibility passes axe accessibility test with children components","location":null,"status":"passed","title":"passes axe accessibility test with children components"},{"ancestorTitles":["SimpleGrid"],"failureMessages":[],"fullName":"SimpleGrid Renders the SimpleGrid UI snapshot correctly","location":null,"status":"passed","title":"Renders the SimpleGrid UI snapshot correctly"},{"ancestorTitles":["SimpleGrid"],"failureMessages":[],"fullName":"SimpleGrid Renders SimpleGrid component","location":null,"status":"passed","title":"Renders SimpleGrid component"},{"ancestorTitles":["SimpleGrid"],"failureMessages":[],"fullName":"SimpleGrid passes a ref to the div element","location":null,"status":"passed","title":"passes a ref to the div element"}],"endTime":1664388189514,"message":"","name":"/Users/edwinguzman/projects/design/nypl-design-system/src/components/Grid/SimpleGrid.test.tsx","startTime":1664388180852,"status":"passed","summary":""},{"assertionResults":[{"ancestorTitles":["Google Analytics utils"],"failureMessages":[],"fullName":"Google Analytics utils should initialize correctly in development environment","location":null,"status":"passed","title":"should initialize correctly in development environment"},{"ancestorTitles":["Google Analytics utils"],"failureMessages":[],"fullName":"Google Analytics utils should initialize correctly in production environment","location":null,"status":"passed","title":"should initialize correctly in production environment"},{"ancestorTitles":["Google Analytics utils"],"failureMessages":[],"fullName":"Google Analytics utils should send an event to Google Analytics","location":null,"status":"passed","title":"should send an event to Google Analytics"},{"ancestorTitles":["Google Analytics utils"],"failureMessages":[],"fullName":"Google Analytics utils calls a callback function on a delay","location":null,"status":"passed","title":"calls a callback function on a delay"},{"ancestorTitles":["Google Analytics utils"],"failureMessages":[],"fullName":"Google Analytics utils should send an event with custom dimensions","location":null,"status":"passed","title":"should send an event with custom dimensions"}],"endTime":1664388190192,"message":"","name":"/Users/edwinguzman/projects/design/nypl-design-system/src/components/Header/utils/googleAnalyticsUtils.test.ts","startTime":1664388188129,"status":"passed","summary":""},{"assertionResults":[{"ancestorTitles":["Header utils","encoreEncodeSearchString"],"failureMessages":[],"fullName":"Header utils encoreEncodeSearchString should encode a search string","location":null,"status":"passed","title":"should encode a search string"},{"ancestorTitles":["Header utils","encoreEncodeSearchString"],"failureMessages":[],"fullName":"Header utils encoreEncodeSearchString should encode a search string with special characters","location":null,"status":"passed","title":"should encode a search string with special characters"},{"ancestorTitles":["Header utils","encoreEncodeSearchString"],"failureMessages":[],"fullName":"Header utils encoreEncodeSearchString should encode a search string with special characters and spaces","location":null,"status":"passed","title":"should encode a search string with special characters and spaces"},{"ancestorTitles":["Header utils","getEncoreCatalogURL"],"failureMessages":[],"fullName":"Header utils getEncoreCatalogURL should return a URL for the Encore catalog","location":null,"status":"passed","title":"should return a URL for the Encore catalog"},{"ancestorTitles":["Header utils","getEncoreCatalogURL"],"failureMessages":[],"fullName":"Header utils getEncoreCatalogURL should return a URL for the Encore catalog with special characters","location":null,"status":"passed","title":"should return a URL for the Encore catalog with special characters"},{"ancestorTitles":["Header utils","getNYPLSearchURL"],"failureMessages":[],"fullName":"Header utils getNYPLSearchURL should return a URL for the NYPL catalog","location":null,"status":"passed","title":"should return a URL for the NYPL catalog"},{"ancestorTitles":["Header utils","getNYPLSearchURL"],"failureMessages":[],"fullName":"Header utils getNYPLSearchURL should return a URL for the NYPL catalog with special characters","location":null,"status":"passed","title":"should return a URL for the NYPL catalog with special characters"}],"endTime":1664388190670,"message":"","name":"/Users/edwinguzman/projects/design/nypl-design-system/src/components/Header/utils/headerUtils.test.ts","startTime":1664388188523,"status":"passed","summary":""},{"assertionResults":[{"ancestorTitles":["EncoreCatalogLogOutTimer","The `PAT_LOGGED_IN` cookie does not exist"],"failureMessages":[],"fullName":"EncoreCatalogLogOutTimer The `PAT_LOGGED_IN` cookie does not exist should delete the `nyplIdentityPatron` and `VALID_DOMAIN_LAST_VISITED` cookies","location":null,"status":"passed","title":"should delete the `nyplIdentityPatron` and `VALID_DOMAIN_LAST_VISITED` cookies"},{"ancestorTitles":["EncoreCatalogLogOutTimer","The `PAT_LOGGED_IN` cookie exists when visiting on Encore's domain"],"failureMessages":[],"fullName":"EncoreCatalogLogOutTimer The `PAT_LOGGED_IN` cookie exists when visiting on Encore's domain should set the `VALID_DOMAIN_LAST_VISITED` cookie","location":null,"status":"passed","title":"should set the `VALID_DOMAIN_LAST_VISITED` cookie"},{"ancestorTitles":["EncoreCatalogLogOutTimer","The `PAT_LOGGED_IN` cookie exists when visiting on Encore's domain"],"failureMessages":[],"fullName":"EncoreCatalogLogOutTimer The `PAT_LOGGED_IN` cookie exists when visiting on Encore's domain should call the `logOutFromEncoreAndCatalogIn` with 30 minutes timeout time","location":null,"status":"passed","title":"should call the `logOutFromEncoreAndCatalogIn` with 30 minutes timeout time"},{"ancestorTitles":["EncoreCatalogLogOutTimer","The `PAT_LOGGED_IN` cookie exists when visiting on Catalog's domain"],"failureMessages":[],"fullName":"EncoreCatalogLogOutTimer The `PAT_LOGGED_IN` cookie exists when visiting on Catalog's domain should set the `VALID_DOMAIN_LAST_VISITED` cookie","location":null,"status":"passed","title":"should set the `VALID_DOMAIN_LAST_VISITED` cookie"},{"ancestorTitles":["EncoreCatalogLogOutTimer","The `PAT_LOGGED_IN` cookie exists when visiting on Catalog's domain"],"failureMessages":[],"fullName":"EncoreCatalogLogOutTimer The `PAT_LOGGED_IN` cookie exists when visiting on Catalog's domain should call the `logOutFromEncoreAndCatalogIn` with 30 minutes timeout time","location":null,"status":"passed","title":"should call the `logOutFromEncoreAndCatalogIn` with 30 minutes timeout time"},{"ancestorTitles":["EncoreCatalogLogOutTimer","The `PAT_LOGGED_IN` cookie exists when visiting an 'invalid' domain"],"failureMessages":[],"fullName":"EncoreCatalogLogOutTimer The `PAT_LOGGED_IN` cookie exists when visiting an 'invalid' domain should reset timer to the remaining time before `PAT_LOGGED_IN` is expired","location":null,"status":"passed","title":"should reset timer to the remaining time before `PAT_LOGGED_IN` is expired"},{"ancestorTitles":["EncoreCatalogLogOutTimer","The `PAT_LOGGED_IN` cookie exists but `VALID_DOMAIN_LAST_VISITED` does not when visiting an 'invalid' domain"],"failureMessages":[],"fullName":"EncoreCatalogLogOutTimer The `PAT_LOGGED_IN` cookie exists but `VALID_DOMAIN_LAST_VISITED` does not when visiting an 'invalid' domain should set VALID_DOMAIN_LAST_VISITED and set EncoreLoggedInTimer to the full default time","location":null,"status":"passed","title":"should set VALID_DOMAIN_LAST_VISITED and set EncoreLoggedInTimer to the full default time"},{"ancestorTitles":["EncoreCatalogLogOutTimer","logOutFromEncoreAndCatalogIn"],"failureMessages":[],"fullName":"EncoreCatalogLogOutTimer logOutFromEncoreAndCatalogIn should not yet delete cookies if the timeout time has not been reached","location":null,"status":"passed","title":"should not yet delete cookies if the timeout time has not been reached"},{"ancestorTitles":["EncoreCatalogLogOutTimer","logOutFromEncoreAndCatalogIn"],"failureMessages":[],"fullName":"EncoreCatalogLogOutTimer logOutFromEncoreAndCatalogIn should delete cookies if the timeout time has been reached","location":null,"status":"passed","title":"should delete cookies if the timeout time has been reached"},{"ancestorTitles":["EncoreCatalogLogOutTimer","loadLogOutIframe"],"failureMessages":[],"fullName":"EncoreCatalogLogOutTimer loadLogOutIframe should load the iframe with the Encore logout URL","location":null,"status":"passed","title":"should load the iframe with the Encore logout URL"}],"endTime":1664388191812,"message":"","name":"/Users/edwinguzman/projects/design/nypl-design-system/src/components/Header/utils/encoreCatalogLogOutTimer.test.ts","startTime":1664388189552,"status":"passed","summary":""},{"assertionResults":[{"ancestorTitles":["HeaderLoginButton Accessibility"],"failureMessages":[],"fullName":"HeaderLoginButton Accessibility passes axe accessibility test","location":null,"status":"passed","title":"passes axe accessibility test"},{"ancestorTitles":["HeaderLoginButton Accessibility"],"failureMessages":[],"fullName":"HeaderLoginButton Accessibility passes axe accessibility test for mobile","location":null,"status":"passed","title":"passes axe accessibility test for mobile"},{"ancestorTitles":["HeaderLoginButton","Desktop"],"failureMessages":[],"fullName":"HeaderLoginButton Desktop renders the logged out UI if there is no `patronName` value","location":null,"status":"passed","title":"renders the logged out UI if there is no `patronName` value"},{"ancestorTitles":["HeaderLoginButton","Desktop"],"failureMessages":[],"fullName":"HeaderLoginButton Desktop focuses on the catalog link when the login is opened and there is no patron name","location":null,"status":"passed","title":"focuses on the catalog link when the login is opened and there is no patron name"},{"ancestorTitles":["HeaderLoginButton","Desktop"],"failureMessages":[],"fullName":"HeaderLoginButton Desktop renders the logged in UI if there is a `patronName` value","location":null,"status":"passed","title":"renders the logged in UI if there is a `patronName` value"},{"ancestorTitles":["HeaderLoginButton","Desktop"],"failureMessages":[],"fullName":"HeaderLoginButton Desktop focuses on the greeting message when the login is opened and there is a patron","location":null,"status":"passed","title":"focuses on the greeting message when the login is opened and there is a patron"},{"ancestorTitles":["HeaderLoginButton","Mobile"],"failureMessages":[],"fullName":"HeaderLoginButton Mobile renders the logged out UI if there is no `patronName` value","location":null,"status":"passed","title":"renders the logged out UI if there is no `patronName` value"},{"ancestorTitles":["HeaderLoginButton","Mobile"],"failureMessages":[],"fullName":"HeaderLoginButton Mobile focuses on the catalog link when the login is opened and there is no patron name","location":null,"status":"passed","title":"focuses on the catalog link when the login is opened and there is no patron name"},{"ancestorTitles":["HeaderLoginButton","Mobile"],"failureMessages":[],"fullName":"HeaderLoginButton Mobile renders the logged in UI if there is a `patronName` value","location":null,"status":"passed","title":"renders the logged in UI if there is a `patronName` value"},{"ancestorTitles":["HeaderLoginButton","Mobile"],"failureMessages":[],"fullName":"HeaderLoginButton Mobile focuses on the greeting message when the login is opened and there is a patron","location":null,"status":"passed","title":"focuses on the greeting message when the login is opened and there is a patron"}],"endTime":1664388191864,"message":"","name":"/Users/edwinguzman/projects/design/nypl-design-system/src/components/Header/components/HeaderLoginButton.test.tsx","startTime":1664388180860,"status":"passed","summary":""},{"assertionResults":[{"ancestorTitles":["HeaderContext"],"failureMessages":[],"fullName":"HeaderContext returns an empty string if no value is passed","location":null,"status":"passed","title":"returns an empty string if no value is passed"},{"ancestorTitles":["HeaderContext"],"failureMessages":[],"fullName":"HeaderContext sets the default environment to production","location":null,"status":"passed","title":"sets the default environment to production"},{"ancestorTitles":["HeaderContext"],"failureMessages":[],"fullName":"HeaderContext passes down the patron name value down to its children","location":null,"status":"passed","title":"passes down the patron name value down to its children"}],"endTime":1664388192020,"message":"","name":"/Users/edwinguzman/projects/design/nypl-design-system/src/components/Header/context/headerContext.test.tsx","startTime":1664388189569,"status":"passed","summary":""},{"assertionResults":[{"ancestorTitles":["HeaderMobileNavButton Accessibility"],"failureMessages":[],"fullName":"HeaderMobileNavButton Accessibility passes axe accessibility test","location":null,"status":"passed","title":"passes axe accessibility test"},{"ancestorTitles":["HeaderMobileNavButton"],"failureMessages":[],"fullName":"HeaderMobileNavButton renders a menu button","location":null,"status":"passed","title":"renders a menu button"},{"ancestorTitles":["HeaderMobileNavButton"],"failureMessages":[],"fullName":"HeaderMobileNavButton renders a Close button when clicked","location":null,"status":"passed","title":"renders a Close button when clicked"},{"ancestorTitles":["HeaderMobileNavButton"],"failureMessages":[],"fullName":"HeaderMobileNavButton renders the mobile navigation menu when clicked","location":null,"status":"passed","title":"renders the mobile navigation menu when clicked"},{"ancestorTitles":["HeaderMobileNavButton"],"failureMessages":[],"fullName":"HeaderMobileNavButton renders the UI snapshot correctly","location":null,"status":"passed","title":"renders the UI snapshot correctly"}],"endTime":1664388192204,"message":"","name":"/Users/edwinguzman/projects/design/nypl-design-system/src/components/Header/components/HeaderMobileNavButton.test.tsx","startTime":1664388186391,"status":"passed","summary":""},{"assertionResults":[{"ancestorTitles":["HeaderLogin Accessibility"],"failureMessages":[],"fullName":"HeaderLogin Accessibility passes axe accessibility test","location":null,"status":"passed","title":"passes axe accessibility test"},{"ancestorTitles":["HeaderLogin Accessibility"],"failureMessages":[],"fullName":"HeaderLogin Accessibility passes axe accessibility test for mobile","location":null,"status":"passed","title":"passes axe accessibility test for mobile"},{"ancestorTitles":["HeaderLogin","Desktop"],"failureMessages":[],"fullName":"HeaderLogin Desktop renders the logged out UI if there is no `patronName` value","location":null,"status":"passed","title":"renders the logged out UI if there is no `patronName` value"},{"ancestorTitles":["HeaderLogin","Desktop"],"failureMessages":[],"fullName":"HeaderLogin Desktop renders the logged in UI if there is a `patronName` value","location":null,"status":"passed","title":"renders the logged in UI if there is a `patronName` value"},{"ancestorTitles":["HeaderLogin","Mobile"],"failureMessages":[],"fullName":"HeaderLogin Mobile renders the logged out UI if there is no `patronName` value","location":null,"status":"passed","title":"renders the logged out UI if there is no `patronName` value"},{"ancestorTitles":["HeaderLogin","Mobile"],"failureMessages":[],"fullName":"HeaderLogin Mobile renders the logged in UI if there is a `patronName` value","location":null,"status":"passed","title":"renders the logged in UI if there is a `patronName` value"}],"endTime":1664388192428,"message":"","name":"/Users/edwinguzman/projects/design/nypl-design-system/src/components/Header/components/HeaderLogin.test.tsx","startTime":1664388187619,"status":"passed","summary":""},{"assertionResults":[{"ancestorTitles":["HeaderMobileNav Accessibility"],"failureMessages":[],"fullName":"HeaderMobileNav Accessibility passes axe accessibility test","location":null,"status":"passed","title":"passes axe accessibility test"},{"ancestorTitles":["HeaderMobileNav"],"failureMessages":[],"fullName":"HeaderMobileNav renders the NYPL logo","location":null,"status":"passed","title":"renders the NYPL logo"},{"ancestorTitles":["HeaderMobileNav"],"failureMessages":[],"fullName":"HeaderMobileNav renders a nav list","location":null,"status":"passed","title":"renders a nav list"},{"ancestorTitles":["HeaderMobileNav"],"failureMessages":[],"fullName":"HeaderMobileNav renders the bottom links","location":null,"status":"passed","title":"renders the bottom links"},{"ancestorTitles":["HeaderMobileNav"],"failureMessages":[],"fullName":"HeaderMobileNav renders the UI snapshot correctly","location":null,"status":"passed","title":"renders the UI snapshot correctly"}],"endTime":1664388192468,"message":"","name":"/Users/edwinguzman/projects/design/nypl-design-system/src/components/Header/components/HeaderMobileNav.test.tsx","startTime":1664388186515,"status":"passed","summary":""},{"assertionResults":[{"ancestorTitles":["HeaderSearchButton Accessibility"],"failureMessages":[],"fullName":"HeaderSearchButton Accessibility passes axe accessibility test","location":null,"status":"passed","title":"passes axe accessibility test"},{"ancestorTitles":["HeaderSearchButton Accessibility"],"failureMessages":[],"fullName":"HeaderSearchButton Accessibility passes axe accessibility test for mobile","location":null,"status":"passed","title":"passes axe accessibility test for mobile"},{"ancestorTitles":["HeaderSearchButton","Desktop"],"failureMessages":[],"fullName":"HeaderSearchButton Desktop renders a Search button","location":null,"status":"passed","title":"renders a Search button"},{"ancestorTitles":["HeaderSearchButton","Desktop"],"failureMessages":[],"fullName":"HeaderSearchButton Desktop renders a Close button when clicked","location":null,"status":"passed","title":"renders a Close button when clicked"},{"ancestorTitles":["HeaderSearchButton","Desktop"],"failureMessages":[],"fullName":"HeaderSearchButton Desktop renders the search form when clicked","location":null,"status":"passed","title":"renders the search form when clicked"},{"ancestorTitles":["HeaderSearchButton","Mobile"],"failureMessages":[],"fullName":"HeaderSearchButton Mobile renders a Search button","location":null,"status":"passed","title":"renders a Search button"},{"ancestorTitles":["HeaderSearchButton","Mobile"],"failureMessages":[],"fullName":"HeaderSearchButton Mobile renders a Close button when clicked","location":null,"status":"passed","title":"renders a Close button when clicked"},{"ancestorTitles":["HeaderSearchButton","Mobile"],"failureMessages":[],"fullName":"HeaderSearchButton Mobile renders the search form when clicked","location":null,"status":"passed","title":"renders the search form when clicked"},{"ancestorTitles":["HeaderSearchButton"],"failureMessages":[],"fullName":"HeaderSearchButton renders the UI snapshot correctly","location":null,"status":"passed","title":"renders the UI snapshot correctly"}],"endTime":1664388192969,"message":"","name":"/Users/edwinguzman/projects/design/nypl-design-system/src/components/Header/components/HeaderSearchButton.test.tsx","startTime":1664388186303,"status":"passed","summary":""},{"assertionResults":[{"ancestorTitles":["StatusBadge Accessibility"],"failureMessages":[],"fullName":"StatusBadge Accessibility passes axe accessibility test","location":null,"status":"passed","title":"passes axe accessibility test"},{"ancestorTitles":["StatusBadge"],"failureMessages":[],"fullName":"StatusBadge renders a status badge and text","location":null,"status":"passed","title":"renders a status badge and text"},{"ancestorTitles":["StatusBadge"],"failureMessages":[],"fullName":"StatusBadge throws a warning when no children are passed","location":null,"status":"passed","title":"throws a warning when no children are passed"},{"ancestorTitles":["StatusBadge"],"failureMessages":[],"fullName":"StatusBadge renders the UI snapshot correctly","location":null,"status":"passed","title":"renders the UI snapshot correctly"},{"ancestorTitles":["StatusBadge"],"failureMessages":[],"fullName":"StatusBadge passes a ref to the div wrapper element","location":null,"status":"passed","title":"passes a ref to the div wrapper element"}],"endTime":1664388193713,"message":"","name":"/Users/edwinguzman/projects/design/nypl-design-system/src/components/StatusBadge/StatusBadge.test.tsx","startTime":1664388190204,"status":"passed","summary":""},{"assertionResults":[{"ancestorTitles":["HeaderSearchForm Accessibility"],"failureMessages":[],"fullName":"HeaderSearchForm Accessibility passes axe accessibility test","location":null,"status":"passed","title":"passes axe accessibility test"},{"ancestorTitles":["HeaderSearchForm Accessibility"],"failureMessages":[],"fullName":"HeaderSearchForm Accessibility passes axe accessibility test for mobile view","location":null,"status":"passed","title":"passes axe accessibility test for mobile view"},{"ancestorTitles":["HeaderSearchForm","Desktop"],"failureMessages":[],"fullName":"HeaderSearchForm Desktop renders a form with an input, radio inputs, and a search button","location":null,"status":"passed","title":"renders a form with an input, radio inputs, and a search button"},{"ancestorTitles":["HeaderSearchForm","Desktop"],"failureMessages":[],"fullName":"HeaderSearchForm Desktop makes a request to the Encore catalog","location":null,"status":"passed","title":"makes a request to the Encore catalog"},{"ancestorTitles":["HeaderSearchForm","Desktop"],"failureMessages":[],"fullName":"HeaderSearchForm Desktop makes a request to the web catalog","location":null,"status":"passed","title":"makes a request to the web catalog"},{"ancestorTitles":["HeaderSearchForm","Mobile"],"failureMessages":[],"fullName":"HeaderSearchForm Mobile renders a form with an input and two buttons on mobile","location":null,"status":"passed","title":"renders a form with an input and two buttons on mobile"},{"ancestorTitles":["HeaderSearchForm","Mobile"],"failureMessages":[],"fullName":"HeaderSearchForm Mobile makes a request to the Encore catalog","location":null,"status":"passed","title":"makes a request to the Encore catalog"},{"ancestorTitles":["HeaderSearchForm","Mobile"],"failureMessages":[],"fullName":"HeaderSearchForm Mobile makes a request to the web catalog","location":null,"status":"passed","title":"makes a request to the web catalog"},{"ancestorTitles":["HeaderSearchForm"],"failureMessages":[],"fullName":"HeaderSearchForm renders the UI snapshot correctly","location":null,"status":"passed","title":"renders the UI snapshot correctly"}],"endTime":1664388194279,"message":"","name":"/Users/edwinguzman/projects/design/nypl-design-system/src/components/Header/components/HeaderSearchForm.test.tsx","startTime":1664388180703,"status":"passed","summary":""},{"assertionResults":[{"ancestorTitles":["Text Accessibility"],"failureMessages":[],"fullName":"Text Accessibility passes axe accessibility test","location":null,"status":"passed","title":"passes axe accessibility test"},{"ancestorTitles":["Text"],"failureMessages":[],"fullName":"Text renders a <p> tag and text","location":null,"status":"passed","title":"renders a <p> tag and text"},{"ancestorTitles":["Text"],"failureMessages":[],"fullName":"Text throws a warning when no children are passed","location":null,"status":"passed","title":"throws a warning when no children are passed"},{"ancestorTitles":["Text"],"failureMessages":[],"fullName":"Text renders the UI snapshot correctly","location":null,"status":"passed","title":"renders the UI snapshot correctly"},{"ancestorTitles":["Text"],"failureMessages":[],"fullName":"Text passes a ref to the div wrapper element","location":null,"status":"passed","title":"passes a ref to the div wrapper element"}],"endTime":1664388195627,"message":"","name":"/Users/edwinguzman/projects/design/nypl-design-system/src/components/Text/Text.test.tsx","startTime":1664388192476,"status":"passed","summary":""},{"assertionResults":[{"ancestorTitles":["Breadcrumbs Accessibility"],"failureMessages":[],"fullName":"Breadcrumbs Accessibility passes axe accessibility test","location":null,"status":"passed","title":"passes axe accessibility test"},{"ancestorTitles":["Breadcrumbs Accessibility"],"failureMessages":[],"fullName":"Breadcrumbs Accessibility does not pass axe accessibility test","location":null,"status":"passed","title":"does not pass axe accessibility test"},{"ancestorTitles":["Breadcrumbs"],"failureMessages":[],"fullName":"Breadcrumbs Renders a tag with custom text","location":null,"status":"passed","title":"Renders a tag with custom text"},{"ancestorTitles":["Breadcrumbs"],"failureMessages":[],"fullName":"Breadcrumbs Renders icon","location":null,"status":"passed","title":"Renders icon"},{"ancestorTitles":["Breadcrumbs"],"failureMessages":[],"fullName":"Breadcrumbs Throws error when nothing is passed into Breadcrumb","location":null,"status":"passed","title":"Throws error when nothing is passed into Breadcrumb"},{"ancestorTitles":["Breadcrumbs"],"failureMessages":[],"fullName":"Breadcrumbs passes a ref to the nav wrapper element","location":null,"status":"passed","title":"passes a ref to the nav wrapper element"},{"ancestorTitles":["Breadcrumbs Snapshot"],"failureMessages":[],"fullName":"Breadcrumbs Snapshot Renders the UI snapshot correctly","location":null,"status":"passed","title":"Renders the UI snapshot correctly"}],"endTime":1664388195789,"message":"","name":"/Users/edwinguzman/projects/design/nypl-design-system/src/components/Breadcrumbs/Breadcrumbs.test.tsx","startTime":1664388190704,"status":"passed","summary":""},{"assertionResults":[{"ancestorTitles":["Modal Accessibility"],"failureMessages":[],"fullName":"Modal Accessibility passes axe accessibility for ModalTrigger","location":null,"status":"passed","title":"passes axe accessibility for ModalTrigger"},{"ancestorTitles":["Modal Accessibility"],"failureMessages":[],"fullName":"Modal Accessibility passes axe accessibility for useModal","location":null,"status":"passed","title":"passes axe accessibility for useModal"},{"ancestorTitles":["ModalTrigger"],"failureMessages":[],"fullName":"ModalTrigger renders content when it is opened","location":null,"status":"passed","title":"renders content when it is opened"},{"ancestorTitles":["ModalTrigger"],"failureMessages":[],"fullName":"ModalTrigger renders the UI snapshot correctly","location":null,"status":"passed","title":"renders the UI snapshot correctly"},{"ancestorTitles":["ModalTrigger"],"failureMessages":[],"fullName":"ModalTrigger passes a ref to the inner button element","location":null,"status":"passed","title":"passes a ref to the inner button element"},{"ancestorTitles":["useModal"],"failureMessages":[],"fullName":"useModal renders content when it is opened","location":null,"status":"passed","title":"renders content when it is opened"},{"ancestorTitles":["useModal"],"failureMessages":[],"fullName":"useModal renders the UI snapshot correctly","location":null,"status":"passed","title":"renders the UI snapshot correctly"}],"endTime":1664388195975,"message":"","name":"/Users/edwinguzman/projects/design/nypl-design-system/src/components/Modal/Modal.test.tsx","startTime":1664388191882,"status":"passed","summary":""},{"assertionResults":[{"ancestorTitles":["SkipNavigation Accessibility"],"failureMessages":[],"fullName":"SkipNavigation Accessibility passes axe accessibility test","location":null,"status":"passed","title":"passes axe accessibility test"},{"ancestorTitles":["Label"],"failureMessages":[],"fullName":"Label renders a nav element with an unordered list","location":null,"status":"passed","title":"renders a nav element with an unordered list"},{"ancestorTitles":["Label"],"failureMessages":[],"fullName":"Label renders two links","location":null,"status":"passed","title":"renders two links"},{"ancestorTitles":["Label"],"failureMessages":[],"fullName":"Label renders a custom main link target","location":null,"status":"passed","title":"renders a custom main link target"},{"ancestorTitles":["Label"],"failureMessages":[],"fullName":"Label Renders the UI snapshot correctly","location":null,"status":"passed","title":"Renders the UI snapshot correctly"},{"ancestorTitles":["Label"],"failureMessages":[],"fullName":"Label passes a ref to the nav wrapper element","location":null,"status":"passed","title":"passes a ref to the nav wrapper element"}],"endTime":1664388196052,"message":"","name":"/Users/edwinguzman/projects/design/nypl-design-system/src/components/SkipNavigation/SkipNavigation.test.tsx","startTime":1664388192521,"status":"passed","summary":""},{"assertionResults":[{"ancestorTitles":["Fieldset Accessibility"],"failureMessages":[],"fullName":"Fieldset Accessibility passes axe accessibility","location":null,"status":"passed","title":"passes axe accessibility"},{"ancestorTitles":["Fieldset Accessibility"],"failureMessages":[],"fullName":"Fieldset Accessibility passes axe accessibility with the legend hidden","location":null,"status":"passed","title":"passes axe accessibility with the legend hidden"},{"ancestorTitles":["Fieldset"],"failureMessages":[],"fullName":"Fieldset renders text in a legend and fieldset along with its children","location":null,"status":"passed","title":"renders text in a legend and fieldset along with its children"},{"ancestorTitles":["Fieldset"],"failureMessages":[],"fullName":"Fieldset renders '(Required)' text in the legend when `isRequired` is true","location":null,"status":"passed","title":"renders '(Required)' text in the legend when `isRequired` is true"},{"ancestorTitles":["Fieldset"],"failureMessages":[],"fullName":"Fieldset can hide the '(Required)' text in the legend but still show the main text","location":null,"status":"passed","title":"can hide the '(Required)' text in the legend but still show the main text"},{"ancestorTitles":["Fieldset"],"failureMessages":[],"fullName":"Fieldset logs a warning when there is no `id` passed","location":null,"status":"passed","title":"logs a warning when there is no `id` passed"},{"ancestorTitles":["Fieldset"],"failureMessages":[],"fullName":"Fieldset renders the UI snapshot correctly","location":null,"status":"passed","title":"renders the UI snapshot correctly"},{"ancestorTitles":["Fieldset"],"failureMessages":[],"fullName":"Fieldset passes a ref to the fieldset element","location":null,"status":"passed","title":"passes a ref to the fieldset element"}],"endTime":1664388196402,"message":"","name":"/Users/edwinguzman/projects/design/nypl-design-system/src/components/Fieldset/Fieldset.test.tsx","startTime":1664388193021,"status":"passed","summary":""},{"assertionResults":[{"ancestorTitles":["Hero accessbility tests"],"failureMessages":[],"fullName":"Hero accessbility tests passes for type Primary","location":null,"status":"passed","title":"passes for type Primary"},{"ancestorTitles":["Hero accessbility tests"],"failureMessages":[],"fullName":"Hero accessbility tests passes for type Secondary","location":null,"status":"passed","title":"passes for type Secondary"},{"ancestorTitles":["Hero accessbility tests"],"failureMessages":[],"fullName":"Hero accessbility tests passes for type Tertiary","location":null,"status":"passed","title":"passes for type Tertiary"},{"ancestorTitles":["Hero accessbility tests"],"failureMessages":[],"fullName":"Hero accessbility tests passes for type Campaign","location":null,"status":"passed","title":"passes for type Campaign"},{"ancestorTitles":["Hero accessbility tests"],"failureMessages":[],"fullName":"Hero accessbility tests passes for type FiftyFifty","location":null,"status":"passed","title":"passes for type FiftyFifty"},{"ancestorTitles":["Hero"],"failureMessages":[],"fullName":"Hero renders Primary Hero","location":null,"status":"passed","title":"renders Primary Hero"},{"ancestorTitles":["Hero"],"failureMessages":[],"fullName":"Hero renders Secondary Hero","location":null,"status":"passed","title":"renders Secondary Hero"},{"ancestorTitles":["Hero"],"failureMessages":[],"fullName":"Hero renders Tertiary Hero","location":null,"status":"passed","title":"renders Tertiary Hero"},{"ancestorTitles":["Hero"],"failureMessages":[],"fullName":"Hero renders Campaign Hero","location":null,"status":"passed","title":"renders Campaign Hero"},{"ancestorTitles":["Hero"],"failureMessages":[],"fullName":"Hero renders Fifty-Fifty Hero","location":null,"status":"passed","title":"renders Fifty-Fifty Hero"},{"ancestorTitles":["Hero"],"failureMessages":[],"fullName":"Hero renders custom background and foreground colors for all but the Secondary type","location":null,"status":"passed","title":"renders custom background and foreground colors for all but the Secondary type"},{"ancestorTitles":["Hero"],"failureMessages":[],"fullName":"Hero logs a warning if `imageProps.src` prop is passed but not `imageProps.alt`","location":null,"status":"passed","title":"logs a warning if `imageProps.src` prop is passed but not `imageProps.alt`"},{"ancestorTitles":["Hero"],"failureMessages":[],"fullName":"Hero renders Primary Hero with warnings in browser console","location":null,"status":"passed","title":"renders Primary Hero with warnings in browser console"},{"ancestorTitles":["Hero"],"failureMessages":[],"fullName":"Hero renders Secondary Hero with warnings in browser console","location":null,"status":"passed","title":"renders Secondary Hero with warnings in browser console"},{"ancestorTitles":["Hero"],"failureMessages":[],"fullName":"Hero renders Tertiary Hero with warnings in browser console","location":null,"status":"passed","title":"renders Tertiary Hero with warnings in browser console"},{"ancestorTitles":["Hero"],"failureMessages":[],"fullName":"Hero renders Campaign Hero with warnings in browser console","location":null,"status":"passed","title":"renders Campaign Hero with warnings in browser console"},{"ancestorTitles":["Hero"],"failureMessages":[],"fullName":"Hero renders FiftyFifty Hero with warnings in browser console","location":null,"status":"passed","title":"renders FiftyFifty Hero with warnings in browser console"},{"ancestorTitles":["Hero"],"failureMessages":[],"fullName":"Hero Renders the UI snapshot correctly","location":null,"status":"passed","title":"Renders the UI snapshot correctly"},{"ancestorTitles":["Hero"],"failureMessages":[],"fullName":"Hero passes a ref to the div wrapper element","location":null,"status":"passed","title":"passes a ref to the div wrapper element"}],"endTime":1664388196508,"message":"","name":"/Users/edwinguzman/projects/design/nypl-design-system/src/components/Hero/Hero.test.tsx","startTime":1664388192045,"status":"passed","summary":""},{"assertionResults":[{"ancestorTitles":["Header Accessibility"],"failureMessages":[],"fullName":"Header Accessibility passes axe accessibility test","location":null,"status":"passed","title":"passes axe accessibility test"},{"ancestorTitles":["Header"],"failureMessages":[],"fullName":"Header renders a skip navigation","location":null,"status":"passed","title":"renders a skip navigation"},{"ancestorTitles":["Header"],"failureMessages":[],"fullName":"Header renders a notification","location":null,"status":"passed","title":"renders a notification"},{"ancestorTitles":["Header"],"failureMessages":[],"fullName":"Header renders the NYPL logo","location":null,"status":"passed","title":"renders the NYPL logo"},{"ancestorTitles":["Header"],"failureMessages":[],"fullName":"Header sends a GA event when the NYPL logo is clicked","location":null,"status":"passed","title":"sends a GA event when the NYPL logo is clicked"},{"ancestorTitles":["Header"],"failureMessages":[],"fullName":"Header renders the upper links","location":null,"status":"passed","title":"renders the upper links"},{"ancestorTitles":["Header"],"failureMessages":[],"fullName":"Header renders the lower links","location":null,"status":"passed","title":"renders the lower links"},{"ancestorTitles":["Header"],"failureMessages":[],"fullName":"Header opens the login menu","location":null,"status":"passed","title":"opens the login menu"},{"ancestorTitles":["Header"],"failureMessages":[],"fullName":"Header renders the horizontal rule","location":null,"status":"passed","title":"renders the horizontal rule"},{"ancestorTitles":["Header"],"failureMessages":[],"fullName":"Header renders the UI snapshot correctly","location":null,"status":"passed","title":"renders the UI snapshot correctly"},{"ancestorTitles":["Patron API call succeeds"],"failureMessages":[],"fullName":"Patron API call succeeds displays the logged in view when call succeeds","location":null,"status":"passed","title":"displays the logged in view when call succeeds"},{"ancestorTitles":["Patron API call fails"],"failureMessages":[],"fullName":"Patron API call fails logs warning and displays the logged out view if call fails","location":null,"status":"passed","title":"logs warning and displays the logged out view if call fails"},{"ancestorTitles":["Patron API returns wrong data"],"failureMessages":[],"fullName":"Patron API returns wrong data displays the logged out view if wrong data is received","location":null,"status":"passed","title":"displays the logged out view if wrong data is received"},{"ancestorTitles":["Patron API returns expired data, but refreshes the token successfully"],"failureMessages":[],"fullName":"Patron API returns expired data, but refreshes the token successfully displays logged in view if refresh is successful","location":null,"status":"passed","title":"displays logged in view if refresh is successful"},{"ancestorTitles":["Patron API returns expired data and cannot refresh the token successfully"],"failureMessages":[],"fullName":"Patron API returns expired data and cannot refresh the token successfully displays logged out view if refresh is unsuccessful","location":null,"status":"passed","title":"displays logged out view if refresh is unsuccessful"}],"endTime":1664388196814,"message":"","name":"/Users/edwinguzman/projects/design/nypl-design-system/src/components/Header/Header.test.tsx","startTime":1664388180748,"status":"passed","summary":""},{"assertionResults":[{"ancestorTitles":["Select Accessibility"],"failureMessages":[],"fullName":"Select Accessibility passes axe accessibility test","location":null,"status":"passed","title":"passes axe accessibility test"},{"ancestorTitles":["Select Accessibility"],"failureMessages":[],"fullName":"Select Accessibility passes axe accessibility test with hidden label","location":null,"status":"passed","title":"passes axe accessibility test with hidden label"},{"ancestorTitles":["Select"],"failureMessages":[],"fullName":"Select renders a label, select, option, and helper text DOM elements","location":null,"status":"passed","title":"renders a label, select, option, and helper text DOM elements"},{"ancestorTitles":["Select"],"failureMessages":[],"fullName":"Select renders a name attribute to use in forms","location":null,"status":"passed","title":"renders a name attribute to use in forms"},{"ancestorTitles":["Select"],"failureMessages":[],"fullName":"Select renders an aria-label attribute when `showLabel` is false","location":null,"status":"passed","title":"renders an aria-label attribute when `showLabel` is false"},{"ancestorTitles":["Select"],"failureMessages":[],"fullName":"Select renders aria-describedby when helperText prop is passed","location":null,"status":"passed","title":"renders aria-describedby when helperText prop is passed"},{"ancestorTitles":["Select"],"failureMessages":[],"fullName":"Select renders '(Required)' text in the label","location":null,"status":"passed","title":"renders '(Required)' text in the label"},{"ancestorTitles":["Select"],"failureMessages":[],"fullName":"Select renders required and aria-required attributes when 'showLabel' is false","location":null,"status":"passed","title":"renders required and aria-required attributes when 'showLabel' is false"},{"ancestorTitles":["Select"],"failureMessages":[],"fullName":"Select should not render a required label if 'showRequiredLabel' flag is false, but still render the label","location":null,"status":"passed","title":"should not render a required label if 'showRequiredLabel' flag is false, but still render the label"},{"ancestorTitles":["Select"],"failureMessages":[],"fullName":"Select renders helper text when helperText prop is passed","location":null,"status":"passed","title":"renders helper text when helperText prop is passed"},{"ancestorTitles":["Select"],"failureMessages":[],"fullName":"Select renders default error text when 'invalidText' prop is not passed and 'isInvalid' prop is set to true","location":null,"status":"passed","title":"renders default error text when 'invalidText' prop is not passed and 'isInvalid' prop is set to true"},{"ancestorTitles":["Select"],"failureMessages":[],"fullName":"Select does not render the error text when 'isInvalid' is true and 'showHelperInvalidText' is false","location":null,"status":"passed","title":"does not render the error text when 'isInvalid' is true and 'showHelperInvalidText' is false"},{"ancestorTitles":["Select"],"failureMessages":[],"fullName":"Select renders custom error text when 'invalidText' prop is passed and 'isInvalid' prop is set to true","location":null,"status":"passed","title":"renders custom error text when 'invalidText' prop is passed and 'isInvalid' prop is set to true"},{"ancestorTitles":["Select"],"failureMessages":[],"fullName":"Select updates the value through a ref","location":null,"status":"passed","title":"updates the value through a ref"},{"ancestorTitles":["Select"],"failureMessages":[],"fullName":"Select calls the onChange callback function","location":null,"status":"passed","title":"calls the onChange callback function"},{"ancestorTitles":["Select"],"failureMessages":[],"fullName":"Select logs a warning when there is no `id` passed","location":null,"status":"passed","title":"logs a warning when there is no `id` passed"},{"ancestorTitles":["Select"],"failureMessages":[],"fullName":"Select Renders the UI snapshot correctly","location":null,"status":"passed","title":"Renders the UI snapshot correctly"},{"ancestorTitles":["Select"],"failureMessages":[],"fullName":"Select passes a ref to the select element","location":null,"status":"passed","title":"passes a ref to the select element"}],"endTime":1664388197334,"message":"","name":"/Users/edwinguzman/projects/design/nypl-design-system/src/components/Select/Select.test.tsx","startTime":1664388192232,"status":"passed","summary":""},{"assertionResults":[{"ancestorTitles":["HorizontalRule Accessibility"],"failureMessages":[],"fullName":"HorizontalRule Accessibility passes axe accessibility test","location":null,"status":"passed","title":"passes axe accessibility test"},{"ancestorTitles":["HorizontalRule"],"failureMessages":[],"fullName":"HorizontalRule renders HorizontalRule component","location":null,"status":"passed","title":"renders HorizontalRule component"},{"ancestorTitles":["HorizontalRule"],"failureMessages":[],"fullName":"HorizontalRule renders with proper custom class","location":null,"status":"passed","title":"renders with proper custom class"},{"ancestorTitles":["HorizontalRule"],"failureMessages":[],"fullName":"HorizontalRule renders the UI snapshot correctly","location":null,"status":"passed","title":"renders the UI snapshot correctly"},{"ancestorTitles":["HorizontalRule"],"failureMessages":[],"fullName":"HorizontalRule passes a ref to the hr element","location":null,"status":"passed","title":"passes a ref to the hr element"}],"endTime":1664388197553,"message":"","name":"/Users/edwinguzman/projects/design/nypl-design-system/src/components/HorizontalRule/HorizontalRule.test.tsx","startTime":1664388194319,"status":"passed","summary":""},{"assertionResults":[{"ancestorTitles":["StructuredContent Accessibility"],"failureMessages":[],"fullName":"StructuredContent Accessibility passes axe accessibility for HTML string text content","location":null,"status":"passed","title":"passes axe accessibility for HTML string text content"},{"ancestorTitles":["StructuredContent Accessibility"],"failureMessages":[],"fullName":"StructuredContent Accessibility passes axe accessibility for HTML DOM text content","location":null,"status":"passed","title":"passes axe accessibility for HTML DOM text content"},{"ancestorTitles":["StructuredContent Accessibility"],"failureMessages":[],"fullName":"StructuredContent Accessibility passes axe accessibility without an image","location":null,"status":"passed","title":"passes axe accessibility without an image"},{"ancestorTitles":["StructuredContent"],"failureMessages":[],"fullName":"StructuredContent renders two headings, an image, and body text","location":null,"status":"passed","title":"renders two headings, an image, and body text"},{"ancestorTitles":["StructuredContent"],"failureMessages":[],"fullName":"StructuredContent optionally renders without the headings","location":null,"status":"passed","title":"optionally renders without the headings"},{"ancestorTitles":["StructuredContent"],"failureMessages":[],"fullName":"StructuredContent optionally renders without the image","location":null,"status":"passed","title":"optionally renders without the image"},{"ancestorTitles":["StructuredContent"],"failureMessages":[],"fullName":"StructuredContent logs a warning when an image is used but no alt text is passed to `imageProps.alt`","location":null,"status":"passed","title":"logs a warning when an image is used but no alt text is passed to `imageProps.alt`"},{"ancestorTitles":["StructuredContent"],"failureMessages":[],"fullName":"StructuredContent renders an image wrapped in figure when provided an image caption or credit","location":null,"status":"passed","title":"renders an image wrapped in figure when provided an image caption or credit"},{"ancestorTitles":["StructuredContent"],"failureMessages":[],"fullName":"StructuredContent renders a simple image element when no image caption or credit are provided","location":null,"status":"passed","title":"renders a simple image element when no image caption or credit are provided"},{"ancestorTitles":["StructuredContent"],"failureMessages":[],"fullName":"StructuredContent renders the UI snapshot","location":null,"status":"passed","title":"renders the UI snapshot"},{"ancestorTitles":["StructuredContent"],"failureMessages":[],"fullName":"StructuredContent passes a ref to the div wrapper element","location":null,"status":"passed","title":"passes a ref to the div wrapper element"}],"endTime":1664388198298,"message":"","name":"/Users/edwinguzman/projects/design/nypl-design-system/src/components/StructuredContent/StructuredContent.test.tsx","startTime":1664388193732,"status":"passed","summary":""},{"assertionResults":[{"ancestorTitles":["Icon Accessibility"],"failureMessages":[],"fullName":"Icon Accessibility passes axe accessibility test","location":null,"status":"passed","title":"passes axe accessibility test"},{"ancestorTitles":["Icon"],"failureMessages":[],"fullName":"Icon consoles a warning if both name and children are passed to Icon","location":null,"status":"passed","title":"consoles a warning if both name and children are passed to Icon"},{"ancestorTitles":["Icon"],"failureMessages":[],"fullName":"Icon consoles a warning if both name and children are not passed","location":null,"status":"passed","title":"consoles a warning if both name and children are not passed"},{"ancestorTitles":["Icon"],"failureMessages":[],"fullName":"Icon consoles a warning if name is not passed and a child is but it's not an SVG element","location":null,"status":"passed","title":"consoles a warning if name is not passed and a child is but it's not an SVG element"},{"ancestorTitles":["Icon"],"failureMessages":[],"fullName":"Icon renders an icon based on the icon `name` prop","location":null,"status":"passed","title":"renders an icon based on the icon `name` prop"},{"ancestorTitles":["Icon"],"failureMessages":[],"fullName":"Icon renders a title element","location":null,"status":"passed","title":"renders a title element"},{"ancestorTitles":["Icon"],"failureMessages":[],"fullName":"Icon renders an icon based on the child","location":null,"status":"passed","title":"renders an icon based on the child"},{"ancestorTitles":["Icon"],"failureMessages":[],"fullName":"Icon renders the UI snapshot correctly","location":null,"status":"passed","title":"renders the UI snapshot correctly"}],"endTime":1664388198882,"message":"","name":"/Users/edwinguzman/projects/design/nypl-design-system/src/components/Icons/Icon.test.tsx","startTime":1664388195675,"status":"passed","summary":""},{"assertionResults":[{"ancestorTitles":["Logo Accessibility"],"failureMessages":[],"fullName":"Logo Accessibility passes axe accessibility test","location":null,"status":"passed","title":"passes axe accessibility test"},{"ancestorTitles":["Logo"],"failureMessages":[],"fullName":"Logo consoles a warning if both name and children are passed to Logo","location":null,"status":"passed","title":"consoles a warning if both name and children are passed to Logo"},{"ancestorTitles":["Logo"],"failureMessages":[],"fullName":"Logo consoles a warning if both name and children are not passed","location":null,"status":"passed","title":"consoles a warning if both name and children are not passed"},{"ancestorTitles":["Logo"],"failureMessages":[],"fullName":"Logo consoles a warning if name is not passed and a child is but it's not an SVG element","location":null,"status":"passed","title":"consoles a warning if name is not passed and a child is but it's not an SVG element"},{"ancestorTitles":["Logo"],"failureMessages":[],"fullName":"Logo renders a logo based on the logo `name` prop","location":null,"status":"passed","title":"renders a logo based on the logo `name` prop"},{"ancestorTitles":["Logo"],"failureMessages":[],"fullName":"Logo renders a title element","location":null,"status":"passed","title":"renders a title element"},{"ancestorTitles":["Logo"],"failureMessages":[],"fullName":"Logo renders a logo based on the child","location":null,"status":"passed","title":"renders a logo based on the child"},{"ancestorTitles":["Logo"],"failureMessages":[],"fullName":"Logo renders the UI snapshot correctly","location":null,"status":"passed","title":"renders the UI snapshot correctly"}],"endTime":1664388199105,"message":"","name":"/Users/edwinguzman/projects/design/nypl-design-system/src/components/Logo/Logo.test.tsx","startTime":1664388196080,"status":"passed","summary":""},{"assertionResults":[{"ancestorTitles":["List Accessibility"],"failureMessages":[],"fullName":"List Accessibility passes axe accessibility test for unordered list","location":null,"status":"passed","title":"passes axe accessibility test for unordered list"},{"ancestorTitles":["List Accessibility"],"failureMessages":[],"fullName":"List Accessibility passes axe accessibility test for ordered list","location":null,"status":"passed","title":"passes axe accessibility test for ordered list"},{"ancestorTitles":["List Accessibility"],"failureMessages":[],"fullName":"List Accessibility passes axe accessibility test for description list","location":null,"status":"passed","title":"passes axe accessibility test for description list"},{"ancestorTitles":["List"],"failureMessages":[],"fullName":"List renders unordered list","location":null,"status":"passed","title":"renders unordered list"},{"ancestorTitles":["List"],"failureMessages":[],"fullName":"List renders unordered list with the `listItems` prop","location":null,"status":"passed","title":"renders unordered list with the `listItems` prop"},{"ancestorTitles":["List"],"failureMessages":[],"fullName":"List renders ordered list","location":null,"status":"passed","title":"renders ordered list"},{"ancestorTitles":["List"],"failureMessages":[],"fullName":"List renders ordered list with the `listItems` prop","location":null,"status":"passed","title":"renders ordered list with the `listItems` prop"},{"ancestorTitles":["List"],"failureMessages":[],"fullName":"List returns description list","location":null,"status":"passed","title":"returns description list"},{"ancestorTitles":["List"],"failureMessages":[],"fullName":"List returns description list with the `listItems` prop","location":null,"status":"passed","title":"returns description list with the `listItems` prop"},{"ancestorTitles":["List"],"failureMessages":[],"fullName":"List consoles a warning when children and the `listItems` prop are both passed","location":null,"status":"passed","title":"consoles a warning when children and the `listItems` prop are both passed"},{"ancestorTitles":["List"],"failureMessages":[],"fullName":"List consoles a warning when no children are passed or the `listItems` prop is not passed","location":null,"status":"passed","title":"consoles a warning when no children are passed or the `listItems` prop is not passed"},{"ancestorTitles":["List"],"failureMessages":[],"fullName":"List consoles a warning when you pass an ordered or unordered list children that aren't <li>s","location":null,"status":"passed","title":"consoles a warning when you pass an ordered or unordered list children that aren't <li>s"},{"ancestorTitles":["List"],"failureMessages":[],"fullName":"List consoles a warning when you pass a description list children that aren't `<dt>`s or `<dd>`s","location":null,"status":"passed","title":"consoles a warning when you pass a description list children that aren't `<dt>`s or `<dd>`s"},{"ancestorTitles":["List"],"failureMessages":[],"fullName":"List Renders the UI snapshot correctly","location":null,"status":"passed","title":"Renders the UI snapshot correctly"},{"ancestorTitles":["List"],"failureMessages":[],"fullName":"List passes a ref to the section or list element","location":null,"status":"passed","title":"passes a ref to the section or list element"}],"endTime":1664388199947,"message":"","name":"/Users/edwinguzman/projects/design/nypl-design-system/src/components/List/List.test.tsx","startTime":1664388195847,"status":"passed","summary":""},{"assertionResults":[{"ancestorTitles":["Link Accessibility"],"failureMessages":[],"fullName":"Link Accessibility passes axe accessibility test for children component","location":null,"status":"passed","title":"passes axe accessibility test for children component"},{"ancestorTitles":["Link Accessibility"],"failureMessages":[],"fullName":"Link Accessibility passes axe accessibility test for href prop","location":null,"status":"passed","title":"passes axe accessibility test for href prop"},{"ancestorTitles":["Link"],"failureMessages":[],"fullName":"Link Can pass in an icon and text as children and url as prop","location":null,"status":"passed","title":"Can pass in an icon and text as children and url as prop"},{"ancestorTitles":["Link"],"failureMessages":[],"fullName":"Link Can pass a link with <a> tag","location":null,"status":"passed","title":"Can pass a link with <a> tag"},{"ancestorTitles":["Link"],"failureMessages":[],"fullName":"Link Can pass a link with <a> tag and an icon","location":null,"status":"passed","title":"Can pass a link with <a> tag and an icon"},{"ancestorTitles":["Link"],"failureMessages":[],"fullName":"Link Generated back link has icon","location":null,"status":"passed","title":"Generated back link has icon"},{"ancestorTitles":["Link"],"failureMessages":[],"fullName":"Link Generated forwards link has icon","location":null,"status":"passed","title":"Generated forwards link has icon"},{"ancestorTitles":["Link"],"failureMessages":[],"fullName":"Link Can pass in text as child and url as props","location":null,"status":"passed","title":"Can pass in text as child and url as props"},{"ancestorTitles":["Link"],"failureMessages":[],"fullName":"Link throws an error if text is passed but no url is passed","location":null,"status":"passed","title":"throws an error if text is passed but no url is passed"},{"ancestorTitles":["Link"],"failureMessages":[],"fullName":"Link throws an error if more than one child element is passed","location":null,"status":"passed","title":"throws an error if more than one child element is passed"},{"ancestorTitles":["Link"],"failureMessages":[],"fullName":"Link renders the UI snapshot correctly","location":null,"status":"passed","title":"renders the UI snapshot correctly"},{"ancestorTitles":["Link"],"failureMessages":[],"fullName":"Link passes a ref to the anchor element","location":null,"status":"passed","title":"passes a ref to the anchor element"}],"endTime":1664388199963,"message":"","name":"/Users/edwinguzman/projects/design/nypl-design-system/src/components/Link/Link.test.tsx","startTime":1664388196452,"status":"passed","summary":""},{"assertionResults":[{"ancestorTitles":["Button Accessibility"],"failureMessages":[],"fullName":"Button Accessibility passes axe accessibility test","location":null,"status":"passed","title":"passes axe accessibility test"},{"ancestorTitles":["Button"],"failureMessages":[],"fullName":"Button calls the onClick","location":null,"status":"passed","title":"calls the onClick"},{"ancestorTitles":["Button"],"failureMessages":[],"fullName":"Button optionally calls the onClick on mouseDown instead of on click","location":null,"status":"passed","title":"optionally calls the onClick on mouseDown instead of on click"},{"ancestorTitles":["Button"],"failureMessages":[],"fullName":"Button should render string children","location":null,"status":"passed","title":"should render string children"},{"ancestorTitles":["Button"],"failureMessages":[],"fullName":"Button should render element children","location":null,"status":"passed","title":"should render element children"},{"ancestorTitles":["Button"],"failureMessages":[],"fullName":"Button button has proper child svg for the icon only button","location":null,"status":"passed","title":"button has proper child svg for the icon only button"},{"ancestorTitles":["Button"],"failureMessages":[],"fullName":"Button logs a warning when there is no `id` passed","location":null,"status":"passed","title":"logs a warning when there is no `id` passed"},{"ancestorTitles":["Button"],"failureMessages":[],"fullName":"Button passes a ref to the button element","location":null,"status":"passed","title":"passes a ref to the button element"},{"ancestorTitles":["Button Snapshot"],"failureMessages":[],"fullName":"Button Snapshot Renders the UI snapshot correctly","location":null,"status":"passed","title":"Renders the UI snapshot correctly"}],"endTime":1664388200206,"message":"","name":"/Users/edwinguzman/projects/design/nypl-design-system/src/components/Button/Button.test.tsx","startTime":1664388196566,"status":"passed","summary":""},{"assertionResults":[{"ancestorTitles":["Toggle Accessibility"],"failureMessages":[],"fullName":"Toggle Accessibility Passes axe accessibility test","location":null,"status":"passed","title":"Passes axe accessibility test"},{"ancestorTitles":["Toggle"],"failureMessages":[],"fullName":"Toggle Renders with a Toggle input and label","location":null,"status":"passed","title":"Renders with a Toggle input and label"},{"ancestorTitles":["Toggle"],"failureMessages":[],"fullName":"Toggle Renders visible helper or error text","location":null,"status":"passed","title":"Renders visible helper or error text"},{"ancestorTitles":["Toggle"],"failureMessages":[],"fullName":"Toggle Sets the Toggle's ID","location":null,"status":"passed","title":"Sets the Toggle's ID"},{"ancestorTitles":["Toggle"],"failureMessages":[],"fullName":"Toggle Sets the 'checked' attribute","location":null,"status":"passed","title":"Sets the 'checked' attribute"},{"ancestorTitles":["Toggle"],"failureMessages":[],"fullName":"Toggle Sets the 'disabled' attribute","location":null,"status":"passed","title":"Sets the 'disabled' attribute"},{"ancestorTitles":["Toggle"],"failureMessages":[],"fullName":"Toggle Sets the error state","location":null,"status":"passed","title":"Sets the error state"},{"ancestorTitles":["Toggle"],"failureMessages":[],"fullName":"Toggle does not render the error text when 'isInvalid' is true but 'invalidText' is not passed","location":null,"status":"passed","title":"does not render the error text when 'isInvalid' is true but 'invalidText' is not passed"},{"ancestorTitles":["Toggle"],"failureMessages":[],"fullName":"Toggle Changing the value calls the onChange handler","location":null,"status":"passed","title":"Changing the value calls the onChange handler"},{"ancestorTitles":["Toggle"],"failureMessages":[],"fullName":"Toggle Logs a warning when there is no `id` passed","location":null,"status":"passed","title":"Logs a warning when there is no `id` passed"},{"ancestorTitles":["Toggle"],"failureMessages":[],"fullName":"Toggle Renders the UI snapshot correctly","location":null,"status":"passed","title":"Renders the UI snapshot correctly"},{"ancestorTitles":["Toggle"],"failureMessages":[],"fullName":"Toggle passes a ref to the input element","location":null,"status":"passed","title":"passes a ref to the input element"}],"endTime":1664388200984,"message":"","name":"/Users/edwinguzman/projects/design/nypl-design-system/src/components/Toggle/Toggle.test.tsx","startTime":1664388196851,"status":"passed","summary":""},{"assertionResults":[{"ancestorTitles":["ComponentWrapper Accessibility"],"failureMessages":[],"fullName":"ComponentWrapper Accessibility Passes axe accessibility test","location":null,"status":"passed","title":"Passes axe accessibility test"},{"ancestorTitles":["ComponentWrapper Accessibility"],"failureMessages":[],"fullName":"ComponentWrapper Accessibility Passes axe accessibility test without certain props","location":null,"status":"passed","title":"Passes axe accessibility test without certain props"},{"ancestorTitles":["ComponentWrapper"],"failureMessages":[],"fullName":"ComponentWrapper renders with different text sections and children elements","location":null,"status":"passed","title":"renders with different text sections and children elements"},{"ancestorTitles":["ComponentWrapper"],"failureMessages":[],"fullName":"ComponentWrapper renders with only its children elements","location":null,"status":"passed","title":"renders with only its children elements"},{"ancestorTitles":["ComponentWrapper"],"failureMessages":[],"fullName":"ComponentWrapper renders invalid text in the internal HelperErrorText component","location":null,"status":"passed","title":"renders invalid text in the internal HelperErrorText component"},{"ancestorTitles":["ComponentWrapper"],"failureMessages":[],"fullName":"ComponentWrapper Renders the UI snapshot correctly","location":null,"status":"passed","title":"Renders the UI snapshot correctly"},{"ancestorTitles":["ComponentWrapper"],"failureMessages":[],"fullName":"ComponentWrapper passes a ref to the div wrapper element","location":null,"status":"passed","title":"passes a ref to the div wrapper element"}],"endTime":1664388201013,"message":"","name":"/Users/edwinguzman/projects/design/nypl-design-system/src/components/ComponentWrapper/ComponentWrapper.test.tsx","startTime":1664388197359,"status":"passed","summary":""},{"assertionResults":[{"ancestorTitles":["Table Accessibility"],"failureMessages":[],"fullName":"Table Accessibility passes axe accessibility test with the columnHeaders and tableData prop","location":null,"status":"passed","title":"passes axe accessibility test with the columnHeaders and tableData prop"},{"ancestorTitles":["Table Accessibility"],"failureMessages":[],"fullName":"Table Accessibility passes axe accessibility test with tableData prop","location":null,"status":"passed","title":"passes axe accessibility test with tableData prop"},{"ancestorTitles":["Table"],"failureMessages":[],"fullName":"Table renders a caption","location":null,"status":"passed","title":"renders a caption"},{"ancestorTitles":["Table"],"failureMessages":[],"fullName":"Table renders a table header","location":null,"status":"passed","title":"renders a table header"},{"ancestorTitles":["Table"],"failureMessages":[],"fullName":"Table renders table data","location":null,"status":"passed","title":"renders table data"},{"ancestorTitles":["Table"],"failureMessages":[],"fullName":"Table logs a warning when the `columnHeaders` prop is an empty array","location":null,"status":"passed","title":"logs a warning when the `columnHeaders` prop is an empty array"},{"ancestorTitles":["Table"],"failureMessages":[],"fullName":"Table logs a warning when the `tableData` prop is an empty array","location":null,"status":"passed","title":"logs a warning when the `tableData` prop is an empty array"},{"ancestorTitles":["Table"],"failureMessages":[],"fullName":"Table logs a warning when the columns in each `tableData` row are not identical","location":null,"status":"passed","title":"logs a warning when the columns in each `tableData` row are not identical"},{"ancestorTitles":["Table"],"failureMessages":[],"fullName":"Table logs a warning when the column headers `columnHeaders` is not equal the number of columns in the data table","location":null,"status":"passed","title":"logs a warning when the column headers `columnHeaders` is not equal the number of columns in the data table"},{"ancestorTitles":["Table"],"failureMessages":[],"fullName":"Table renders JSX elements from the data array","location":null,"status":"passed","title":"renders JSX elements from the data array"},{"ancestorTitles":["Table"],"failureMessages":[],"fullName":"Table renders the UI snapshot correctly","location":null,"status":"passed","title":"renders the UI snapshot correctly"},{"ancestorTitles":["Table"],"failureMessages":[],"fullName":"Table passes a ref to the table element","location":null,"status":"passed","title":"passes a ref to the table element"}],"endTime":1664388201653,"message":"","name":"/Users/edwinguzman/projects/design/nypl-design-system/src/components/Table/Table.test.tsx","startTime":1664388195986,"status":"passed","summary":""},{"assertionResults":[{"ancestorTitles":["HelperErrorText Accessibility"],"failureMessages":[],"fullName":"HelperErrorText Accessibility passes axe accessibility test","location":null,"status":"passed","title":"passes axe accessibility test"},{"ancestorTitles":["HelperErrorText"],"failureMessages":[],"fullName":"HelperErrorText renders the text passed","location":null,"status":"passed","title":"renders the text passed"},{"ancestorTitles":["HelperErrorText"],"failureMessages":[],"fullName":"HelperErrorText renders the text passed as an HTML string","location":null,"status":"passed","title":"renders the text passed as an HTML string"},{"ancestorTitles":["HelperErrorText"],"failureMessages":[],"fullName":"HelperErrorText renders the text passed as HTML","location":null,"status":"passed","title":"renders the text passed as HTML"},{"ancestorTitles":["HelperErrorText"],"failureMessages":[],"fullName":"HelperErrorText renders the invalid state","location":null,"status":"passed","title":"renders the invalid state"},{"ancestorTitles":["HelperErrorText"],"failureMessages":[],"fullName":"HelperErrorText has aria-live and aria-atomic attributes when errored","location":null,"status":"passed","title":"has aria-live and aria-atomic attributes when errored"},{"ancestorTitles":["HelperErrorText"],"failureMessages":[],"fullName":"HelperErrorText accepts an aria-atomic value of false","location":null,"status":"passed","title":"accepts an aria-atomic value of false"},{"ancestorTitles":["HelperErrorText"],"failureMessages":[],"fullName":"HelperErrorText Renders the UI snapshot correctly","location":null,"status":"passed","title":"Renders the UI snapshot correctly"},{"ancestorTitles":["HelperErrorText"],"failureMessages":[],"fullName":"HelperErrorText passes a ref to the div element","location":null,"status":"passed","title":"passes a ref to the div element"}],"endTime":1664388201685,"message":"","name":"/Users/edwinguzman/projects/design/nypl-design-system/src/components/HelperErrorText/HelperErrorText.test.tsx","startTime":1664388198329,"status":"passed","summary":""},{"assertionResults":[{"ancestorTitles":["Image Accessibility"],"failureMessages":[],"fullName":"Image Accessibility passes axe accessibility for regular img element","location":null,"status":"passed","title":"passes axe accessibility for regular img element"},{"ancestorTitles":["Image Accessibility"],"failureMessages":[],"fullName":"Image Accessibility passes axe accessibility for regular lazy loading img element","location":null,"status":"passed","title":"passes axe accessibility for regular lazy loading img element"},{"ancestorTitles":["Image Accessibility"],"failureMessages":[],"fullName":"Image Accessibility passes axe accessibility for figure element wrapper","location":null,"status":"passed","title":"passes axe accessibility for figure element wrapper"},{"ancestorTitles":["Image Accessibility"],"failureMessages":[],"fullName":"Image Accessibility passes axe accessibility for figure lazy loading element wrapper","location":null,"status":"passed","title":"passes axe accessibility for figure lazy loading element wrapper"},{"ancestorTitles":["Image"],"failureMessages":[],"fullName":"Image does not render an image src when `isLazy` is true until it is 'inView'","location":null,"status":"passed","title":"does not render an image src when `isLazy` is true until it is 'inView'"},{"ancestorTitles":["Image"],"failureMessages":[],"fullName":"Image renders a simple image not wrapped in a figure element","location":null,"status":"passed","title":"renders a simple image not wrapped in a figure element"},{"ancestorTitles":["Image"],"failureMessages":[],"fullName":"Image renders an image wrapped in figure when provided a caption","location":null,"status":"passed","title":"renders an image wrapped in figure when provided a caption"},{"ancestorTitles":["Image"],"failureMessages":[],"fullName":"Image renders an image wrapped in figure when provided an image credit","location":null,"status":"passed","title":"renders an image wrapped in figure when provided an image credit"},{"ancestorTitles":["Image"],"failureMessages":[],"fullName":"Image renders an image wrapped in figure with credit and caption","location":null,"status":"passed","title":"renders an image wrapped in figure with credit and caption"},{"ancestorTitles":["Image"],"failureMessages":[],"fullName":"Image throws error when alt text is too long","location":null,"status":"passed","title":"throws error when alt text is too long"},{"ancestorTitles":["Image"],"failureMessages":[],"fullName":"Image Renders the UI snapshot correctly","location":null,"status":"passed","title":"Renders the UI snapshot correctly"},{"ancestorTitles":["Image"],"failureMessages":[],"fullName":"Image passes a ref to the div wrapper element","location":null,"status":"passed","title":"passes a ref to the div wrapper element"}],"endTime":1664388201769,"message":"","name":"/Users/edwinguzman/projects/design/nypl-design-system/src/components/Image/Image.test.tsx","startTime":1664388197594,"status":"passed","summary":""},{"assertionResults":[{"ancestorTitles":["Label Accessibility"],"failureMessages":[],"fullName":"Label Accessibility passes axe accessibility test","location":null,"status":"passed","title":"passes axe accessibility test"},{"ancestorTitles":["Label Accessibility"],"failureMessages":[],"fullName":"Label Accessibility passes axe accessibility test with required text","location":null,"status":"passed","title":"passes axe accessibility test with required text"},{"ancestorTitles":["Label"],"failureMessages":[],"fullName":"Label renders a label element when passed text as children","location":null,"status":"passed","title":"renders a label element when passed text as children"},{"ancestorTitles":["Label"],"failureMessages":[],"fullName":"Label renders a label element when passed element as children","location":null,"status":"passed","title":"renders a label element when passed element as children"},{"ancestorTitles":["Label"],"failureMessages":[],"fullName":"Label renders the '(Required)' helper text","location":null,"status":"passed","title":"renders the '(Required)' helper text"},{"ancestorTitles":["Label"],"failureMessages":[],"fullName":"Label Logs a warning when there is no `id` passed","location":null,"status":"passed","
[...]
["Footer"],"failureMessages":[],"fullName":"Footer renders a footer element container","location":null,"status":"passed","title":"renders a footer element container"},{"ancestorTitles":["Footer"],"failureMessages":[],"fullName":"Footer renders a list of three link lists","location":null,"status":"passed","title":"renders a list of three link lists"},{"ancestorTitles":["Footer"],"failureMessages":[],"fullName":"Footer renders a list of four social media icons","location":null,"status":"passed","title":"renders a list of four social media icons"},{"ancestorTitles":["Footer"],"failureMessages":[],"fullName":"Footer renders a footer image of the NYPL building","location":null,"status":"passed","title":"renders a footer image of the NYPL building"},{"ancestorTitles":["Footer"],"failureMessages":[],"fullName":"Footer renders the NYPL logo","location":null,"status":"passed","title":"renders the NYPL logo"},{"ancestorTitles":["Footer"],"failureMessages":[],"fullName":"Footer renders the UI snapshot correctly","location":null,"status":"passed","title":"renders the UI snapshot correctly"}],"endTime":1664388212377,"message":"","name":"/Users/edwinguzman/projects/design/nypl-design-system/src/components/Footer/Footer.test.tsx","startTime":1664388208042,"status":"passed","summary":""},{"assertionResults":[{"ancestorTitles":["SearchBar Accessibility"],"failureMessages":[],"fullName":"SearchBar Accessibility passes axe accessibility test","location":null,"status":"passed","title":"passes axe accessibility test"},{"ancestorTitles":["SearchBar Accessibility"],"failureMessages":[],"fullName":"SearchBar Accessibility passes axe accessibility test with a Select component","location":null,"status":"passed","title":"passes axe accessibility test with a Select component"},{"ancestorTitles":["SearchBar"],"failureMessages":[],"fullName":"SearchBar renders the basic form","location":null,"status":"passed","title":"renders the basic form"},{"ancestorTitles":["SearchBar"],"failureMessages":[],"fullName":"SearchBar renders an optional Select component","location":null,"status":"passed","title":"renders an optional Select component"},{"ancestorTitles":["SearchBar"],"failureMessages":[],"fullName":"SearchBar renders the invalid text in the invalid state","location":null,"status":"passed","title":"renders the invalid text in the invalid state"},{"ancestorTitles":["SearchBar"],"failureMessages":[],"fullName":"SearchBar does not render the default invalid text from the Select or TextInput components","location":null,"status":"passed","title":"does not render the default invalid text from the Select or TextInput components"},{"ancestorTitles":["SearchBar"],"failureMessages":[],"fullName":"SearchBar calls the TextInput onChange callback function","location":null,"status":"passed","title":"calls the TextInput onChange callback function"},{"ancestorTitles":["SearchBar"],"failureMessages":[],"fullName":"SearchBar calls the Select onChange callback function","location":null,"status":"passed","title":"calls the Select onChange callback function"},{"ancestorTitles":["SearchBar"],"failureMessages":[],"fullName":"SearchBar calls the callback function for the Button component ","location":null,"status":"passed","title":"calls the callback function for the Button component "},{"ancestorTitles":["SearchBar"],"failureMessages":[],"fullName":"SearchBar calls the callback function on submit ","location":null,"status":"passed","title":"calls the callback function on submit "},{"ancestorTitles":["SearchBar"],"failureMessages":[],"fullName":"SearchBar renders a default placeholder","location":null,"status":"passed","title":"renders a default placeholder"},{"ancestorTitles":["SearchBar"],"failureMessages":[],"fullName":"SearchBar renders 'required' in the placeholder text","location":null,"status":"passed","title":"renders 'required' in the placeholder text"},{"ancestorTitles":["SearchBar"],"failureMessages":[],"fullName":"SearchBar logs a warning when there is no `id` passed","location":null,"status":"passed","title":"logs a warning when there is no `id` passed"},{"ancestorTitles":["SearchBar"],"failureMessages":[],"fullName":"SearchBar renders the UI snapshot correctly","location":null,"status":"passed","title":"renders the UI snapshot correctly"},{"ancestorTitles":["SearchBar"],"failureMessages":[],"fullName":"SearchBar passes a ref to the div wrapper element","location":null,"status":"passed","title":"passes a ref to the div wrapper element"}],"endTime":1664388213207,"message":"","name":"/Users/edwinguzman/projects/design/nypl-design-system/src/components/SearchBar/SearchBar.test.tsx","startTime":1664388209679,"status":"passed","summary":""},{"assertionResults":[{"ancestorTitles":["Tabs Accessibility"],"failureMessages":[],"fullName":"Tabs Accessibility passes axe accessibility test with the data prop","location":null,"status":"passed","title":"passes axe accessibility test with the data prop"},{"ancestorTitles":["Tabs Accessibility"],"failureMessages":[],"fullName":"Tabs Accessibility passes axe accessibility test with children components","location":null,"status":"passed","title":"passes axe accessibility test with children components"},{"ancestorTitles":["Tabs"],"failureMessages":[],"fullName":"Tabs renders all tabs but only one panel at a time with children","location":null,"status":"passed","title":"renders all tabs but only one panel at a time with children"},{"ancestorTitles":["Tabs"],"failureMessages":[],"fullName":"Tabs renders all tabs but only one visible panel at a time with data prop","location":null,"status":"passed","title":"renders all tabs but only one visible panel at a time with data prop"},{"ancestorTitles":["Tabs"],"failureMessages":[],"fullName":"Tabs switches between tabs","location":null,"status":"passed","title":"switches between tabs"},{"ancestorTitles":["Tabs"],"failureMessages":[],"fullName":"Tabs renders the specified initial index value","location":null,"status":"passed","title":"renders the specified initial index value"},{"ancestorTitles":["Tabs"],"failureMessages":[],"fullName":"Tabs invokes the callback function","location":null,"status":"passed","title":"invokes the callback function"},{"ancestorTitles":["Tabs"],"failureMessages":[],"fullName":"Tabs should throw a warning when no data is passed","location":null,"status":"passed","title":"should throw a warning when no data is passed"},{"ancestorTitles":["Tabs"],"failureMessages":[],"fullName":"Tabs should throw a warning when both the 'data' prop and children are passed","location":null,"status":"passed","title":"should throw a warning when both the 'data' prop and children are passed"},{"ancestorTitles":["Tabs"],"failureMessages":[],"fullName":"Tabs should throw a warning when more than six object tabs are passed","location":null,"status":"passed","title":"should throw a warning when more than six object tabs are passed"},{"ancestorTitles":["Tabs"],"failureMessages":[],"fullName":"Tabs renders the UI snapshot correctly","location":null,"status":"passed","title":"renders the UI snapshot correctly"},{"ancestorTitles":["Tabs"],"failureMessages":[],"fullName":"Tabs passes a ref to the div wrapper element","location":null,"status":"passed","title":"passes a ref to the div wrapper element"}],"endTime":1664388213431,"message":"","name":"/Users/edwinguzman/projects/design/nypl-design-system/src/components/Tabs/Tabs.test.tsx","startTime":1664388209017,"status":"passed","summary":""},{"assertionResults":[{"ancestorTitles":["MulitSelectGroup Accessibility"],"failureMessages":[],"fullName":"MulitSelectGroup Accessibility passes axe accessibility with string labels ","location":null,"status":"passed","title":"passes axe accessibility with string labels "},{"ancestorTitles":["MulitSelectGroup Accessibility"],"failureMessages":[],"fullName":"MulitSelectGroup Accessibility renders with appropriate 'aria-label' attribute and value when 'showLabel' prop is set to false","location":null,"status":"passed","title":"renders with appropriate 'aria-label' attribute and value when 'showLabel' prop is set to false"},{"ancestorTitles":["MulitSelectGroup Accessibility"],"failureMessages":[],"fullName":"MulitSelectGroup Accessibility should throw warning when a non-MultiSelect component is used as a child","location":null,"status":"passed","title":"should throw warning when a non-MultiSelect component is used as a child"},{"ancestorTitles":["MulitSelectGroup Accessibility"],"failureMessages":[],"fullName":"MulitSelectGroup Accessibility renders the UI snapshots correctly","location":null,"status":"passed","title":"renders the UI snapshots correctly"}],"endTime":1664388213478,"message":"","name":"/Users/edwinguzman/projects/design/nypl-design-system/src/components/MultiSelectGroup/MultiSelectGroup.test.tsx","startTime":1664388210472,"status":"passed","summary":""},{"assertionResults":[{"ancestorTitles":["Pagination Accessibility"],"failureMessages":[],"fullName":"Pagination Accessibility passes axe accessibility on the first page","location":null,"status":"passed","title":"passes axe accessibility on the first page"},{"ancestorTitles":["Pagination Accessibility"],"failureMessages":[],"fullName":"Pagination Accessibility passes axe accessibility on a middle page","location":null,"status":"passed","title":"passes axe accessibility on a middle page"},{"ancestorTitles":["Pagination Accessibility"],"failureMessages":[],"fullName":"Pagination Accessibility passes axe accessibility on the last page","location":null,"status":"passed","title":"passes axe accessibility on the last page"},{"ancestorTitles":["Pagination","Rendering"],"failureMessages":[],"fullName":"Pagination Rendering renders a nav element with an unordered list and links","location":null,"status":"passed","title":"renders a nav element with an unordered list and links"},{"ancestorTitles":["Pagination","Rendering"],"failureMessages":[],"fullName":"Pagination Rendering does not render the Previous link on the first page","location":null,"status":"passed","title":"does not render the Previous link on the first page"},{"ancestorTitles":["Pagination","Rendering"],"failureMessages":[],"fullName":"Pagination Rendering does not render the Next link on the last page","location":null,"status":"passed","title":"does not render the Next link on the last page"},{"ancestorTitles":["Pagination","Rendering"],"failureMessages":[],"fullName":"Pagination Rendering renders an ellipsis at the end of the list","location":null,"status":"passed","title":"renders an ellipsis at the end of the list"},{"ancestorTitles":["Pagination","Rendering"],"failureMessages":[],"fullName":"Pagination Rendering renders an ellipsis at the start of the list","location":null,"status":"passed","title":"renders an ellipsis at the start of the list"},{"ancestorTitles":["Pagination","Rendering"],"failureMessages":[],"fullName":"Pagination Rendering renders two ellipsis when the current page is in the middle","location":null,"status":"passed","title":"renders two ellipsis when the current page is in the middle"},{"ancestorTitles":["Pagination","Rendering"],"failureMessages":[],"fullName":"Pagination Rendering adds aria-current to the active page","location":null,"status":"passed","title":"adds aria-current to the active page"},{"ancestorTitles":["Pagination","Rendering"],"failureMessages":[],"fullName":"Pagination Rendering When pagination has 1 element, pagination is not shown","location":null,"status":"passed","title":"When pagination has 1 element, pagination is not shown"},{"ancestorTitles":["Pagination","Rendering"],"failureMessages":[],"fullName":"Pagination Rendering When pagination has 0 elements, pagination is not shown","location":null,"status":"passed","title":"When pagination has 0 elements, pagination is not shown"},{"ancestorTitles":["Pagination","Rendering"],"failureMessages":[],"fullName":"Pagination Rendering renders the UI snapshot correctly","location":null,"status":"passed","title":"renders the UI snapshot correctly"},{"ancestorTitles":["Pagination","Rendering"],"failureMessages":[],"fullName":"Pagination Rendering passes a ref to the nav wrapper element","location":null,"status":"passed","title":"passes a ref to the nav wrapper element"},{"ancestorTitles":["Pagination","Behavior"],"failureMessages":[],"fullName":"Pagination Behavior navigates to the appropriate page when the Next or Previous links are clicked","location":null,"status":"passed","title":"navigates to the appropriate page when the Next or Previous links are clicked"},{"ancestorTitles":["Pagination","Behavior"],"failureMessages":[],"fullName":"Pagination Behavior updates the links href value when getPageHref is used","location":null,"status":"passed","title":"updates the links href value when getPageHref is used"},{"ancestorTitles":["Pagination","Behavior"],"failureMessages":[],"fullName":"Pagination Behavior when page item is selected, runs the onPageChange callback","location":null,"status":"passed","title":"when page item is selected, runs the onPageChange callback"},{"ancestorTitles":["Pagination","Behavior"],"failureMessages":[],"fullName":"Pagination Behavior uses the currentPage prop to update the selected page","location":null,"status":"passed","title":"uses the currentPage prop to update the selected page"},{"ancestorTitles":["Pagination","Behavior"],"failureMessages":[],"fullName":"Pagination Behavior logs a warning if both `getPageHref` and `onPageChange` props are both passed","location":null,"status":"passed","title":"logs a warning if both `getPageHref` and `onPageChange` props are both passed"},{"ancestorTitles":["Pagination","Behavior"],"failureMessages":[],"fullName":"Pagination Behavior logs a warning if both `getPageHref` and `currentPage` props are both passed","location":null,"status":"passed","title":"logs a warning if both `getPageHref` and `currentPage` props are both passed"}],"endTime":1664388213489,"message":"","name":"/Users/edwinguzman/projects/design/nypl-design-system/src/components/Pagination/Pagination.test.tsx","startTime":1664388208699,"status":"passed","summary":""},{"assertionResults":[{"ancestorTitles":["Radio Accessibility"],"failureMessages":[],"fullName":"Radio Accessibility passes axe accessibility with string labels","location":null,"status":"passed","title":"passes axe accessibility with string labels"},{"ancestorTitles":["Radio Accessibility"],"failureMessages":[],"fullName":"Radio Accessibility passes axe accessibility with jsx labels","location":null,"status":"passed","title":"passes axe accessibility with jsx labels"},{"ancestorTitles":["Radio Button"],"failureMessages":[],"fullName":"Radio Button renders with radio inputs and a label","location":null,"status":"passed","title":"renders with radio inputs and a label"},{"ancestorTitles":["Radio Button"],"failureMessages":[],"fullName":"Radio Button renders with appropriate 'aria-label' attribute and value when 'showLabel' prop is set to false","location":null,"status":"passed","title":"renders with appropriate 'aria-label' attribute and value when 'showLabel' prop is set to false"},{"ancestorTitles":["Radio Button"],"failureMessages":[],"fullName":"Radio Button renders visible helper or error text","location":null,"status":"passed","title":"renders visible helper or error text"},{"ancestorTitles":["Radio Button"],"failureMessages":[],"fullName":"Radio Button sets the RadioGroup's ID","location":null,"status":"passed","title":"sets the RadioGroup's ID"},{"ancestorTitles":["Radio Button"],"failureMessages":[],"fullName":"Radio Button sets the next value through the onChange function","location":null,"status":"passed","title":"sets the next value through the onChange function"},{"ancestorTitles":["Radio Button"],"failureMessages":[],"fullName":"Radio Button sets the 'disabled' attribute for all its Radio children","location":null,"status":"passed","title":"sets the 'disabled' attribute for all its Radio children"},{"ancestorTitles":["Radio Button"],"failureMessages":[],"fullName":"Radio Button sets the 'required' attribute for all its Radio children","location":null,"status":"passed","title":"sets the 'required' attribute for all its Radio children"},{"ancestorTitles":["Radio Button"],"failureMessages":[],"fullName":"Radio Button sets the error state for all its Radio children","location":null,"status":"passed","title":"sets the error state for all its Radio children"},{"ancestorTitles":["Radio Button"],"failureMessages":[],"fullName":"Radio Button does not render the error text when 'showHelperInvalidText' is false","location":null,"status":"passed","title":"does not render the error text when 'showHelperInvalidText' is false"},{"ancestorTitles":["Radio Button"],"failureMessages":[],"fullName":"Radio Button renders the UI snapshot correctly","location":null,"status":"passed","title":"renders the UI snapshot correctly"},{"ancestorTitles":["Radio Button"],"failureMessages":[],"fullName":"Radio Button should throw warning when a non-Radio component is used as a child","location":null,"status":"passed","title":"should throw warning when a non-Radio component is used as a child"},{"ancestorTitles":["Radio Button"],"failureMessages":[],"fullName":"Radio Button logs a warning when there is no `id` passed","location":null,"status":"passed","title":"logs a warning when there is no `id` passed"},{"ancestorTitles":["Radio Button"],"failureMessages":[],"fullName":"Radio Button passes a ref to the input element","location":null,"status":"passed","title":"passes a ref to the input element"}],"endTime":1664388214072,"message":"","name":"/Users/edwinguzman/projects/design/nypl-design-system/src/components/RadioGroup/RadioGroup.test.tsx","startTime":1664388210790,"status":"passed","summary":""},{"assertionResults":[{"ancestorTitles":["Tooltip accessibility"],"failureMessages":[],"fullName":"Tooltip accessibility passes axe accessibility test with string content","location":null,"status":"passed","title":"passes axe accessibility test with string content"},{"ancestorTitles":["Tooltip accessibility"],"failureMessages":[],"fullName":"Tooltip accessibility passes axe accessibility test with Image content","location":null,"status":"passed","title":"passes axe accessibility test with Image content"},{"ancestorTitles":["Tooltip accessibility"],"failureMessages":[],"fullName":"Tooltip accessibility passes axe accessibility test with Icon content","location":null,"status":"passed","title":"passes axe accessibility test with Icon content"},{"ancestorTitles":["Tooltip"],"failureMessages":[],"fullName":"Tooltip should render on mouseover and close on mouseleave","location":null,"status":"passed","title":"should render on mouseover and close on mouseleave"},{"ancestorTitles":["Tooltip"],"failureMessages":[],"fullName":"Tooltip should render after 500ms","location":null,"status":"passed","title":"should render after 500ms"},{"ancestorTitles":["Tooltip"],"failureMessages":[],"fullName":"Tooltip should not render on mouseover if isDisabled is true","location":null,"status":"passed","title":"should not render on mouseover if isDisabled is true"},{"ancestorTitles":["Tooltip"],"failureMessages":[],"fullName":"Tooltip should render on mouseover if isDisabled has a falsy value","location":null,"status":"passed","title":"should render on mouseover if isDisabled has a falsy value"},{"ancestorTitles":["Tooltip"],"failureMessages":[],"fullName":"Tooltip should render on mouseover and closes on pressing 'esc'","location":null,"status":"passed","title":"should render on mouseover and closes on pressing 'esc'"},{"ancestorTitles":["Tooltip"],"failureMessages":[],"fullName":"Tooltip logs a warning if `content` is not a string, Icon, or Image","location":null,"status":"passed","title":"logs a warning if `content` is not a string, Icon, or Image"}],"endTime":1664388214513,"message":"","name":"/Users/edwinguzman/projects/design/nypl-design-system/src/components/Tooltip/Tooltip.test.tsx","startTime":1664388207113,"status":"passed","summary":""}],"wasInterrupted":false}