{"numFailedTestSuites":0,"numFailedTests":0,"numPassedTestSuites":69,"numPassedTests":727,"numPendingTestSuites":3,"numPendingTests":72,"numRuntimeErrorTestSuites":0,"numTodoTests":0,"numTotalTestSuites":72,"numTotalTests":799,"openHandles":[],"snapshot":{"added":0,"didUpdate":false,"failure":false,"filesAdded":0,"filesRemoved":0,"filesRemovedList":[],"filesUnmatched":0,"filesUpdated":0,"matched":374,"total":374,"unchecked":0,"uncheckedKeysByFile":[],"unmatched":0,"updated":0},"startTime":1680640252048,"success":true,"testResults":[{"assertionResults":[{"ancestorTitles":["useNYPLTheme"],"duration":88,"failureDetails":[],"failureMessages":[],"fullName":"useNYPLTheme returns an empty object when not used inside a DSProvider component","invocations":1,"location":null,"numPassingAsserts":2,"retryReasons":[],"status":"passed","title":"returns an empty object when not used inside a DSProvider component"},{"ancestorTitles":["useNYPLTheme"],"duration":445,"failureDetails":[],"failureMessages":[],"fullName":"useNYPLTheme returns an object with NYPL styles","invocations":1,"location":null,"numPassingAsserts":2,"retryReasons":[],"status":"passed","title":"returns an object with NYPL styles"}],"endTime":1680640288152,"message":"","name":"/Users/edwinguzman/projects/design/nypl-design-system/src/hooks/__tests__/useNYPLTheme.test.tsx","startTime":1680640254960,"status":"passed","summary":""},{"assertionResults":[{"ancestorTitles":["MultiSelect Accessibility"],"duration":null,"failureDetails":[],"failureMessages":[],"fullName":"MultiSelect Accessibility should have no axe violations for the 'listbox' type","invocations":1,"location":null,"numPassingAsserts":0,"retryReasons":[],"status":"pending","title":"should have no axe violations for the 'listbox' type"},{"ancestorTitles":["MultiSelect Accessibility"],"duration":null,"failureDetails":[],"failureMessages":[],"fullName":"MultiSelect Accessibility should have no axe violations for the 'dialog' type","invocations":1,"location":null,"numPassingAsserts":0,"retryReasons":[],"status":"pending","title":"should have no axe violations for the 'dialog' type"},{"ancestorTitles":["MultiSelect Dialog"],"duration":null,"failureDetails":[],"failureMessages":[],"fullName":"MultiSelect Dialog should initially render with provided id","invocations":1,"location":null,"numPassingAsserts":0,"retryReasons":[],"status":"pending","title":"should initially render with provided id"},{"ancestorTitles":["MultiSelect Dialog"],"duration":null,"failureDetails":[],"failureMessages":[],"fullName":"MultiSelect Dialog should initially render with a given label","invocations":1,"location":null,"numPassingAsserts":0,"retryReasons":[],"status":"pending","title":"should initially render with a given label"},{"ancestorTitles":["MultiSelect Dialog"],"duration":null,"failureDetails":[],"failureMessages":[],"fullName":"MultiSelect Dialog should initially render with a closed menu when the isDefaultOpen is omitted or set to false","invocations":1,"location":null,"numPassingAsserts":0,"retryReasons":[],"status":"pending","title":"should initially render with a closed menu when the isDefaultOpen is omitted or set to false"},{"ancestorTitles":["MultiSelect Dialog"],"duration":null,"failureDetails":[],"failureMessages":[],"fullName":"MultiSelect Dialog should initially render with open menu if isDefaultOpen prop is true","invocations":1,"location":null,"numPassingAsserts":0,"retryReasons":[],"status":"pending","title":"should initially render with open menu if isDefaultOpen prop is true"},{"ancestorTitles":["MultiSelect Dialog"],"duration":null,"failureDetails":[],"failureMessages":[],"fullName":"MultiSelect Dialog should render a 'Clear' and 'Apply button","invocations":1,"location":null,"numPassingAsserts":0,"retryReasons":[],"status":"pending","title":"should render a 'Clear' and 'Apply button"},{"ancestorTitles":["MultiSelect Dialog"],"duration":null,"failureDetails":[],"failureMessages":[],"fullName":"MultiSelect Dialog should focus on the MultiSelectMenuButton upon clicking 'Apply' or 'Clear","invocations":1,"location":null,"numPassingAsserts":0,"retryReasons":[],"status":"pending","title":"should focus on the MultiSelectMenuButton upon clicking 'Apply' or 'Clear"},{"ancestorTitles":["MultiSelect Dialog"],"duration":null,"failureDetails":[],"failureMessages":[],"fullName":"MultiSelect Dialog should allow user to toggle menu by clicking menu button or use the 'Enter'/'Spacebar' key","invocations":1,"location":null,"numPassingAsserts":0,"retryReasons":[],"status":"pending","title":"should allow user to toggle menu by clicking menu button or use the 'Enter'/'Spacebar' key"},{"ancestorTitles":["MultiSelect Dialog"],"duration":null,"failureDetails":[],"failureMessages":[],"fullName":"MultiSelect Dialog should allow user to close the dialog using the ESC key, then the focus should be on the MultiSelectMenuButton","invocations":1,"location":null,"numPassingAsserts":0,"retryReasons":[],"status":"pending","title":"should allow user to close the dialog using the ESC key, then the focus should be on the MultiSelectMenuButton"},{"ancestorTitles":["MultiSelect Dialog"],"duration":null,"failureDetails":[],"failureMessages":[],"fullName":"MultiSelect Dialog should call onChange when an item without child items or a child item is selected/unselected","invocations":1,"location":null,"numPassingAsserts":0,"retryReasons":[],"status":"pending","title":"should call onChange when an item without child items or a child item is selected/unselected"},{"ancestorTitles":["MultiSelect Dialog"],"duration":null,"failureDetails":[],"failureMessages":[],"fullName":"MultiSelect Dialog should call onMixedStateChange when a parent item is selected/unselected","invocations":1,"location":null,"numPassingAsserts":0,"retryReasons":[],"status":"pending","title":"should call onMixedStateChange when a parent item is selected/unselected"},{"ancestorTitles":["MultiSelect Dialog"],"duration":null,"failureDetails":[],"failureMessages":[],"fullName":"MultiSelect Dialog should have indeterminate state for parent item if not all child items are checked","invocations":1,"location":null,"numPassingAsserts":0,"retryReasons":[],"status":"pending","title":"should have indeterminate state for parent item if not all child items are checked"},{"ancestorTitles":["MultiSelect Dialog"],"duration":null,"failureDetails":[],"failureMessages":[],"fullName":"MultiSelect Dialog should check all child items if parent is checked","invocations":1,"location":null,"numPassingAsserts":0,"retryReasons":[],"status":"pending","title":"should check all child items if parent is checked"},{"ancestorTitles":["MultiSelect Dialog"],"duration":null,"failureDetails":[],"failureMessages":[],"fullName":"MultiSelect Dialog should check parent item if all child items are checked","invocations":1,"location":null,"numPassingAsserts":0,"retryReasons":[],"status":"pending","title":"should check parent item if all child items are checked"},{"ancestorTitles":["MultiSelect Dialog"],"duration":null,"failureDetails":[],"failureMessages":[],"fullName":"MultiSelect Dialog should render a count button with the correct count, should clear the selectedItems on click ","invocations":1,"location":null,"numPassingAsserts":0,"retryReasons":[],"status":"pending","title":"should render a count button with the correct count, should clear the selectedItems on click "},{"ancestorTitles":["MultiSelect Dialog"],"duration":null,"failureDetails":[],"failureMessages":[],"fullName":"MultiSelect Dialog should render with a correct initial selection of items if passed to the component, upon clicking the count button to delet the selectedItmes, the MultiSelectMenuButton should have focus","invocations":1,"location":null,"numPassingAsserts":0,"retryReasons":[],"status":"pending","title":"should render with a correct initial selection of items if passed to the component, upon clicking the count button to delet the selectedItmes, the MultiSelectMenuButton should have focus"},{"ancestorTitles":["MultiSelect Dialog"],"duration":null,"failureDetails":[],"failureMessages":[],"fullName":"MultiSelect Dialog should render the UI snapshot correctly","invocations":1,"location":null,"numPassingAsserts":0,"retryReasons":[],"status":"pending","title":"should render the UI snapshot correctly"},{"ancestorTitles":["MultiSelect Listbox"],"duration":null,"failureDetails":[],"failureMessages":[],"fullName":"MultiSelect Listbox should initially render with provided id","invocations":1,"location":null,"numPassingAsserts":0,"retryReasons":[],"status":"pending","title":"should initially render with provided id"},{"ancestorTitles":["MultiSelect Listbox"],"duration":null,"failureDetails":[],"failureMessages":[],"fullName":"MultiSelect Listbox should initially render with a given label","invocations":1,"location":null,"numPassingAsserts":0,"retryReasons":[],"status":"pending","title":"should initially render with a given label"},{"ancestorTitles":["MultiSelect Listbox"],"duration":null,"failureDetails":[],"failureMessages":[],"fullName":"MultiSelect Listbox should initially render with open menu if isDefaultOpen prop is true","invocations":1,"location":null,"numPassingAsserts":0,"retryReasons":[],"status":"pending","title":"should initially render with open menu if isDefaultOpen prop is true"},{"ancestorTitles":["MultiSelect Listbox"],"duration":null,"failureDetails":[],"failureMessages":[],"fullName":"MultiSelect Listbox should allow user to toggle menu by clicking menu button","invocations":1,"location":null,"numPassingAsserts":0,"retryReasons":[],"status":"pending","title":"should allow user to toggle menu by clicking menu button"},{"ancestorTitles":["MultiSelect Listbox"],"duration":null,"failureDetails":[],"failureMessages":[],"fullName":"MultiSelect Listbox should call onChange when an item gets selected/unselected","invocations":1,"location":null,"numPassingAsserts":0,"retryReasons":[],"status":"pending","title":"should call onChange when an item gets selected/unselected"},{"ancestorTitles":["MultiSelect Listbox"],"duration":null,"failureDetails":[],"failureMessages":[],"fullName":"MultiSelect Listbox should render a count button with the correct count, should clear the selectedItems on click","invocations":1,"location":null,"numPassingAsserts":0,"retryReasons":[],"status":"pending","title":"should render a count button with the correct count, should clear the selectedItems on click"},{"ancestorTitles":["MultiSelect Listbox"],"duration":null,"failureDetails":[],"failureMessages":[],"fullName":"MultiSelect Listbox Renders the UI snapshot correctly","invocations":1,"location":null,"numPassingAsserts":0,"retryReasons":[],"status":"pending","title":"Renders the UI snapshot correctly"}],"coverage":{},"endTime":1680640346860,"message":"","name":"/Users/edwinguzman/projects/design/nypl-design-system/src/components/MultiSelect/MultiSelect.test.tsx","startTime":1680640346860,"status":"skipped","summary":""},{"assertionResults":[{"ancestorTitles":["AudioPlayer Accessibility"],"duration":1337,"failureDetails":[],"failureMessages":[],"fullName":"AudioPlayer Accessibility Passes axe accessibility test for Libsyn player","invocations":1,"location":null,"numPassingAsserts":1,"retryReasons":[],"status":"passed","title":"Passes axe accessibility test for Libsyn player"},{"ancestorTitles":["AudioPlayer Accessibility"],"duration":761,"failureDetails":[],"failureMessages":[],"fullName":"AudioPlayer Accessibility Passes axe accessibility test for Soundcloud player","invocations":1,"location":null,"numPassingAsserts":1,"retryReasons":[],"status":"passed","title":"Passes axe accessibility test for Soundcloud player"},{"ancestorTitles":["AudioPlayer Accessibility"],"duration":555,"failureDetails":[],"failureMessages":[],"fullName":"AudioPlayer Accessibility Passes axe accessibility test for Spotify Player","invocations":1,"location":null,"numPassingAsserts":1,"retryReasons":[],"status":"passed","title":"Passes axe accessibility test for Spotify Player"},{"ancestorTitles":["AudioPlayer Accessibility"],"duration":578,"failureDetails":[],"failureMessages":[],"fullName":"AudioPlayer Accessibility Passes axe accessibility test with labels","invocations":1,"location":null,"numPassingAsserts":1,"retryReasons":[],"status":"passed","title":"Passes axe accessibility test with labels"},{"ancestorTitles":["AudioPlayer valid render"],"duration":23,"failureDetails":[],"failureMessages":[],"fullName":"AudioPlayer valid render Renders AudioPlayer container","invocations":1,"location":null,"numPassingAsserts":1,"retryReasons":[],"status":"passed","title":"Renders AudioPlayer container"},{"ancestorTitles":["AudioPlayer valid render"],"duration":20,"failureDetails":[],"failureMessages":[],"fullName":"AudioPlayer valid render Renders iframe","invocations":1,"location":null,"numPassingAsserts":3,"retryReasons":[],"status":"passed","title":"Renders iframe"},{"ancestorTitles":["AudioPlayer valid render"],"duration":45,"failureDetails":[],"failureMessages":[],"fullName":"AudioPlayer valid render Renders headingText","invocations":1,"location":null,"numPassingAsserts":1,"retryReasons":[],"status":"passed","title":"Renders headingText"},{"ancestorTitles":["AudioPlayer valid render"],"duration":76,"failureDetails":[],"failureMessages":[],"fullName":"AudioPlayer valid render Renders descriptionText","invocations":1,"location":null,"numPassingAsserts":1,"retryReasons":[],"status":"passed","title":"Renders descriptionText"},{"ancestorTitles":["AudioPlayer valid render"],"duration":79,"failureDetails":[],"failureMessages":[],"fullName":"AudioPlayer valid render Renders helperText","invocations":1,"location":null,"numPassingAsserts":1,"retryReasons":[],"status":"passed","title":"Renders helperText"},{"ancestorTitles":["Custom iframe title"],"duration":62,"failureDetails":[],"failureMessages":[],"fullName":"Custom iframe title Uses the default iframe title if it exists","invocations":1,"location":null,"numPassingAsserts":1,"retryReasons":[],"status":"passed","title":"Uses the default iframe title if it exists"},{"ancestorTitles":["Custom iframe title"],"duration":44,"failureDetails":[],"failureMessages":[],"fullName":"Custom iframe title Uses a generic iframe title if none was provided","invocations":1,"location":null,"numPassingAsserts":1,"retryReasons":[],"status":"passed","title":"Uses a generic iframe title if none was provided"},{"ancestorTitles":["Custom iframe title"],"duration":77,"failureDetails":[],"failureMessages":[],"fullName":"Custom iframe title Uses iframeTitle prop to add iframe title to iframe","invocations":1,"location":null,"numPassingAsserts":1,"retryReasons":[],"status":"passed","title":"Uses iframeTitle prop to add iframe title to iframe"},{"ancestorTitles":["Props validation"],"duration":22,"failureDetails":[],"failureMessages":[],"fullName":"Props validation Renders error message when embedCode snippet is not described in audioType","invocations":1,"location":null,"numPassingAsserts":1,"retryReasons":[],"status":"passed","title":"Renders error message when embedCode snippet is not described in audioType"},{"ancestorTitles":["Props validation"],"duration":8,"failureDetails":[],"failureMessages":[],"fullName":"Props validation Renders error message when embedCode is not an iframe","invocations":1,"location":null,"numPassingAsserts":1,"retryReasons":[],"status":"passed","title":"Renders error message when embedCode is not an iframe"},{"ancestorTitles":["Props validation","Throw warnings"],"duration":27,"failureDetails":[],"failureMessages":[],"fullName":"Props validation Throw warnings Throws warning when the audioType is 'spotify' or 'soundcloud' or 'libsyn' but without embedCode","invocations":1,"location":null,"numPassingAsserts":1,"retryReasons":[],"status":"passed","title":"Throws warning when the audioType is 'spotify' or 'soundcloud' or 'libsyn' but without embedCode"},{"ancestorTitles":["AudioPlay Snapshots"],"duration":104,"failureDetails":[],"failureMessages":[],"fullName":"AudioPlay Snapshots Renders the well formatted AudioPlayer UI ","invocations":1,"location":null,"numPassingAsserts":4,"retryReasons":[],"status":"passed","title":"Renders the well formatted AudioPlayer UI "},{"ancestorTitles":["AudioPlay Snapshots"],"duration":3,"failureDetails":[],"failureMessages":[],"fullName":"AudioPlay Snapshots Renders the errored AudioPlayer UI","invocations":1,"location":null,"numPassingAsserts":1,"retryReasons":[],"status":"passed","title":"Renders the errored AudioPlayer UI"}],"endTime":1680640295116,"message":"","name":"/Users/edwinguzman/projects/design/nypl-design-system/src/components/AudioPlayer/AudioPlayer.test.tsx","startTime":1680640254956,"status":"passed","summary":""},{"assertionResults":[{"ancestorTitles":["Tabs Accessibility"],"duration":1777,"failureDetails":[],"failureMessages":[],"fullName":"Tabs Accessibility passes axe accessibility test with the data prop","invocations":1,"location":null,"numPassingAsserts":1,"retryReasons":[],"status":"passed","title":"passes axe accessibility test with the data prop"},{"ancestorTitles":["Tabs Accessibility"],"duration":1015,"failureDetails":[],"failureMessages":[],"fullName":"Tabs Accessibility passes axe accessibility test with children components","invocations":1,"location":null,"numPassingAsserts":1,"retryReasons":[],"status":"passed","title":"passes axe accessibility test with children components"},{"ancestorTitles":["Tabs"],"duration":351,"failureDetails":[],"failureMessages":[],"fullName":"Tabs renders all tabs but only one panel at a time with children","invocations":1,"location":null,"numPassingAsserts":6,"retryReasons":[],"status":"passed","title":"renders all tabs but only one panel at a time with children"},{"ancestorTitles":["Tabs"],"duration":270,"failureDetails":[],"failureMessages":[],"fullName":"Tabs renders all tabs but only one visible panel at a time with data prop","invocations":1,"location":null,"numPassingAsserts":6,"retryReasons":[],"status":"passed","title":"renders all tabs but only one visible panel at a time with data prop"},{"ancestorTitles":["Tabs"],"duration":388,"failureDetails":[],"failureMessages":[],"fullName":"Tabs switches between tabs","invocations":1,"location":null,"numPassingAsserts":11,"retryReasons":[],"status":"passed","title":"switches between tabs"},{"ancestorTitles":["Tabs"],"duration":241,"failureDetails":[],"failureMessages":[],"fullName":"Tabs renders the specified initial index value","invocations":1,"location":null,"numPassingAsserts":3,"retryReasons":[],"status":"passed","title":"renders the specified initial index value"},{"ancestorTitles":["Tabs"],"duration":597,"failureDetails":[],"failureMessages":[],"fullName":"Tabs invokes the callback function","invocations":1,"location":null,"numPassingAsserts":3,"retryReasons":[],"status":"passed","title":"invokes the callback function"},{"ancestorTitles":["Tabs"],"duration":30,"failureDetails":[],"failureMessages":[],"fullName":"Tabs should throw a warning when no data is passed","invocations":1,"location":null,"numPassingAsserts":1,"retryReasons":[],"status":"passed","title":"should throw a warning when no data is passed"},{"ancestorTitles":["Tabs"],"duration":57,"failureDetails":[],"failureMessages":[],"fullName":"Tabs should throw a warning when both the 'data' prop and children are passed","invocations":1,"location":null,"numPassingAsserts":1,"retryReasons":[],"status":"passed","title":"should throw a warning when both the 'data' prop and children are passed"},{"ancestorTitles":["Tabs"],"duration":108,"failureDetails":[],"failureMessages":[],"fullName":"Tabs should throw a warning when more than six object tabs are passed","invocations":1,"location":null,"numPassingAsserts":1,"retryReasons":[],"status":"passed","title":"should throw a warning when more than six object tabs are passed"},{"ancestorTitles":["Tabs"],"duration":117,"failureDetails":[],"failureMessages":[],"fullName":"Tabs renders the UI snapshot correctly","invocations":1,"location":null,"numPassingAsserts":3,"retryReasons":[],"status":"passed","title":"renders the UI snapshot correctly"},{"ancestorTitles":["Tabs"],"duration":25,"failureDetails":[],"failureMessages":[],"fullName":"Tabs passes a ref to the div wrapper element","invocations":1,"location":null,"numPassingAsserts":1,"retryReasons":[],"status":"passed","title":"passes a ref to the div wrapper element"}],"endTime":1680640295122,"message":"","name":"/Users/edwinguzman/projects/design/nypl-design-system/src/components/Tabs/Tabs.test.tsx","startTime":1680640254973,"status":"passed","summary":""},{"assertionResults":[{"ancestorTitles":["SearchBar Accessibility"],"duration":1259,"failureDetails":[],"failureMessages":[],"fullName":"SearchBar Accessibility passes axe accessibility test","invocations":1,"location":null,"numPassingAsserts":1,"retryReasons":[],"status":"passed","title":"passes axe accessibility test"},{"ancestorTitles":["SearchBar Accessibility"],"duration":622,"failureDetails":[],"failureMessages":[],"fullName":"SearchBar Accessibility passes axe accessibility test with `clear` button","invocations":1,"location":null,"numPassingAsserts":1,"retryReasons":[],"status":"passed","title":"passes axe accessibility test with `clear` button"},{"ancestorTitles":["SearchBar Accessibility"],"duration":1170,"failureDetails":[],"failureMessages":[],"fullName":"SearchBar Accessibility passes axe accessibility test with a Select component","invocations":1,"location":null,"numPassingAsserts":1,"retryReasons":[],"status":"passed","title":"passes axe accessibility test with a Select component"},{"ancestorTitles":["SearchBar"],"duration":106,"failureDetails":[],"failureMessages":[],"fullName":"SearchBar renders the basic form","invocations":1,"location":null,"numPassingAsserts":4,"retryReasons":[],"status":"passed","title":"renders the basic form"},{"ancestorTitles":["SearchBar"],"duration":86,"failureDetails":[],"failureMessages":[],"fullName":"SearchBar renders an optional Select component","invocations":1,"location":null,"numPassingAsserts":2,"retryReasons":[],"status":"passed","title":"renders an optional Select component"},{"ancestorTitles":["SearchBar"],"duration":99,"failureDetails":[],"failureMessages":[],"fullName":"SearchBar renders the invalid text in the invalid state","invocations":1,"location":null,"numPassingAsserts":2,"retryReasons":[],"status":"passed","title":"renders the invalid text in the invalid state"},{"ancestorTitles":["SearchBar"],"duration":30,"failureDetails":[],"failureMessages":[],"fullName":"SearchBar does not render the default invalid text from the Select or TextInput components","invocations":1,"location":null,"numPassingAsserts":1,"retryReasons":[],"status":"passed","title":"does not render the default invalid text from the Select or TextInput components"},{"ancestorTitles":["SearchBar"],"duration":251,"failureDetails":[],"failureMessages":[],"fullName":"SearchBar calls the TextInput onChange callback function","invocations":1,"location":null,"numPassingAsserts":2,"retryReasons":[],"status":"passed","title":"calls the TextInput onChange callback function"},{"ancestorTitles":["SearchBar"],"duration":549,"failureDetails":[],"failureMessages":[],"fullName":"SearchBar renders a `clear` button and clears the input field when clicked","invocations":1,"location":null,"numPassingAsserts":5,"retryReasons":[],"status":"passed","title":"renders a `clear` button and clears the input field when clicked"},{"ancestorTitles":["SearchBar"],"duration":335,"failureDetails":[],"failureMessages":[],"fullName":"SearchBar calls the isClearableCallback function for the `TextInput` component when `isClearable` is true","invocations":1,"location":null,"numPassingAsserts":2,"retryReasons":[],"status":"passed","title":"calls the isClearableCallback function for the `TextInput` component when `isClearable` is true"},{"ancestorTitles":["SearchBar"],"duration":278,"failureDetails":[],"failureMessages":[],"fullName":"SearchBar calls the Select onChange callback function","invocations":1,"location":null,"numPassingAsserts":3,"retryReasons":[],"status":"passed","title":"calls the Select onChange callback function"},{"ancestorTitles":["SearchBar"],"duration":98,"failureDetails":[],"failureMessages":[],"fullName":"SearchBar calls the callback function for the Button component ","invocations":1,"location":null,"numPassingAsserts":2,"retryReasons":[],"status":"passed","title":"calls the callback function for the Button component "},{"ancestorTitles":["SearchBar"],"duration":81,"failureDetails":[],"failureMessages":[],"fullName":"SearchBar calls the callback function on submit ","invocations":1,"location":null,"numPassingAsserts":2,"retryReasons":[],"status":"passed","title":"calls the callback function on submit "},{"ancestorTitles":["SearchBar"],"duration":6,"failureDetails":[],"failureMessages":[],"fullName":"SearchBar renders a default placeholder","invocations":1,"location":null,"numPassingAsserts":1,"retryReasons":[],"status":"passed","title":"renders a default placeholder"},{"ancestorTitles":["SearchBar"],"duration":43,"failureDetails":[],"failureMessages":[],"fullName":"SearchBar sets additional TextInput props","invocations":1,"location":null,"numPassingAsserts":2,"retryReasons":[],"status":"passed","title":"sets additional TextInput props"},{"ancestorTitles":["SearchBar"],"duration":9,"failureDetails":[],"failureMessages":[],"fullName":"SearchBar renders 'required' in the placeholder text","invocations":1,"location":null,"numPassingAsserts":2,"retryReasons":[],"status":"passed","title":"renders 'required' in the placeholder text"},{"ancestorTitles":["SearchBar"],"duration":9,"failureDetails":[],"failureMessages":[],"fullName":"SearchBar logs a warning when there is no `id` passed","invocations":1,"location":null,"numPassingAsserts":1,"retryReasons":[],"status":"passed","title":"logs a warning when there is no `id` passed"},{"ancestorTitles":["SearchBar"],"duration":248,"failureDetails":[],"failureMessages":[],"fullName":"SearchBar renders the UI snapshot correctly","invocations":1,"location":null,"numPassingAsserts":13,"retryReasons":[],"status":"passed","title":"renders the UI snapshot correctly"},{"ancestorTitles":["SearchBar"],"duration":6,"failureDetails":[],"failureMessages":[],"fullName":"SearchBar passes a ref to the div wrapper element","invocations":1,"location":null,"numPassingAsserts":1,"retryReasons":[],"status":"passed","title":"passes a ref to the div wrapper element"}],"endTime":1680640297563,"message":"","name":"/Users/edwinguzman/projects/design/nypl-design-system/src/components/SearchBar/SearchBar.test.tsx","startTime":1680640254875,"status":"passed","summary":""},{"assertionResults":[{"ancestorTitles":["AlphabetFilter accessibility"],"duration":1834,"failureDetails":[],"failureMessages":[],"fullName":"AlphabetFilter accessibility passes axe accessibility test","invocations":1,"location":null,"numPassingAsserts":1,"retryReasons":[],"status":"passed","title":"passes axe accessibility test"},{"ancestorTitles":["AlphabetFilter accessibility"],"duration":836,"failureDetails":[],"failureMessages":[],"fullName":"AlphabetFilter accessibility passes axe accessibility test with heading and description","invocations":1,"location":null,"numPassingAsserts":1,"retryReasons":[],"status":"passed","title":"passes axe accessibility test with heading and description"},{"ancestorTitles":["AlphabetFilter"],"duration":617,"failureDetails":[],"failureMessages":[],"fullName":"AlphabetFilter should render a nav with 28 buttons","invocations":1,"location":null,"numPassingAsserts":2,"retryReasons":[],"status":"passed","title":"should render a nav with 28 buttons"},{"ancestorTitles":["AlphabetFilter"],"duration":446,"failureDetails":[],"failureMessages":[],"fullName":"AlphabetFilter should set all `Button` children as disabled if isDisabled is true","invocations":1,"location":null,"numPassingAsserts":2,"retryReasons":[],"status":"passed","title":"should set all `Button` children as disabled if isDisabled is true"},{"ancestorTitles":["AlphabetFilter"],"duration":109,"failureDetails":[],"failureMessages":[],"fullName":"AlphabetFilter should render heading and description if headingText and descriptionText is passed","invocations":1,"location":null,"numPassingAsserts":2,"retryReasons":[],"status":"passed","title":"should render heading and description if headingText and descriptionText is passed"},{"ancestorTitles":["AlphabetFilter"],"duration":407,"failureDetails":[],"failureMessages":[],"fullName":"AlphabetFilter should disable buttons with values not passed through activeLetters","invocations":1,"location":null,"numPassingAsserts":2,"retryReasons":[],"status":"passed","title":"should disable buttons with values not passed through activeLetters"},{"ancestorTitles":["AlphabetFilter"],"duration":101,"failureDetails":[],"failureMessages":[],"fullName":"AlphabetFilter should have correct aria-label","invocations":1,"location":null,"numPassingAsserts":1,"retryReasons":[],"status":"passed","title":"should have correct aria-label"},{"ancestorTitles":["AlphabetFilter"],"duration":412,"failureDetails":[],"failureMessages":[],"fullName":"AlphabetFilter should have corresponding aria-labels for each button","invocations":1,"location":null,"numPassingAsserts":3,"retryReasons":[],"status":"passed","title":"should have corresponding aria-labels for each button"},{"ancestorTitles":["AlphabetFilter"],"duration":381,"failureDetails":[],"failureMessages":[],"fullName":"AlphabetFilter should add aria-current to the active letter","invocations":1,"location":null,"numPassingAsserts":3,"retryReasons":[],"status":"passed","title":"should add aria-current to the active letter"},{"ancestorTitles":["AlphabetFilter"],"duration":64,"failureDetails":[],"failureMessages":[],"fullName":"AlphabetFilter should pass a ref to the nav wrapper element","invocations":1,"location":null,"numPassingAsserts":1,"retryReasons":[],"status":"passed","title":"should pass a ref to the nav wrapper element"},{"ancestorTitles":["AlphabetFilter"],"duration":515,"failureDetails":[],"failureMessages":[],"fullName":"AlphabetFilter should update active letter when letter or show all button is clicked","invocations":1,"location":null,"numPassingAsserts":2,"retryReasons":[],"status":"passed","title":"should update active letter when letter or show all button is clicked"},{"ancestorTitles":["AlphabetFilter Snapshot"],"duration":260,"failureDetails":[],"failureMessages":[],"fullName":"AlphabetFilter Snapshot Renders the UI snapshot correctly","invocations":1,"location":null,"numPassingAsserts":6,"retryReasons":[],"status":"passed","title":"Renders the UI snapshot correctly"}],"endTime":1680640297759,"message":"","name":"/Users/edwinguzman/projects/design/nypl-design-system/src/components/AlphabetFilter/AlphabetFilter.test.tsx","startTime":1680640254873,"status":"passed","summary":""},{"assertionResults":[{"ancestorTitles":["Slider Accessibility","Single Slider"],"duration":1227,"failureDetails":[],"failureMessages":[],"fullName":"Slider Accessibility Single Slider passes axe accessibility test","invocations":1,"location":null,"numPassingAsserts":1,"retryReasons":[],"status":"passed","title":"passes axe accessibility test"},{"ancestorTitles":["Slider Accessibility","Single Slider"],"duration":335,"failureDetails":[],"failureMessages":[],"fullName":"Slider Accessibility Single Slider passes axe accessibility test without a label","invocations":1,"location":null,"numPassingAsserts":1,"retryReasons":[],"status":"passed","title":"passes axe accessibility test without a label"},{"ancestorTitles":["Slider Accessibility","Single Slider"],"duration":223,"failureDetails":[],"failureMessages":[],"fullName":"Slider Accessibility Single Slider passes axe accessibility test without visible values","invocations":1,"location":null,"numPassingAsserts":1,"retryReasons":[],"status":"passed","title":"passes axe accessibility test without visible values"},{"ancestorTitles":["Slider Accessibility","Range Slider"],"duration":517,"failureDetails":[],"failureMessages":[],"fullName":"Slider Accessibility Range Slider passes axe accessibility test","invocations":1,"location":null,"numPassingAsserts":1,"retryReasons":[],"status":"passed","title":"passes axe accessibility test"},{"ancestorTitles":["Slider Accessibility","Range Slider"],"duration":345,"failureDetails":[],"failureMessages":[],"fullName":"Slider Accessibility Range Slider passes axe accessibility test without a label","invocations":1,"location":null,"numPassingAsserts":1,"retryReasons":[],"status":"passed","title":"passes axe accessibility test without a label"},{"ancestorTitles":["Slider Accessibility","Range Slider"],"duration":230,"failureDetails":[],"failureMessages":[],"fullName":"Slider Accessibility Range Slider passes axe accessibility test without visible values","invocations":1,"location":null,"numPassingAsserts":1,"retryReasons":[],"status":"passed","title":"passes axe accessibility test without visible values"},{"ancestorTitles":["Slider","Single Slider"],"duration":145,"failureDetails":[],"failureMessages":[],"fullName":"Slider Single Slider renders a label, two static values, text input, and helper text","invocations":1,"location":null,"numPassingAsserts":6,"retryReasons":[],"status":"passed","title":"renders a label, two static values, text input, and helper text"},{"ancestorTitles":["Slider","Single Slider"],"duration":76,"failureDetails":[],"failureMessages":[],"fullName":"Slider Single Slider adds the appropriate aria-* attributes to the slider element","invocations":1,"location":null,"numPassingAsserts":4,"retryReasons":[],"status":"passed","title":"adds the appropriate aria-* attributes to the slider element"},{"ancestorTitles":["Slider","Single Slider"],"duration":98,"failureDetails":[],"failureMessages":[],"fullName":"Slider Single Slider renders the '(Required)' text in the label or hides it","invocations":1,"location":null,"numPassingAsserts":2,"retryReasons":[],"status":"passed","title":"renders the '(Required)' text in the label or hides it"},{"ancestorTitles":["Slider","Single Slider"],"duration":59,"failureDetails":[],"failureMessages":[],"fullName":"Slider Single Slider hides the label but adds it as an aria-label attribute","invocations":1,"location":null,"numPassingAsserts":2,"retryReasons":[],"status":"passed","title":"hides the label but adds it as an aria-label attribute"},{"ancestorTitles":["Slider","Single Slider"],"duration":31,"failureDetails":[],"failureMessages":[],"fullName":"Slider Single Slider hides the min/max static values","invocations":1,"location":null,"numPassingAsserts":4,"retryReasons":[],"status":"passed","title":"hides the min/max static values"},{"ancestorTitles":["Slider","Single Slider"],"duration":107,"failureDetails":[],"failureMessages":[],"fullName":"Slider Single Slider hides the current value input box","invocations":1,"location":null,"numPassingAsserts":3,"retryReasons":[],"status":"passed","title":"hides the current value input box"},{"ancestorTitles":["Slider","Single Slider"],"duration":65,"failureDetails":[],"failureMessages":[],"fullName":"Slider Single Slider renders the invalid state","invocations":1,"location":null,"numPassingAsserts":3,"retryReasons":[],"status":"passed","title":"renders the invalid state"},{"ancestorTitles":["Slider","Single Slider"],"duration":93,"failureDetails":[],"failureMessages":[],"fullName":"Slider Single Slider renders the invalid state if the min prop is greater than the max prop","invocations":1,"location":null,"numPassingAsserts":4,"retryReasons":[],"status":"passed","title":"renders the invalid state if the min prop is greater than the max prop"},{"ancestorTitles":["Slider","Single Slider"],"duration":15,"failureDetails":[],"failureMessages":[],"fullName":"Slider Single Slider renders the disabled state","invocations":1,"location":null,"numPassingAsserts":1,"retryReasons":[],"status":"passed","title":"renders the disabled state"},{"ancestorTitles":["Slider","Single Slider"],"duration":130,"failureDetails":[],"failureMessages":[],"fullName":"Slider Single Slider updates the value through the text input","invocations":1,"location":null,"numPassingAsserts":2,"retryReasons":[],"status":"passed","title":"updates the value through the text input"},{"ancestorTitles":["Slider","Single Slider"],"duration":69,"failureDetails":[],"failureMessages":[],"fullName":"Slider Single Slider doesn't crash if no onChange callback function is passed","invocations":1,"location":null,"numPassingAsserts":1,"retryReasons":[],"status":"passed","title":"doesn't crash if no onChange callback function is passed"},{"ancestorTitles":["Slider","Single Slider"],"duration":85,"failureDetails":[],"failureMessages":[],"fullName":"Slider Single Slider gets the current value through the onChange callback function","invocations":1,"location":null,"numPassingAsserts":2,"retryReasons":[],"status":"passed","title":"gets the current value through the onChange callback function"},{"ancestorTitles":["Slider","Single Slider"],"duration":107,"failureDetails":[],"failureMessages":[],"fullName":"Slider Single Slider gets the current value through the onChangeEnd callback function","invocations":1,"location":null,"numPassingAsserts":2,"retryReasons":[],"status":"passed","title":"gets the current value through the onChangeEnd callback function"},{"ancestorTitles":["Slider","Single Slider"],"duration":29,"failureDetails":[],"failureMessages":[],"fullName":"Slider Single Slider logs a warning when both `onChange` and `onChangeEnd` are passed","invocations":1,"location":null,"numPassingAsserts":2,"retryReasons":[],"status":"passed","title":"logs a warning when both `onChange` and `onChangeEnd` are passed"},{"ancestorTitles":["Slider","Single Slider"],"duration":120,"failureDetails":[],"failureMessages":[],"fullName":"Slider Single Slider updates the value programmatically through the `value` prop","invocations":1,"location":null,"numPassingAsserts":4,"retryReasons":[],"status":"passed","title":"updates the value programmatically through the `value` prop"},{"ancestorTitles":["Slider","Single Slider"],"duration":144,"failureDetails":[],"failureMessages":[],"fullName":"Slider Single Slider renders the UI snapshot correctly","invocations":1,"location":null,"numPassingAsserts":9,"retryReasons":[],"status":"passed","title":"renders the UI snapshot correctly"},{"ancestorTitles":["Slider","Single Slider"],"duration":30,"failureDetails":[],"failureMessages":[],"fullName":"Slider Single Slider passes a ref to the div wrapper element","invocations":1,"location":null,"numPassingAsserts":1,"retryReasons":[],"status":"passed","title":"passes a ref to the div wrapper element"},{"ancestorTitles":["Slider","Range Slider"],"duration":207,"failureDetails":[],"failureMessages":[],"fullName":"Slider Range Slider renders everything from the single but also two text input fields","invocations":1,"location":null,"numPassingAsserts":8,"retryReasons":[],"status":"passed","title":"renders everything from the single but also two text input fields"},{"ancestorTitles":["Slider","Range Slider"],"duration":50,"failureDetails":[],"failureMessages":[],"fullName":"Slider Range Slider adds the appropriate aria-* attributes to the slider element","invocations":1,"location":null,"numPassingAsserts":8,"retryReasons":[],"status":"passed","title":"adds the appropriate aria-* attributes to the slider element"},{"ancestorTitles":["Slider","Range Slider"],"duration":72,"failureDetails":[],"failureMessages":[],"fullName":"Slider Range Slider hides the label but adds it as an aria-label attribute","invocations":1,"location":null,"numPassingAsserts":3,"retryReasons":[],"status":"passed","title":"hides the label but adds it as an aria-label attribute"},{"ancestorTitles":["Slider","Range Slider"],"duration":32,"failureDetails":[],"failureMessages":[],"fullName":"Slider Range Slider renders with min and max values as the default values if no `defaultValue` array is passed","invocations":1,"location":null,"numPassingAsserts":2,"retryReasons":[],"status":"passed","title":"renders with min and max values as the default values if no `defaultValue` array is passed"},{"ancestorTitles":["Slider","Range Slider"],"duration":88,"failureDetails":[],"failureMessages":[],"fullName":"Slider Range Slider renders the invalid state if the min prop is greater than the max prop","invocations":1,"location":null,"numPassingAsserts":4,"retryReasons":[],"status":"passed","title":"renders the invalid state if the min prop is greater than the max prop"},{"ancestorTitles":["Slider","Range Slider"],"duration":205,"failureDetails":[],"failureMessages":[],"fullName":"Slider Range Slider renders the invalid state if the start is greater than the end values","invocations":1,"location":null,"numPassingAsserts":5,"retryReasons":[],"status":"passed","title":"renders the invalid state if the start is greater than the end values"},{"ancestorTitles":["Slider","Range Slider"],"duration":95,"failureDetails":[],"failureMessages":[],"fullName":"Slider Range Slider updates the value through the text input","invocations":1,"location":null,"numPassingAsserts":2,"retryReasons":[],"status":"passed","title":"updates the value through the text input"},{"ancestorTitles":["Slider","Range Slider"],"duration":7,"failureDetails":[],"failureMessages":[],"fullName":"Slider Range Slider logs a warning when there is no `id` passed","invocations":1,"location":null,"numPassingAsserts":1,"retryReasons":[],"status":"passed","title":"logs a warning when there is no `id` passed"},{"ancestorTitles":["Slider","Range Slider"],"duration":338,"failureDetails":[],"failureMessages":[],"fullName":"Slider Range Slider updates the value programmatically through the `value` prop","invocations":1,"location":null,"numPassingAsserts":8,"retryReasons":[],"status":"passed","title":"updates the value programmatically through the `value` prop"},{"ancestorTitles":["Slider","Range Slider"],"duration":96,"failureDetails":[],"failureMessages":[],"fullName":"Slider Range Slider renders the UI snapshot correctly","invocations":1,"location":null,"numPassingAsserts":7,"retryReasons":[],"status":"passed","title":"renders the UI snapshot correctly"},{"ancestorTitles":["Slider","Range Slider"],"duration":49,"failureDetails":[],"failureMessages":[],"fullName":"Slider Range Slider passes a ref to the div wrapper element","invocations":1,"location":null,"numPassingAsserts":1,"retryReasons":[],"status":"passed","title":"passes a ref to the div wrapper element"},{"ancestorTitles":["Slider"],"duration":121,"failureDetails":[],"failureMessages":[],"fullName":"Slider gets the current value through the onChangeEnd callback function","invocations":1,"location":null,"numPassingAsserts":2,"retryReasons":[],"status":"passed","title":"gets the current value through the onChangeEnd callback function"}],"endTime":1680640298109,"message":"","name":"/Users/edwinguzman/projects/design/nypl-design-system/src/components/Slider/Slider.test.tsx","startTime":1680640254985,"status":"passed","summary":""},{"assertionResults":[{"ancestorTitles":["CheckboxGroup Accessibility"],"duration":1805,"failureDetails":[],"failureMessages":[],"fullName":"CheckboxGroup Accessibility passes axe accessibility with string labels ","invocations":1,"location":null,"numPassingAsserts":1,"retryReasons":[],"status":"passed","title":"passes axe accessibility with string labels "},{"ancestorTitles":["CheckboxGroup Accessibility"],"duration":849,"failureDetails":[],"failureMessages":[],"fullName":"CheckboxGroup Accessibility passes axe accessibility with jsx labels","invocations":1,"location":null,"numPassingAsserts":1,"retryReasons":[],"status":"passed","title":"passes axe accessibility with jsx labels"},{"ancestorTitles":["CheckboxGroup Accessibility"],"duration":843,"failureDetails":[],"failureMessages":[],"fullName":"CheckboxGroup Accessibility passes axe accessibility with the legend hidden","invocations":1,"location":null,"numPassingAsserts":1,"retryReasons":[],"status":"passed","title":"passes axe accessibility with the legend hidden"},{"ancestorTitles":["Checkbox"],"duration":152,"failureDetails":[],"failureMessages":[],"fullName":"Checkbox renders with Checkbox inputs and a label","invocations":1,"location":null,"numPassingAsserts":5,"retryReasons":[],"status":"passed","title":"renders with Checkbox inputs and a label"},{"ancestorTitles":["Checkbox"],"duration":118,"failureDetails":[],"failureMessages":[],"fullName":"Checkbox <legend> element is available in the DOM when 'showLabel' prop is set to true or false","invocations":1,"location":null,"numPassingAsserts":4,"retryReasons":[],"status":"passed","title":"<legend> element is available in the DOM when 'showLabel' prop is set to true or false"},{"ancestorTitles":["Checkbox"],"duration":111,"failureDetails":[],"failureMessages":[],"fullName":"Checkbox renders visible helper or error text","invocations":1,"location":null,"numPassingAsserts":4,"retryReasons":[],"status":"passed","title":"renders visible helper or error text"},{"ancestorTitles":["Checkbox"],"duration":38,"failureDetails":[],"failureMessages":[],"fullName":"Checkbox sets the CheckboxGroup's ID","invocations":1,"location":null,"numPassingAsserts":1,"retryReasons":[],"status":"passed","title":"sets the CheckboxGroup's ID"},{"ancestorTitles":["Checkbox"],"duration":375,"failureDetails":[],"failureMessages":[],"fullName":"Checkbox sets the next value through the onChange function","invocations":1,"location":null,"numPassingAsserts":4,"retryReasons":[],"status":"passed","title":"sets the next value through the onChange function"},{"ancestorTitles":["Checkbox"],"duration":198,"failureDetails":[],"failureMessages":[],"fullName":"Checkbox sets the 'disabled' attribute for all its Checkbox children","invocations":1,"location":null,"numPassingAsserts":4,"retryReasons":[],"status":"passed","title":"sets the 'disabled' attribute for all its Checkbox children"},{"ancestorTitles":["Checkbox"],"duration":173,"failureDetails":[],"failureMessages":[],"fullName":"Checkbox sets the 'required' attribute for all its Checkbox children","invocations":1,"location":null,"numPassingAsserts":4,"retryReasons":[],"status":"passed","title":"sets the 'required' attribute for all its Checkbox children"},{"ancestorTitles":["Checkbox"],"duration":165,"failureDetails":[],"failureMessages":[],"fullName":"Checkbox sets the error state for all its Checkbox children","invocations":1,"location":null,"numPassingAsserts":4,"retryReasons":[],"status":"passed","title":"sets the error state for all its Checkbox children"},{"ancestorTitles":["Checkbox"],"duration":106,"failureDetails":[],"failureMessages":[],"fullName":"Checkbox does not render the invalid text when 'isInvalid' is true but 'showHelperInvalidText' is false","invocations":1,"location":null,"numPassingAsserts":4,"retryReasons":[],"status":"passed","title":"does not render the invalid text when 'isInvalid' is true but 'showHelperInvalidText' is false"},{"ancestorTitles":["Checkbox"],"duration":76,"failureDetails":[],"failureMessages":[],"fullName":"Checkbox logs a warning when there is no `id` passed","invocations":1,"location":null,"numPassingAsserts":1,"retryReasons":[],"status":"passed","title":"logs a warning when there is no `id` passed"},{"ancestorTitles":["Checkbox"],"duration":356,"failureDetails":[],"failureMessages":[],"fullName":"Checkbox updates the selected checkboxes programmatically through the `value` prop","invocations":1,"location":null,"numPassingAsserts":8,"retryReasons":[],"status":"passed","title":"updates the selected checkboxes programmatically through the `value` prop"},{"ancestorTitles":["Checkbox"],"duration":283,"failureDetails":[],"failureMessages":[],"fullName":"Checkbox renders the UI snapshot correctly","invocations":1,"location":null,"numPassingAsserts":12,"retryReasons":[],"status":"passed","title":"renders the UI snapshot correctly"},{"ancestorTitles":["Checkbox"],"duration":85,"failureDetails":[],"failureMessages":[],"fullName":"Checkbox should throw warning when a non-Checkbox component is used as a child","invocations":1,"location":null,"numPassingAsserts":1,"retryReasons":[],"status":"passed","title":"should throw warning when a non-Checkbox component is used as a child"},{"ancestorTitles":["Checkbox"],"duration":100,"failureDetails":[],"failureMessages":[],"fullName":"Checkbox passes a ref to the inner div wrapper element","invocations":1,"location":null,"numPassingAsserts":1,"retryReasons":[],"status":"passed","title":"passes a ref to the inner div wrapper element"}],"endTime":1680640299212,"message":"","name":"/Users/edwinguzman/projects/design/nypl-design-system/src/components/CheckboxGroup/CheckboxGroup.test.tsx","startTime":1680640254841,"status":"passed","summary":""},{"assertionResults":[{"ancestorTitles":["DatePicker Accessibility"],"duration":1364,"failureDetails":[],"failureMessages":[],"fullName":"DatePicker Accessibility passes axe accessibility for a single date input","invocations":1,"location":null,"numPassingAsserts":1,"retryReasons":[],"status":"passed","title":"passes axe accessibility for a single date input"},{"ancestorTitles":["DatePicker Accessibility"],"duration":364,"failureDetails":[],"failureMessages":[],"fullName":"DatePicker Accessibility passes axe accessibility with hidden label","invocations":1,"location":null,"numPassingAsserts":1,"retryReasons":[],"status":"passed","title":"passes axe accessibility with hidden label"},{"ancestorTitles":["DatePicker Accessibility"],"duration":601,"failureDetails":[],"failureMessages":[],"fullName":"DatePicker Accessibility passes axe accessibility for a date range","invocations":1,"location":null,"numPassingAsserts":1,"retryReasons":[],"status":"passed","title":"passes axe accessibility for a date range"},{"ancestorTitles":["DatePicker Accessibility"],"duration":548,"failureDetails":[],"failureMessages":[],"fullName":"DatePicker Accessibility passes axe accessibility for a date range with hidden label","invocations":1,"location":null,"numPassingAsserts":1,"retryReasons":[],"status":"passed","title":"passes axe accessibility for a date range with hidden label"},{"ancestorTitles":["DatePicker","Single input"],"duration":55,"failureDetails":[],"failureMessages":[],"fullName":"DatePicker Single input should render the basic date input field including a date","invocations":1,"location":null,"numPassingAsserts":4,"retryReasons":[],"status":"passed","title":"should render the basic date input field including a date"},{"ancestorTitles":["DatePicker","Single input"],"duration":44,"failureDetails":[],"failureMessages":[],"fullName":"DatePicker Single input should render with an initial date","invocations":1,"location":null,"numPassingAsserts":1,"retryReasons":[],"status":"passed","title":"should render with an initial date"},{"ancestorTitles":["DatePicker","Single input"],"duration":32,"failureDetails":[],"failureMessages":[],"fullName":"DatePicker Single input should render the 'month' DatePicker type","invocations":1,"location":null,"numPassingAsserts":3,"retryReasons":[],"status":"passed","title":"should render the 'month' DatePicker type"},{"ancestorTitles":["DatePicker","Single input"],"duration":27,"failureDetails":[],"failureMessages":[],"fullName":"DatePicker Single input should render the 'year' DatePicker type","invocations":1,"location":null,"numPassingAsserts":3,"retryReasons":[],"status":"passed","title":"should render the 'year' DatePicker type"},{"ancestorTitles":["DatePicker","Single input"],"duration":70,"failureDetails":[],"failureMessages":[],"fullName":"DatePicker Single input should render a custom date format","invocations":1,"location":null,"numPassingAsserts":2,"retryReasons":[],"status":"passed","title":"should render a custom date format"},{"ancestorTitles":["DatePicker","Single input"],"duration":27,"failureDetails":[],"failureMessages":[],"fullName":"DatePicker Single input should hide the input label but add an aria-label","invocations":1,"location":null,"numPassingAsserts":2,"retryReasons":[],"status":"passed","title":"should hide the input label but add an aria-label"},{"ancestorTitles":["DatePicker","Single input"],"duration":78,"failureDetails":[],"failureMessages":[],"fullName":"DatePicker Single input should render with helper text and error text","invocations":1,"location":null,"numPassingAsserts":5,"retryReasons":[],"status":"passed","title":"should render with helper text and error text"},{"ancestorTitles":["DatePicker","Single input"],"duration":22,"failureDetails":[],"failureMessages":[],"fullName":"DatePicker Single input should not render the helper text or invalid text when 'showHelperInvalidText' is false","invocations":1,"location":null,"numPassingAsserts":4,"retryReasons":[],"status":"passed","title":"should not render the helper text or invalid text when 'showHelperInvalidText' is false"},{"ancestorTitles":["DatePicker","Single input"],"duration":35,"failureDetails":[],"failureMessages":[],"fullName":"DatePicker Single input should render a disabled input field","invocations":1,"location":null,"numPassingAsserts":1,"retryReasons":[],"status":"passed","title":"should render a disabled input field"},{"ancestorTitles":["DatePicker","Single input"],"duration":42,"failureDetails":[],"failureMessages":[],"fullName":"DatePicker Single input should render a required label","invocations":1,"location":null,"numPassingAsserts":1,"retryReasons":[],"status":"passed","title":"should render a required label"},{"ancestorTitles":["DatePicker","Single input"],"duration":78,"failureDetails":[],"failureMessages":[],"fullName":"DatePicker Single input should hide the (Required) text in the label with `showRequiredLabel`","invocations":1,"location":null,"numPassingAsserts":3,"retryReasons":[],"status":"passed","title":"should hide the (Required) text in the label with `showRequiredLabel`"},{"ancestorTitles":["DatePicker","Single input"],"duration":740,"failureDetails":[],"failureMessages":[],"fullName":"DatePicker Single input should pass the value to the `onChange` function","invocations":1,"location":null,"numPassingAsserts":2,"retryReasons":[],"status":"passed","title":"should pass the value to the `onChange` function"},{"ancestorTitles":["DatePicker","Single input"],"duration":12,"failureDetails":[],"failureMessages":[],"fullName":"DatePicker Single input should throw a warning when refs are used but not `name` props","invocations":1,"location":null,"numPassingAsserts":1,"retryReasons":[],"status":"passed","title":"should throw a warning when refs are used but not `name` props"},{"ancestorTitles":["DatePicker","Single input"],"duration":46,"failureDetails":[],"failureMessages":[],"fullName":"DatePicker Single input should throw a warning when `onChange` is passed as well as a `ref` prop.","invocations":1,"location":null,"numPassingAsserts":1,"retryReasons":[],"status":"passed","title":"should throw a warning when `onChange` is passed as well as a `ref` prop."},{"ancestorTitles":["DatePicker","Single input"],"duration":198,"failureDetails":[],"failureMessages":[],"fullName":"DatePicker Single input renders the UI snapshot correctly","invocations":1,"location":null,"numPassingAsserts":7,"retryReasons":[],"status":"passed","title":"renders the UI snapshot correctly"},{"ancestorTitles":["DatePicker","Single input"],"duration":24,"failureDetails":[],"failureMessages":[],"fullName":"DatePicker Single input passes a ref to the input element","invocations":1,"location":null,"numPassingAsserts":1,"retryReasons":[],"status":"passed","title":"passes a ref to the input element"},{"ancestorTitles":["DatePicker","Date Range"],"duration":34,"failureDetails":[],"failureMessages":[],"fullName":"DatePicker Date Range should render the date range with two input fields","invocations":1,"location":null,"numPassingAsserts":3,"retryReasons":[],"status":"passed","title":"should render the date range with two input fields"},{"ancestorTitles":["DatePicker","Date Range"],"duration":60,"failureDetails":[],"failureMessages":[],"fullName":"DatePicker Date Range should render the initial dates","invocations":1,"location":null,"numPassingAsserts":2,"retryReasons":[],"status":"passed","title":"should render the initial dates"},{"ancestorTitles":["DatePicker","Date Range"],"duration":92,"failureDetails":[],"failureMessages":[],"fullName":"DatePicker Date Range should render two input labels and three separate helper text","invocations":1,"location":null,"numPassingAsserts":5,"retryReasons":[],"status":"passed","title":"should render two input labels and three separate helper text"},{"ancestorTitles":["DatePicker","Date Range"],"duration":77,"failureDetails":[],"failureMessages":[],"fullName":"DatePicker Date Range should render different states based on respective props","invocations":1,"location":null,"numPassingAsserts":6,"retryReasons":[],"status":"passed","title":"should render different states based on respective props"},{"ancestorTitles":["DatePicker","Date Range"],"duration":114,"failureDetails":[],"failureMessages":[],"fullName":"DatePicker Date Range renders the UI snapshot correctly","invocations":1,"location":null,"numPassingAsserts":5,"retryReasons":[],"status":"passed","title":"renders the UI snapshot correctly"},{"ancestorTitles":["DatePicker","Date Range"],"duration":1288,"failureDetails":[],"failureMessages":[],"fullName":"DatePicker Date Range should select two new dates","invocations":1,"location":null,"numPassingAsserts":7,"retryReasons":[],"status":"passed","title":"should select two new dates"},{"ancestorTitles":["DatePicker","Date Range"],"duration":13,"failureDetails":[],"failureMessages":[],"fullName":"DatePicker Date Range passes two refs to both input elements","invocations":1,"location":null,"numPassingAsserts":2,"retryReasons":[],"status":"passed","title":"passes two refs to both input elements"},{"ancestorTitles":["DatePicker","Popup Calendar"],"duration":626,"failureDetails":[],"failureMessages":[],"fullName":"DatePicker Popup Calendar should render a popup calendar for the full date","invocations":1,"location":null,"numPassingAsserts":10,"retryReasons":[],"status":"passed","title":"should render a popup calendar for the full date"},{"ancestorTitles":["DatePicker","Popup Calendar"],"duration":1307,"failureDetails":[],"failureMessages":[],"fullName":"DatePicker Popup Calendar should select a new date from the calendar","invocations":1,"location":null,"numPassingAsserts":4,"retryReasons":[],"status":"passed","title":"should select a new date from the calendar"},{"ancestorTitles":["DatePicker","Popup Calendar"],"duration":348,"failureDetails":[],"failureMessages":[],"fullName":"DatePicker Popup Calendar should render a popup calendar for the month date","invocations":1,"location":null,"numPassingAsserts":15,"retryReasons":[],"status":"passed","title":"should render a popup calendar for the month date"},{"ancestorTitles":["DatePicker","Popup Calendar"],"duration":373,"failureDetails":[],"failureMessages":[],"fullName":"DatePicker Popup Calendar should select a new month from the calendar","invocations":1,"location":null,"numPassingAsserts":4,"retryReasons":[],"status":"passed","title":"should select a new month from the calendar"},{"ancestorTitles":["DatePicker","Popup Calendar"],"duration":348,"failureDetails":[],"failureMessages":[],"fullName":"DatePicker Popup Calendar should render a popup calendar for the year date","invocations":1,"location":null,"numPassingAsserts":14,"retryReasons":[],"status":"passed","title":"should render a popup calendar for the year date"},{"ancestorTitles":["DatePicker","Popup Calendar"],"duration":327,"failureDetails":[],"failureMessages":[],"fullName":"DatePicker Popup Calendar should select a new year from the calendar","invocations":1,"location":null,"numPassingAsserts":2,"retryReasons":[],"status":"passed","title":"should select a new year from the calendar"},{"ancestorTitles":["DatePicker","Popup Calendar"],"duration":6,"failureDetails":[],"failureMessages":[],"fullName":"DatePicker Popup Calendar logs a warning when there is no `id` passed","invocations":1,"location":null,"numPassingAsserts":1,"retryReasons":[],"status":"passed","title":"logs a warning when there is no `id` passed"}],"endTime":1680640301394,"message":"","name":"/Users/edwinguzman/projects/design/nypl-design-system/src/components/DatePicker/DatePicker.test.tsx","startTime":1680640254984,"status":"passed","summary":""},{"assertionResults":[{"ancestorTitles":["Radio Accessibility"],"duration":1686,"failureDetails":[],"failureMessages":[],"fullName":"Radio Accessibility passes axe accessibility with string labels","invocations":1,"location":null,"numPassingAsserts":1,"retryReasons":[],"status":"passed","title":"passes axe accessibility with string labels"},{"ancestorTitles":["Radio Accessibility"],"duration":864,"failureDetails":[],"failureMessages":[],"fullName":"Radio Accessibility passes axe accessibility with jsx labels","invocations":1,"location":null,"numPassingAsserts":1,"retryReasons":[],"status":"passed","title":"passes axe accessibility with jsx labels"},{"ancestorTitles":["Radio Accessibility"],"duration":720,"failureDetails":[],"failureMessages":[],"fullName":"Radio Accessibility passes axe accessibility with the legend hidden","invocations":1,"location":null,"numPassingAsserts":1,"retryReasons":[],"status":"passed","title":"passes axe accessibility with the legend hidden"},{"ancestorTitles":["Radio Button"],"duration":249,"failureDetails":[],"failureMessages":[],"fullName":"Radio Button renders with radio inputs and a label","invocations":1,"location":null,"numPassingAsserts":5,"retryReasons":[],"status":"passed","title":"renders with radio inputs and a label"},{"ancestorTitles":["Radio Button"],"duration":98,"failureDetails":[],"failureMessages":[],"fullName":"Radio Button <legend> element is available in the DOM when 'showLabel' prop is set to true or false","invocations":1,"location":null,"numPassingAsserts":4,"retryReasons":[],"status":"passed","title":"<legend> element is available in the DOM when 'showLabel' prop is set to true or false"},{"ancestorTitles":["Radio Button"],"duration":153,"failureDetails":[],"failureMessages":[],"fullName":"Radio Button renders visible helper or error text","invocations":1,"location":null,"numPassingAsserts":4,"retryReasons":[],"status":"passed","title":"renders visible helper or error text"},{"ancestorTitles":["Radio Button"],"duration":37,"failureDetails":[],"failureMessages":[],"fullName":"Radio Button sets the RadioGroup's ID","invocations":1,"location":null,"numPassingAsserts":1,"retryReasons":[],"status":"passed","title":"sets the RadioGroup's ID"},{"ancestorTitles":["Radio Button"],"duration":329,"failureDetails":[],"failureMessages":[],"fullName":"Radio Button sets the next value through the onChange function","invocations":1,"location":null,"numPassingAsserts":3,"retryReasons":[],"status":"passed","title":"sets the next value through the onChange function"},{"ancestorTitles":["Radio Button"],"duration":148,"failureDetails":[],"failureMessages":[],"fullName":"Radio Button sets the 'disabled' attribute for all its Radio children","invocations":1,"location":null,"numPassingAsserts":4,"retryReasons":[],"status":"passed","title":"sets the 'disabled' attribute for all its Radio children"},{"ancestorTitles":["Radio Button"],"duration":140,"failureDetails":[],"failureMessages":[],"fullName":"Radio Button sets the 'required' attribute for all its Radio children","invocations":1,"location":null,"numPassingAsserts":7,"retryReasons":[],"status":"passed","title":"sets the 'required' attribute for all its Radio children"},{"ancestorTitles":["Radio Button"],"duration":170,"failureDetails":[],"failureMessages":[],"fullName":"Radio Button sets the error state for all its Radio children","invocations":1,"location":null,"numPassingAsserts":5,"retryReasons":[],"status":"passed","title":"sets the error state for all its Radio children"},{"ancestorTitles":["Radio Button"],"duration":57,"failureDetails":[],"failureMessages":[],"fullName":"Radio Button does not render the error text when 'showHelperInvalidText' is false","invocations":1,"location":null,"numPassingAsserts":1,"retryReasons":[],"status":"passed","title":"does not render the error text when 'showHelperInvalidText' is false"},{"ancestorTitles":["Radio Button"],"duration":255,"failureDetails":[],"failureMessages":[],"fullName":"Radio Button renders the UI snapshot correctly","invocations":1,"location":null,"numPassingAsserts":12,"retryReasons":[],"status":"passed","title":"renders the UI snapshot correctly"},{"ancestorTitles":["Radio Button"],"duration":132,"failureDetails":[],"failureMessages":[],"fullName":"Radio Button should throw warning when a non-Radio component is used as a child","invocations":1,"location":null,"numPassingAsserts":1,"retryReasons":[],"status":"passed","title":"should throw warning when a non-Radio component is used as a child"},{"ancestorTitles":["Radio Button"],"duration":33,"failureDetails":[],"failureMessages":[],"fullName":"Radio Button logs a warning when there is no `id` passed","invocations":1,"location":null,"numPassingAsserts":1,"retryReasons":[],"status":"passed","title":"logs a warning when there is no `id` passed"},{"ancestorTitles":["Radio Button"],"duration":12,"failureDetails":[],"failureMessages":[],"fullName":"Radio Button passes a ref to the input element","invocations":1,"location":null,"numPassingAsserts":1,"retryReasons":[],"status":"passed","title":"passes a ref to the input element"}],"endTime":1680640302200,"message":"","name":"/Users/edwinguzman/projects/design/nypl-design-system/src/components/RadioGroup/RadioGroup.test.tsx","startTime":1680640288255,"status":"passed","summary":""},{"assertionResults":[{"ancestorTitles":["HeaderSearchForm Accessibility"],"duration":3115,"failureDetails":[],"failureMessages":[],"fullName":"HeaderSearchForm Accessibility passes axe accessibility test","invocations":1,"location":null,"numPassingAsserts":1,"retryReasons":[],"status":"passed","title":"passes axe accessibility test"},{"ancestorTitles":["HeaderSearchForm Accessibility"],"duration":2333,"failureDetails":[],"failureMessages":[],"fullName":"HeaderSearchForm Accessibility passes axe accessibility test for mobile view","invocations":1,"location":null,"numPassingAsserts":1,"retryReasons":[],"status":"passed","title":"passes axe accessibility test for mobile view"},{"ancestorTitles":["HeaderSearchForm","Desktop"],"duration":null,"failureDetails":[],"failureMessages":[],"fullName":"HeaderSearchForm Desktop renders a form with an input, radio inputs, and a search button","invocations":1,"location":null,"numPassingAsserts":0,"retryReasons":[],"status":"pending","title":"renders a form with an input, radio inputs, and a search button"},{"ancestorTitles":["HeaderSearchForm","Desktop"],"duration":null,"failureDetails":[],"failureMessages":[],"fullName":"HeaderSearchForm Desktop makes a request to the Encore catalog","invocations":1,"location":null,"numPassingAsserts":0,"retryReasons":[],"status":"pending","title":"makes a request to the Encore catalog"},{"ancestorTitles":["HeaderSearchForm","Desktop"],"duration":null,"failureDetails":[],"failureMessages":[],"fullName":"HeaderSearchForm Desktop makes a request to the Research Catalog","invocations":1,"location":null,"numPassingAsserts":0,"retryReasons":[],"status":"pending","title":"makes a request to the Research Catalog"},{"ancestorTitles":["HeaderSearchForm","Desktop"],"duration":null,"failureDetails":[],"failureMessages":[],"fullName":"HeaderSearchForm Desktop makes a request to the web catalog","invocations":1,"location":null,"numPassingAsserts":0,"retryReasons":[],"status":"pending","title":"makes a request to the web catalog"},{"ancestorTitles":["HeaderSearchForm","Mobile"],"duration":null,"failureDetails":[],"failureMessages":[],"fullName":"HeaderSearchForm Mobile renders a form with an input and three radios on mobile","invocations":1,"location":null,"numPassingAsserts":0,"retryReasons":[],"status":"pending","title":"renders a form with an input and three radios on mobile"},{"ancestorTitles":["HeaderSearchForm","Mobile"],"duration":null,"failureDetails":[],"failureMessages":[],"fullName":"HeaderSearchForm Mobile makes a request to the Encore catalog","invocations":1,"location":null,"numPassingAsserts":0,"retryReasons":[],"status":"pending","title":"makes a request to the Encore catalog"},{"ancestorTitles":["HeaderSearchForm","Mobile"],"duration":null,"failureDetails":[],"failureMessages":[],"fullName":"HeaderSearchForm Mobile makes a request to the Research Catalog","invocations":1,"location":null,"numPassingAsserts":0,"retryReasons":[],"status":"pending","title":"makes a request to the Research Catalog"},{"ancestorTitles":["HeaderSearchForm","Mobile"],"duration":null,"failureDetails":[],"failureMessages":[],"fullName":"HeaderSearchForm Mobile makes a request to the web catalog","invocations":1,"location":null,"numPassingAsserts":0,"retryReasons":[],"status":"pending","title":"makes a request to the web catalog"},{"ancestorTitles":["HeaderSearchForm"],"duration":null,"failureDetails":[],"failureMessages":[],"fullName":"HeaderSearchForm renders the UI snapshot correctly","invocations":1,"location":null,"numPassingAsserts":0,"retryReasons":[],"status":"pending","title":"renders the UI snapshot correctly"}],"endTime":1680640306099,"message":"","name":"/Users/edwinguzman/projects/design/nypl-design-system/src/components/Header/components/HeaderSearchForm.test.tsx","startTime":1680640293780,"status":"focused","summary":""},{"assertionResults":[{"ancestorTitles":["TextInput Accessibility"],"duration":936,"failureDetails":[],"failureMessages":[],"fullName":"TextInput Accessibility passes axe accessibility test for the input element","invocations":1,"location":null,"numPassingAsserts":1,"retryReasons":[],"status":"passed","title":"passes axe accessibility test for the input element"},{"ancestorTitles":["TextInput Accessibility"],"duration":281,"failureDetails":[],"failureMessages":[],"fullName":"TextInput Accessibility passes axe accessibility test with hidden label","invocations":1,"location":null,"numPassingAsserts":1,"retryReasons":[],"status":"passed","title":"passes axe accessibility test with hidden label"},{"ancestorTitles":["TextInput Accessibility"],"duration":461,"failureDetails":[],"failureMessages":[],"fullName":"TextInput Accessibility passes axe accessibility test with `clear` button","invocations":1,"location":null,"numPassingAsserts":1,"retryReasons":[],"status":"passed","title":"passes axe accessibility test with `clear` button"},{"ancestorTitles":["TextInput Accessibility"],"duration":185,"failureDetails":[],"failureMessages":[],"fullName":"TextInput Accessibility passes axe accessibility test for the textarea element","invocations":1,"location":null,"numPassingAsserts":1,"retryReasons":[],"status":"passed","title":"passes axe accessibility test for the textarea element"},{"ancestorTitles":["TextInput"],"duration":32,"failureDetails":[],"failureMessages":[],"fullName":"TextInput renders an input element","invocations":1,"location":null,"numPassingAsserts":1,"retryReasons":[],"status":"passed","title":"renders an input element"},{"ancestorTitles":["TextInput"],"duration":39,"failureDetails":[],"failureMessages":[],"fullName":"TextInput renders label with label text","invocations":1,"location":null,"numPassingAsserts":1,"retryReasons":[],"status":"passed","title":"renders label with label text"},{"ancestorTitles":["TextInput"],"duration":40,"failureDetails":[],"failureMessages":[],"fullName":"TextInput renders 'Required' along with the label text","invocations":1,"location":null,"numPassingAsserts":2,"retryReasons":[],"status":"passed","title":"renders 'Required' along with the label text"},{"ancestorTitles":["TextInput"],"duration":103,"failureDetails":[],"failureMessages":[],"fullName":"TextInput adds aria-describedby attribute","invocations":1,"location":null,"numPassingAsserts":2,"retryReasons":[],"status":"passed","title":"adds aria-describedby attribute"},{"ancestorTitles":["TextInput"],"duration":106,"failureDetails":[],"failureMessages":[],"fullName":"TextInput has an 'autocomplete' attribute if the type is 'email', 'tel', or 'url'","invocations":1,"location":null,"numPassingAsserts":4,"retryReasons":[],"status":"passed","title":"has an 'autocomplete' attribute if the type is 'email', 'tel', or 'url'"},{"ancestorTitles":["TextInput"],"duration":77,"failureDetails":[],"failureMessages":[],"fullName":"TextInput does not render '(Required)' along with the label text","invocations":1,"location":null,"numPassingAsserts":2,"retryReasons":[],"status":"passed","title":"does not render '(Required)' along with the label text"},{"ancestorTitles":["TextInput"],"duration":10,"failureDetails":[],"failureMessages":[],"fullName":"TextInput renders a custom 'Required' along with the label text","invocations":1,"location":null,"numPassingAsserts":2,"retryReasons":[],"status":"passed","title":"renders a custom 'Required' along with the label text"},{"ancestorTitles":["TextInput"],"duration":21,"failureDetails":[],"failureMessages":[],"fullName":"TextInput does not render a custom '(Required)' along with the label text","invocations":1,"location":null,"numPassingAsserts":2,"retryReasons":[],"status":"passed","title":"does not render a custom '(Required)' along with the label text"},{"ancestorTitles":["TextInput"],"duration":64,"failureDetails":[],"failureMessages":[],"fullName":"TextInput does not render the label but adds it as an aria-label attribute","invocations":1,"location":null,"numPassingAsserts":2,"retryReasons":[],"status":"passed","title":"does not render the label but adds it as an aria-label attribute"},{"ancestorTitles":["TextInput"],"duration":50,"failureDetails":[],"failureMessages":[],"fullName":"TextInput renders the invalid state and shows the invalid text","invocations":1,"location":null,"numPassingAsserts":3,"retryReasons":[],"status":"passed","title":"renders the invalid state and shows the invalid text"},{"ancestorTitles":["TextInput"],"duration":14,"failureDetails":[],"failureMessages":[],"fullName":"TextInput does not render the invalid text when 'showHelperInvalidText' is set to false","invocations":1,"location":null,"numPassingAsserts":2,"retryReasons":[],"status":"passed","title":"does not render the invalid text when 'showHelperInvalidText' is set to false"},{"ancestorTitles":["TextInput"],"duration":35,"failureDetails":[],"failureMessages":[],"fullName":"TextInput renders label's `for` attribute pointing at ID from input","invocations":1,"location":null,"numPassingAsserts":1,"retryReasons":[],"status":"passed","title":"renders label's `for` attribute pointing at ID from input"},{"ancestorTitles":["TextInput"],"duration":21,"failureDetails":[],"failureMessages":[],"fullName":"TextInput renders placeholder text","invocations":1,"location":null,"numPassingAsserts":1,"retryReasons":[],"status":"passed","title":"renders placeholder text"},{"ancestorTitles":["TextInput"],"duration":7,"failureDetails":[],"failureMessages":[],"fullName":"TextInput adds aria-required prop if input is required","invocations":1,"location":null,"numPassingAsserts":1,"retryReasons":[],"status":"passed","title":"adds aria-required prop if input is required"},{"ancestorTitles":["TextInput"],"duration":175,"failureDetails":[],"failureMessages":[],"fullName":"TextInput calls the onChange handler function","invocations":1,"location":null,"numPassingAsserts":2,"retryReasons":[],"status":"passed","title":"calls the onChange handler function"},{"ancestorTitles":["TextInput"],"duration":36,"failureDetails":[],"failureMessages":[],"fullName":"TextInput has a maxlength for the input element","invocations":1,"location":null,"numPassingAsserts":1,"retryReasons":[],"status":"passed","title":"has a maxlength for the input element"},{"ancestorTitles":["TextInput"],"duration":40,"failureDetails":[],"failureMessages":[],"fullName":"TextInput has a pattern for the input element","invocations":1,"location":null,"numPassingAsserts":1,"retryReasons":[],"status":"passed","title":"has a pattern for the input element"},{"ancestorTitles":["TextInput"],"duration":330,"failureDetails":[],"failureMessages":[],"fullName":"TextInput renders a `clear` button and clears the input field when clicked","invocations":1,"location":null,"numPassingAsserts":5,"retryReasons":[],"status":"passed","title":"renders a `clear` button and clears the input field when clicked"},{"ancestorTitles":["TextInput"],"duration":389,"failureDetails":[],"failureMessages":[],"fullName":"TextInput calls the `isClearableCallback` when the clear button is clicked for controlled TextInput","invocations":1,"location":null,"numPassingAsserts":3,"retryReasons":[],"status":"passed","title":"calls the `isClearableCallback` when the clear button is clicked for controlled TextInput"},{"ancestorTitles":["TextInput"],"duration":285,"failureDetails":[],"failureMessages":[],"fullName":"TextInput returns focus to the input field when the `clear` button is clicked","invocations":1,"location":null,"numPassingAsserts":3,"retryReasons":[],"status":"passed","title":"returns focus to the input field when the `clear` button is clicked"},{"ancestorTitles":["TextInput"],"duration":23,"failureDetails":[],"failureMessages":[],"fullName":"TextInput logs a warning for the number type when the min prop is greater than the max prop","invocations":1,"location":null,"numPassingAsserts":1,"retryReasons":[],"status":"passed","title":"logs a warning for the number type when the min prop is greater than the max prop"},{"ancestorTitles":["TextInput"],"duration":7,"failureDetails":[],"failureMessages":[],"fullName":"TextInput logs a warning when there is no `id` passed","invocations":1,"location":null,"numPassingAsserts":1,"retryReasons":[],"status":"passed","title":"logs a warning when there is no `id` passed"},{"ancestorTitles":["TextInput"],"duration":34,"failureDetails":[],"failureMessages":[],"fullName":"TextInput logs a warning when `isClearable` is set to true for `textarea` type","invocations":1,"location":null,"numPassingAsserts":1,"retryReasons":[],"status":"passed","title":"logs a warning when `isClearable` is set to true for `textarea` type"},{"ancestorTitles":["Forwarding refs"],"duration":4,"failureDetails":[],"failureMessages":[],"fullName":"Forwarding refs Passes the ref to the input element","invocations":1,"location":null,"numPassingAsserts":1,"retryReasons":[],"status":"passed","title":"Passes the ref to the input element"},{"ancestorTitles":["Forwarding refs"],"duration":54,"failureDetails":[],"failureMessages":[],"fullName":"Forwarding refs Passes the ref to the textarea element","invocations":1,"location":null,"numPassingAsserts":1,"retryReasons":[],"status":"passed","title":"Passes the ref to the textarea element"},{"ancestorTitles":["Hidden input"],"duration":6,"failureDetails":[],"failureMessages":[],"fullName":"Hidden input renders a hidden type input","invocations":1,"location":null,"numPassingAsserts":2,"retryReasons":[],"status":"passed","title":"renders a hidden type input"},{"ancestorTitles":["Hidden input"],"duration":20,"failureDetails":[],"failureMessages":[],"fullName":"Hidden input does not show the helper text","invocations":1,"location":null,"numPassingAsserts":2,"retryReasons":[],"status":"passed","title":"does not show the helper text"},{"ancestorTitles":["Textarea element type"],"duration":32,"failureDetails":[],"failureMessages":[],"fullName":"Textarea element type renders a textarea element","invocations":1,"location":null,"numPassingAsserts":1,"retryReasons":[],"status":"passed","title":"renders a textarea element"},{"ancestorTitles":["Textarea element type"],"duration":7,"failureDetails":[],"failureMessages":[],"fullName":"Textarea element type renders label with label text","invocations":1,"location":null,"numPassingAsserts":
[...]
frame with the Encore logout URL","invocations":1,"location":null,"numPassingAsserts":4,"retryReasons":[],"status":"passed","title":"should load the iframe with the Encore logout URL"}],"endTime":1680640343823,"message":"","name":"/Users/edwinguzman/projects/design/nypl-design-system/src/components/Header/utils/encoreCatalogLogOutTimer.test.ts","startTime":1680640341059,"status":"passed","summary":""},{"assertionResults":[{"ancestorTitles":["useMultiSelect hook"],"duration":49,"failureDetails":[],"failureMessages":[],"fullName":"useMultiSelect hook should return five functions and a object containing a key items with all currently selectItems","invocations":1,"location":null,"numPassingAsserts":6,"retryReasons":[],"status":"passed","title":"should return five functions and a object containing a key items with all currently selectItems"},{"ancestorTitles":["useMultiSelect hook"],"duration":8,"failureDetails":[],"failureMessages":[],"fullName":"useMultiSelect hook should update the selectedItems when the onChange function is called","invocations":1,"location":null,"numPassingAsserts":3,"retryReasons":[],"status":"passed","title":"should update the selectedItems when the onChange function is called"},{"ancestorTitles":["useMultiSelect hook"],"duration":42,"failureDetails":[],"failureMessages":[],"fullName":"useMultiSelect hook should update the selectedItems when the onMixedstateChange function is called","invocations":1,"location":null,"numPassingAsserts":2,"retryReasons":[],"status":"passed","title":"should update the selectedItems when the onMixedstateChange function is called"},{"ancestorTitles":["useMultiSelect hook"],"duration":2,"failureDetails":[],"failureMessages":[],"fullName":"useMultiSelect hook should be able to handle multiple MultiSelects","invocations":1,"location":null,"numPassingAsserts":3,"retryReasons":[],"status":"passed","title":"should be able to handle multiple MultiSelects"},{"ancestorTitles":["useMultiSelect hook"],"duration":3,"failureDetails":[],"failureMessages":[],"fullName":"useMultiSelect hook should remove the selectedItems of the multiSelect passed to the onClear function","invocations":1,"location":null,"numPassingAsserts":4,"retryReasons":[],"status":"passed","title":"should remove the selectedItems of the multiSelect passed to the onClear function"},{"ancestorTitles":["useMultiSelect hook"],"duration":8,"failureDetails":[],"failureMessages":[],"fullName":"useMultiSelect hook should set the selectedItems to the state passed to setSelectedItems and reset the selectedItems to an empty object when onClearAll is called","invocations":1,"location":null,"numPassingAsserts":3,"retryReasons":[],"status":"passed","title":"should set the selectedItems to the state passed to setSelectedItems and reset the selectedItems to an empty object when onClearAll is called"}],"endTime":1680640343940,"message":"","name":"/Users/edwinguzman/projects/design/nypl-design-system/src/hooks/__tests__/useMultiSelect.test.ts","startTime":1680640341326,"status":"passed","summary":""},{"assertionResults":[{"ancestorTitles":["useFilterBar hook"],"duration":44,"failureDetails":[],"failureMessages":[],"fullName":"useFilterBar hook should return a boolean value isModalOpen, functions onOpen, onClose and onToggle to change the isModalOpen state and all functions from useMultiSelect","invocations":1,"location":null,"numPassingAsserts":10,"retryReasons":[],"status":"passed","title":"should return a boolean value isModalOpen, functions onOpen, onClose and onToggle to change the isModalOpen state and all functions from useMultiSelect"},{"ancestorTitles":["useFilterBar hook"],"duration":3,"failureDetails":[],"failureMessages":[],"fullName":"useFilterBar hook should change the isModalOpen value when onToggle is called","invocations":1,"location":null,"numPassingAsserts":2,"retryReasons":[],"status":"passed","title":"should change the isModalOpen value when onToggle is called"},{"ancestorTitles":["useFilterBar hook"],"duration":3,"failureDetails":[],"failureMessages":[],"fullName":"useFilterBar hook should change and keep the isModalOpen value as true when onOpen is called","invocations":1,"location":null,"numPassingAsserts":3,"retryReasons":[],"status":"passed","title":"should change and keep the isModalOpen value as true when onOpen is called"},{"ancestorTitles":["useFilterBar hook"],"duration":10,"failureDetails":[],"failureMessages":[],"fullName":"useFilterBar hook should change and keep the isModalOpen value as false when onClose is called","invocations":1,"location":null,"numPassingAsserts":4,"retryReasons":[],"status":"passed","title":"should change and keep the isModalOpen value as false when onClose is called"}],"endTime":1680640344006,"message":"","name":"/Users/edwinguzman/projects/design/nypl-design-system/src/hooks/__tests__/useFilterBar.test.ts","startTime":1680640341556,"status":"passed","summary":""},{"assertionResults":[{"ancestorTitles":["Google Analytics utils"],"duration":36,"failureDetails":[],"failureMessages":[],"fullName":"Google Analytics utils should initialize correctly in development environment","invocations":1,"location":null,"numPassingAsserts":2,"retryReasons":[],"status":"passed","title":"should initialize correctly in development environment"},{"ancestorTitles":["Google Analytics utils"],"duration":1,"failureDetails":[],"failureMessages":[],"fullName":"Google Analytics utils should initialize correctly in production environment","invocations":1,"location":null,"numPassingAsserts":2,"retryReasons":[],"status":"passed","title":"should initialize correctly in production environment"},{"ancestorTitles":["Google Analytics utils"],"duration":2,"failureDetails":[],"failureMessages":[],"fullName":"Google Analytics utils should send an event to Google Analytics","invocations":1,"location":null,"numPassingAsserts":1,"retryReasons":[],"status":"passed","title":"should send an event to Google Analytics"},{"ancestorTitles":["Google Analytics utils"],"duration":2,"failureDetails":[],"failureMessages":[],"fullName":"Google Analytics utils calls a callback function on a delay","invocations":1,"location":null,"numPassingAsserts":3,"retryReasons":[],"status":"passed","title":"calls a callback function on a delay"},{"ancestorTitles":["Google Analytics utils"],"duration":2,"failureDetails":[],"failureMessages":[],"fullName":"Google Analytics utils should send an event with custom dimensions","invocations":1,"location":null,"numPassingAsserts":3,"retryReasons":[],"status":"passed","title":"should send an event with custom dimensions"}],"endTime":1680640344412,"message":"","name":"/Users/edwinguzman/projects/design/nypl-design-system/src/components/Header/utils/googleAnalyticsUtils.test.ts","startTime":1680640341529,"status":"passed","summary":""},{"assertionResults":[{"ancestorTitles":["Header utils","encoreEncodeSearchString"],"duration":2,"failureDetails":[],"failureMessages":[],"fullName":"Header utils encoreEncodeSearchString should encode a search string","invocations":1,"location":null,"numPassingAsserts":1,"retryReasons":[],"status":"passed","title":"should encode a search string"},{"ancestorTitles":["Header utils","encoreEncodeSearchString"],"duration":0,"failureDetails":[],"failureMessages":[],"fullName":"Header utils encoreEncodeSearchString should encode a search string with special characters","invocations":1,"location":null,"numPassingAsserts":1,"retryReasons":[],"status":"passed","title":"should encode a search string with special characters"},{"ancestorTitles":["Header utils","encoreEncodeSearchString"],"duration":1,"failureDetails":[],"failureMessages":[],"fullName":"Header utils encoreEncodeSearchString should encode a search string with special characters and spaces","invocations":1,"location":null,"numPassingAsserts":1,"retryReasons":[],"status":"passed","title":"should encode a search string with special characters and spaces"},{"ancestorTitles":["Header utils","getEncoreCatalogURL"],"duration":0,"failureDetails":[],"failureMessages":[],"fullName":"Header utils getEncoreCatalogURL should return a URL for the Encore catalog","invocations":1,"location":null,"numPassingAsserts":1,"retryReasons":[],"status":"passed","title":"should return a URL for the Encore catalog"},{"ancestorTitles":["Header utils","getEncoreCatalogURL"],"duration":0,"failureDetails":[],"failureMessages":[],"fullName":"Header utils getEncoreCatalogURL should return a URL for the Encore catalog with special characters","invocations":1,"location":null,"numPassingAsserts":1,"retryReasons":[],"status":"passed","title":"should return a URL for the Encore catalog with special characters"},{"ancestorTitles":["Header utils","getResearchCatalogURL"],"duration":1,"failureDetails":[],"failureMessages":[],"fullName":"Header utils getResearchCatalogURL should return a URL for the Encore catalog","invocations":1,"location":null,"numPassingAsserts":1,"retryReasons":[],"status":"passed","title":"should return a URL for the Encore catalog"},{"ancestorTitles":["Header utils","getResearchCatalogURL"],"duration":0,"failureDetails":[],"failureMessages":[],"fullName":"Header utils getResearchCatalogURL should return a URL for the Encore catalog with special characters","invocations":1,"location":null,"numPassingAsserts":1,"retryReasons":[],"status":"passed","title":"should return a URL for the Encore catalog with special characters"},{"ancestorTitles":["Header utils","getNYPLSearchURL"],"duration":1,"failureDetails":[],"failureMessages":[],"fullName":"Header utils getNYPLSearchURL should return a URL for the NYPL catalog","invocations":1,"location":null,"numPassingAsserts":1,"retryReasons":[],"status":"passed","title":"should return a URL for the NYPL catalog"},{"ancestorTitles":["Header utils","getNYPLSearchURL"],"duration":0,"failureDetails":[],"failureMessages":[],"fullName":"Header utils getNYPLSearchURL should return a URL for the NYPL catalog with special characters","invocations":1,"location":null,"numPassingAsserts":1,"retryReasons":[],"status":"passed","title":"should return a URL for the NYPL catalog with special characters"}],"endTime":1680640344520,"message":"","name":"/Users/edwinguzman/projects/design/nypl-design-system/src/components/Header/utils/headerUtils.test.ts","startTime":1680640342103,"status":"passed","summary":""},{"assertionResults":[{"ancestorTitles":["range"],"duration":11,"failureDetails":[],"failureMessages":[],"fullName":"range returns an array of values not including the stop argument","invocations":1,"location":null,"numPassingAsserts":3,"retryReasons":[],"status":"passed","title":"returns an array of values not including the stop argument"},{"ancestorTitles":["range"],"duration":2,"failureDetails":[],"failureMessages":[],"fullName":"range returns an array of values skipping by the step argument","invocations":1,"location":null,"numPassingAsserts":6,"retryReasons":[],"status":"passed","title":"returns an array of values skipping by the step argument"}],"endTime":1680640344562,"message":"","name":"/Users/edwinguzman/projects/design/nypl-design-system/src/__tests__/utils/utils.test.ts","startTime":1680640342310,"status":"passed","summary":""},{"assertionResults":[{"ancestorTitles":["HorizontalRule Accessibility"],"duration":218,"failureDetails":[],"failureMessages":[],"fullName":"HorizontalRule Accessibility passes axe accessibility test","invocations":1,"location":null,"numPassingAsserts":1,"retryReasons":[],"status":"passed","title":"passes axe accessibility test"},{"ancestorTitles":["HorizontalRule"],"duration":23,"failureDetails":[],"failureMessages":[],"fullName":"HorizontalRule renders HorizontalRule component","invocations":1,"location":null,"numPassingAsserts":1,"retryReasons":[],"status":"passed","title":"renders HorizontalRule component"},{"ancestorTitles":["HorizontalRule"],"duration":14,"failureDetails":[],"failureMessages":[],"fullName":"HorizontalRule renders with proper custom class","invocations":1,"location":null,"numPassingAsserts":1,"retryReasons":[],"status":"passed","title":"renders with proper custom class"},{"ancestorTitles":["HorizontalRule"],"duration":33,"failureDetails":[],"failureMessages":[],"fullName":"HorizontalRule renders the UI snapshot correctly","invocations":1,"location":null,"numPassingAsserts":7,"retryReasons":[],"status":"passed","title":"renders the UI snapshot correctly"},{"ancestorTitles":["HorizontalRule"],"duration":3,"failureDetails":[],"failureMessages":[],"fullName":"HorizontalRule passes a ref to the hr element","invocations":1,"location":null,"numPassingAsserts":1,"retryReasons":[],"status":"passed","title":"passes a ref to the hr element"}],"endTime":1680640344640,"message":"","name":"/Users/edwinguzman/projects/design/nypl-design-system/src/components/HorizontalRule/HorizontalRule.test.tsx","startTime":1680640337453,"status":"passed","summary":""},{"assertionResults":[{"ancestorTitles":["HeaderSitewideAlerts Accessibility"],"duration":null,"failureDetails":[],"failureMessages":[],"fullName":"HeaderSitewideAlerts Accessibility passes axe accessibility test","invocations":1,"location":null,"numPassingAsserts":0,"retryReasons":[],"status":"pending","title":"passes axe accessibility test"},{"ancestorTitles":["HeaderSitewideAlerts","Successful API request"],"duration":null,"failureDetails":[],"failureMessages":[],"fullName":"HeaderSitewideAlerts Successful API request renders a notification","invocations":1,"location":null,"numPassingAsserts":0,"retryReasons":[],"status":"pending","title":"renders a notification"},{"ancestorTitles":["HeaderSitewideAlerts","Successful API request"],"duration":null,"failureDetails":[],"failureMessages":[],"fullName":"HeaderSitewideAlerts Successful API request renders a list with text","invocations":1,"location":null,"numPassingAsserts":0,"retryReasons":[],"status":"pending","title":"renders a list with text"},{"ancestorTitles":["HeaderSitewideAlerts","Successful API request"],"duration":null,"failureDetails":[],"failureMessages":[],"fullName":"HeaderSitewideAlerts Successful API request renders the UI snapshot correctly","invocations":1,"location":null,"numPassingAsserts":0,"retryReasons":[],"status":"pending","title":"renders the UI snapshot correctly"},{"ancestorTitles":["HeaderSitewideAlerts","Successful API request but expired alerts"],"duration":null,"failureDetails":[],"failureMessages":[],"fullName":"HeaderSitewideAlerts Successful API request but expired alerts renders a notification","invocations":1,"location":null,"numPassingAsserts":0,"retryReasons":[],"status":"pending","title":"renders a notification"},{"ancestorTitles":["HeaderSitewideAlerts","Unsuccessful API request"],"duration":null,"failureDetails":[],"failureMessages":[],"fullName":"HeaderSitewideAlerts Unsuccessful API request does not render HTML","invocations":1,"location":null,"numPassingAsserts":0,"retryReasons":[],"status":"pending","title":"does not render HTML"}],"coverage":{},"endTime":1680640346860,"message":"","name":"/Users/edwinguzman/projects/design/nypl-design-system/src/components/Header/components/HeaderSitewideAlerts.test.tsx","startTime":1680640346860,"status":"skipped","summary":""},{"assertionResults":[{"ancestorTitles":["Header Accessibility"],"duration":null,"failureDetails":[],"failureMessages":[],"fullName":"Header Accessibility passes axe accessibility test","invocations":1,"location":null,"numPassingAsserts":0,"retryReasons":[],"status":"pending","title":"passes axe accessibility test"},{"ancestorTitles":["Header"],"duration":null,"failureDetails":[],"failureMessages":[],"fullName":"Header renders a skip navigation","invocations":1,"location":null,"numPassingAsserts":0,"retryReasons":[],"status":"pending","title":"renders a skip navigation"},{"ancestorTitles":["Header"],"duration":null,"failureDetails":[],"failureMessages":[],"fullName":"Header renders a notification","invocations":1,"location":null,"numPassingAsserts":0,"retryReasons":[],"status":"pending","title":"renders a notification"},{"ancestorTitles":["Header"],"duration":null,"failureDetails":[],"failureMessages":[],"fullName":"Header renders the NYPL logo","invocations":1,"location":null,"numPassingAsserts":0,"retryReasons":[],"status":"pending","title":"renders the NYPL logo"},{"ancestorTitles":["Header"],"duration":null,"failureDetails":[],"failureMessages":[],"fullName":"Header sends a GA event when the NYPL logo is clicked","invocations":1,"location":null,"numPassingAsserts":0,"retryReasons":[],"status":"pending","title":"sends a GA event when the NYPL logo is clicked"},{"ancestorTitles":["Header"],"duration":null,"failureDetails":[],"failureMessages":[],"fullName":"Header renders the upper links","invocations":1,"location":null,"numPassingAsserts":0,"retryReasons":[],"status":"pending","title":"renders the upper links"},{"ancestorTitles":["Header"],"duration":null,"failureDetails":[],"failureMessages":[],"fullName":"Header renders the lower links","invocations":1,"location":null,"numPassingAsserts":0,"retryReasons":[],"status":"pending","title":"renders the lower links"},{"ancestorTitles":["Header"],"duration":null,"failureDetails":[],"failureMessages":[],"fullName":"Header opens the login menu","invocations":1,"location":null,"numPassingAsserts":0,"retryReasons":[],"status":"pending","title":"opens the login menu"},{"ancestorTitles":["Header"],"duration":null,"failureDetails":[],"failureMessages":[],"fullName":"Header renders the horizontal rule","invocations":1,"location":null,"numPassingAsserts":0,"retryReasons":[],"status":"pending","title":"renders the horizontal rule"},{"ancestorTitles":["Header"],"duration":null,"failureDetails":[],"failureMessages":[],"fullName":"Header renders the UI snapshot correctly","invocations":1,"location":null,"numPassingAsserts":0,"retryReasons":[],"status":"pending","title":"renders the UI snapshot correctly"},{"ancestorTitles":["Patron API call succeeds"],"duration":null,"failureDetails":[],"failureMessages":[],"fullName":"Patron API call succeeds displays the logged in view when call succeeds","invocations":1,"location":null,"numPassingAsserts":0,"retryReasons":[],"status":"pending","title":"displays the logged in view when call succeeds"},{"ancestorTitles":["Patron API call fails"],"duration":null,"failureDetails":[],"failureMessages":[],"fullName":"Patron API call fails logs warning and displays the logged out view if call fails","invocations":1,"location":null,"numPassingAsserts":0,"retryReasons":[],"status":"pending","title":"logs warning and displays the logged out view if call fails"},{"ancestorTitles":["Patron API returns wrong data"],"duration":null,"failureDetails":[],"failureMessages":[],"fullName":"Patron API returns wrong data displays the logged out view if wrong data is received","invocations":1,"location":null,"numPassingAsserts":0,"retryReasons":[],"status":"pending","title":"displays the logged out view if wrong data is received"},{"ancestorTitles":["Patron API returns expired data, but refreshes the token successfully"],"duration":null,"failureDetails":[],"failureMessages":[],"fullName":"Patron API returns expired data, but refreshes the token successfully displays logged in view if refresh is successful","invocations":1,"location":null,"numPassingAsserts":0,"retryReasons":[],"status":"pending","title":"displays logged in view if refresh is successful"},{"ancestorTitles":["Patron API returns expired data and cannot refresh the token successfully"],"duration":null,"failureDetails":[],"failureMessages":[],"fullName":"Patron API returns expired data and cannot refresh the token successfully displays logged out view if refresh is unsuccessful","invocations":1,"location":null,"numPassingAsserts":0,"retryReasons":[],"status":"pending","title":"displays logged out view if refresh is unsuccessful"}],"coverage":{},"endTime":1680640346860,"message":"","name":"/Users/edwinguzman/projects/design/nypl-design-system/src/components/Header/Header.test.tsx","startTime":1680640346860,"status":"skipped","summary":""}],"wasInterrupted":false}
