{"numFailedTestSuites":0,"numFailedTests":0,"numPassedTestSuites":63,"numPassedTests":751,"numPendingTestSuites":1,"numPendingTests":32,"numRuntimeErrorTestSuites":0,"numTodoTests":0,"numTotalTestSuites":64,"numTotalTests":783,"openHandles":[],"snapshot":{"added":0,"didUpdate":false,"failure":false,"filesAdded":0,"filesRemoved":0,"filesRemovedList":[],"filesUnmatched":0,"filesUpdated":0,"matched":446,"total":446,"unchecked":0,"uncheckedKeysByFile":[],"unmatched":0,"updated":0},"startTime":1707160508140,"success":true,"testResults":[{"assertionResults":[{"ancestorTitles":["MultiSelect Accessibility"],"duration":null,"failureDetails":[],"failureMessages":[],"fullName":"MultiSelect Accessibility should have no axe violations for the 'listbox' type","invocations":1,"location":null,"numPassingAsserts":0,"retryReasons":[],"status":"pending","title":"should have no axe violations for the 'listbox' type"},{"ancestorTitles":["MultiSelect Accessibility"],"duration":null,"failureDetails":[],"failureMessages":[],"fullName":"MultiSelect Accessibility should have no axe violations for the 'dialog' type","invocations":1,"location":null,"numPassingAsserts":0,"retryReasons":[],"status":"pending","title":"should have no axe violations for the 'dialog' type"},{"ancestorTitles":["MultiSelect Dialog"],"duration":null,"failureDetails":[],"failureMessages":[],"fullName":"MultiSelect Dialog should initially render with provided id","invocations":1,"location":null,"numPassingAsserts":0,"retryReasons":[],"status":"pending","title":"should initially render with provided id"},{"ancestorTitles":["MultiSelect Dialog"],"duration":null,"failureDetails":[],"failureMessages":[],"fullName":"MultiSelect Dialog should initially render with a given label","invocations":1,"location":null,"numPassingAsserts":0,"retryReasons":[],"status":"pending","title":"should initially render with a given label"},{"ancestorTitles":["MultiSelect Dialog"],"duration":null,"failureDetails":[],"failureMessages":[],"fullName":"MultiSelect Dialog should initially render with a closed menu when the isDefaultOpen is omitted or set to false","invocations":1,"location":null,"numPassingAsserts":0,"retryReasons":[],"status":"pending","title":"should initially render with a closed menu when the isDefaultOpen is omitted or set to false"},{"ancestorTitles":["MultiSelect Dialog"],"duration":null,"failureDetails":[],"failureMessages":[],"fullName":"MultiSelect Dialog should initially render with open menu if isDefaultOpen prop is true","invocations":1,"location":null,"numPassingAsserts":0,"retryReasons":[],"status":"pending","title":"should initially render with open menu if isDefaultOpen prop is true"},{"ancestorTitles":["MultiSelect Dialog"],"duration":null,"failureDetails":[],"failureMessages":[],"fullName":"MultiSelect Dialog should render a 'Clear' and 'Apply button","invocations":1,"location":null,"numPassingAsserts":0,"retryReasons":[],"status":"pending","title":"should render a 'Clear' and 'Apply button"},{"ancestorTitles":["MultiSelect Dialog"],"duration":null,"failureDetails":[],"failureMessages":[],"fullName":"MultiSelect Dialog should focus on the MultiSelectMenuButton upon clicking 'Apply' or 'Clear","invocations":1,"location":null,"numPassingAsserts":0,"retryReasons":[],"status":"pending","title":"should focus on the MultiSelectMenuButton upon clicking 'Apply' or 'Clear"},{"ancestorTitles":["MultiSelect Dialog"],"duration":null,"failureDetails":[],"failureMessages":[],"fullName":"MultiSelect Dialog should allow user to toggle menu by clicking menu button or use the 'Enter'/'Spacebar' key","invocations":1,"location":null,"numPassingAsserts":0,"retryReasons":[],"status":"pending","title":"should allow user to toggle menu by clicking menu button or use the 'Enter'/'Spacebar' key"},{"ancestorTitles":["MultiSelect Dialog"],"duration":null,"failureDetails":[],"failureMessages":[],"fullName":"MultiSelect Dialog should allow user to close the dialog using the ESC key, then the focus should be on the MultiSelectMenuButton","invocations":1,"location":null,"numPassingAsserts":0,"retryReasons":[],"status":"pending","title":"should allow user to close the dialog using the ESC key, then the focus should be on the MultiSelectMenuButton"},{"ancestorTitles":["MultiSelect Dialog"],"duration":null,"failureDetails":[],"failureMessages":[],"fullName":"MultiSelect Dialog should call onChange when an item without child items or a child item is selected/unselected","invocations":1,"location":null,"numPassingAsserts":0,"retryReasons":[],"status":"pending","title":"should call onChange when an item without child items or a child item is selected/unselected"},{"ancestorTitles":["MultiSelect Dialog"],"duration":null,"failureDetails":[],"failureMessages":[],"fullName":"MultiSelect Dialog should call onMixedStateChange when a parent item is selected/unselected","invocations":1,"location":null,"numPassingAsserts":0,"retryReasons":[],"status":"pending","title":"should call onMixedStateChange when a parent item is selected/unselected"},{"ancestorTitles":["MultiSelect Dialog"],"duration":null,"failureDetails":[],"failureMessages":[],"fullName":"MultiSelect Dialog should have indeterminate state for parent item if not all child items are checked","invocations":1,"location":null,"numPassingAsserts":0,"retryReasons":[],"status":"pending","title":"should have indeterminate state for parent item if not all child items are checked"},{"ancestorTitles":["MultiSelect Dialog"],"duration":null,"failureDetails":[],"failureMessages":[],"fullName":"MultiSelect Dialog should check all child items if parent is checked","invocations":1,"location":null,"numPassingAsserts":0,"retryReasons":[],"status":"pending","title":"should check all child items if parent is checked"},{"ancestorTitles":["MultiSelect Dialog"],"duration":null,"failureDetails":[],"failureMessages":[],"fullName":"MultiSelect Dialog should check parent item if all child items are checked","invocations":1,"location":null,"numPassingAsserts":0,"retryReasons":[],"status":"pending","title":"should check parent item if all child items are checked"},{"ancestorTitles":["MultiSelect Dialog"],"duration":null,"failureDetails":[],"failureMessages":[],"fullName":"MultiSelect Dialog should render a count button with the correct count, should clear the selectedItems on click ","invocations":1,"location":null,"numPassingAsserts":0,"retryReasons":[],"status":"pending","title":"should render a count button with the correct count, should clear the selectedItems on click "},{"ancestorTitles":["MultiSelect Dialog"],"duration":null,"failureDetails":[],"failureMessages":[],"fullName":"MultiSelect Dialog should render with a correct initial selection of items if passed to the component, upon clicking the count button to delet the selectedItmes, the MultiSelectMenuButton should have focus","invocations":1,"location":null,"numPassingAsserts":0,"retryReasons":[],"status":"pending","title":"should render with a correct initial selection of items if passed to the component, upon clicking the count button to delet the selectedItmes, the MultiSelectMenuButton should have focus"},{"ancestorTitles":["MultiSelect Dialog"],"duration":null,"failureDetails":[],"failureMessages":[],"fullName":"MultiSelect Dialog should render the UI snapshot correctly","invocations":1,"location":null,"numPassingAsserts":0,"retryReasons":[],"status":"pending","title":"should render the UI snapshot correctly"},{"ancestorTitles":["MultiSelect Listbox"],"duration":null,"failureDetails":[],"failureMessages":[],"fullName":"MultiSelect Listbox should initially render with provided id","invocations":1,"location":null,"numPassingAsserts":0,"retryReasons":[],"status":"pending","title":"should initially render with provided id"},{"ancestorTitles":["MultiSelect Listbox"],"duration":null,"failureDetails":[],"failureMessages":[],"fullName":"MultiSelect Listbox should initially render with a given label","invocations":1,"location":null,"numPassingAsserts":0,"retryReasons":[],"status":"pending","title":"should initially render with a given label"},{"ancestorTitles":["MultiSelect Listbox"],"duration":null,"failureDetails":[],"failureMessages":[],"fullName":"MultiSelect Listbox should initially render with open menu if isDefaultOpen prop is true","invocations":1,"location":null,"numPassingAsserts":0,"retryReasons":[],"status":"pending","title":"should initially render with open menu if isDefaultOpen prop is true"},{"ancestorTitles":["MultiSelect Listbox"],"duration":null,"failureDetails":[],"failureMessages":[],"fullName":"MultiSelect Listbox should allow user to toggle menu by clicking menu button","invocations":1,"location":null,"numPassingAsserts":0,"retryReasons":[],"status":"pending","title":"should allow user to toggle menu by clicking menu button"},{"ancestorTitles":["MultiSelect Listbox"],"duration":null,"failureDetails":[],"failureMessages":[],"fullName":"MultiSelect Listbox should call onChange when an item gets selected/unselected","invocations":1,"location":null,"numPassingAsserts":0,"retryReasons":[],"status":"pending","title":"should call onChange when an item gets selected/unselected"},{"ancestorTitles":["MultiSelect Listbox"],"duration":null,"failureDetails":[],"failureMessages":[],"fullName":"MultiSelect Listbox should render a count button with the correct count, should clear the selectedItems on click","invocations":1,"location":null,"numPassingAsserts":0,"retryReasons":[],"status":"pending","title":"should render a count button with the correct count, should clear the selectedItems on click"},{"ancestorTitles":["MultiSelect Listbox"],"duration":null,"failureDetails":[],"failureMessages":[],"fullName":"MultiSelect Listbox Renders the UI snapshot correctly","invocations":1,"location":null,"numPassingAsserts":0,"retryReasons":[],"status":"pending","title":"Renders the UI snapshot correctly"}],"coverage":{},"endTime":1707160558392,"message":"","name":"/Users/edwinguzman/projects/design/nypl-design-system/src/components/MultiSelect/MultiSelect.test.tsx","startTime":1707160558392,"status":"skipped","summary":""},{"assertionResults":[{"ancestorTitles":["StructuredContent Accessibility"],"duration":814,"failureDetails":[],"failureMessages":[],"fullName":"StructuredContent Accessibility passes axe accessibility for HTML string text content","invocations":1,"location":null,"numPassingAsserts":1,"retryReasons":[],"status":"passed","title":"passes axe accessibility for HTML string text content"},{"ancestorTitles":["StructuredContent Accessibility"],"duration":307,"failureDetails":[],"failureMessages":[],"fullName":"StructuredContent Accessibility passes axe accessibility for HTML DOM text content","invocations":1,"location":null,"numPassingAsserts":1,"retryReasons":[],"status":"passed","title":"passes axe accessibility for HTML DOM text content"},{"ancestorTitles":["StructuredContent Accessibility"],"duration":285,"failureDetails":[],"failureMessages":[],"fullName":"StructuredContent Accessibility passes axe accessibility without an image","invocations":1,"location":null,"numPassingAsserts":1,"retryReasons":[],"status":"passed","title":"passes axe accessibility without an image"},{"ancestorTitles":["StructuredContent"],"duration":142,"failureDetails":[],"failureMessages":[],"fullName":"StructuredContent renders two headings, an image, and body text","invocations":1,"location":null,"numPassingAsserts":4,"retryReasons":[],"status":"passed","title":"renders two headings, an image, and body text"},{"ancestorTitles":["StructuredContent"],"duration":51,"failureDetails":[],"failureMessages":[],"fullName":"StructuredContent renders a custom heading and callout level","invocations":1,"location":null,"numPassingAsserts":2,"retryReasons":[],"status":"passed","title":"renders a custom heading and callout level"},{"ancestorTitles":["StructuredContent"],"duration":79,"failureDetails":[],"failureMessages":[],"fullName":"StructuredContent optionally renders without the headings","invocations":1,"location":null,"numPassingAsserts":4,"retryReasons":[],"status":"passed","title":"optionally renders without the headings"},{"ancestorTitles":["StructuredContent"],"duration":52,"failureDetails":[],"failureMessages":[],"fullName":"StructuredContent optionally renders without the image","invocations":1,"location":null,"numPassingAsserts":4,"retryReasons":[],"status":"passed","title":"optionally renders without the image"},{"ancestorTitles":["StructuredContent"],"duration":84,"failureDetails":[],"failureMessages":[],"fullName":"StructuredContent logs a warning when an image is used but no alt text is passed to `imageProps.alt`","invocations":1,"location":null,"numPassingAsserts":2,"retryReasons":[],"status":"passed","title":"logs a warning when an image is used but no alt text is passed to `imageProps.alt`"},{"ancestorTitles":["StructuredContent"],"duration":185,"failureDetails":[],"failureMessages":[],"fullName":"StructuredContent renders an image wrapped in figure when provided an image caption or credit","invocations":1,"location":null,"numPassingAsserts":8,"retryReasons":[],"status":"passed","title":"renders an image wrapped in figure when provided an image caption or credit"},{"ancestorTitles":["StructuredContent"],"duration":68,"failureDetails":[],"failureMessages":[],"fullName":"StructuredContent renders a simple image element when no image caption or credit are provided","invocations":1,"location":null,"numPassingAsserts":4,"retryReasons":[],"status":"passed","title":"renders a simple image element when no image caption or credit are provided"},{"ancestorTitles":["StructuredContent"],"duration":138,"failureDetails":[],"failureMessages":[],"fullName":"StructuredContent renders the UI snapshot","invocations":1,"location":null,"numPassingAsserts":8,"retryReasons":[],"status":"passed","title":"renders the UI snapshot"},{"ancestorTitles":["StructuredContent"],"duration":58,"failureDetails":[],"failureMessages":[],"fullName":"StructuredContent passes a ref to the div wrapper element","invocations":1,"location":null,"numPassingAsserts":1,"retryReasons":[],"status":"passed","title":"passes a ref to the div wrapper element"}],"endTime":1707160531274,"message":"","name":"/Users/edwinguzman/projects/design/nypl-design-system/src/components/StructuredContent/StructuredContent.test.tsx","startTime":1707160510231,"status":"passed","summary":""},{"assertionResults":[{"ancestorTitles":["Hero accessbility tests"],"duration":530,"failureDetails":[],"failureMessages":[],"fullName":"Hero accessbility tests passes for type Primary","invocations":1,"location":null,"numPassingAsserts":1,"retryReasons":[],"status":"passed","title":"passes for type Primary"},{"ancestorTitles":["Hero accessbility tests"],"duration":245,"failureDetails":[],"failureMessages":[],"fullName":"Hero accessbility tests passes for type Secondary","invocations":1,"location":null,"numPassingAsserts":1,"retryReasons":[],"status":"passed","title":"passes for type Secondary"},{"ancestorTitles":["Hero accessbility tests"],"duration":145,"failureDetails":[],"failureMessages":[],"fullName":"Hero accessbility tests passes for type Tertiary","invocations":1,"location":null,"numPassingAsserts":1,"retryReasons":[],"status":"passed","title":"passes for type Tertiary"},{"ancestorTitles":["Hero accessbility tests"],"duration":262,"failureDetails":[],"failureMessages":[],"fullName":"Hero accessbility tests passes for type Campaign","invocations":1,"location":null,"numPassingAsserts":1,"retryReasons":[],"status":"passed","title":"passes for type Campaign"},{"ancestorTitles":["Hero accessbility tests"],"duration":117,"failureDetails":[],"failureMessages":[],"fullName":"Hero accessbility tests passes for type FiftyFifty","invocations":1,"location":null,"numPassingAsserts":1,"retryReasons":[],"status":"passed","title":"passes for type FiftyFifty"},{"ancestorTitles":["Hero"],"duration":44,"failureDetails":[],"failureMessages":[],"fullName":"Hero renders Primary Hero","invocations":1,"location":null,"numPassingAsserts":3,"retryReasons":[],"status":"passed","title":"renders Primary Hero"},{"ancestorTitles":["Hero"],"duration":65,"failureDetails":[],"failureMessages":[],"fullName":"Hero renders Secondary Hero","invocations":1,"location":null,"numPassingAsserts":4,"retryReasons":[],"status":"passed","title":"renders Secondary Hero"},{"ancestorTitles":["Hero"],"duration":35,"failureDetails":[],"failureMessages":[],"fullName":"Hero renders Tertiary Hero","invocations":1,"location":null,"numPassingAsserts":3,"retryReasons":[],"status":"passed","title":"renders Tertiary Hero"},{"ancestorTitles":["Hero"],"duration":88,"failureDetails":[],"failureMessages":[],"fullName":"Hero renders Campaign Hero","invocations":1,"location":null,"numPassingAsserts":4,"retryReasons":[],"status":"passed","title":"renders Campaign Hero"},{"ancestorTitles":["Hero"],"duration":94,"failureDetails":[],"failureMessages":[],"fullName":"Hero renders Fifty-Fifty Hero","invocations":1,"location":null,"numPassingAsserts":3,"retryReasons":[],"status":"passed","title":"renders Fifty-Fifty Hero"},{"ancestorTitles":["Hero"],"duration":67,"failureDetails":[],"failureMessages":[],"fullName":"Hero renders custom background and foreground colors for all but the Secondary type","invocations":1,"location":null,"numPassingAsserts":3,"retryReasons":[],"status":"passed","title":"renders custom background and foreground colors for all but the Secondary type"},{"ancestorTitles":["Hero"],"duration":28,"failureDetails":[],"failureMessages":[],"fullName":"Hero logs a warning if `imageProps.src` prop is passed but not `imageProps.alt`","invocations":1,"location":null,"numPassingAsserts":1,"retryReasons":[],"status":"passed","title":"logs a warning if `imageProps.src` prop is passed but not `imageProps.alt`"},{"ancestorTitles":["Hero"],"duration":6,"failureDetails":[],"failureMessages":[],"fullName":"Hero renders Primary Hero with warnings in browser console","invocations":1,"location":null,"numPassingAsserts":2,"retryReasons":[],"status":"passed","title":"renders Primary Hero with warnings in browser console"},{"ancestorTitles":["Hero"],"duration":74,"failureDetails":[],"failureMessages":[],"fullName":"Hero renders Secondary Hero with warnings in browser console","invocations":1,"location":null,"numPassingAsserts":3,"retryReasons":[],"status":"passed","title":"renders Secondary Hero with warnings in browser console"},{"ancestorTitles":["Hero"],"duration":5,"failureDetails":[],"failureMessages":[],"fullName":"Hero renders Tertiary Hero with warnings in browser console","invocations":1,"location":null,"numPassingAsserts":3,"retryReasons":[],"status":"passed","title":"renders Tertiary Hero with warnings in browser console"},{"ancestorTitles":["Hero"],"duration":51,"failureDetails":[],"failureMessages":[],"fullName":"Hero renders Campaign Hero with warnings in browser console","invocations":1,"location":null,"numPassingAsserts":3,"retryReasons":[],"status":"passed","title":"renders Campaign Hero with warnings in browser console"},{"ancestorTitles":["Hero"],"duration":19,"failureDetails":[],"failureMessages":[],"fullName":"Hero logs a warning if `backdropBackgroundColor` prop is passed but the variant is not 'campaign'","invocations":1,"location":null,"numPassingAsserts":1,"retryReasons":[],"status":"passed","title":"logs a warning if `backdropBackgroundColor` prop is passed but the variant is not 'campaign'"},{"ancestorTitles":["Hero"],"duration":2,"failureDetails":[],"failureMessages":[],"fullName":"Hero logs a warning if `isDarkBackgroundImage` prop is passed but the variant is not 'campaign'","invocations":1,"location":null,"numPassingAsserts":1,"retryReasons":[],"status":"passed","title":"logs a warning if `isDarkBackgroundImage` prop is passed but the variant is not 'campaign'"},{"ancestorTitles":["Hero"],"duration":5,"failureDetails":[],"failureMessages":[],"fullName":"Hero renders FiftyFifty Hero with warnings in browser console","invocations":1,"location":null,"numPassingAsserts":2,"retryReasons":[],"status":"passed","title":"renders FiftyFifty Hero with warnings in browser console"},{"ancestorTitles":["Hero"],"duration":179,"failureDetails":[],"failureMessages":[],"fullName":"Hero Renders the UI snapshot correctly","invocations":1,"location":null,"numPassingAsserts":11,"retryReasons":[],"status":"passed","title":"Renders the UI snapshot correctly"},{"ancestorTitles":["Hero"],"duration":4,"failureDetails":[],"failureMessages":[],"fullName":"Hero passes a ref to the div wrapper element","invocations":1,"location":null,"numPassingAsserts":1,"retryReasons":[],"status":"passed","title":"passes a ref to the div wrapper element"}],"endTime":1707160531297,"message":"","name":"/Users/edwinguzman/projects/design/nypl-design-system/src/components/Hero/Hero.test.tsx","startTime":1707160510222,"status":"passed","summary":""},{"assertionResults":[{"ancestorTitles":["TextInput Accessibility"],"duration":608,"failureDetails":[],"failureMessages":[],"fullName":"TextInput Accessibility passes axe accessibility test for the input element","invocations":1,"location":null,"numPassingAsserts":1,"retryReasons":[],"status":"passed","title":"passes axe accessibility test for the input element"},{"ancestorTitles":["TextInput Accessibility"],"duration":249,"failureDetails":[],"failureMessages":[],"fullName":"TextInput Accessibility passes axe accessibility test with hidden label","invocations":1,"location":null,"numPassingAsserts":1,"retryReasons":[],"status":"passed","title":"passes axe accessibility test with hidden label"},{"ancestorTitles":["TextInput Accessibility"],"duration":384,"failureDetails":[],"failureMessages":[],"fullName":"TextInput Accessibility passes axe accessibility test with `clear` button","invocations":1,"location":null,"numPassingAsserts":1,"retryReasons":[],"status":"passed","title":"passes axe accessibility test with `clear` button"},{"ancestorTitles":["TextInput Accessibility"],"duration":211,"failureDetails":[],"failureMessages":[],"fullName":"TextInput Accessibility passes axe accessibility test for the textarea element","invocations":1,"location":null,"numPassingAsserts":1,"retryReasons":[],"status":"passed","title":"passes axe accessibility test for the textarea element"},{"ancestorTitles":["TextInput"],"duration":48,"failureDetails":[],"failureMessages":[],"fullName":"TextInput renders an input element","invocations":1,"location":null,"numPassingAsserts":1,"retryReasons":[],"status":"passed","title":"renders an input element"},{"ancestorTitles":["TextInput"],"duration":33,"failureDetails":[],"failureMessages":[],"fullName":"TextInput renders label with label text","invocations":1,"location":null,"numPassingAsserts":1,"retryReasons":[],"status":"passed","title":"renders label with label text"},{"ancestorTitles":["TextInput"],"duration":7,"failureDetails":[],"failureMessages":[],"fullName":"TextInput renders 'Required' along with the label text","invocations":1,"location":null,"numPassingAsserts":2,"retryReasons":[],"status":"passed","title":"renders 'Required' along with the label text"},{"ancestorTitles":["TextInput"],"duration":119,"failureDetails":[],"failureMessages":[],"fullName":"TextInput adds aria-describedby attribute","invocations":1,"location":null,"numPassingAsserts":2,"retryReasons":[],"status":"passed","title":"adds aria-describedby attribute"},{"ancestorTitles":["TextInput"],"duration":188,"failureDetails":[],"failureMessages":[],"fullName":"TextInput has an 'autocomplete' attribute if the type is 'email', 'tel', or 'url'","invocations":1,"location":null,"numPassingAsserts":4,"retryReasons":[],"status":"passed","title":"has an 'autocomplete' attribute if the type is 'email', 'tel', or 'url'"},{"ancestorTitles":["TextInput"],"duration":176,"failureDetails":[],"failureMessages":[],"fullName":"TextInput has an 'autocomplete' attribute if the `autoComplete` prop is set","invocations":1,"location":null,"numPassingAsserts":4,"retryReasons":[],"status":"passed","title":"has an 'autocomplete' attribute if the `autoComplete` prop is set"},{"ancestorTitles":["TextInput"],"duration":58,"failureDetails":[],"failureMessages":[],"fullName":"TextInput does not render '(Required)' along with the label text","invocations":1,"location":null,"numPassingAsserts":2,"retryReasons":[],"status":"passed","title":"does not render '(Required)' along with the label text"},{"ancestorTitles":["TextInput"],"duration":38,"failureDetails":[],"failureMessages":[],"fullName":"TextInput renders a custom 'Required' along with the label text","invocations":1,"location":null,"numPassingAsserts":2,"retryReasons":[],"status":"passed","title":"renders a custom 'Required' along with the label text"},{"ancestorTitles":["TextInput"],"duration":19,"failureDetails":[],"failureMessages":[],"fullName":"TextInput does not render a custom '(Required)' along with the label text","invocations":1,"location":null,"numPassingAsserts":2,"retryReasons":[],"status":"passed","title":"does not render a custom '(Required)' along with the label text"},{"ancestorTitles":["TextInput"],"duration":41,"failureDetails":[],"failureMessages":[],"fullName":"TextInput does not render the label but adds it as an aria-label attribute","invocations":1,"location":null,"numPassingAsserts":2,"retryReasons":[],"status":"passed","title":"does not render the label but adds it as an aria-label attribute"},{"ancestorTitles":["TextInput"],"duration":8,"failureDetails":[],"failureMessages":[],"fullName":"TextInput renders the invalid state and shows the invalid text","invocations":1,"location":null,"numPassingAsserts":3,"retryReasons":[],"status":"passed","title":"renders the invalid state and shows the invalid text"},{"ancestorTitles":["TextInput"],"duration":23,"failureDetails":[],"failureMessages":[],"fullName":"TextInput does not render the invalid text when 'showHelperInvalidText' is set to false","invocations":1,"location":null,"numPassingAsserts":2,"retryReasons":[],"status":"passed","title":"does not render the invalid text when 'showHelperInvalidText' is set to false"},{"ancestorTitles":["TextInput"],"duration":38,"failureDetails":[],"failureMessages":[],"fullName":"TextInput renders label's `for` attribute pointing at ID from input","invocations":1,"location":null,"numPassingAsserts":1,"retryReasons":[],"status":"passed","title":"renders label's `for` attribute pointing at ID from input"},{"ancestorTitles":["TextInput"],"duration":4,"failureDetails":[],"failureMessages":[],"fullName":"TextInput renders placeholder text","invocations":1,"location":null,"numPassingAsserts":1,"retryReasons":[],"status":"passed","title":"renders placeholder text"},{"ancestorTitles":["TextInput"],"duration":4,"failureDetails":[],"failureMessages":[],"fullName":"TextInput adds aria-required prop if input is required","invocations":1,"location":null,"numPassingAsserts":1,"retryReasons":[],"status":"passed","title":"adds aria-required prop if input is required"},{"ancestorTitles":["TextInput"],"duration":582,"failureDetails":[],"failureMessages":[],"fullName":"TextInput calls the onChange handler function","invocations":1,"location":null,"numPassingAsserts":2,"retryReasons":[],"status":"passed","title":"calls the onChange handler function"},{"ancestorTitles":["TextInput"],"duration":20,"failureDetails":[],"failureMessages":[],"fullName":"TextInput has a maxlength for the input element","invocations":1,"location":null,"numPassingAsserts":1,"retryReasons":[],"status":"passed","title":"has a maxlength for the input element"},{"ancestorTitles":["TextInput"],"duration":6,"failureDetails":[],"failureMessages":[],"fullName":"TextInput has a pattern for the input element","invocations":1,"location":null,"numPassingAsserts":1,"retryReasons":[],"status":"passed","title":"has a pattern for the input element"},{"ancestorTitles":["TextInput"],"duration":492,"failureDetails":[],"failureMessages":[],"fullName":"TextInput renders a `clear` button and clears the input field when clicked","invocations":1,"location":null,"numPassingAsserts":5,"retryReasons":[],"status":"passed","title":"renders a `clear` button and clears the input field when clicked"},{"ancestorTitles":["TextInput"],"duration":382,"failureDetails":[],"failureMessages":[],"fullName":"TextInput calls the `isClearableCallback` when the clear button is clicked for controlled TextInput","invocations":1,"location":null,"numPassingAsserts":3,"retryReasons":[],"status":"passed","title":"calls the `isClearableCallback` when the clear button is clicked for controlled TextInput"},{"ancestorTitles":["TextInput"],"duration":226,"failureDetails":[],"failureMessages":[],"fullName":"TextInput returns focus to the input field when the `clear` button is clicked","invocations":1,"location":null,"numPassingAsserts":3,"retryReasons":[],"status":"passed","title":"returns focus to the input field when the `clear` button is clicked"},{"ancestorTitles":["TextInput"],"duration":27,"failureDetails":[],"failureMessages":[],"fullName":"TextInput logs a warning for the number type when the min prop is greater than the max prop","invocations":1,"location":null,"numPassingAsserts":1,"retryReasons":[],"status":"passed","title":"logs a warning for the number type when the min prop is greater than the max prop"},{"ancestorTitles":["TextInput"],"duration":7,"failureDetails":[],"failureMessages":[],"fullName":"TextInput logs a warning when there is no `id` passed","invocations":1,"location":null,"numPassingAsserts":1,"retryReasons":[],"status":"passed","title":"logs a warning when there is no `id` passed"},{"ancestorTitles":["TextInput"],"duration":28,"failureDetails":[],"failureMessages":[],"fullName":"TextInput logs a warning when `isClearable` is set to true for `textarea` type","invocations":1,"location":null,"numPassingAsserts":1,"retryReasons":[],"status":"passed","title":"logs a warning when `isClearable` is set to true for `textarea` type"},{"ancestorTitles":["Forwarding refs"],"duration":10,"failureDetails":[],"failureMessages":[],"fullName":"Forwarding refs Passes the ref to the input element","invocations":1,"location":null,"numPassingAsserts":1,"retryReasons":[],"status":"passed","title":"Passes the ref to the input element"},{"ancestorTitles":["Forwarding refs"],"duration":23,"failureDetails":[],"failureMessages":[],"fullName":"Forwarding refs Passes the ref to the textarea element","invocations":1,"location":null,"numPassingAsserts":1,"retryReasons":[],"status":"passed","title":"Passes the ref to the textarea element"},{"ancestorTitles":["Hidden input"],"duration":3,"failureDetails":[],"failureMessages":[],"fullName":"Hidden input renders a hidden type input","invocations":1,"location":null,"numPassingAsserts":2,"retryReasons":[],"status":"passed","title":"renders a hidden type input"},{"ancestorTitles":["Hidden input"],"duration":4,"failureDetails":[],"failureMessages":[],"fullName":"Hidden input does not show the helper text","invocations":1,"location":null,"numPassingAsserts":2,"retryReasons":[],"status":"passed","title":"does not show the helper text"},{"ancestorTitles":["Textarea element type"],"duration":32,"failureDetails":[],"failureMessages":[],"fullName":"Textarea element type renders a textarea element","invocations":1,"location":null,"numPassingAsserts":1,"retryReasons":[],"status":"passed","title":"renders a textarea element"},{"ancestorTitles":["Textarea element type"],"duration":4,"failureDetails":[],"failureMessages":[],"fullName":"Textarea element type renders label with label text","invocations":1,"location":null,"numPassingAsserts":1,"retryReasons":[],"status":"passed","title":"renders label with label text"},{"ancestorTitles":["UI Snapshots"],"duration":137,"failureDetails":[],"failureMessages":[],"fullName":"UI Snapshots renders the text input UI snapshot correctly","invocations":1,"location":null,"numPassingAsserts":12,"retryReasons":[],"status":"passed","title":"renders the text input UI snapshot correctly"},{"ancestorTitles":["UI Snapshots"],"duration":3,"failureDetails":[],"failureMessages":[],"fullName":"UI Snapshots passes a ref to the input element","invocations":1,"location":null,"numPassingAsserts":1,"retryReasons":[],"status":"passed","title":"passes a ref to the input element"}],"endTime":1707160533815,"message":"","name":"/Users/edwinguzman/projects/design/nypl-design-system/src/components/TextInput/TextInput.test.tsx","startTime":1707160510371,"status":"passed","summary":""},{"assertionResults":[{"ancestorTitles":["Radio Accessibility"],"duration":1519,"failureDetails":[],"failureMessages":[],"fullName":"Radio Accessibility passes axe accessibility with string labels","invocations":1,"location":null,"numPassingAsserts":1,"retryReasons":[],"status":"passed","title":"passes axe accessibility with string labels"},{"ancestorTitles":["Radio Accessibility"],"duration":816,"failureDetails":[],"failureMessages":[],"fullName":"Radio Accessibility passes axe accessibility with jsx labels","invocations":1,"location":null,"numPassingAsserts":1,"retryReasons":[],"status":"passed","title":"passes axe accessibility with jsx labels"},{"ancestorTitles":["Radio Accessibility"],"duration":1041,"failureDetails":[],"failureMessages":[],"fullName":"Radio Accessibility passes axe accessibility with the legend hidden","invocations":1,"location":null,"numPassingAsserts":1,"retryReasons":[],"status":"passed","title":"passes axe accessibility with the legend hidden"},{"ancestorTitles":["Radio Button"],"duration":337,"failureDetails":[],"failureMessages":[],"fullName":"Radio Button renders with radio inputs and a label","invocations":1,"location":null,"numPassingAsserts":5,"retryReasons":[],"status":"passed","title":"renders with radio inputs and a label"},{"ancestorTitles":["Radio Button"],"duration":153,"failureDetails":[],"failureMessages":[],"fullName":"Radio Button <legend> element is available in the DOM when 'showLabel' prop is set to true or false","invocations":1,"location":null,"numPassingAsserts":4,"retryReasons":[],"status":"passed","title":"<legend> element is available in the DOM when 'showLabel' prop is set to true or false"},{"ancestorTitles":["Radio Button"],"duration":135,"failureDetails":[],"failureMessages":[],"fullName":"Radio Button renders visible helper or error text","invocations":1,"location":null,"numPassingAsserts":4,"retryReasons":[],"status":"passed","title":"renders visible helper or error text"},{"ancestorTitles":["Radio Button"],"duration":73,"failureDetails":[],"failureMessages":[],"fullName":"Radio Button sets the RadioGroup's ID","invocations":1,"location":null,"numPassingAsserts":1,"retryReasons":[],"status":"passed","title":"sets the RadioGroup's ID"},{"ancestorTitles":["Radio Button"],"duration":516,"failureDetails":[],"failureMessages":[],"fullName":"Radio Button sets the next value through the onChange function","invocations":1,"location":null,"numPassingAsserts":3,"retryReasons":[],"status":"passed","title":"sets the next value through the onChange function"},{"ancestorTitles":["Radio Button"],"duration":118,"failureDetails":[],"failureMessages":[],"fullName":"Radio Button sets the 'disabled' attribute for all its Radio children","invocations":1,"location":null,"numPassingAsserts":4,"retryReasons":[],"status":"passed","title":"sets the 'disabled' attribute for all its Radio children"},{"ancestorTitles":["Radio Button"],"duration":186,"failureDetails":[],"failureMessages":[],"fullName":"Radio Button sets the 'required' attribute for all its Radio children","invocations":1,"location":null,"numPassingAsserts":7,"retryReasons":[],"status":"passed","title":"sets the 'required' attribute for all its Radio children"},{"ancestorTitles":["Radio Button"],"duration":146,"failureDetails":[],"failureMessages":[],"fullName":"Radio Button sets the error state for all its Radio children","invocations":1,"location":null,"numPassingAsserts":5,"retryReasons":[],"status":"passed","title":"sets the error state for all its Radio children"},{"ancestorTitles":["Radio Button"],"duration":33,"failureDetails":[],"failureMessages":[],"fullName":"Radio Button does not render the error text when 'showHelperInvalidText' is false","invocations":1,"location":null,"numPassingAsserts":1,"retryReasons":[],"status":"passed","title":"does not render the error text when 'showHelperInvalidText' is false"},{"ancestorTitles":["Radio Button"],"duration":215,"failureDetails":[],"failureMessages":[],"fullName":"Radio Button renders the UI snapshot correctly","invocations":1,"location":null,"numPassingAsserts":12,"retryReasons":[],"status":"passed","title":"renders the UI snapshot correctly"},{"ancestorTitles":["Radio Button"],"duration":12,"failureDetails":[],"failureMessages":[],"fullName":"Radio Button should throw warning when a non-Radio component is used as a child","invocations":1,"location":null,"numPassingAsserts":1,"retryReasons":[],"status":"passed","title":"should throw warning when a non-Radio component is used as a child"},{"ancestorTitles":["Radio Button"],"duration":15,"failureDetails":[],"failureMessages":[],"fullName":"Radio Button logs a warning when there is no `id` passed","invocations":1,"location":null,"numPassingAsserts":1,"retryReasons":[],"status":"passed","title":"logs a warning when there is no `id` passed"},{"ancestorTitles":["Radio Button"],"duration":12,"failureDetails":[],"failureMessages":[],"fullName":"Radio Button passes a ref to the input element","invocations":1,"location":null,"numPassingAsserts":1,"retryReasons":[],"status":"passed","title":"passes a ref to the input element"}],"endTime":1707160534470,"message":"","name":"/Users/edwinguzman/projects/design/nypl-design-system/src/components/RadioGroup/RadioGroup.test.tsx","startTime":1707160510023,"status":"passed","summary":""},{"assertionResults":[{"ancestorTitles":["Slider Accessibility","Single Slider"],"duration":915,"failureDetails":[],"failureMessages":[],"fullName":"Slider Accessibility Single Slider passes axe accessibility test","invocations":1,"location":null,"numPassingAsserts":1,"retryReasons":[],"status":"passed","title":"passes axe accessibility test"},{"ancestorTitles":["Slider Accessibility","Single Slider"],"duration":316,"failureDetails":[],"failureMessages":[],"fullName":"Slider Accessibility Single Slider passes axe accessibility test without a label","invocations":1,"location":null,"numPassingAsserts":1,"retryReasons":[],"status":"passed","title":"passes axe accessibility test without a label"},{"ancestorTitles":["Slider Accessibility","Single Slider"],"duration":272,"failureDetails":[],"failureMessages":[],"fullName":"Slider Accessibility Single Slider passes axe accessibility test without visible values","invocations":1,"location":null,"numPassingAsserts":1,"retryReasons":[],"status":"passed","title":"passes axe accessibility test without visible values"},{"ancestorTitles":["Slider Accessibility","Range Slider"],"duration":363,"failureDetails":[],"failureMessages":[],"fullName":"Slider Accessibility Range Slider passes axe accessibility test","invocations":1,"location":null,"numPassingAsserts":1,"retryReasons":[],"status":"passed","title":"passes axe accessibility test"},{"ancestorTitles":["Slider Accessibility","Range Slider"],"duration":516,"failureDetails":[],"failureMessages":[],"fullName":"Slider Accessibility Range Slider passes axe accessibility test without a label","invocations":1,"location":null,"numPassingAsserts":1,"retryReasons":[],"status":"passed","title":"passes axe accessibility test without a label"},{"ancestorTitles":["Slider Accessibility","Range Slider"],"duration":329,"failureDetails":[],"failureMessages":[],"fullName":"Slider Accessibility Range Slider passes axe accessibility test without visible values","invocations":1,"location":null,"numPassingAsserts":1,"retryReasons":[],"status":"passed","title":"passes axe accessibility test without visible values"},{"ancestorTitles":["Slider","Single Slider"],"duration":189,"failureDetails":[],"failureMessages":[],"fullName":"Slider Single Slider renders a label, two static values, text input, and helper text","invocations":1,"location":null,"numPassingAsserts":6,"retryReasons":[],"status":"passed","title":"renders a label, two static values, text input, and helper text"},{"ancestorTitles":["Slider","Single Slider"],"duration":93,"failureDetails":[],"failureMessages":[],"fullName":"Slider Single Slider adds the appropriate aria-* attributes to the slider element","invocations":1,"location":null,"numPassingAsserts":4,"retryReasons":[],"status":"passed","title":"adds the appropriate aria-* attributes to the slider element"},{"ancestorTitles":["Slider","Single Slider"],"duration":69,"failureDetails":[],"failureMessages":[],"fullName":"Slider Single Slider renders the '(Required)' text in the label or hides it","invocations":1,"location":null,"numPassingAsserts":2,"retryReasons":[],"status":"passed","title":"renders the '(Required)' text in the label or hides it"},{"ancestorTitles":["Slider","Single Slider"],"duration":112,"failureDetails":[],"failureMessages":[],"fullName":"Slider Single Slider hides the label but adds it as an aria-label attribute","invocations":1,"location":null,"numPassingAsserts":2,"retryReasons":[],"status":"passed","title":"hides the label but adds it as an aria-label attribute"},{"ancestorTitles":["Slider","Single Slider"],"duration":40,"failureDetails":[],"failureMessages":[],"fullName":"Slider Single Slider hides the min/max static values","invocations":1,"location":null,"numPassingAsserts":4,"retryReasons":[],"status":"passed","title":"hides the min/max static values"},{"ancestorTitles":["Slider","Single Slider"],"duration":124,"failureDetails":[],"failureMessages":[],"fullName":"Slider Single Slider hides the current value input box","invocations":1,"location":null,"numPassingAsserts":3,"retryReasons":[],"status":"passed","title":"hides the current value input box"},{"ancestorTitles":["Slider","Single Slider"],"duration":90,"failureDetails":[],"failureMessages":[],"fullName":"Slider Single Slider renders the invalid state","invocations":1,"location":null,"numPassingAsserts":3,"retryReasons":[],"status":"passed","title":"renders the invalid state"},{"ancestorTitles":["Slider","Single Slider"],"duration":75,"failureDetails":[],"failureMessages":[],"fullName":"Slider Single Slider renders the invalid state if the min prop is greater than the max prop","invocations":1,"location":null,"numPassingAsserts":4,"retryReasons":[],"status":"passed","title":"renders the invalid state if the min prop is greater than the max prop"},{"ancestorTitles":["Slider","Single Slider"],"duration":98,"failureDetails":[],"failureMessages":[],"fullName":"Slider Single Slider renders the disabled state","invocations":1,"location":null,"numPassingAsserts":1,"retryReasons":[],"status":"passed","title":"renders the disabled state"},{"ancestorTitles":["Slider","Single Slider"],"duration":168,"failureDetails":[],"failureMessages":[],"fullName":"Slider Single Slider updates the value through the text input","invocations":1,"location":null,"numPassingAsserts":2,"retryReasons":[],"status":"passed","title":"updates the value through the text input"},{"ancestorTitles":["Slider","Single Slider"],"duration":91,"failureDetails":[],"failureMessages":[],"fullName":"Slider Single Slider doesn't crash if no onChange callback function is passed","invocations":1,"location":null,"numPassingAsserts":1,"retryReasons":[],"status":"passed","title":"doesn't crash if no onChange callback function is passed"},{"ancestorTitles":["Slider","Single Slider"],"duration":88,"failureDetails":[],"failureMessages":[],"fullName":"Slider Single Slider gets the current value through the onChange callback function","invocations":1,"location":null,"numPassingAsserts":2,"retryReasons":[],"status":"passed","title":"gets the current value through the onChange callback function"},{"ancestorTitles":["Slider","Single Slider"],"duration":103,"failureDetails":[],"failureMessages":[],"fullName":"Slider Single Slider gets the current value through the onChangeEnd callback function","invocations":1,"location":null,"numPassingAsserts":2,"retryReasons":[],"status":"passed","title":"gets the current value through the onChangeEnd callback function"},{"ancestorTitles":["Slider","Single Slider"],"duration":36,"failureDetails":[],"failureMessages":[],"fullName":"Slider Single Slider logs a warning when both `onChange` and `onChangeEnd` are passed","invocations":1,"location":null,"numPassingAsserts":2,"retryReasons":[],"status":"passed","title":"logs a warning when both `onChange` and `onChangeEnd` are passed"},{"ancestorTitles":["Slider","Single Slider"],"duration":143,"failureDetails":[],"failureMessages":[],"fullName":"Slider Single Slider updates the value programmatically through the `value` prop","invocations":1,"location":null,"numPassingAsserts":4,"retryReasons":[],"status":"passed","title":"updates the value programmatically through the `value` prop"},{"ancestorTitles":["Slider","Single Slider"],"duration":218,"failureDetails":[],"failureMessages":[],"fullName":"Slider Single Slider renders the UI snapshot correctly","invocations":1,"location":null,"numPassingAsserts":9,"retryReasons":[],"status":"passed","title":"renders the UI snapshot correctly"},{"ancestorTitles":["Slider","Single Slider"],"duration":33,"failureDetails":[],"failureMessages":[],"fullName":"Slider Single Slider passes a ref to the div wrapper element","invocations":1,"location":null,"numPassingAsserts":1,"retryReasons":[],"status":"passed","title":"passes a ref to the div wrapper element"},{"ancestorTitles":["Slider","Range Slider"],"duration":198,"failureDetails":[],"failureMessages":[],"fullName":"Slider Range Slider renders everything from the single but also two text input fields","invocations":1,"location":null,"numPassingAsserts":8,"retryReasons":[],"status":"passed","title":"renders everything from the single but also two text input fields"},{"ancestorTitles":["Slider","Range Slider"],"duration":41,"failureDetails":[],"failureMessages":[],"fullName":"Slider Range Slider adds the appropriate aria-* attributes to the slider element","invocations":1,"location":null,"numPassingAsserts":8,"retryReasons":[],"status":"passed","title":"adds the appropriate aria-* attributes to the slider element"},{"ancestorTitles":["Slider","Range Slider"],"duration":88,"failureDetails":[],"failureMessages":[],"fullName":"Slider Range Slider hides the label but adds it as an aria-label attribute","invocations":1,"location":null,"numPassingAsserts":3,"retryReasons":[],"status":"passed","title":"hides the label but adds it as an aria-label attribute"},{"ancestorTitles":["Slider","Range Slider"],"duration":32,"failureDetails":[],"failureMessages":[],"fullName":"Slider Range Slider renders with min and max values as the default values if no `defaultValue` array is passed","invocations":1,"location":null,"numPassingAsserts":2,"retryReasons":[],"status":"passed","title":"renders with min and max values as the default values if no `defaultValue` array is passed"},{"ancestorTitles":["Slider","Range Slider"],"duration":127,"failureDetails":[],"failureMessages":[],"fullName":"Slider Range Slider renders the invalid state if the min prop is greater than the max prop","invocations":1,"location":null,"numPassingAsserts":4,"retryReasons":[],"status":"passed","title":"renders the invalid state if the min prop is greater than the max prop"},{"ancestorTitles":["Slider","Range Slider"],"duration":143,"failureDetails":[],"failureMessages":[],"fullName":"Slider Range Slider renders the invalid state if the start is greater than the end values","invocations":1,"location":null,"numPassingAsserts":5,"retryReasons":[],"status":"passed","title":"renders the invalid state if the start is greater than the end values"},{"ancestorTitles":["Slider","Range Slider"],"duration":175,"failureDetails":[],"failureMessages":[],"fullName":"Slider Range Slider updates the value through the text input","invocations":1,"location":null,"numPassingAsserts":2,"retryReasons":[],"status":"passed","title":"updates the value through the text input"},{"ancestorTitles":["Slider","Range Slider"],"duration":7,"failureDetails":[],"failureMessages":[],"fullName":"Slider Range Slider logs a warning when there is no `id` passed","invocations":1,"location":null,"numPassingAsserts":1,"retryReasons":[],"status":"passed","title":"logs a warning when there is no `id` passed"},{"ancestorTitles":["Slider","Range Slider"],"duration":302,"failureDetails":[],"failureMessages":[],"fullName":"Slider Range Slider updates the value programmatically through the `value` prop","invocations":1,"location":null,"numPassingAsserts":8,"retryReasons":[],"status":"passed","title":"updates the value programmatically through the `value` prop"},{"ancestorTitles":["Slider","Range Slider"],"duration":82,"failureDetails":[],"failureMessages":[],"fullName":"Slider Range Slider renders the UI snapshot correctly","invocations":1,"location":null,"numPassingAsserts":7,"retryReasons":[],"status":"passed","title":"renders the UI snapshot correctly"},{"ancestorTitles":["Slider","Range Slider"],"duration":42,"failureDetails":[],"failureMessages":[],"fullName":"Slider Range Slider passes a ref to the div wrapper element","invocations":1,"location":null,"numPassingAsserts":1,"retryReasons":[],"status":"passed","title":"passes a ref to the div wrapper element"},{"ancestorTitles":["Slider"],"duration":110,"failureDetails":[],"failureMessages":[],"fullName":"Slider gets the current value through the onChangeEnd callback function","invocations":1,"location":null,"numPassingAsserts":2,"retryReasons":[],"status":"passed","title":"gets the current value through the onChangeEnd callback function"}],"endTime":1707160534701,"message":"","name":"/Users/edwinguzman/projects/design/nypl-design-system/src/components/Slider/Slider.test.tsx","startTime":1707160510191,"status":"passed","summary":""},{"assertionResults":[{"ancestorTitles":["SearchBar Accessibility"],"duration":877,"failureDetails":[],"failureMessages":[],"fullName":"SearchBar Accessibility passes axe accessibility test","invocations":1,"location":null,"numPassingAsserts":1,"retryReasons":[],"status":"passed","title":"passes axe accessibility test"},{"ancestorTitles":["SearchBar Accessibility"],"duration":894,"failureDetails":[],"failureMessages":[],"fullName":"SearchBar Accessibility passes axe accessibility test with `clear` button","invocations":1,"location":null,"numPassingAsserts":1,"retryReasons":[],"status":"passed","title":"passes axe accessibility test with `clear` button"},{"ancestorTitles":["SearchBar Accessibility"],"duration":1045,"failureDetails":[],"failureMessages":[],"fullName":"SearchBar Accessibility passes axe accessibility test with a Select component","invocations":1,"location":null,"numPassingAsserts":1,"retryReasons":[],"status":"passed","title":"passes axe accessibility test with a Select component"},{"ancestorTitles":["SearchBar"],"duration":185,"failureDetails":[],"failureMessages":[],"fullName":"SearchBar renders the basic form","invocations":1,"location":null,"numPassingAsserts":4,"retryReasons":[],"status":"passed","title":"renders the basic form"},{"ancestorTitles":["SearchBar"],"duration":122,"failureDetails":[],"failureMessages":[],"fullName":"SearchBar renders a custom heading level","invocations":1,"location":null,"numPassingAsserts":1,"retryReasons":[],"status":"passed","title":"renders a custom heading level"},{"ancestorTitles":["SearchBar"],"duration":122,"failureDetails":[],"failureMessages":[],"fullName":"SearchBar renders an optional Select component","invocations":1,"location":null,"numPassingAsserts":2,"retryReasons":[],"status":"passed","title":"renders an optional Select component"},{"ancestorTitles":["SearchBar"],"duration":109,"failureDetails":[],"failureMessages":[],"fullName":"SearchBar renders the invalid text in the invalid state","invocations":1,"location":null,"numPassingAsserts":2,"retryReasons":[],"status":"passed","title":"renders the invalid text in the invalid state"},{"ancestorTitles":["SearchBar"],"duration":88,"failureDetails":[],"failureMessages":[],"fullName":"SearchBar does not render the default invalid text from the Select or TextInput components","invocations":1,"location":null,"numPassingAsserts":1,"retryReasons":[],"status":"passed","title":"does not render the default invalid text from the Select or TextInput components"},{"ancestorTitles":["SearchBar"],"duration":566,"failureDetails":[],"failureMessages":[],"fullName":"SearchBar calls the TextInput onChange callback function","invocations":1,"location":null,"numPassingAsserts":2,"retryReasons":[],"status":"passed","title":"calls the TextInput onChange callback function"},{"ancestorTitles":["SearchBar"],"duration":459,"failureDetails":[],"failureMessages":[],"fullName":"SearchBar renders a `clear` button and clears the input field when clicked","invocations":1,"location":null,"numPassingAsserts":5,"retryReasons":[],"status":"passed","title":"renders a `clear` button and clears the input field when clicked"},{"ancestorTitles":["SearchBar"],"duration":389,"failureDetails":[],"failureMessages":[],"fullName":"SearchBar calls the isClearableCallback function for the `TextInput` component when `isClearable` is true","invocations":1,"location":null,"numPassingAsserts":2,"retryReasons":[],"status":"passed","title":"calls the isClearableCallback function for the `TextInput` component when `isClearable` is true"},{"ancestorTitles":["SearchBar"],"duration":283,"failureDetails":[],"failureMessages":[],"fullName":"SearchBar calls the Select onChange callback function","invocations":1,"location":null,"numPassingAsserts":3,"retryReasons":[],"status":"passed","title":"calls the Select onChange callback function"},{"ancestorTitles":["SearchBar"],"duration":112,"failureDetails":[],"failureMessages":[],"fullName":"SearchBar calls the callback function for the Button component ","invocations":1,"location":null,"numPassingAsserts":2,"retryReasons":[],"status":"passed","title":"calls the callback function for the Button component "},{"ancestorTitles":["SearchBar"],"duration":96,"failureDetails":[],"failureMessages":[],"fullName":"SearchBar calls the callback function on submit ","invocations":1,"location":null,"numPassingAsserts":2,"retryReasons":[],"status":"passed","title":"calls the callback function on submit "},{"ancestorTitles":["SearchBar"],"duration":10,"failureDetails":[],"failureMessages":[],"fullName":"SearchBar renders a default placeholder","invocations":1,"location":null,"numPassingAsserts":1,"retryReasons":[],"status":"passed","title":"renders a default placeholder"},{"ancestorTitles":["SearchBar"],"duration":78,"failureDetails":[],"failureMessages":[],"fullName":"SearchBar sets additional TextInput props","invocations":1,"location":null,"numPassingAsserts":2,"retryReasons":[],"status":"passed","title":"sets additional TextInput props"},{"ancestorTitles":["SearchBar"],"duration":68,"failureDetails":[],"failureMessages":[],"fullName":"SearchBar renders 'required' in the placeholder text","invocations":1,"location":null,"numPassingAsserts":2,"retryReasons":[],"status":"passed","title":"renders 'required' in the placeholder text"},{"ancestorTitles":["SearchBar"],"duration":4,"failureDetails":[],"failureMessages":[],"fullName":"SearchBar logs a warning when there is no `id` passed","invocations":1,"location":null,"numPassingAsserts":1,"retryReasons":[],"status":"passed","title":"logs a warning when there is no `id` passed"},{"ancestorTitles":["SearchBar"],"duration":176,"failureDetails":[],"failureMessages":[],"fullName":"SearchBar renders the UI snapshot correctly","invocations":1,"location":null,"numPassingAsserts":13,"retryReasons":[],"status":"passed","title":"renders the UI snapshot correctly"},{"ancestorTitles":["SearchBar"],"duration":39,"failureDetails":[],"failureMessages":[],"fullName":"SearchBar passes a ref to the div wrapper element","invocations":1,"location":null,"numPassingAsserts":1,"retryReasons":[],"status":"passed","title":"passes a ref to the div wrapper element"}],"endTime":1707160535045,"message":"","name":"/Users/edwinguzman/projects/design/nypl-design-system/src/components/SearchBar/SearchBar.test.tsx","startTime":1707160510019,"status":"passed","summary":""},{"assertionResults":[{"ancestorTitles":["CheckboxGroup Accessibility"],"duration":1582,"failureDetails":[],"failureMessages":[],"fullName":"CheckboxGroup Accessibility passes axe accessibility with string labels ","invocations":1,"location":null,"numPassingAsserts":1,"retryReasons":[],"status":"passed","title":"passes axe accessibility with string labels "},{"ancestorTitles":["CheckboxGroup Accessibility"],"duration":808,"failureDetails":[],"failureMessages":[],"fullName":"CheckboxGroup Accessibility passes axe accessibility with jsx labels","invocations":1,"location":null,"numPassingAsserts":1,"retryReasons":[],"status":"passed","title":"passes axe accessibility with jsx labels"},{"ancestorTitles":["CheckboxGroup Accessibility"],"duration":819,"failureDetails":[],"failureMessages":[],"fullName":"CheckboxGroup Accessibility passes axe accessibility with the legend hidden","invocations":1,"location":null,"numPassingAsserts":1,"retryReasons":[],"status":"passed","title":"passes axe accessibility with the legend hidden"},{"ancestorTitles":["Checkbox"],"duration":399,"failureDetails":[],"failureMessages":[],"fullName":"Checkbox renders with Checkbox inputs and a label","invocations":1,"location":null,"numPassingAsserts":5,"retryReasons":[],"status":"passed","title":"renders with Checkbox inputs and a label"},{"ancestorTitles":["Checkbox"],"duration":125,"failureDetails":[],"failureMessages":[],"fullName":"Checkbox <legend> element is available in the DOM when 'showLabel' prop is set to true or false","invocations":1,"location":null,"numPassingAsserts":4,"retryReasons":[],"status":"passed","title":"<legend> element is available in the DOM when 'showLabel' prop is set to true or false"},{"ancestorTitles":["Checkbox"],"duration":96,"failureDetails":[],"failureMessages":[],"fullName":"Checkbox renders visible helper or error text","invocations":1,"location":null,"numPassingAsserts":4,"retryReasons":[],"status":"passed","title":"renders visible helper or error text"},{"ancestorTitles":["Checkbox"],"duration":22,"failureDetails":[],"failureMessages":[],"fullName":"Checkbox sets the CheckboxGroup's ID","invocations":1,"location":null,"numPassingAsserts":1,"retryReasons":[],"status":"passed","title":"sets the CheckboxGroup's ID"},{"ancestorTitles":["Checkbox"],"duration":704,"failureDetails":[],"failureMessages":[],"fullName":"Checkbox sets the next value through the onChange function","invocations":1,"location":null,"numPassingAsserts":4,"retryReasons":[],"status":"passed","title":"sets the next value through the onChange function"},{"ancestorTitles":["Checkbox"],"duration":159,"failureDetails":[],"failureMessages":[],"fullName":"Checkbox sets the 'disabled' attribute for all its Checkbox children","invocations":1,"location":null,"numPassingAsserts":4,"retryReasons":[],"status":"passed","title":"sets the 'disabled' attribute for all its Checkbox children"},{"ancestorTitles":["Checkbox"],"duration":144,"failureDetails":[],"failureMessages":[],"fullName":"Checkbox sets the 'required' attribute for all its Checkbox children","invocations":1,"location":null,"numPassingAsserts":4,"retryReasons":[],"status":"passed","title":"sets the 'required' attribute for all its Checkbox children"},{"ancestorTitles":["Checkbox"],"duration":60,"failureDetails":[],"failureMessages":[],"fullName":"Checkbox sets the error state for all its Checkbox children","invocations":1,"location":null,"numPassingAsserts":4,"retryReasons":[],"status":"passed","title":"sets the error state for all its Checkbox children"},{"ancestorTitles":["Checkbox"],"duration":181,"failureDetails":[],"failureMessages":[],"fullName":"Checkbox does not render the invalid text when 'isInvalid' is true but 'showHelperInvalidText' is false","invocations":1,"location":null,"numPassingAsserts":4,"retryReasons":[],"status":"passed","title":"does not render the invalid text when 'isInvalid' is true but 'showHelperInvalidText' is false"},{"ancestorTitles":["Checkbox"],"duration":19,"failureDetails":[],"failureMessages":[],"fullName":"Checkbox logs a warning when there is no `id` passed","invocations":1,"location":null,"numPassingAsserts":1,"retryReasons":[],"status":"passed","title":"logs a warning when there is no `id` passed"},{"ancestorTitles":["Checkbox"],"duration":303,"failureDetails":[],"failureMessages":[],"fullName":"Checkbox updates the selected checkboxes programmatically through the `value` prop","invocations":1,"location":null,"numPassingAsserts":8,"retryReasons":[],"status":"passed","title":"updates the selected checkboxes programmatically through the `value` prop"},{"ancestorTitles":["Checkbox"],"duration":250,"failureDetails":[],"failureMessages":[],"fullName":"Checkbox renders the UI snapshot correctly","invocations":1,"location":null,"numPassingAsserts":12,"retryReasons":[],"status":"passed","title":"renders the UI snapshot correctly"},{"ancestorTitles":["Checkbox"],"duration":7,"failureDetails":[],"failureMessages":[],"fullName":"Checkbox should throw warning when a non-Checkbox component is used as a child","invocations":1,"location":null,"numPassingAsserts":1,"retryReasons":[],"status":"passed","title":"should throw warning when a non-Checkbox component is used as a child"},{"ancestorTitles":["Checkbox"],"duration":33,"failureDetails":[],"failureMessages":[],"fullName":"Checkbox passes a ref to the inner div wrapper element","invocations":1,"location":null,"numPassingAsserts":1,"retryReasons":[],"status":"passed","title":"passes a ref to the inner div wrapper element"}],"endTime":1707160535272,"message":"","name":"/Users/edwinguzman/projects/design/nypl-design-system/src/components/CheckboxGroup/CheckboxGroup.test.tsx","startTime":1707160510302,"status":"passed","summary":""},{"assertionResults":[{"ancestorTitles":["NewsletterSignup Accessibility"],"duration":1308,"failureDetails":[],"failureMessages":[],"fullName":"NewsletterSignup Accessibility Form state w/ all optional props (displayed and undisplayed) passes accessibility","invocations":1,"location":null,"numPassingAsserts":1,"retryReasons":[],"status":"passed","title":"Form state w/ all optional props (displayed and undisplayed) passes accessibility"},{"ancestorTitles":["NewsletterSignup Accessibility"],"duration":791,"failureDetails":[],"failureMessages":[],"fullName":"NewsletterSignup Accessibility Submitting state w/ all optional props (displayed and undisplayed) passes accessibility","invocations":1,"location":null,"numPassingAsserts":1,"retryReasons":[],"status":"passed","title":"Submitting state w/ all optional props (displayed and undisplayed) passes accessibility"},{"ancestorTitles":["NewsletterSignup Accessibility"],"duration":555,"failureDetails":[],"failureMessages":[],"fullName":"NewsletterSignup Accessibility Error state w/ all optional props (displayed and undisplayed) passes accessibility","invocations":1,"location":null,"numPassingAsserts":1,"retryReasons":[],"status":"passed","title":"Error state w/ all optional props (displayed and undisplayed) passes accessibility"},{"ancestorTitles":["NewsletterSignup Accessibility"],"duration":630,"failureDetails":[],"failureMessages":[],"fullName":"NewsletterSignup Accessibility Confirmation state w/ all optional props (displayed and undisplayed) passes accessibility","invocations":1,"location":null,"numPassingAsserts":1,"retryReasons":[],"status":"passed","title":"Confirmation state w/ all optional props (displayed and undisplayed) passes accessibility"},{"ancestorTitles":["NewsletterSignup Accessibility"],"duration":1011,"failureDetails":[],"failureMessages":[],"fullName":"NewsletterSignup Accessibility Bad email state w/ all optional props (displayed and undisplayed) passes accessibility","invocations":1,"location":null,"numPassingAsserts":1,"retryReasons":[],"status":"passed","title":"Bad email state w/ all optional props (displayed and undisplayed) passes accessibility"},{"ancestorTitles":["NewsletterSignup Unit Tests"],"duration":248,"failureDetails":[],"failureMessages":[],"fullName":"NewsletterSignup Unit Tests Renders the Minimum Required Elements for the Form","invocations":1,"location":null,"numPassingAsserts":5,"retryReasons":[],"status":"passed","title":"Renders the Minimum Required Elements for the Form"},{"ancestorTitles":["NewsletterSignup Unit Tests"],"duration":76,"failureDetails":[],"failureMessages":[],"fullName":"NewsletterSignup Unit Tests Renders the Optional descriptionText and formHelperText String Values for the Form","invocations":1,"location":null,"numPassingAsserts":2,"retryReasons":[],"status":"passed","title":"Renders the Optional descriptionText and formHelperText String Values for the Form"},{"ancestorTitles":["NewsletterSignup Unit Tests"],"duration":411,"failureDetails":[],"failureMessages":[],"fullName":"NewsletterSignup Unit Tests Renders the Optional descriptionText and formHelperText HTML Values for the Form","invocations":1,"location":null,"numPassingAsserts":2,"retryReasons":[],"status":"passed","title":"Renders the Optional descriptionText and formHelperText HTML Values for the Form"},{"ancestorTitles":["NewsletterSignup Unit Tests"],"duration":565,"failureDetails":[],"failureMessages":[],"fullName":"NewsletterSignup Unit Tests calls the onChange on user type event","invocations":1,"location":null,"numPassingAsserts":4,"retryReasons":[],"status":"passed","title":"calls the onChange on user type event"},{"ancestorTitles":["NewsletterSignup Unit Tests"],"duration":590,"failureDetails":[],"failureMessages":[],"fullName":"NewsletterSignup Unit Tests calls the onSubmit on click submit button","invocations":1,"location":null,"numPassingAsserts":3,"retryReasons":[],"status":"passed","title":"calls the onSubmit on click submit button"},{"ancestorTitles":["NewsletterSignup Unit Tests","Renders the Feedback Views"],"duration":47,"failureDetails":[],"failureMessages":[],"fullName":"NewsletterSignup Unit Tests Renders the Feedback Views Renders the error view","invocations":1,"location":null,"numPassingAsserts":2,"retryReasons":[],"status":"passed","title":"Renders the error view"},{"ancestorTitles":["NewsletterSignup Unit Tests","Renders the Feedback Views"],"duration":113,"failureDetails":[],"failureMessages":[],"fullName":"NewsletterSignup Unit Tests Renders the Feedback Views Renders the confirmation view","invocations":1,"location":null,"numPassingAsserts":2,"retryReasons":[],"status":"passed","title":"Renders the confirmation view"},{"ancestorTitles":["NewsletterSignup Unit Tests","Renders the Feedback Views"],"duration":227,"failureDetails":[],"failureMessages":[],"fullName":"NewsletterSignup Unit Tests Renders the Feedback Views Renders the bad email view","invocations":1,"location":null,"numPassingAsserts":4,"retryReasons":[],"status":"passed","title":"Renders the bad email view"},{"ancestorTitles":["NewsletterSignup Snapshots"],"duration":74,"failureDetails":[],"failureMessages":[],"fullName":"NewsletterSignup Snapshots Renders the default form UI snapshot correctly","invocations":1,"location":null,"numPassingAsserts":1,"retryReasons":[],"status":"passed","title":"Renders the default form UI snapshot correctly"},{"ancestorTitles":["NewsletterSignup Snapshots"],"duration":100,"failureDetails":[],"failureMessages":[],"fullName":"NewsletterSignup Snapshots Renders the form UI with formHelperText snapshot correctly","invocations":1,"location":null,"numPassingAsserts":1,"retryReasons":[],"status":"passed","title":"Renders the form UI with formHelperText snapshot correctly"},{"ancestorTitles":["NewsletterSignup Snapshots"],"duration":24,"failureDetails":[],"failureMessages":[],"fullName":"NewsletterSignup Snapshots Renders the form UI with description snapshot correctly","invocations":1,"location":null,"numPassingAsserts":1,"retryReasons":[],"status":"passed","title":"Renders the form UI with description snapshot correctly"},{"ancestorTitles":["NewsletterSignup Snapshots"],"duration":75,"failureDetails":[],"failureMessages":[],"fullName":"NewsletterSignup Snapshots Renders the bad email UI snapshot correctly","invocations":1,"location":null,"numPassingAsserts":1,"retryReasons":[],"status":"passed","title":"Renders the bad email UI snapshot correctly"},{"ancestorTitles":["NewsletterSignup Snapshots"],"duration":5,"failureDetails":[],"failureMessages":[],"fullName":"NewsletterSignup Snapshots Renders the submitting state snapshot correctly","invocations":1,"location":null,"numPassingAsserts":1,"retryReasons":[],"status":"passed","title":"Renders the submitting state snapshot correctly"},{"ancestorTitles":["NewsletterSignup Snapshots"],"duration":73,"failureDetails":[],"failureMessages":[],"fullName":"NewsletterSignup Snapshots Renders the default error state snapshot correctly","invocations":1,"location":null,"numPassingAsserts":1,"retryReasons":[],"status":"passed","title":"Renders the default error state snapshot correctly"},{"ancestorTitles":["NewsletterSignup Snapshots"],"duration":4,"failureDetails":[],"failureMessages":[],"fullName":"NewsletterSignup Snapshots Renders the custom error state snapshot correctly","invocations":1,"location":null,"numPassingAsserts":1,"retryReasons":[],"status":"passed","title":"Renders the custom error state snapshot correctly"},{"ancestorTitles":["NewsletterSignup Snapshots"],"duration":74,"failureDetails":[],"failureMessages":[],"fullName":"NewsletterSignup Snapshots Renders the default confirmation state snapshot correctly","invocations":1,"location":null,"numPassingAsserts":1,"retryReasons":[],"status":"passed","title":"Renders the default confirmation state snapshot correctly"},{"ancestorTitles":["NewsletterSignup Snapshots"],"duration":34,"failureDetails":[],"failureMessages":[],"fullName":"NewsletterSignup Snapshots Renders the confirmation UI with confirmationText snapshot correctly","invocations":1,"location":null,"numPassingAsserts":1,"retryReasons":[],"status":"passed","title":"Renders the confirmation UI with confirmationText snapshot correctly"},{"ancestorTitles":["NewsletterSignup Snapshots","Renders each color for each newsletterSignupType correctly"],"duration":60,"failureDetails":[],"failureMessages":[],"fullName":"NewsletterSignup Snapshots Renders each color for each newsletterSignupType correctly Renders blogs color band with section.blogs.primary","invocations":1,"location":null,"numPassingAsserts":1,"retryReasons":[],"status":"passed","title":"Renders blogs color band with section.blogs.primary"},{"ancestorTitles":["NewsletterSignup Snapshots","Renders each color for each newsletterSignupType correctly"],"duration":10,"failureDetails":[],"failureMessages":[],"fullName":"NewsletterSignup Snapshots Renders each color for each newsletterSignupType correctly Renders booksAndMore color band with section.books-and-more.primary","invocations":1,"location":null,"numPassingAsserts":1,"retryReasons":[],"status":"passed","title":"Renders booksAndMore color band with section.books-and-more.primary"},{"ancestorTitles":["NewsletterSignup Snapshots","Renders each color for each newsletterSignupType correctly"],"duration":93,"failureDetails":[],"failureMessages":[],"fullName":"NewsletterSignup Snapshots Renders each color for each newsletterSignupType correctly Renders brand color band with brand.primary","invocations":1,"location":null,"numPassingAsserts":1,"retryReasons":[],"status":"passed","title":"Renders brand color band with brand.primary"},{"ancestorTitles":["NewsletterSignup Snapshots","Renders each color for each newsletterSignupType correctly"],"duration":31,"failureDetails":[],"failureMessages":[],"fullName":"NewsletterSignup Snapshots Renders each color for each newsletterSignupType correctly Renders connect color band with section.connect.primary","invocations":1,"location":null,"numPassingAsserts":1,"retryReasons":[],"status":"passed","title":"Renders connect color band with section.connect.primary"},{"ancestorTitles":["NewsletterSignup Snapshots","Renders each color for each newsletterSignupType correctly"],"duration":34,"failureDetails":[],"failureMessages":[],"fullName":"NewsletterSignup Snapshots Renders each color for each newsletterSignupType correctly Renders education color band with section.education.primary","invocations":1,"location":null,"numPassingAsserts":1,"retryReasons":[],"status":"passed","title":"Renders education color band with section.education.primary"},{"ancestorTitles":["NewsletterSignup Snapshots","Renders each color for each newsletterSignupType correctly"],"duration":8,"failureDetails":[],"failureMessages":[],"fullName":"NewsletterSignup Snapshots Renders each color for each newsletterSignupType correctly Renders locations color band with section.locations.primary","invocations":1,"location":null,"numPassingAsserts":1,"retryReasons":[],"status":"passed","title":"Renders locations color band with section.locations.primary"},{"ancestorTitles":["NewsletterSignup Snapshots","Renders each color for each newsletterSignupType correctly"],"duration":70,"failureDetails":[],"failureMessages":[],"fullName":"NewsletterSignup Snapshots Renders each color for each newsletterSignupType correctly Renders research color band with section.research.primary","invocations":1,"location":null,"numPassingAsserts":1,"retryReasons":[],"status":"passed","title":"Renders research color band with section.research.primary"},{"ancestorTitles":["NewsletterSignup Snapshots","Renders each color for each newsletterSignupType correctly"],"duration":4,"failureDetails":[],"failureMessages":[],"fullName":"NewsletterSignup Snapshots Renders each color for each newsletterSignupType correctly Renders researchLibraryLpa color band with section.research-library.lpa","invocations":1,"location":null,"numPassingAsserts":1,"retryReasons":[],"status":"passed","title":"Renders researchLibraryLpa color band with section.research-library.lpa"},{"ancestorTitles":["NewsletterSignup Snapshots","Renders each color for each newsletterSignupType correctly"],"duration":103,"failureDetails":[],"failureMessages":[],"fullName":"NewsletterSignup Snapshots Renders each color for each newsletterSignupType correctly Renders researchLibrarySchomburg color band with section.research-library.schomburg","invocations":1,"location":null,"numPassingAsserts":1,"retryReasons":[],"status":"passed","title":"Renders researchLibrarySchomburg color band with section.research-library.schomburg"},{"ancestorTitles":["NewsletterSignup Snapshots","Renders each color for each newsletterSignupType correctly"],"duration":6,"failureDetails":[],"failureMessages":[],"fullName":"NewsletterSignup Snapshots Renders each color for each newsletterSignupType correctly Renders researchLibrarySchwarzman color band with section.research-library.schwartzman","invocations":1,"location":null,"numPassingAsserts":1,"retryReasons":[],"status":"passed","title":"Renders researchLibrarySchwarzman color band with section.research-library.schwartzman"},{"ancestorTitles":["NewsletterSignup Snapshots","Renders each color for each newsletterSignupType correctly"],"duration":33,"failureDetails":[],"failureMessages":[],"fullName":"NewsletterSignup Snapshots Renders each color for each newsletterSignupType correctly Renders whatsOn color band with section.whats-on.primary","invocations":1,"location":null,"numPassingAsserts":1,"retryReasons":[],"status":"passed","title":"Renders whatsOn color band with section.whats-on.primary"}],"endTime":1707160536575,"message":"","name":"/Users/edwinguzman/projects/design/nypl-design-system/src/components/NewsletterSignup/NewsletterSignup.test.tsx","startTime":1707160510008,"status":"passed","summary":""},{"assertionResults":[{"ancestorTitles":["TagSet Accessibility"],"duration":2343,"failureDetails":[],"failureMessages":[],"fullName":"TagSet Accessibility passes axe accessibility test for the 'explore' variant","invocations":1,"location":null,"numPassingAsserts":2,"retryReasons":[],"status":"passed","title":"passes axe accessibility test for the 'explore' variant"},{"ancestorTitles":["TagSet Accessibility"],"duration":1405,"failureDetails":[],"failureMessages":[],"fullName":"TagSet Accessibility passes axe accessibility test for the 'filter' variant","invocations":1,"location":null,"numPassingAsserts":2,"retryReasons":[],"status":"passed","title":"passes axe accessibility test for the 'filter' variant"},{"ancestorTitles":["TagSet Explore"],"duration":171,"failureDetails":[],"failureMessages":[],"fullName":"TagSet Explore renders tags","invocations":1,"location":null,"numPassingAsserts":1,"retryReasons":[],"status":"passed","title":"renders tags"},{"ancestorTitles":["TagSet Explore"],"duration":25,"failureDetails":[],"failureMessages":[],"fullName":"TagSet Explore renders icons within the tags","invocations":1,"location":null,"numPassingAsserts":1,"retryReasons":[],"status":"passed","title":"renders icons within the tags"},{"ancestorTitles":["TagSet Explore"],"duration":195,"failureDetails":[],"failureMessages":[],"fullName":"TagSet Explore logs a warning when the `isDismissible` prop is passed","invocations":1,"location":null,"numPassingAsserts":1,"retryReasons":[],"status":"passed","title":"logs a warning when the `isDismissible` prop is passed"},{"ancestorTitles":["TagSet Explore"],"duration":7,"failureDetails":[],"failureMessages":[],"fullName":"TagSet Explore logs a warning when the `onClick` prop is passed","invocations":1,"location":null,"numPassingAsserts":1,"retryReasons":[],"status":"passed","title":"logs a warning when the `onClick` prop is passed"},{"ancestorTitles":["TagSet Explore"],"duration":6,"failureDetails":[],"failureMessages":[],"fullName":"TagSet Explore logs a warning when the labels are strings","invocations":1,"location":null,"numPassingAsserts":1,"retryReasons":[],"status":"passed","title":"logs a warning when the labels are strings"},{"ancestorTitles":["TagSet Explore"],"duration":120,"failureDetails":[],"failureMessages":[],"fullName":"TagSet Explore renders the UI snapshot correctly","invocations":1,"location":null,"numPassingAsserts":4,"retryReasons":[],"status":"passed","title":"renders the UI snapshot correctly"},{"ancestorTitles":["TagSet Filter"],"duration":137,"failureDetails":[],"failureMessages":[],"fullName":"TagSet Filter renders tags","invocations":1,"location":null,"numPassingAsserts":1,"retryReasons":[],"status":"passed","title":"renders tags"},{"ancestorTitles":["TagSet Filter"],"duration":86,"failureDetails":[],"failureMessages":[],"fullName":"TagSet Filter renders icons within the tags","invocations":1,"location":null,"numPassingAsserts":1,"retryReasons":[],"status":"passed","title":"renders icons within the tags"},{"ancestorTitles":["TagSet Filter"],"duration":47,"failureDetails":[],"failureMessages":[],"fullName":"TagSet Filter renders close icons when `isDismissible` is true","invocations":1,"location":null,"numPassingAsserts":1,"retryReasons":[],"status":"passed","title":"renders close icons when `isDismissible` is true"},{"ancestorTitles":["TagSet Filter"],"duration":173,"failureDetails":[],"failureMessages":[],"fullName":"TagSet Filter renders the correct aria-label when `isDismissible` is true","invocations":1,"location":null,"numPassingAsserts":7,"retryReasons":[],"status":"passed","title":"renders the correct aria-label when `isDismissible` is true"},{"ancestorTitles":["TagSet Filter"],"duration":93,"failureDetails":[],"failureMessages":[],"fullName":"TagSet Filter returns the clicked tag's label to the `onClick` function","invocations":1,"location":null,"numPassingAsserts":3,"retryReasons":[],"status":"passed","title":"returns the clicked tag's label to the `onClick` function"},{"ancestorTitles":["TagSet Filter"],"duration":36,"failureDetails":[],"failureMessages":[],"fullName"
[...]
failureMessages":[],"fullName":"Icon Accessibility passes axe accessibility test","invocations":1,"location":null,"numPassingAsserts":1,"retryReasons":[],"status":"passed","title":"passes axe accessibility test"},{"ancestorTitles":["Icon"],"duration":4,"failureDetails":[],"failureMessages":[],"fullName":"Icon consoles a warning if both name and children are passed to Icon","invocations":1,"location":null,"numPassingAsserts":1,"retryReasons":[],"status":"passed","title":"consoles a warning if both name and children are passed to Icon"},{"ancestorTitles":["Icon"],"duration":2,"failureDetails":[],"failureMessages":[],"fullName":"Icon consoles a warning if both name and children are not passed","invocations":1,"location":null,"numPassingAsserts":1,"retryReasons":[],"status":"passed","title":"consoles a warning if both name and children are not passed"},{"ancestorTitles":["Icon"],"duration":3,"failureDetails":[],"failureMessages":[],"fullName":"Icon consoles a warning if name is not passed and a child is but it's not an SVG element","invocations":1,"location":null,"numPassingAsserts":1,"retryReasons":[],"status":"passed","title":"consoles a warning if name is not passed and a child is but it's not an SVG element"},{"ancestorTitles":["Icon"],"duration":26,"failureDetails":[],"failureMessages":[],"fullName":"Icon renders an icon based on the icon `name` prop","invocations":1,"location":null,"numPassingAsserts":1,"retryReasons":[],"status":"passed","title":"renders an icon based on the icon `name` prop"},{"ancestorTitles":["Icon"],"duration":6,"failureDetails":[],"failureMessages":[],"fullName":"Icon renders a title element","invocations":1,"location":null,"numPassingAsserts":2,"retryReasons":[],"status":"passed","title":"renders a title element"},{"ancestorTitles":["Icon"],"duration":22,"failureDetails":[],"failureMessages":[],"fullName":"Icon renders an icon based on the child","invocations":1,"location":null,"numPassingAsserts":1,"retryReasons":[],"status":"passed","title":"renders an icon based on the child"},{"ancestorTitles":["Icon"],"duration":34,"failureDetails":[],"failureMessages":[],"fullName":"Icon renders the UI snapshot correctly","invocations":1,"location":null,"numPassingAsserts":4,"retryReasons":[],"status":"passed","title":"renders the UI snapshot correctly"}],"endTime":1707160556975,"message":"","name":"/Users/edwinguzman/projects/design/nypl-design-system/src/components/Icons/Icon.test.tsx","startTime":1707160553697,"status":"passed","summary":""},{"assertionResults":[{"ancestorTitles":["useStateWithDependencies hook"],"duration":162,"failureDetails":[],"failureMessages":[],"fullName":"useStateWithDependencies hook updates its internal value through its `set` function","invocations":1,"location":null,"numPassingAsserts":4,"retryReasons":[],"status":"passed","title":"updates its internal value through its `set` function"},{"ancestorTitles":["useStateWithDependencies hook"],"duration":101,"failureDetails":[],"failureMessages":[],"fullName":"useStateWithDependencies hook updates its internal value through a prop value","invocations":1,"location":null,"numPassingAsserts":5,"retryReasons":[],"status":"passed","title":"updates its internal value through a prop value"}],"endTime":1707160557713,"message":"","name":"/Users/edwinguzman/projects/design/nypl-design-system/src/hooks/__tests__/useStateWithDependencies.test.tsx","startTime":1707160555583,"status":"passed","summary":""},{"assertionResults":[{"ancestorTitles":["getSectionColors"],"duration":3,"failureDetails":[],"failureMessages":[],"fullName":"getSectionColors returns an object with primary and secondary colors for the passed type","invocations":1,"location":null,"numPassingAsserts":4,"retryReasons":[],"status":"passed","title":"returns an object with primary and secondary colors for the passed type"},{"ancestorTitles":["getSectionColors"],"duration":1,"failureDetails":[],"failureMessages":[],"fullName":"getSectionColors returns a string with the appropriate color value","invocations":1,"location":null,"numPassingAsserts":4,"retryReasons":[],"status":"passed","title":"returns a string with the appropriate color value"},{"ancestorTitles":["getSectionColors"],"duration":1,"failureDetails":[],"failureMessages":[],"fullName":"getSectionColors returns a string with the dark mode color variant","invocations":1,"location":null,"numPassingAsserts":4,"retryReasons":[],"status":"passed","title":"returns a string with the dark mode color variant"}],"endTime":1707160557806,"message":"","name":"/Users/edwinguzman/projects/design/nypl-design-system/src/__tests__/utils/getSectionColors.test.ts","startTime":1707160556570,"status":"passed","summary":""},{"assertionResults":[{"ancestorTitles":["useMultiSelect hook"],"duration":42,"failureDetails":[],"failureMessages":[],"fullName":"useMultiSelect hook should return five functions and a object containing a key items with all currently selectItems","invocations":1,"location":null,"numPassingAsserts":6,"retryReasons":[],"status":"passed","title":"should return five functions and a object containing a key items with all currently selectItems"},{"ancestorTitles":["useMultiSelect hook"],"duration":3,"failureDetails":[],"failureMessages":[],"fullName":"useMultiSelect hook should update the selectedItems when the onChange function is called","invocations":1,"location":null,"numPassingAsserts":3,"retryReasons":[],"status":"passed","title":"should update the selectedItems when the onChange function is called"},{"ancestorTitles":["useMultiSelect hook"],"duration":17,"failureDetails":[],"failureMessages":[],"fullName":"useMultiSelect hook should update the selectedItems when the onMixedstateChange function is called","invocations":1,"location":null,"numPassingAsserts":2,"retryReasons":[],"status":"passed","title":"should update the selectedItems when the onMixedstateChange function is called"},{"ancestorTitles":["useMultiSelect hook"],"duration":2,"failureDetails":[],"failureMessages":[],"fullName":"useMultiSelect hook should be able to handle multiple MultiSelects","invocations":1,"location":null,"numPassingAsserts":3,"retryReasons":[],"status":"passed","title":"should be able to handle multiple MultiSelects"},{"ancestorTitles":["useMultiSelect hook"],"duration":2,"failureDetails":[],"failureMessages":[],"fullName":"useMultiSelect hook should remove the selectedItems of the multiSelect passed to the onClear function","invocations":1,"location":null,"numPassingAsserts":4,"retryReasons":[],"status":"passed","title":"should remove the selectedItems of the multiSelect passed to the onClear function"},{"ancestorTitles":["useMultiSelect hook"],"duration":4,"failureDetails":[],"failureMessages":[],"fullName":"useMultiSelect hook should set the selectedItems to the state passed to setSelectedItems and reset the selectedItems to an empty object when onClearAll is called","invocations":1,"location":null,"numPassingAsserts":3,"retryReasons":[],"status":"passed","title":"should set the selectedItems to the state passed to setSelectedItems and reset the selectedItems to an empty object when onClearAll is called"}],"endTime":1707160557865,"message":"","name":"/Users/edwinguzman/projects/design/nypl-design-system/src/hooks/__tests__/useMultiSelect.test.ts","startTime":1707160556465,"status":"passed","summary":""},{"assertionResults":[{"ancestorTitles":["useFilterBar hook"],"duration":31,"failureDetails":[],"failureMessages":[],"fullName":"useFilterBar hook should return a boolean value isModalOpen, functions onOpen, onClose and onToggle to change the isModalOpen state and all functions from useMultiSelect","invocations":1,"location":null,"numPassingAsserts":10,"retryReasons":[],"status":"passed","title":"should return a boolean value isModalOpen, functions onOpen, onClose and onToggle to change the isModalOpen state and all functions from useMultiSelect"},{"ancestorTitles":["useFilterBar hook"],"duration":3,"failureDetails":[],"failureMessages":[],"fullName":"useFilterBar hook should change the isModalOpen value when onToggle is called","invocations":1,"location":null,"numPassingAsserts":2,"retryReasons":[],"status":"passed","title":"should change the isModalOpen value when onToggle is called"},{"ancestorTitles":["useFilterBar hook"],"duration":2,"failureDetails":[],"failureMessages":[],"fullName":"useFilterBar hook should change and keep the isModalOpen value as true when onOpen is called","invocations":1,"location":null,"numPassingAsserts":3,"retryReasons":[],"status":"passed","title":"should change and keep the isModalOpen value as true when onOpen is called"},{"ancestorTitles":["useFilterBar hook"],"duration":3,"failureDetails":[],"failureMessages":[],"fullName":"useFilterBar hook should change and keep the isModalOpen value as false when onClose is called","invocations":1,"location":null,"numPassingAsserts":4,"retryReasons":[],"status":"passed","title":"should change and keep the isModalOpen value as false when onClose is called"}],"endTime":1707160557880,"message":"","name":"/Users/edwinguzman/projects/design/nypl-design-system/src/hooks/__tests__/useFilterBar.test.ts","startTime":1707160556484,"status":"passed","summary":""},{"assertionResults":[{"ancestorTitles":["Label Accessibility"],"duration":321,"failureDetails":[],"failureMessages":[],"fullName":"Label Accessibility passes axe accessibility test","invocations":1,"location":null,"numPassingAsserts":1,"retryReasons":[],"status":"passed","title":"passes axe accessibility test"},{"ancestorTitles":["Label Accessibility"],"duration":119,"failureDetails":[],"failureMessages":[],"fullName":"Label Accessibility passes axe accessibility test with required text","invocations":1,"location":null,"numPassingAsserts":1,"retryReasons":[],"status":"passed","title":"passes axe accessibility test with required text"},{"ancestorTitles":["Label"],"duration":13,"failureDetails":[],"failureMessages":[],"fullName":"Label renders a label element when passed text as children","invocations":1,"location":null,"numPassingAsserts":1,"retryReasons":[],"status":"passed","title":"renders a label element when passed text as children"},{"ancestorTitles":["Label"],"duration":81,"failureDetails":[],"failureMessages":[],"fullName":"Label renders a label element when passed element as children","invocations":1,"location":null,"numPassingAsserts":1,"retryReasons":[],"status":"passed","title":"renders a label element when passed element as children"},{"ancestorTitles":["Label"],"duration":23,"failureDetails":[],"failureMessages":[],"fullName":"Label renders the '(Required)' helper text","invocations":1,"location":null,"numPassingAsserts":2,"retryReasons":[],"status":"passed","title":"renders the '(Required)' helper text"},{"ancestorTitles":["Label"],"duration":36,"failureDetails":[],"failureMessages":[],"fullName":"Label renders a custom '(Required)' helper text when provided","invocations":1,"location":null,"numPassingAsserts":4,"retryReasons":[],"status":"passed","title":"renders a custom '(Required)' helper text when provided"},{"ancestorTitles":["Label"],"duration":4,"failureDetails":[],"failureMessages":[],"fullName":"Label Logs a warning when there is no `id` passed","invocations":1,"location":null,"numPassingAsserts":1,"retryReasons":[],"status":"passed","title":"Logs a warning when there is no `id` passed"},{"ancestorTitles":["Label"],"duration":59,"failureDetails":[],"failureMessages":[],"fullName":"Label Renders the UI snapshot correctly","invocations":1,"location":null,"numPassingAsserts":5,"retryReasons":[],"status":"passed","title":"Renders the UI snapshot correctly"},{"ancestorTitles":["Label"],"duration":9,"failureDetails":[],"failureMessages":[],"fullName":"Label passes a ref to the div wrapper element","invocations":1,"location":null,"numPassingAsserts":1,"retryReasons":[],"status":"passed","title":"passes a ref to the div wrapper element"}],"endTime":1707160557885,"message":"","name":"/Users/edwinguzman/projects/design/nypl-design-system/src/components/Label/Label.test.tsx","startTime":1707160554639,"status":"passed","summary":""},{"assertionResults":[{"ancestorTitles":["useDSHeading hook"],"duration":85,"failureDetails":[],"failureMessages":[],"fullName":"useDSHeading hook renders an H2 heading by default when a string is passed","invocations":1,"location":null,"numPassingAsserts":1,"retryReasons":[],"status":"passed","title":"renders an H2 heading by default when a string is passed"},{"ancestorTitles":["useDSHeading hook"],"duration":27,"failureDetails":[],"failureMessages":[],"fullName":"useDSHeading hook renders the custom heading element when an element is passed","invocations":1,"location":null,"numPassingAsserts":1,"retryReasons":[],"status":"passed","title":"renders the custom heading element when an element is passed"},{"ancestorTitles":["useDSHeading hook"],"duration":16,"failureDetails":[],"failureMessages":[],"fullName":"useDSHeading hook logs an warning if an HTML heading element was passed","invocations":1,"location":null,"numPassingAsserts":2,"retryReasons":[],"status":"passed","title":"logs an warning if an HTML heading element was passed"},{"ancestorTitles":["useDSHeading hook"],"duration":3,"failureDetails":[],"failureMessages":[],"fullName":"useDSHeading hook logs a warning and does not render the title if the custom heading is not a DS Heading component or an HTML heading element.","invocations":1,"location":null,"numPassingAsserts":2,"retryReasons":[],"status":"passed","title":"logs a warning and does not render the title if the custom heading is not a DS Heading component or an HTML heading element."}],"endTime":1707160557958,"message":"","name":"/Users/edwinguzman/projects/design/nypl-design-system/src/hooks/__tests__/useDSHeading.test.tsx","startTime":1707160555257,"status":"passed","summary":""},{"assertionResults":[{"ancestorTitles":["useCloseDropDown hook"],"duration":52,"failureDetails":[],"failureMessages":[],"fullName":"useCloseDropDown hook closes a dropdown by clicking on an element outside of its component","invocations":1,"location":null,"numPassingAsserts":3,"retryReasons":[],"status":"passed","title":"closes a dropdown by clicking on an element outside of its component"},{"ancestorTitles":["useCloseDropDown hook"],"duration":6,"failureDetails":[],"failureMessages":[],"fullName":"useCloseDropDown hook closes a dropdown when the esc key is pressed","invocations":1,"location":null,"numPassingAsserts":3,"retryReasons":[],"status":"passed","title":"closes a dropdown when the esc key is pressed"}],"endTime":1707160557975,"message":"","name":"/Users/edwinguzman/projects/design/nypl-design-system/src/hooks/__tests__/useCloseDropDown.test.tsx","startTime":1707160555358,"status":"passed","summary":""},{"assertionResults":[{"ancestorTitles":["useNYPLBreakpoints"],"duration":20,"failureDetails":[],"failureMessages":[],"fullName":"useNYPLBreakpoints should report the correct media query match on window resize","invocations":1,"location":null,"numPassingAsserts":5,"retryReasons":[],"status":"passed","title":"should report the correct media query match on window resize"}],"endTime":1707160557984,"message":"","name":"/Users/edwinguzman/projects/design/nypl-design-system/src/hooks/__tests__/useNYPLBreakpoints.test.ts","startTime":1707160555833,"status":"passed","summary":""},{"assertionResults":[{"ancestorTitles":["useCarouselStyles hook"],"duration":17,"failureDetails":[],"failureMessages":[],"fullName":"useCarouselStyles hook returns two functions and a CSS style object","invocations":1,"location":null,"numPassingAsserts":3,"retryReasons":[],"status":"passed","title":"returns two functions and a CSS style object"},{"ancestorTitles":["useCarouselStyles hook"],"duration":6,"failureDetails":[],"failureMessages":[],"fullName":"useCarouselStyles hook updates the style object when the nextSlide function is clicked","invocations":1,"location":null,"numPassingAsserts":4,"retryReasons":[],"status":"passed","title":"updates the style object when the nextSlide function is clicked"},{"ancestorTitles":["useCarouselStyles hook"],"duration":4,"failureDetails":[],"failureMessages":[],"fullName":"useCarouselStyles hook updates the style object when the prevSlide function is clicked","invocations":1,"location":null,"numPassingAsserts":4,"retryReasons":[],"status":"passed","title":"updates the style object when the prevSlide function is clicked"},{"ancestorTitles":["useCarouselStyles hook"],"duration":2,"failureDetails":[],"failureMessages":[],"fullName":"useCarouselStyles hook resets the slide back to the first slide","invocations":1,"location":null,"numPassingAsserts":3,"retryReasons":[],"status":"passed","title":"resets the slide back to the first slide"},{"ancestorTitles":["useCarouselStyles hook"],"duration":1,"failureDetails":[],"failureMessages":[],"fullName":"useCarouselStyles hook can set a custom slide count and slide width","invocations":1,"location":null,"numPassingAsserts":2,"retryReasons":[],"status":"passed","title":"can set a custom slide count and slide width"}],"endTime":1707160558028,"message":"","name":"/Users/edwinguzman/projects/design/nypl-design-system/src/hooks/__tests__/useCarouselStyles.test.ts","startTime":1707160556571,"status":"passed","summary":""},{"assertionResults":[{"ancestorTitles":["range"],"duration":3,"failureDetails":[],"failureMessages":[],"fullName":"range returns an array of values not including the stop argument","invocations":1,"location":null,"numPassingAsserts":3,"retryReasons":[],"status":"passed","title":"returns an array of values not including the stop argument"},{"ancestorTitles":["range"],"duration":1,"failureDetails":[],"failureMessages":[],"fullName":"range returns an array of values skipping by the step argument","invocations":1,"location":null,"numPassingAsserts":6,"retryReasons":[],"status":"passed","title":"returns an array of values skipping by the step argument"}],"endTime":1707160558045,"message":"","name":"/Users/edwinguzman/projects/design/nypl-design-system/src/__tests__/utils/utils.test.ts","startTime":1707160557013,"status":"passed","summary":""},{"assertionResults":[{"ancestorTitles":["SkipNavigation Accessibility"],"duration":202,"failureDetails":[],"failureMessages":[],"fullName":"SkipNavigation Accessibility passes axe accessibility test","invocations":1,"location":null,"numPassingAsserts":1,"retryReasons":[],"status":"passed","title":"passes axe accessibility test"},{"ancestorTitles":["Label"],"duration":14,"failureDetails":[],"failureMessages":[],"fullName":"Label renders a nav element with an unordered list","invocations":1,"location":null,"numPassingAsserts":3,"retryReasons":[],"status":"passed","title":"renders a nav element with an unordered list"},{"ancestorTitles":["Label"],"duration":16,"failureDetails":[],"failureMessages":[],"fullName":"Label renders two links","invocations":1,"location":null,"numPassingAsserts":2,"retryReasons":[],"status":"passed","title":"renders two links"},{"ancestorTitles":["Label"],"duration":11,"failureDetails":[],"failureMessages":[],"fullName":"Label renders a custom main link target","invocations":1,"location":null,"numPassingAsserts":1,"retryReasons":[],"status":"passed","title":"renders a custom main link target"},{"ancestorTitles":["Label"],"duration":17,"failureDetails":[],"failureMessages":[],"fullName":"Label Renders the UI snapshot correctly","invocations":1,"location":null,"numPassingAsserts":4,"retryReasons":[],"status":"passed","title":"Renders the UI snapshot correctly"},{"ancestorTitles":["Label"],"duration":4,"failureDetails":[],"failureMessages":[],"fullName":"Label passes a ref to the nav wrapper element","invocations":1,"location":null,"numPassingAsserts":1,"retryReasons":[],"status":"passed","title":"passes a ref to the nav wrapper element"}],"endTime":1707160558103,"message":"","name":"/Users/edwinguzman/projects/design/nypl-design-system/src/components/SkipNavigation/SkipNavigation.test.tsx","startTime":1707160555243,"status":"passed","summary":""}],"wasInterrupted":false}
