{"numFailedTestSuites":0,"numFailedTests":0,"numPassedTestSuites":61,"numPassedTests":723,"numPendingTestSuites":4,"numPendingTests":65,"numRuntimeErrorTestSuites":0,"numTodoTests":0,"numTotalTestSuites":65,"numTotalTests":788,"openHandles":[],"snapshot":{"added":0,"didUpdate":false,"failure":false,"filesAdded":0,"filesRemoved":0,"filesRemovedList":[],"filesUnmatched":0,"filesUpdated":0,"matched":390,"total":390,"unchecked":0,"uncheckedKeysByFile":[],"unmatched":0,"updated":0},"startTime":1710438233438,"success":true,"testResults":[{"assertionResults":[{"ancestorTitles":["SocialMediaLinks Accessibility","Labels"],"duration":null,"failureDetails":[],"failureMessages":[],"fullName":"SocialMediaLinks Accessibility Labels passes axe accessibility test without visible labels","invocations":1,"location":null,"numPassingAsserts":0,"retryReasons":[],"status":"pending","title":"passes axe accessibility test without visible labels"},{"ancestorTitles":["SocialMediaLinks Accessibility","Labels"],"duration":null,"failureDetails":[],"failureMessages":[],"fullName":"SocialMediaLinks Accessibility Labels passes axe accessibility test with labels set to true","invocations":1,"location":null,"numPassingAsserts":0,"retryReasons":[],"status":"pending","title":"passes axe accessibility test with labels set to true"},{"ancestorTitles":["SocialMediaLinks Accessibility","Colors"],"duration":null,"failureDetails":[],"failureMessages":[],"fullName":"SocialMediaLinks Accessibility Colors passes axe accessibility test with link color & labels","invocations":1,"location":null,"numPassingAsserts":0,"retryReasons":[],"status":"pending","title":"passes axe accessibility test with link color & labels"},{"ancestorTitles":["SocialMediaLinks Accessibility","Colors"],"duration":null,"failureDetails":[],"failureMessages":[],"fullName":"SocialMediaLinks Accessibility Colors passes axe accessibility test with textInverse color & labels","invocations":1,"location":null,"numPassingAsserts":0,"retryReasons":[],"status":"pending","title":"passes axe accessibility test with textInverse color & labels"},{"ancestorTitles":["SocialMediaLinks Accessibility","Borders"],"duration":null,"failureDetails":[],"failureMessages":[],"fullName":"SocialMediaLinks Accessibility Borders passes axe accessibility test with straight borders & labels","invocations":1,"location":null,"numPassingAsserts":0,"retryReasons":[],"status":"pending","title":"passes axe accessibility test with straight borders & labels"},{"ancestorTitles":["SocialMediaLinks Accessibility","Borders"],"duration":null,"failureDetails":[],"failureMessages":[],"fullName":"SocialMediaLinks Accessibility Borders passes axe accessibility test with circular borders","invocations":1,"location":null,"numPassingAsserts":0,"retryReasons":[],"status":"pending","title":"passes axe accessibility test with circular borders"},{"ancestorTitles":["SocialMediaLinks"],"duration":null,"failureDetails":[],"failureMessages":[],"fullName":"SocialMediaLinks Renders default","invocations":1,"location":null,"numPassingAsserts":0,"retryReasons":[],"status":"pending","title":"Renders default"},{"ancestorTitles":["SocialMediaLinks"],"duration":null,"failureDetails":[],"failureMessages":[],"fullName":"SocialMediaLinks Renders selected types","invocations":1,"location":null,"numPassingAsserts":0,"retryReasons":[],"status":"pending","title":"Renders selected types"},{"ancestorTitles":["SocialMediaLinks"],"duration":null,"failureDetails":[],"failureMessages":[],"fullName":"SocialMediaLinks logs an error if border='circular' and showLabels=true","invocations":1,"location":null,"numPassingAsserts":0,"retryReasons":[],"status":"pending","title":"logs an error if border='circular' and showLabels=true"},{"ancestorTitles":["SocialMediaLinks Snapshot"],"duration":null,"failureDetails":[],"failureMessages":[],"fullName":"SocialMediaLinks Snapshot Renders the UI snapshot correctly when the layout is in a row.","invocations":1,"location":null,"numPassingAsserts":0,"retryReasons":[],"status":"pending","title":"Renders the UI snapshot correctly when the layout is in a row."},{"ancestorTitles":["SocialMediaLinks Snapshot"],"duration":null,"failureDetails":[],"failureMessages":[],"fullName":"SocialMediaLinks Snapshot Renders the UI snapshot correctly when the layout is in a column.","invocations":1,"location":null,"numPassingAsserts":0,"retryReasons":[],"status":"pending","title":"Renders the UI snapshot correctly when the layout is in a column."},{"ancestorTitles":["SocialMediaLinks Snapshot"],"duration":null,"failureDetails":[],"failureMessages":[],"fullName":"SocialMediaLinks Snapshot Renders the UI snapshot correctly when linksData has a value.","invocations":1,"location":null,"numPassingAsserts":0,"retryReasons":[],"status":"pending","title":"Renders the UI snapshot correctly when linksData has a value."}],"coverage":{},"endTime":1710438351314,"message":"","name":"/Users/edwinguzman/projects/design/nypl-design-system/src/components/SocialMediaLinks/SocialMediaLinks.test.tsx","startTime":1710438351314,"status":"skipped","summary":""},{"assertionResults":[{"ancestorTitles":["NewsletterSignup Accessibility"],"duration":null,"failureDetails":[],"failureMessages":[],"fullName":"NewsletterSignup Accessibility Form state w/ all optional props (displayed and undisplayed) passes accessibility","invocations":1,"location":null,"numPassingAsserts":0,"retryReasons":[],"status":"pending","title":"Form state w/ all optional props (displayed and undisplayed) passes accessibility"},{"ancestorTitles":["NewsletterSignup Accessibility"],"duration":null,"failureDetails":[],"failureMessages":[],"fullName":"NewsletterSignup Accessibility Submitting state w/ all optional props (displayed and undisplayed) passes accessibility","invocations":1,"location":null,"numPassingAsserts":0,"retryReasons":[],"status":"pending","title":"Submitting state w/ all optional props (displayed and undisplayed) passes accessibility"},{"ancestorTitles":["NewsletterSignup Accessibility"],"duration":null,"failureDetails":[],"failureMessages":[],"fullName":"NewsletterSignup Accessibility Error state w/ all optional props (displayed and undisplayed) passes accessibility","invocations":1,"location":null,"numPassingAsserts":0,"retryReasons":[],"status":"pending","title":"Error state w/ all optional props (displayed and undisplayed) passes accessibility"},{"ancestorTitles":["NewsletterSignup Accessibility"],"duration":null,"failureDetails":[],"failureMessages":[],"fullName":"NewsletterSignup Accessibility Confirmation state w/ all optional props (displayed and undisplayed) passes accessibility","invocations":1,"location":null,"numPassingAsserts":0,"retryReasons":[],"status":"pending","title":"Confirmation state w/ all optional props (displayed and undisplayed) passes accessibility"},{"ancestorTitles":["NewsletterSignup Accessibility"],"duration":null,"failureDetails":[],"failureMessages":[],"fullName":"NewsletterSignup Accessibility Bad email state w/ all optional props (displayed and undisplayed) passes accessibility","invocations":1,"location":null,"numPassingAsserts":0,"retryReasons":[],"status":"pending","title":"Bad email state w/ all optional props (displayed and undisplayed) passes accessibility"},{"ancestorTitles":["NewsletterSignup Unit Tests"],"duration":null,"failureDetails":[],"failureMessages":[],"fullName":"NewsletterSignup Unit Tests Renders the Minimum Required Elements for the Form","invocations":1,"location":null,"numPassingAsserts":0,"retryReasons":[],"status":"pending","title":"Renders the Minimum Required Elements for the Form"},{"ancestorTitles":["NewsletterSignup Unit Tests"],"duration":null,"failureDetails":[],"failureMessages":[],"fullName":"NewsletterSignup Unit Tests Renders the Optional descriptionText and formHelperText String Values for the Form","invocations":1,"location":null,"numPassingAsserts":0,"retryReasons":[],"status":"pending","title":"Renders the Optional descriptionText and formHelperText String Values for the Form"},{"ancestorTitles":["NewsletterSignup Unit Tests"],"duration":null,"failureDetails":[],"failureMessages":[],"fullName":"NewsletterSignup Unit Tests Renders the Optional descriptionText and formHelperText HTML Values for the Form","invocations":1,"location":null,"numPassingAsserts":0,"retryReasons":[],"status":"pending","title":"Renders the Optional descriptionText and formHelperText HTML Values for the Form"},{"ancestorTitles":["NewsletterSignup Unit Tests"],"duration":null,"failureDetails":[],"failureMessages":[],"fullName":"NewsletterSignup Unit Tests calls the onChange on user type event","invocations":1,"location":null,"numPassingAsserts":0,"retryReasons":[],"status":"pending","title":"calls the onChange on user type event"},{"ancestorTitles":["NewsletterSignup Unit Tests"],"duration":null,"failureDetails":[],"failureMessages":[],"fullName":"NewsletterSignup Unit Tests calls the onSubmit on click submit button","invocations":1,"location":null,"numPassingAsserts":0,"retryReasons":[],"status":"pending","title":"calls the onSubmit on click submit button"},{"ancestorTitles":["NewsletterSignup Unit Tests","Renders the Feedback Views"],"duration":null,"failureDetails":[],"failureMessages":[],"fullName":"NewsletterSignup Unit Tests Renders the Feedback Views Renders the error view","invocations":1,"location":null,"numPassingAsserts":0,"retryReasons":[],"status":"pending","title":"Renders the error view"},{"ancestorTitles":["NewsletterSignup Unit Tests","Renders the Feedback Views"],"duration":null,"failureDetails":[],"failureMessages":[],"fullName":"NewsletterSignup Unit Tests Renders the Feedback Views Renders the confirmation view","invocations":1,"location":null,"numPassingAsserts":0,"retryReasons":[],"status":"pending","title":"Renders the confirmation view"},{"ancestorTitles":["NewsletterSignup Unit Tests","Renders the Feedback Views"],"duration":null,"failureDetails":[],"failureMessages":[],"fullName":"NewsletterSignup Unit Tests Renders the Feedback Views Renders the bad email view","invocations":1,"location":null,"numPassingAsserts":0,"retryReasons":[],"status":"pending","title":"Renders the bad email view"},{"ancestorTitles":["NewsletterSignup Snapshots"],"duration":null,"failureDetails":[],"failureMessages":[],"fullName":"NewsletterSignup Snapshots Renders the default form UI snapshot correctly","invocations":1,"location":null,"numPassingAsserts":0,"retryReasons":[],"status":"pending","title":"Renders the default form UI snapshot correctly"},{"ancestorTitles":["NewsletterSignup Snapshots"],"duration":null,"failureDetails":[],"failureMessages":[],"fullName":"NewsletterSignup Snapshots Renders the form UI with formHelperText snapshot correctly","invocations":1,"location":null,"numPassingAsserts":0,"retryReasons":[],"status":"pending","title":"Renders the form UI with formHelperText snapshot correctly"},{"ancestorTitles":["NewsletterSignup Snapshots"],"duration":null,"failureDetails":[],"failureMessages":[],"fullName":"NewsletterSignup Snapshots Renders the form UI with description snapshot correctly","invocations":1,"location":null,"numPassingAsserts":0,"retryReasons":[],"status":"pending","title":"Renders the form UI with description snapshot correctly"},{"ancestorTitles":["NewsletterSignup Snapshots"],"duration":null,"failureDetails":[],"failureMessages":[],"fullName":"NewsletterSignup Snapshots Renders the bad email UI snapshot correctly","invocations":1,"location":null,"numPassingAsserts":0,"retryReasons":[],"status":"pending","title":"Renders the bad email UI snapshot correctly"},{"ancestorTitles":["NewsletterSignup Snapshots"],"duration":null,"failureDetails":[],"failureMessages":[],"fullName":"NewsletterSignup Snapshots Renders the submitting state snapshot correctly","invocations":1,"location":null,"numPassingAsserts":0,"retryReasons":[],"status":"pending","title":"Renders the submitting state snapshot correctly"},{"ancestorTitles":["NewsletterSignup Snapshots"],"duration":null,"failureDetails":[],"failureMessages":[],"fullName":"NewsletterSignup Snapshots Renders the default error state snapshot correctly","invocations":1,"location":null,"numPassingAsserts":0,"retryReasons":[],"status":"pending","title":"Renders the default error state snapshot correctly"},{"ancestorTitles":["NewsletterSignup Snapshots"],"duration":null,"failureDetails":[],"failureMessages":[],"fullName":"NewsletterSignup Snapshots Renders the custom error state snapshot correctly","invocations":1,"location":null,"numPassingAsserts":0,"retryReasons":[],"status":"pending","title":"Renders the custom error state snapshot correctly"},{"ancestorTitles":["NewsletterSignup Snapshots"],"duration":null,"failureDetails":[],"failureMessages":[],"fullName":"NewsletterSignup Snapshots Renders the default confirmation state snapshot correctly","invocations":1,"location":null,"numPassingAsserts":0,"retryReasons":[],"status":"pending","title":"Renders the default confirmation state snapshot correctly"},{"ancestorTitles":["NewsletterSignup Snapshots"],"duration":null,"failureDetails":[],"failureMessages":[],"fullName":"NewsletterSignup Snapshots Renders the confirmation UI with confirmationText snapshot correctly","invocations":1,"location":null,"numPassingAsserts":0,"retryReasons":[],"status":"pending","title":"Renders the confirmation UI with confirmationText snapshot correctly"},{"ancestorTitles":["NewsletterSignup Snapshots","Renders each color for each newsletterSignupType correctly"],"duration":null,"failureDetails":[],"failureMessages":[],"fullName":"NewsletterSignup Snapshots Renders each color for each newsletterSignupType correctly Renders blogs color band with section.blogs.primary","invocations":1,"location":null,"numPassingAsserts":0,"retryReasons":[],"status":"pending","title":"Renders blogs color band with section.blogs.primary"},{"ancestorTitles":["NewsletterSignup Snapshots","Renders each color for each newsletterSignupType correctly"],"duration":null,"failureDetails":[],"failureMessages":[],"fullName":"NewsletterSignup Snapshots Renders each color for each newsletterSignupType correctly Renders booksAndMore color band with section.books-and-more.primary","invocations":1,"location":null,"numPassingAsserts":0,"retryReasons":[],"status":"pending","title":"Renders booksAndMore color band with section.books-and-more.primary"},{"ancestorTitles":["NewsletterSignup Snapshots","Renders each color for each newsletterSignupType correctly"],"duration":null,"failureDetails":[],"failureMessages":[],"fullName":"NewsletterSignup Snapshots Renders each color for each newsletterSignupType correctly Renders brand color band with brand.primary","invocations":1,"location":null,"numPassingAsserts":0,"retryReasons":[],"status":"pending","title":"Renders brand color band with brand.primary"},{"ancestorTitles":["NewsletterSignup Snapshots","Renders each color for each newsletterSignupType correctly"],"duration":null,"failureDetails":[],"failureMessages":[],"fullName":"NewsletterSignup Snapshots Renders each color for each newsletterSignupType correctly Renders connect color band with section.connect.primary","invocations":1,"location":null,"numPassingAsserts":0,"retryReasons":[],"status":"pending","title":"Renders connect color band with section.connect.primary"},{"ancestorTitles":["NewsletterSignup Snapshots","Renders each color for each newsletterSignupType correctly"],"duration":null,"failureDetails":[],"failureMessages":[],"fullName":"NewsletterSignup Snapshots Renders each color for each newsletterSignupType correctly Renders education color band with section.education.primary","invocations":1,"location":null,"numPassingAsserts":0,"retryReasons":[],"status":"pending","title":"Renders education color band with section.education.primary"},{"ancestorTitles":["NewsletterSignup Snapshots","Renders each color for each newsletterSignupType correctly"],"duration":null,"failureDetails":[],"failureMessages":[],"fullName":"NewsletterSignup Snapshots Renders each color for each newsletterSignupType correctly Renders locations color band with section.locations.primary","invocations":1,"location":null,"numPassingAsserts":0,"retryReasons":[],"status":"pending","title":"Renders locations color band with section.locations.primary"},{"ancestorTitles":["NewsletterSignup Snapshots","Renders each color for each newsletterSignupType correctly"],"duration":null,"failureDetails":[],"failureMessages":[],"fullName":"NewsletterSignup Snapshots Renders each color for each newsletterSignupType correctly Renders research color band with section.research.primary","invocations":1,"location":null,"numPassingAsserts":0,"retryReasons":[],"status":"pending","title":"Renders research color band with section.research.primary"},{"ancestorTitles":["NewsletterSignup Snapshots","Renders each color for each newsletterSignupType correctly"],"duration":null,"failureDetails":[],"failureMessages":[],"fullName":"NewsletterSignup Snapshots Renders each color for each newsletterSignupType correctly Renders researchLibraryLpa color band with section.research-library.lpa","invocations":1,"location":null,"numPassingAsserts":0,"retryReasons":[],"status":"pending","title":"Renders researchLibraryLpa color band with section.research-library.lpa"},{"ancestorTitles":["NewsletterSignup Snapshots","Renders each color for each newsletterSignupType correctly"],"duration":null,"failureDetails":[],"failureMessages":[],"fullName":"NewsletterSignup Snapshots Renders each color for each newsletterSignupType correctly Renders researchLibrarySchomburg color band with section.research-library.schomburg","invocations":1,"location":null,"numPassingAsserts":0,"retryReasons":[],"status":"pending","title":"Renders researchLibrarySchomburg color band with section.research-library.schomburg"},{"ancestorTitles":["NewsletterSignup Snapshots","Renders each color for each newsletterSignupType correctly"],"duration":null,"failureDetails":[],"failureMessages":[],"fullName":"NewsletterSignup Snapshots Renders each color for each newsletterSignupType correctly Renders researchLibrarySchwarzman color band with section.research-library.schwartzman","invocations":1,"location":null,"numPassingAsserts":0,"retryReasons":[],"status":"pending","title":"Renders researchLibrarySchwarzman color band with section.research-library.schwartzman"},{"ancestorTitles":["NewsletterSignup Snapshots","Renders each color for each newsletterSignupType correctly"],"duration":null,"failureDetails":[],"failureMessages":[],"fullName":"NewsletterSignup Snapshots Renders each color for each newsletterSignupType correctly Renders whatsOn color band with section.whats-on.primary","invocations":1,"location":null,"numPassingAsserts":0,"retryReasons":[],"status":"pending","title":"Renders whatsOn color band with section.whats-on.primary"}],"coverage":{},"endTime":1710438351314,"message":"","name":"/Users/edwinguzman/projects/design/nypl-design-system/src/components/NewsletterSignup/NewsletterSignup.test.tsx","startTime":1710438351314,"status":"skipped","summary":""},{"assertionResults":[{"ancestorTitles":["Hero accessbility tests"],"duration":752,"failureDetails":[],"failureMessages":[],"fullName":"Hero accessbility tests passes for type Primary","invocations":1,"location":null,"numPassingAsserts":1,"retryReasons":[],"status":"passed","title":"passes for type Primary"},{"ancestorTitles":["Hero accessbility tests"],"duration":375,"failureDetails":[],"failureMessages":[],"fullName":"Hero accessbility tests passes for type Secondary","invocations":1,"location":null,"numPassingAsserts":1,"retryReasons":[],"status":"passed","title":"passes for type Secondary"},{"ancestorTitles":["Hero accessbility tests"],"duration":476,"failureDetails":[],"failureMessages":[],"fullName":"Hero accessbility tests passes for type Tertiary","invocations":1,"location":null,"numPassingAsserts":1,"retryReasons":[],"status":"passed","title":"passes for type Tertiary"},{"ancestorTitles":["Hero accessbility tests"],"duration":911,"failureDetails":[],"failureMessages":[],"fullName":"Hero accessbility tests passes for type Campaign","invocations":1,"location":null,"numPassingAsserts":1,"retryReasons":[],"status":"passed","title":"passes for type Campaign"},{"ancestorTitles":["Hero accessbility tests"],"duration":250,"failureDetails":[],"failureMessages":[],"fullName":"Hero accessbility tests passes for type FiftyFifty","invocations":1,"location":null,"numPassingAsserts":1,"retryReasons":[],"status":"passed","title":"passes for type FiftyFifty"},{"ancestorTitles":["Hero"],"duration":212,"failureDetails":[],"failureMessages":[],"fullName":"Hero renders Primary Hero","invocations":1,"location":null,"numPassingAsserts":3,"retryReasons":[],"status":"passed","title":"renders Primary Hero"},{"ancestorTitles":["Hero"],"duration":81,"failureDetails":[],"failureMessages":[],"fullName":"Hero renders Secondary Hero","invocations":1,"location":null,"numPassingAsserts":4,"retryReasons":[],"status":"passed","title":"renders Secondary Hero"},{"ancestorTitles":["Hero"],"duration":123,"failureDetails":[],"failureMessages":[],"fullName":"Hero renders Tertiary Hero","invocations":1,"location":null,"numPassingAsserts":3,"retryReasons":[],"status":"passed","title":"renders Tertiary Hero"},{"ancestorTitles":["Hero"],"duration":168,"failureDetails":[],"failureMessages":[],"fullName":"Hero renders Campaign Hero","invocations":1,"location":null,"numPassingAsserts":4,"retryReasons":[],"status":"passed","title":"renders Campaign Hero"},{"ancestorTitles":["Hero"],"duration":115,"failureDetails":[],"failureMessages":[],"fullName":"Hero renders Fifty-Fifty Hero","invocations":1,"location":null,"numPassingAsserts":3,"retryReasons":[],"status":"passed","title":"renders Fifty-Fifty Hero"},{"ancestorTitles":["Hero"],"duration":85,"failureDetails":[],"failureMessages":[],"fullName":"Hero renders custom background and foreground colors for all but the Secondary type","invocations":1,"location":null,"numPassingAsserts":3,"retryReasons":[],"status":"passed","title":"renders custom background and foreground colors for all but the Secondary type"},{"ancestorTitles":["Hero"],"duration":51,"failureDetails":[],"failureMessages":[],"fullName":"Hero logs a warning if `imageProps.src` prop is passed but not `imageProps.alt`","invocations":1,"location":null,"numPassingAsserts":1,"retryReasons":[],"status":"passed","title":"logs a warning if `imageProps.src` prop is passed but not `imageProps.alt`"},{"ancestorTitles":["Hero"],"duration":9,"failureDetails":[],"failureMessages":[],"fullName":"Hero renders Primary Hero with warnings in browser console","invocations":1,"location":null,"numPassingAsserts":2,"retryReasons":[],"status":"passed","title":"renders Primary Hero with warnings in browser console"},{"ancestorTitles":["Hero"],"duration":19,"failureDetails":[],"failureMessages":[],"fullName":"Hero renders Secondary Hero with warnings in browser console","invocations":1,"location":null,"numPassingAsserts":3,"retryReasons":[],"status":"passed","title":"renders Secondary Hero with warnings in browser console"},{"ancestorTitles":["Hero"],"duration":146,"failureDetails":[],"failureMessages":[],"fullName":"Hero renders Tertiary Hero with warnings in browser console","invocations":1,"location":null,"numPassingAsserts":3,"retryReasons":[],"status":"passed","title":"renders Tertiary Hero with warnings in browser console"},{"ancestorTitles":["Hero"],"duration":34,"failureDetails":[],"failureMessages":[],"fullName":"Hero renders Campaign Hero with warnings in browser console","invocations":1,"location":null,"numPassingAsserts":3,"retryReasons":[],"status":"passed","title":"renders Campaign Hero with warnings in browser console"},{"ancestorTitles":["Hero"],"duration":4,"failureDetails":[],"failureMessages":[],"fullName":"Hero logs a warning if `backdropBackgroundColor` prop is passed but the variant is not 'campaign'","invocations":1,"location":null,"numPassingAsserts":1,"retryReasons":[],"status":"passed","title":"logs a warning if `backdropBackgroundColor` prop is passed but the variant is not 'campaign'"},{"ancestorTitles":["Hero"],"duration":2,"failureDetails":[],"failureMessages":[],"fullName":"Hero logs a warning if `isDarkBackgroundImage` prop is passed but the variant is not 'campaign'","invocations":1,"location":null,"numPassingAsserts":1,"retryReasons":[],"status":"passed","title":"logs a warning if `isDarkBackgroundImage` prop is passed but the variant is not 'campaign'"},{"ancestorTitles":["Hero"],"duration":95,"failureDetails":[],"failureMessages":[],"fullName":"Hero renders FiftyFifty Hero with warnings in browser console","invocations":1,"location":null,"numPassingAsserts":2,"retryReasons":[],"status":"passed","title":"renders FiftyFifty Hero with warnings in browser console"},{"ancestorTitles":["Hero"],"duration":198,"failureDetails":[],"failureMessages":[],"fullName":"Hero Renders the UI snapshot correctly","invocations":1,"location":null,"numPassingAsserts":11,"retryReasons":[],"status":"passed","title":"Renders the UI snapshot correctly"},{"ancestorTitles":["Hero"],"duration":4,"failureDetails":[],"failureMessages":[],"fullName":"Hero passes a ref to the div wrapper element","invocations":1,"location":null,"numPassingAsserts":1,"retryReasons":[],"status":"passed","title":"passes a ref to the div wrapper element"}],"endTime":1710438286942,"message":"","name":"/Users/edwinguzman/projects/design/nypl-design-system/src/components/Hero/Hero.test.tsx","startTime":1710438235290,"status":"passed","summary":""},{"assertionResults":[{"ancestorTitles":["Radio Accessibility"],"duration":1704,"failureDetails":[],"failureMessages":[],"fullName":"Radio Accessibility passes axe accessibility with string labels","invocations":1,"location":null,"numPassingAsserts":1,"retryReasons":[],"status":"passed","title":"passes axe accessibility with string labels"},{"ancestorTitles":["Radio Accessibility"],"duration":887,"failureDetails":[],"failureMessages":[],"fullName":"Radio Accessibility passes axe accessibility with jsx labels","invocations":1,"location":null,"numPassingAsserts":1,"retryReasons":[],"status":"passed","title":"passes axe accessibility with jsx labels"},{"ancestorTitles":["Radio Accessibility"],"duration":1841,"failureDetails":[],"failureMessages":[],"fullName":"Radio Accessibility passes axe accessibility with the legend hidden","invocations":1,"location":null,"numPassingAsserts":1,"retryReasons":[],"status":"passed","title":"passes axe accessibility with the legend hidden"},{"ancestorTitles":["Radio Button"],"duration":324,"failureDetails":[],"failureMessages":[],"fullName":"Radio Button renders with radio inputs and a label","invocations":1,"location":null,"numPassingAsserts":5,"retryReasons":[],"status":"passed","title":"renders with radio inputs and a label"},{"ancestorTitles":["Radio Button"],"duration":310,"failureDetails":[],"failureMessages":[],"fullName":"Radio Button <legend> element is available in the DOM when 'showLabel' prop is set to true or false","invocations":1,"location":null,"numPassingAsserts":4,"retryReasons":[],"status":"passed","title":"<legend> element is available in the DOM when 'showLabel' prop is set to true or false"},{"ancestorTitles":["Radio Button"],"duration":94,"failureDetails":[],"failureMessages":[],"fullName":"Radio Button renders visible helper or error text","invocations":1,"location":null,"numPassingAsserts":4,"retryReasons":[],"status":"passed","title":"renders visible helper or error text"},{"ancestorTitles":["Radio Button"],"duration":197,"failureDetails":[],"failureMessages":[],"fullName":"Radio Button sets the RadioGroup's ID","invocations":1,"location":null,"numPassingAsserts":1,"retryReasons":[],"status":"passed","title":"sets the RadioGroup's ID"},{"ancestorTitles":["Radio Button"],"duration":735,"failureDetails":[],"failureMessages":[],"fullName":"Radio Button sets the next value through the onChange function","invocations":1,"location":null,"numPassingAsserts":3,"retryReasons":[],"status":"passed","title":"sets the next value through the onChange function"},{"ancestorTitles":["Radio Button"],"duration":194,"failureDetails":[],"failureMessages":[],"fullName":"Radio Button sets the 'disabled' attribute for all its Radio children","invocations":1,"location":null,"numPassingAsserts":4,"retryReasons":[],"status":"passed","title":"sets the 'disabled' attribute for all its Radio children"},{"ancestorTitles":["Radio Button"],"duration":185,"failureDetails":[],"failureMessages":[],"fullName":"Radio Button sets the 'required' attribute for all its Radio children","invocations":1,"location":null,"numPassingAsserts":7,"retryReasons":[],"status":"passed","title":"sets the 'required' attribute for all its Radio children"},{"ancestorTitles":["Radio Button"],"duration":68,"failureDetails":[],"failureMessages":[],"fullName":"Radio Button sets the error state for all its Radio children","invocations":1,"location":null,"numPassingAsserts":5,"retryReasons":[],"status":"passed","title":"sets the error state for all its Radio children"},{"ancestorTitles":["Radio Button"],"duration":114,"failureDetails":[],"failureMessages":[],"fullName":"Radio Button does not render the error text when 'showHelperInvalidText' is false","invocations":1,"location":null,"numPassingAsserts":1,"retryReasons":[],"status":"passed","title":"does not render the error text when 'showHelperInvalidText' is false"},{"ancestorTitles":["Radio Button"],"duration":182,"failureDetails":[],"failureMessages":[],"fullName":"Radio Button renders the UI snapshot correctly","invocations":1,"location":null,"numPassingAsserts":12,"retryReasons":[],"status":"passed","title":"renders the UI snapshot correctly"},{"ancestorTitles":["Radio Button"],"duration":4,"failureDetails":[],"failureMessages":[],"fullName":"Radio Button should throw warning when a non-Radio component is used as a child","invocations":1,"location":null,"numPassingAsserts":1,"retryReasons":[],"status":"passed","title":"should throw warning when a non-Radio component is used as a child"},{"ancestorTitles":["Radio Button"],"duration":132,"failureDetails":[],"failureMessages":[],"fullName":"Radio Button logs a warning when there is no `id` passed","invocations":1,"location":null,"numPassingAsserts":1,"retryReasons":[],"status":"passed","title":"logs a warning when there is no `id` passed"},{"ancestorTitles":["Radio Button"],"duration":49,"failureDetails":[],"failureMessages":[],"fullName":"Radio Button passes a ref to the input element","invocations":1,"location":null,"numPassingAsserts":1,"retryReasons":[],"status":"passed","title":"passes a ref to the input element"}],"endTime":1710438288894,"message":"","name":"/Users/edwinguzman/projects/design/nypl-design-system/src/components/RadioGroup/RadioGroup.test.tsx","startTime":1710438235208,"status":"passed","summary":""},{"assertionResults":[{"ancestorTitles":["CheckboxGroup Accessibility"],"duration":1491,"failureDetails":[],"failureMessages":[],"fullName":"CheckboxGroup Accessibility passes axe accessibility with string labels ","invocations":1,"location":null,"numPassingAsserts":1,"retryReasons":[],"status":"passed","title":"passes axe accessibility with string labels "},{"ancestorTitles":["CheckboxGroup Accessibility"],"duration":700,"failureDetails":[],"failureMessages":[],"fullName":"CheckboxGroup Accessibility passes axe accessibility with jsx labels","invocations":1,"location":null,"numPassingAsserts":1,"retryReasons":[],"status":"passed","title":"passes axe accessibility with jsx labels"},{"ancestorTitles":["CheckboxGroup Accessibility"],"duration":1798,"failureDetails":[],"failureMessages":[],"fullName":"CheckboxGroup Accessibility passes axe accessibility with the legend hidden","invocations":1,"location":null,"numPassingAsserts":1,"retryReasons":[],"status":"passed","title":"passes axe accessibility with the legend hidden"},{"ancestorTitles":["Checkbox"],"duration":343,"failureDetails":[],"failureMessages":[],"fullName":"Checkbox renders with Checkbox inputs and a label","invocations":1,"location":null,"numPassingAsserts":5,"retryReasons":[],"status":"passed","title":"renders with Checkbox inputs and a label"},{"ancestorTitles":["Checkbox"],"duration":323,"failureDetails":[],"failureMessages":[],"fullName":"Checkbox <legend> element is available in the DOM when 'showLabel' prop is set to true or false","invocations":1,"location":null,"numPassingAsserts":4,"retryReasons":[],"status":"passed","title":"<legend> element is available in the DOM when 'showLabel' prop is set to true or false"},{"ancestorTitles":["Checkbox"],"duration":221,"failureDetails":[],"failureMessages":[],"fullName":"Checkbox renders visible helper or error text","invocations":1,"location":null,"numPassingAsserts":4,"retryReasons":[],"status":"passed","title":"renders visible helper or error text"},{"ancestorTitles":["Checkbox"],"duration":137,"failureDetails":[],"failureMessages":[],"fullName":"Checkbox sets the CheckboxGroup's ID","invocations":1,"location":null,"numPassingAsserts":1,"retryReasons":[],"status":"passed","title":"sets the CheckboxGroup's ID"},{"ancestorTitles":["Checkbox"],"duration":1004,"failureDetails":[],"failureMessages":[],"fullName":"Checkbox sets the next value through the onChange function","invocations":1,"location":null,"numPassingAsserts":4,"retryReasons":[],"status":"passed","title":"sets the next value through the onChange function"},{"ancestorTitles":["Checkbox"],"duration":242,"failureDetails":[],"failureMessages":[],"fullName":"Checkbox sets the 'disabled' attribute for all its Checkbox children","invocations":1,"location":null,"numPassingAsserts":4,"retryReasons":[],"status":"passed","title":"sets the 'disabled' attribute for all its Checkbox children"},{"ancestorTitles":["Checkbox"],"duration":166,"failureDetails":[],"failureMessages":[],"fullName":"Checkbox sets the 'required' attribute for all its Checkbox children","invocations":1,"location":null,"numPassingAsserts":4,"retryReasons":[],"status":"passed","title":"sets the 'required' attribute for all its Checkbox children"},{"ancestorTitles":["Checkbox"],"duration":147,"failureDetails":[],"failureMessages":[],"fullName":"Checkbox sets the error state for all its Checkbox children","invocations":1,"location":null,"numPassingAsserts":4,"retryReasons":[],"status":"passed","title":"sets the error state for all its Checkbox children"},{"ancestorTitles":["Checkbox"],"duration":188,"failureDetails":[],"failureMessages":[],"fullName":"Checkbox does not render the invalid text when 'isInvalid' is true but 'showHelperInvalidText' is false","invocations":1,"location":null,"numPassingAsserts":4,"retryReasons":[],"status":"passed","title":"does not render the invalid text when 'isInvalid' is true but 'showHelperInvalidText' is false"},{"ancestorTitles":["Checkbox"],"duration":47,"failureDetails":[],"failureMessages":[],"fullName":"Checkbox logs a warning when there is no `id` passed","invocations":1,"location":null,"numPassingAsserts":1,"retryReasons":[],"status":"passed","title":"logs a warning when there is no `id` passed"},{"ancestorTitles":["Checkbox"],"duration":342,"failureDetails":[],"failureMessages":[],"fullName":"Checkbox updates the selected checkboxes programmatically through the `value` prop","invocations":1,"location":null,"numPassingAsserts":8,"retryReasons":[],"status":"passed","title":"updates the selected checkboxes programmatically through the `value` prop"},{"ancestorTitles":["Checkbox"],"duration":217,"failureDetails":[],"failureMessages":[],"fullName":"Checkbox renders the UI snapshot correctly","invocations":1,"location":null,"numPassingAsserts":12,"retryReasons":[],"status":"passed","title":"renders the UI snapshot correctly"},{"ancestorTitles":["Checkbox"],"duration":47,"failureDetails":[],"failureMessages":[],"fullName":"Checkbox passes a ref to the inner div wrapper element","invocations":1,"location":null,"numPassingAsserts":1,"retryReasons":[],"status":"passed","title":"passes a ref to the inner div wrapper element"}],"endTime":1710438289487,"message":"","name":"/Users/edwinguzman/projects/design/nypl-design-system/src/components/CheckboxGroup/CheckboxGroup.test.tsx","startTime":1710438235176,"status":"passed","summary":""},{"assertionResults":[{"ancestorTitles":["Menu Accessibility"],"duration":1469,"failureDetails":[],"failureMessages":[],"fullName":"Menu Accessibility passes axe accessibility test","invocations":1,"location":null,"numPassingAsserts":1,"retryReasons":[],"status":"passed","title":"passes axe accessibility test"},{"ancestorTitles":["Menu opens and closes"],"duration":1560,"failureDetails":[],"failureMessages":[],"fullName":"Menu opens and closes renders content when it is opened","invocations":1,"location":null,"numPassingAsserts":0,"retryReasons":[],"status":"passed","title":"renders content when it is opened"},{"ancestorTitles":["Menu opens and closes"],"duration":1002,"failureDetails":[],"failureMessages":[],"fullName":"Menu opens and closes closes when menu item is selected","invocations":1,"location":null,"numPassingAsserts":0,"retryReasons":[],"status":"passed","title":"closes when menu item is selected"},{"ancestorTitles":["Menu opens and closes"],"duration":1937,"failureDetails":[],"failureMessages":[],"fullName":"Menu opens and closes closes with Escape key when focus is on menu list","invocations":1,"location":null,"numPassingAsserts":0,"retryReasons":[],"status":"passed","title":"closes with Escape key when focus is on menu list"},{"ancestorTitles":["Menu opens and closes"],"duration":1624,"failureDetails":[],"failureMessages":[],"fullName":"Menu opens and closes closes when clicking outside of the menu","invocations":1,"location":null,"numPassingAsserts":0,"retryReasons":[],"status":"passed","title":"closes when clicking outside of the menu"},{"ancestorTitles":["Menu allows selection"],"duration":1015,"failureDetails":[],"failureMessages":[],"fullName":"Menu allows selection registered an item has been selected","invocations":1,"location":null,"numPassingAsserts":3,"retryReasons":[],"status":"passed","title":"registered an item has been selected"},{"ancestorTitles":["Menu allows selection"],"duration":478,"failureDetails":[],"failureMessages":[],"fullName":"Menu allows selection remembers selected item","invocations":1,"location":null,"numPassingAsserts":1,"retryReasons":[],"status":"passed","title":"remembers selected item"},{"ancestorTitles":["Menu logs errors when props are incorrect or missing"],"duration":9,"failureDetails":[],"failureMessages":[],"fullName":"Menu logs errors when props are incorrect or missing logs an error if Menu is missing listItemsData","invocations":1,"location":null,"numPassingAsserts":1,"retryReasons":[],"status":"passed","title":"logs an error if Menu is missing listItemsData"},{"ancestorTitles":["Menu logs errors when props are incorrect or missing"],"duration":13,"failureDetails":[],"failureMessages":[],"fullName":"Menu logs errors when props are incorrect or missing logs an error if the selectedItem prop does not match any menu item","invocations":1,"location":null,"numPassingAsserts":1,"retryReasons":[],"status":"passed","title":"logs an error if the selectedItem prop does not match any menu item"},{"ancestorTitles":["Menu logs errors when props are incorrect or missing"],"duration":395,"failureDetails":[],"failureMessages":[],"fullName":"Menu logs errors when props are incorrect or missing logs an error if menu items have duplicate ids","invocations":1,"location":null,"numPassingAsserts":1,"retryReasons":[],"status":"passed","title":"logs an error if menu items have duplicate ids"},{"ancestorTitles":["Menu logs errors when props are incorrect or missing"],"duration":87,"failureDetails":[],"failureMessages":[],"fullName":"Menu logs errors when props are incorrect or missing logs a warning if a menu item does not have a type","invocations":1,"location":null,"numPassingAsserts":1,"retryReasons":[],"status":"passed","title":"logs a warning if a menu item does not have a type"},{"ancestorTitles":["Menu logs errors when props are incorrect or missing"],"duration":39,"failureDetails":[],"failureMessages":[],"fullName":"Menu logs errors when props are incorrect or missing logs a warning if a menu item does not have an id","invocations":1,"location":null,"numPassingAsserts":1,"retryReasons":[],"status":"passed","title":"logs a warning if a menu item does not have an id"},{"ancestorTitles":["Menu logs errors when props are incorrect or missing"],"duration":53,"failureDetails":[],"failureMessages":[],"fullName":"Menu logs errors when props are incorrect or missing logs a warning if a menu item does not have a label","invocations":1,"location":null,"numPassingAsserts":1,"retryReasons":[],"status":"passed","title":"logs a warning if a menu item does not have a label"},{"ancestorTitles":["Menu logs errors when props are incorrect or missing"],"duration":50,"failureDetails":[],"failureMessages":[],"fullName":"Menu logs errors when props are incorrect or missing logs a warning if a menu item does not have an onClick function","invocations":1,"location":null,"numPassingAsserts":1,"retryReasons":[],"status":"passed","title":"logs a warning if a menu item does not have an onClick function"},{"ancestorTitles":["Menu logs errors when props are incorrect or missing"],"duration":22,"failureDetails":[],"failureMessages":[],"fullName":"Menu logs errors when props are incorrect or missing logs a warning if a group item does not have children","invocations":1,"location":null,"numPassingAsserts":1,"retryReasons":[],"status":"passed","title":"logs a warning if a group item does not have children"}],"endTime":1710438289546,"message":"","name":"/Users/edwinguzman/projects/design/nypl-design-system/src/components/Menu/Menu.test.tsx","startTime":1710438235096,"status":"passed","summary":""},{"assertionResults":[{"ancestorTitles":["SearchBar Accessibility"],"duration":1026,"failureDetails":[],"failureMessages":[],"fullName":"SearchBar Accessibility passes axe accessibility test","invocations":1,"location":null,"numPassingAsserts":1,"retryReasons":[],"status":"passed","title":"passes axe accessibility test"},{"ancestorTitles":["SearchBar Accessibility"],"duration":845,"failureDetails":[],"failureMessages":[],"fullName":"SearchBar Accessibility passes axe accessibility test with `clear` button","invocations":1,"location":null,"numPassingAsserts":1,"retryReasons":[],"status":"passed","title":"passes axe accessibility test with `clear` button"},{"ancestorTitles":["SearchBar Accessibility"],"duration":2365,"failureDetails":[],"failureMessages":[],"fullName":"SearchBar Accessibility passes axe accessibility test with a Select component","invocations":1,"location":null,"numPassingAsserts":1,"retryReasons":[],"status":"passed","title":"passes axe accessibility test with a Select component"},{"ancestorTitles":["SearchBar"],"duration":258,"failureDetails":[],"failureMessages":[],"fullName":"SearchBar renders the basic form","invocations":1,"location":null,"numPassingAsserts":4,"retryReasons":[],"status":"passed","title":"renders the basic form"},{"ancestorTitles":["SearchBar"],"duration":114,"failureDetails":[],"failureMessages":[],"fullName":"SearchBar renders a custom heading level","invocations":1,"location":null,"numPassingAsserts":1,"retryReasons":[],"status":"passed","title":"renders a custom heading level"},{"ancestorTitles":["SearchBar"],"duration":176,"failureDetails":[],"failureMessages":[],"fullName":"SearchBar renders an optional Select component","invocations":1,"location":null,"numPassingAsserts":2,"retryReasons":[],"status":"passed","title":"renders an optional Select component"},{"ancestorTitles":["SearchBar"],"duration":143,"failureDetails":[],"failureMessages":[],"fullName":"SearchBar renders the invalid text in the invalid state","invocations":1,"location":null,"numPassingAsserts":2,"retryReasons":[],"status":"passed","title":"renders the invalid text in the invalid state"},{"ancestorTitles":["SearchBar"],"duration":36,"failureDetails":[],"failureMessages":[],"fullName":"SearchBar does not render the default invalid text from the Select or TextInput components","invocations":1,"location":null,"numPassingAsserts":1,"retryReasons":[],"status":"passed","title":"does not render the default invalid text from the Select or TextInput components"},{"ancestorTitles":["SearchBar"],"duration":1074,"failureDetails":[],"failureMessages":[],"fullName":"SearchBar calls the TextInput onChange callback function","invocations":1,"location":null,"numPassingAsserts":2,"retryReasons":[],"status":"passed","title":"calls the TextInput onChange callback function"},{"ancestorTitles":["SearchBar"],"duration":497,"failureDetails":[],"failureMessages":[],"fullName":"SearchBar renders a `clear` button and clears the input field when clicked","invocations":1,"location":null,"numPassingAsserts":5,"retryReasons":[],"status":"passed","title":"renders a `clear` button and clears the input field when clicked"},{"ancestorTitles":["SearchBar"],"duration":508,"failureDetails":[],"failureMessages":[],"fullName":"SearchBar calls the isClearableCallback function for the `TextInput` component when `isClearable` is true","invocations":1,"location":null,"numPassingAsserts":2,"retryReasons":[],"status":"passed","title":"calls the isClearableCallback function for the `TextInput` component when `isClearable` is true"},{"ancestorTitles":["SearchBar"],"duration":274,"failureDetails":[],"failureMessages":[],"fullName":"SearchBar calls the Select onChange callback function","invocations":1,"location":null,"numPassingAsserts":3,"retryReasons":[],"status":"passed","title":"calls the Select onChange callback function"},{"ancestorTitles":["SearchBar"],"duration":111,"failureDetails":[],"failureMessages":[],"fullName":"SearchBar calls the callback function for the Button component ","invocations":1,"location":null,"numPassingAsserts":2,"retryReasons":[],"status":"passed","title":"calls the callback function for the Button component "},{"ancestorTitles":["SearchBar"],"duration":82,"failureDetails":[],"failureMessages":[],"fullName":"SearchBar calls the callback function on submit ","invocations":1,"location":null,"numPassingAsserts":2,"retryReasons":[],"status":"passed","title":"calls the callback function on submit "},{"ancestorTitles":["SearchBar"],"duration":17,"failureDetails":[],"failureMessages":[],"fullName":"SearchBar renders a default placeholder","invocations":1,"location":null,"numPassingAsserts":1,"retryReasons":[],"status":"passed","title":"renders a default placeholder"},{"ancestorTitles":["SearchBar"],"duration":20,"failureDetails":[],"failureMessages":[],"fullName":"SearchBar sets additional TextInput props","invocations":1,"location":null,"numPassingAsserts":2,"retryReasons":[],"status":"passed","title":"sets additional TextInput props"},{"ancestorTitles":["SearchBar"],"duration":10,"failureDetails":[],"failureMessages":[],"fullName":"SearchBar renders 'required' in the placeholder text","invocations":1,"location":null,"numPassingAsserts":2,"retryReasons":[],"status":"passed","title":"renders 'required' in the placeholder text"},{"ancestorTitles":["SearchBar"],"duration":63,"failureDetails":[],"failureMessages":[],"fullName":"SearchBar logs a warning when there is no `id` passed","invocations":1,"location":null,"numPassingAsserts":1,"retryReasons":[],"status":"passed","title":"logs a warning when there is no `id` passed"},{"ancestorTitles":["SearchBar"],"duration":171,"failureDetails":[],"failureMessages":[],"fullName":"SearchBar renders the UI snapshot correctly","invocations":1,"location":null,"numPassingAsserts":13,"retryReasons":[],"status":"passed","title":"renders the UI snapshot correctly"},{"ancestorTitles":["SearchBar"],"duration":34,"failureDetails":[],"failureMessages":[],"fullName":"SearchBar passes a ref to the div wrapper element","invocations":1,"location":null,"numPassingAsserts":1,"retryReasons":[],"status":"passed","title":"passes a ref to the div wrapper element"}],"endTime":1710438290004,"message":"","name":"/Users/edwinguzman/projects/design/nypl-design-system/src/components/SearchBar/SearchBar.test.tsx","startTime":1710438235047,"status":"passed","summary":""},{"assertionResults":[{"ancestorTitles":["Slider Accessibility","Single Slider"],"duration":1069,"failureDetails":[],"failureMessages":[],"fullName":"Slider Accessibility Single Slider passes axe accessibility test","invocations":1,"location":null,"numPassingAsserts":1,"retryReasons":[],"status":"passed","title":"passes axe accessibility test"},{"ancestorTitles":["Slider Accessibility","Single Slider"],"duration":429,"failureDetails":[],"failureMessages":[],"fullName":"Slider Accessibility Single Slider passes axe accessibility test without a label","invocations":1,"location":null,"numPassingAsserts":1,"retryReasons":[],"status":"passed","title":"passes axe accessibility test without a label"},{"ancestorTitles":["Slider Accessibility","Single Slider"],"duration":518,"failureDetails":[],"failureMessages":[],"fullName":"Slider Accessibility Single Slider passes axe accessibility test without visible values","invocations":1,"location":null,"numPassingAsserts":1,"retryReasons":[],"status":"passed","title":"passes axe accessibility test without visible values"},{"ancestorTitles":["Slider Accessibility","Range Slider"],"duration":660,"failureDetails":[],"failureMessages":[],"fullName":"Slider Accessibility Range Slider passes axe accessibility test","invocations":1,"location":null,"numPassingAsserts":1,"retryReasons":[],"status":"passed","title":"passes axe accessibility test"},{"ancestorTitles":["Slider Accessibility","Range Slider"],"duration":767,"failureDetails":[],"failureMessages":[],"fullName":"Slider Accessibility Range Slider passes axe accessibility test without a label","invocations":1,"location":null,"numPassingAsserts":1,"retryReasons":[],"status":"passed","title":"passes axe accessibility test without a label"},{"ancestorTitles":["Slider Accessibility","Range Slider"],"duration":919,"failureDetails":[],"failureMessages":[],"fullName":"Slider Accessibility Range Slider passes axe accessibility test without visible values","invocations":1,"location":null,"numPassingAsserts":1,"retryReasons":[],"status":"passed","title":"passes axe accessibility test without visible values"},{"ancestorTitles":["Slider","Single Slider"],"duration":935,"failureDetails":[],"failureMessages":[],"fullName":"Slider Single Slider renders a label, two static values, text input, and helper text","invocations":1,"location":null,"numPassingAsserts":6,"retryReasons":[],"status":"passed","title":"renders a label, two static values, text input, and helper text"},{"ancestorTitles":["Slider","Single Slider"],"duration":27,"failureDetails":[],"failureMessages":[],"fullName":"Slider Single Slider adds the appropriate aria-* attributes to the slider element","invocations":1,"location":null,"numPassingAsserts":4,"retryReasons":[],"status":"passed","title":"adds the appropriate aria-* attributes to the slider element"},{"ancestorTitles":["Slider","Single Slider"],"duration":177,"failureDetails":[],"failureMessages":[],"fullName":"Slider Single Slider renders the '(Required)' text in the label or hides it","invocations":1,"location":null,"numPassingAsserts":2,"retryReasons":[],"status":"passed","title":"renders the '(Required)' text in the label or hides it"},{"ancestorTitles":["Slider","Single Slider"],"duration":125,"failureDetails":[],"failureMessages":[],"fullName":"Slider Single Slider hides the label but adds it as an aria-label attribute","invocations":1,"location":null,"numPassingAsserts":2,"retryReasons":[],"status":"passed","title":"hides the label but adds it as an aria-label attribute"},{"ancestorTitles":["Slider","Single Slider"],"duration":146,"failureDetails":[],"failureMessages":[],"fullName":"Slider Single Slider hides the min/max static values","invocations":1,"location":null,"numPassingAsserts":4,"retryReasons":[],"status":"passed","title":"hides the min/max static values"},{"ancestorTitles":["Slider","Single Slider"],"duration":215,"failureDetails":[],"failureMessages":[],"fullName":"Slider Single Slider hides the current value input box","invocations":1,"location":null,"numPassingAsserts":3,"retryReasons":[],"status":"passed","title":"hides the current value input box"},{"ancestorTitles":["Slider","Single Slider"],"duration":143,"failureDetails":[],"failureMessages":[],"fullName":"Slider Single Slider renders the invalid state","invocations":1,"location":null,"numPassingAsserts":3,"retryReasons":[],"status":"passed","title":"renders the invalid state"},{"ancestorTitles":["Slider","Single Slider"],"duration":138,"failureDetails":[],"failureMessages":[],"fullName":"Slider Single Slider renders the invalid state if the min prop is greater than the max prop","invocations":1,"location":null,"numPassingAsserts":4,"retryReasons":[],"status":"passed","title":"renders the invalid state if the min prop is greater than the max prop"},{"ancestorTitles":["Slider","Single Slider"],"duration":100,"failureDetails":[],"failureMessages":[],"fullName":"Slider Single Slider renders the disabled state","invocations":1,"location":null,"numPassingAsserts":1,"retryReasons":[],"status":"passed","title":"renders the disabled state"},{"ancestorTitles":["Slider","Single Slider"],"duration":146,"failureDetails":[],"failureMessages":[],"fullName":"Slider Single Slider updates the value through the text input","invocations":1,"location":null,"numPassingAsserts":2,"retryReasons":[],"status":"passed","title":"updates the value through the text input"},{"ancestorTitles":["Slider","Single Slider"],"duration":32,"failureDetails":[],"failureMessages":[],"fullName":"Slider Single Slider doesn't crash if no onChange callback function is passed","invocations":1,"location":null,"numPassingAsserts":1,"retryReasons":[],"status":"passed","title":"doesn't crash if no onChange callback function is passed"},{"ancestorTitles":["Slider","Single Slider"],"duration":179,"failureDetails":[],"failureMessages":[],"fullName":"Slider Single Slider gets the current value through the onChange callback function","invocations":1,"location":null,"numPassingAsserts":2,"retryReasons":[],"status":"passed","title":"gets the current value through the onChange callback function"},{"ancestorTitles":["Slider","Single Slider"],"duration":77,"failureDetails":[],"failureMessages":[],"fullName":"Slider Single Slider gets the current value through the onChangeEnd callback function","invocations":1,"location":null,"numPassingAsserts":2,"retryReasons":[],"status":"passed","title":"gets the current value through the onChangeEnd callback function"},{"ancestorTitles":["Slider","Single Slider"],"duration":9,"failureDetails":[],"failureMessages":[],"fullName":"Slider Single Slider logs a warning when both `onChange` and `onChangeEnd` are passed","invocations":1,"location":null,"numPassingAsserts":2,"retryReasons":[],"status":"passed","title":"logs a warning when both `onChange` and `onChangeEnd` are passed"},{"ancestorTitles":["Slider","Single Slider"],"duration":197,"failureDetails":[],"failureMessages":[],"fullName":"Slider Single Slider updates the value programmatically through the `value` prop","invocations":1,"location":null,"numPassingAsserts":4,"retryReasons":[],"status":"passed","title":"updates the value programmatically through the `value` prop"},{"ancestorTitles":["Slider","Single Slider"],"duration":233,"failureDetails":[],"failureMessages":[],"fullName":"Slider Single Slider renders the UI snapshot correctly","invocations":1,"location":null,"numPassingAsserts":9,"retryReasons":[],"status":"passed","title":"renders the UI snapshot correctly"},{"ancestorTitles":["Slider","Single Slider"],"duration":97,"failureDetails":[],"failureMessages":[],"fullName":"Slider Single Slider passes a ref to the div wrapper element","invocations":1,"location":null,"numPassingAsserts":1,"retryReasons":[],"status":"passed","title":"passes a ref to the div wrapper element"},{"ancestorTitles":["Slider","Range Slider"],"duration":286,"failureDetails":[],"failureMessages":[],"fullName":"Slider Range Slider renders everything from the single but also two text input fields","invocations":1,"location":null,"numPassingAsserts":8,"retryReasons":[],"status":"passed","title":"renders everything from the single but also two text input fields"},{"ancestorTitles":["Slider","Range Slider"],"duration":57,"failureDetails":[],"failureMessages":[],"fullName":"Slider Range Slider adds the appropriate aria-* attributes to the slider element","invocations":1,"location":null,"numPassingAsserts":8,"retryReasons":[],"status":"passed","title":"adds the appropriate aria-* attributes to the slider element"},{"ancestorTitles":["Slider","Range Slider"],"duration":68,"failureDetails":[],"failureMessages":[],"fullName":"Slider Range Slider hides the label but adds it as an aria-label attribute","invocations":1,"location":null,"numPassingAsserts":3,"retryReasons":[],"status":"passed","title":"hides the label but adds it as an aria-label attribute"},{"ancestorTitles":["Slider","Range Slider"],"duration":82,"failureDetails":[],"failureMessages":[],"fullName":"Slider Range Slider renders with min and max values as the default values if no `defaultValue` array is passed","invocations":1,"location":null,"numPassingAsserts":2,"retryReasons":[],"status":"passed","title":"renders with min and max values as the default values if no `defaultValue` array is passed"},{"ancestorTitles":["Slider","Range Slider"],"duration":155,"failureDetails":[],"failureMessages":[],"fullName":"Slider Range Slider renders the invalid state if the min prop is greater than the max prop","invocations":1,"location":null,"numPassingAsserts":4,"retryReasons":[],"status":"passed","title":"renders the invalid state if the min prop is greater than the max prop"},{"ancestorTitles":["Slider","Range Slider"],"duration":135,"failureDetails":[],"failureMessages":[],"fullName":"Slider Range Slider renders the invalid state if the start is greater than the end values","invocations":1,"location":null,"numPassingAsserts":5,"retryReasons":[],"status":"passed","title":"renders the invalid state if the start is greater than the end values"},{"ancestorTitles":["Slider","Range Slider"],"duration":178,"failureDetails":[],"failureMessages":[],"fullName":"Slider Range Slider updates the value through the text input","invocations":1,"location":null,"numPassingAsserts":2,"retryReasons":[],"status":"passed","title":"updates the value through the text input"},{"ancestorTitles":["Slider","Range Slider"],"duration":11,"failureDetails":[],"failureMessages":[],"fullName":"Slider Range Slider logs a warning when there is no `id` passed","invocations":1,"location":null,"numPassingAsserts":1,"retryReasons":[],"status":"passed","title":"logs a warning when there is no `id` passed"},{"ancestorTitles":["Slider","Range Slider"],"duration":291,"failureDetails":[],"failureMessages":[],"fullName":"Slider Range Slider updates the value programmatically through the `value` prop","invocations":1,"location":null,"numPassingAsserts":8,"retryReasons":[],"status":"passed","title":"updates the value programmatically through the `value` prop"},{"ancestorTitles":["Slider","Range Slider"],"duration":153,"failureDetails":[],"failureMessages":[],"fullName":"Slider Range Slider renders the UI snapshot correctly","invocations":1,"location":null,"numPassingAsserts":7,"retryReasons":[],"status":"passed","title":"renders the UI snapshot correctly"},{"ancestorTitles":["Slider","Range Slider"],"duration":65,"failureDetails":[],"failureMessages":[],"fullName":"Slider Range Slider passes a ref to the div wrapper element","invocations":1,"location":null,"numPassingAsserts":1,"retryReasons":[],"status":"passed","title":"passes a ref to the div wrapper element"},{"ancestorTitles":["Slider"],"duration":107,"failureDetails":[],"failureMessages":[],"fullName":"Slider gets the current value through the onChangeEnd callback function","invocations":1,"location":null,"numPassingAsserts":2,"retryReasons":[],"status":"passed","title":"gets the current value through the onChangeEnd callback function"}],"endTime":1710438290393,"message":"","name":"/Users/edwinguzman/projects/design/nypl-design-system/src/components/Slider/Slider.test.tsx","startTime":1710438235151,"status":"passed","summary":""},{"assertionResults":[{"ancestorTitles":["DatePicker Accessibility"],"duration":1578,"failureDetails":[],"failureMessages":[],"fullName":"DatePicker Accessibility passes axe accessibility for a single date input","invocations":1,"location":null,"numPassingAsserts":1,"retryReasons":[],"status":"passed","title":"passes axe accessibility for a single date input"},{"ancestorTitles":["DatePicker Accessibility"],"duration":618,"failureDetails":[],"failureMessages":[],"fullName":"DatePicker Accessibility passes axe accessibility with hidden label","invocations":1,"location":null,"numPassingAsserts":1,"retryReasons":[],"status":"passed","title":"passes axe accessibility with hidden label"},{"ancestorTitles":["DatePicker Accessibility"],"duration":1920,"failureDetails":[],"failureMessages":[],"fullName":"DatePicker Accessibility passes axe accessibility for a date range","invocations":1,"location":null,"numPassingAsserts":1,"retryReasons":[],"status":"passed","title":"passes axe accessibility for a date range"},{"ancestorTitles":["DatePicker Accessibility"],"duration":744,"failureDetails":[],"failureMessages":[],"fullName":"DatePicker Accessibility passes axe accessibility for a date range with hidden label","invocations":1,"location":null,"numPassingAsserts":1,"retryReasons":[],"status":"passed","title":"passes axe accessibility for a date range with hidden label"},{"ancestorTitles":["DatePicker","Single input"],"duration":12,"failureDetails":[],"failureMessages":[],"fullName":"DatePicker Single input should render the basic date input field including a date","invocations":1,"location":null,"numPassingAsserts":4,"retryReasons":[],"status":"passed","title":"should render the basic date input field including a date"},{"ancestorTitles":["DatePicker","Single input"],"duration":30,"failureDetails":[],"failureMessages":[],"fullName":"DatePicker Single input should render with an initial date if a date is passed","invocations":1,"location":null,"numPassingAsserts":1,"retryReasons":[],"status":"passed","title":"should render with an initial date if a date is passed"},{"ancestorTitles":["DatePicker","Single input"],"duration":33,"failureDetails":[],"failureMessages":[],"fullName":"DatePicker Single input should render with an empty input if an empty string is passed as the initialDate","invocations":1,"location":null,"numPassingAsserts":1,"retryReasons":[],"status":"passed","title":"should render with an empty input if an empty string is passed as the initialDate"},{"ancestorTitles":["DatePicker","Single input"],"duration":10,"failureDetails":[],"failureMessages":[],"fullName":"DatePicker Single input should render with today's date if no initialDate is passed","invocations":1,"location":null,"numPassingAsserts":1,"retryReasons":[],"status":"passed","title":"should render with today's date if no initialDate is passed"},{"ancestorTitles":["DatePicker","Single input"],"duration":115,"failureDetails":[],"failureMessages":[],"fullName":"DatePicker Single input should render the 'month' DatePicker type","invocations":1,"location":null,"numPassingAsserts":3,"retryReasons":[],"status":"passed","title":"should render the 'month' DatePicker type"},{"ancestorTitles":["DatePicker","Single input"],"duration":49,"failureDetails":[],"failureMessages":[],"fullName":"DatePicker Single input should render the 'year' DatePicker type","invocations":1,"location":null,"numPassingAsserts":3,"retryReasons":[],"status":"passed","title":"should render the 'year' DatePicker type"},{"ancestorTitles":["DatePicker","Single input"],"duration":115,"failureDetails":[],"failureMessages":[],"fullName":"DatePicker Single input should render a custom date format","invocations":1,"location":null,"numPassingAsserts":2,"retryReasons":[],"status":"passed","title":"should render a custom date format"},{"ancestorTitles":["DatePicker","Single input"],"duration":22,"failureDetails":[],"failureMessages":[],"fullName":"DatePicker Single input should hide the input label but add an aria-label","invocations":1,"location":null,"numPassingAsserts":2,"retryReasons":[],"status":"passed","title":"should hide the input label but add an aria-label"},{"ancestorTitles":["DatePicker","Single input"],"duration":130,"failureDetails":[],"failureMessages":[],"fullName":"DatePicker Single input should render with helper text and error text","invocations":1,"location":null,"numPassingAsserts":6,"retryReasons":[],"status":"passed","title":"should render with helper text and error text"},{"ancestorTitles":["DatePicker","Single input"],"duration":39,"failureDetails":[],"failureMessages":[],"fullName":"DatePicker Single input should not render the helper text or invalid text when 'showHelperInvalidText' is false","invocations":1,"location":null,"numPassingAsserts":4,"retryReasons":[],"status":"passed","title":"should not render the helper text or invalid text when 'showHelperInvalidText' is false"},{"ancestorTitles":["DatePicker","Single input"],"duration":8,"failureDetails":[],"failureMessages":[],"fullName":"DatePicker Single input should render a disabled input field","invocations":1,"location":null,"numPassingAsserts":1,"retryReasons":[],"status":"passed","title":"should render a disabled input field"},{"ancestorTitles":["DatePicker","Single input"],"duration":31,"failureDetails":[],"failureMessages":[],"fullName":"DatePicker Single input should render a required label","invocations":1,"location":null,"numPassingAsserts":1,"retryReasons":[],"status":"passed","title":"should render a required label"},{"ancestorTitles":["DatePicker","Single input"],"duration":66,"failureDetails":[],"failureMessages":[],"fullName":"DatePicker Single input should hide the (Required) text in the label with `showRequiredLabel`","invocations":1,"location":null,"numPassingAsserts":3,"retryReasons":[],"status":"passed","title":"should hide the (Required) text in the label with `showRequiredLabel`"},{"ancestorTitles":["DatePicker","Single input"],"duration":670,"failureDetails":[],"failureMessages":[],"fullName":"DatePicker Single input should pass the value to the `onChange` function","invocations":1,"location":null,"numPassingAsserts":2,"retryReasons":[],"status":"passed","title":"should pass the value to the `onChange` function"},{"ancestorTitles":["DatePicker","Single input"],"duration":68,"failureDetails":[],"failureMessages":[],"fullName":"DatePicker Single input should throw a warning when refs are used but not `name` props","invocations":1,"location":null,"numPassingAsserts":1,"retryReasons":[],"status":"passed","title":"should throw a warning when refs are used but not `name` props"},{"ancestorTitles":["DatePicker","Single input"],"duration":8,"failureDetails":[],"failureMessages":[],"fullName":"DatePicker Single input should throw a warning when `onChange` is passed as well as a `ref` prop.","invocations":1,"location":null,"numPassingAsserts":1,"retryReasons":[],"status":"passed","title":"should throw a warning when `onChange` is passed as well as a `ref` prop."},{"ancestorTitles":["DatePicker","Single input"],"duration":60,"failureDetails":[],"failureMessages":[],"fullName":"DatePicker Single input renders the UI snapshot correctly","invocations":1,"location":null,"numPassingAsserts":7,"retryReasons":[],"status":"passed","title":"renders the UI snapshot correctly"},{"ancestorTitles":["DatePicker","Single input"],"duration":7,"failureDetails":[],"failureMessages":[],"fullName":"DatePicker Single input passes a ref to the input element","invocations":1,"location":null,"numPassingAsserts":1,"retryReasons":[],"status":"passed","title":"passes a ref to the input element"},{"ancestorTitles":["DatePicker","Date Range"],"duration":17,"failureDetails":[],"failureMessages":[],"fullName":"DatePicker Date Range should render the date range with two input fields","invocations":1,"location":null,"numPassingAsserts":3,"retryReasons":[],"status":"passed","title":"should render the date range with two input fields"},{"ancestorTitles":["DatePicker","Date Range"],"duration":189,"failureDetails":[],"failureMessages":[],"fullName":"DatePicker Date Range should render the initial dates","invocations":1,"location":null,"numPassingAsserts":2,"retryReasons":[],"status":"passed","title":"should render the initial dates"},{"ancestorTitles":["DatePicker","Date Range"],"duration":327,"failureDetails":[],"failureMessages":[],"fullName":"DatePicker Date Range should render two input labels and three separate helper text","invocations":1,"location":null,"numPassingAsserts":7,"retryReasons":[],"status":"passed","title":"should render two input labels and three separate helper text"},{"ancestorTitles":["DatePicker","Date Range"],"duration":531,"failureDetails":[],"failureMessages":[],"fullName":"DatePicker Date Range should render different states based on respective props","invocations":1,"location":null,"numPassingAsserts":6,"retryReasons":[],"status":"passed","title":"should render different states based on respective props"},{"ancestorTitles":["DatePicker","Date Range"],"duration":149,"failureDetails":[],"failureMessages":[],"fullName":"DatePicker Date Range renders the UI snapshot correctly","invocations":1,"location":null,"numPassingAsserts":5,"retryReasons":[],"status":"passed","title":"renders the UI snapshot correctly"},{"ancestorTitles":["DatePicker","Date Range"],"duration":1643,"failureDetails":[],"failureMessages":[],"fullName":"DatePicker Date Range should select two new dates","invocations":1,"location":null,"numPassingAsserts":7,"retryReasons":[],"status":"passed","title":"should select two new dates"},{"ancestorTitles":["DatePicker","Date Range"],"duration":61,"failureDetails":[],"failureMessages":[],"fullName":"DatePicker Date Range passes two refs to both input elements","invocations":1,"location":null,"numPassingAsserts":2,"retryReasons":[],"status":"passed","title":"passes two refs to both input elements"},{"ancestorTitles":["DatePicker","Popup Calendar"],"duration":534,"failureDetails":[],"failureMessages":[],"fullName":"DatePicker Popup Calendar should render a popup calendar for the full date","invocations":1,"location":null,"numPassingAsserts":10,"retryReasons":[],"status":"passed","title":"should render a popup calendar for the full date"},{"ancestorTitles":["DatePicker","Popup Calendar"],"duration":1419,"failureDetails":[],"failureMessages":[],"fullName":"DatePicker Popup Calendar should select a new date from the calendar","invocations":1,"location":null,"numPassingAsserts":4,"retryReasons":[],"status":"passed","title":"should select a new date from the calendar"},{"ancestorTitles":["DatePicker","Popup Calendar"],"duration":344,"failureDetails":[],"failureMessages":[],"fullName":"DatePicker Popup Calendar should render a popup calendar for the month date","invocations":1,"location":null,"numPassingAsserts":15,"retryReasons":[],"status":"passed","title":"should render a popup calendar for the month date"},{"ancestorTitles":["DatePicker","Popup Calendar"],"duration":511,"failureDetails":[],"failureMessages":[],"fullName":"DatePicker Popup Calendar should select a new month from the calendar","invocations":1,"location":null,"numPassingAsserts":4,"retryReasons":[],"status":"passed","title":"should select a new month from the calendar"},{"ancestorTitles":["DatePicker","Popup Calendar"],"duration":289,"failureDetails":[],"failureMessages":[],"fullName":"DatePicker Popup Calendar should render a popup calendar for the year date","invocations":1,"location":null,"numPassingAsserts":14,"retryReasons":[],"status":"passed","title":"should render a popup calendar for the year date"},{"ancestorTitles":["DatePicker","Popup Calendar"],"duration":386,"failureDetails":[],"failureMessages":[],"fullName":"DatePicker Popup Calendar should select a new year from the calendar","invocations":1,"location":null,"numPassingAsserts":2,"retryReasons":[],"status":"passed","title":"should select a new year from the calendar"},{"ancestorTitles":["DatePicker","Popup Calendar"],"duration":7,"failureDetails":[],"failureMessages":[],"fullName":"DatePicker Popup Calendar logs a warning when there is no `id` passed","invocations":1,"location":null,"numPassingAsserts":1,"retryReasons":[],"status":"passed","title":"logs a warning when there is no `id` passed"}],"endTime":1710438296533,"message":"","name":"/Users/edwinguzman/projects/design/nypl-design-system/src/components/DatePicker/DatePicker.test.tsx","startTime":1710438235069,"status":"passed","summary":""},{"assertionResults":[{"ancestorTitles":["Select Accessibility"],"duration":1153,"failureDetails":[],"failureMessages":[],"fullName":"Select Accessibility passes axe accessibility test","invocations":1,"location":null,"numPassingAsserts":1,"retryReasons":[],"status":"passed","title":"passes axe accessibility test"},{"ancestorTitles":["Select Accessibility"],"duration":1218,"failureDetails":[],"failureMessages":[],"fullName":"Select Accessibility passes axe accessibility test with hidden label","invocations":1,"location":null,"numPassingAsserts":1,"retryReasons":[],"status":"passed","title":"passes axe accessibility test with hidden label"},{"ancestorTitles":["Select"],"duration":388,"failureDetails":[],"failureMessages":[],"fullName":"Select renders a label, select, option, and helper text DOM elements","invocations":1,"location":null,"numPassingAsserts":4,"retryReasons":[],"status":"passed","title":"renders a label, select, option, and helper text DOM elements"},{"ancestorTitles":["Select"],"duration":86,"failureDetails":[],"failureMessages":[],"fullName":"Select renders a name attribute to use in forms","invocations":1,"location":null,"numPassingAsserts":1,"retryReasons":[],"status":"passed","title":"renders a name attribute to use in forms"},{"ancestorTitles":["Select"],"duration":54,"failureDetails":[],"failureMessages":[],"fullName":"Select renders an aria-label attribute when `showLabel` is false","invocations":1,"location":null,"numPassingAsserts":2,"retryReasons":[],"status":"passed","title":"renders an aria-label attribute when `showLabel` is false"},{"ancestorTitles":["Select"],"duration":54,"failureDetails":[],"failureMessages":[],"fullName":"Select renders aria-describedby when helperText prop is passed","invocations":1,"location":null,"numPassingAsserts":1,"retryReasons":[],"status":"passed","title":"renders aria-describedby when helperText prop is passed"},{"ancestorTitles":["Select"],"duration":107,"failureDetails":[],"failureMessages":[],"fullName":"Select renders '(Required)' text in the label","invocations":1,"location":null,"numPassingAsserts":2,"retryReasons":[],"status":"passed","title":"renders '(Required)' text in the label"},{"ancestorTitles":["Select"],"duration":45,"failureDetails":[],"failureMessages":[],"fullName":"Select renders required and aria-required attributes when 'showLabel' is false","invocations":1,"location":null,"numPassingAsserts":3,"retryReasons":[],"status":"passed","title":"renders required and aria-required attributes when 'showLabel' is false"},{"ancestorTitles":["Select"],"duration":21,"failureDetails":[],"failureMessages":[],"fullName":"Select should not render a required label if 'showRequiredLabel' flag is false, but still render the label","invocations":1,"location":null,"numPassingAsserts":2,"retryReasons":[],"status":"passed","title":"should not render a required label if 'showRequiredLabel' flag is false, but still render the label"},{"ancestorTitles":["Select"],"duration":15,"failureDetails":[],"failureMessages":[],"fullName":"Select renders helper text when helperText prop is passed","invocations":1,"location":null,"numPassingAsserts":1,"retryReasons":[],"status":"passed","title":"renders helper text when helperText prop is passed"},{"ancestorTitles":["Select"],"duration":73,"failureDetails":[],"failureMessages":[],"fullName":"Select renders default error text when 'invalidText' prop is not passed and 'isInvalid' prop is set to true","invocations":1,"location":null,"numPassingAsserts":1,"retryReasons":[],"status":"passed","title":"renders default error text when 'invalidText' prop is not passed and 'isInvalid' prop is set to true"},{"ancestorTitles":["Select"],"duration":7,"failureDetails":[],"failureMessages":[],"fullName":"Select does not render the error text when 'isInvalid' is true and 'showHelperInvalidText' is false","invocations":1,"location":null,"numPassingAsserts":1,"retryReasons":[],"status":"passed","title":"does not render the error text when 'isInvalid' is true and 'showHelperInvalidText' is false"},{"ancestorTitles":["Select"],"duration":37,"failureDetails":[],"failureMessages":[],"fullName":"Select renders custom error text when 'invalidText' prop is passed and 'isInvalid' prop is set to true","invocations":1,"location":null,"numPassingAsserts":1,"retryReasons":[],"status":"passed","title":"renders custom error text when 'invalidText' prop is passed and 'isInvalid' prop is set to true"},{"ancestorTitles":["Select"],"duration":119,"failureDetails":[],"failureMessages":[],"fullName":"Select updates the value through a ref","invocations":1,"location":null,"numPassingAsserts":3,"retryReasons":[],"status":"passed","title":"updates the value through a ref"},{"ancestorTitles":["Select"],"duration":127,"failureDetails":[],"failureMessages":[],"fullName":"Select calls the onChange callback function","invocations":1,"location":null,"numPassingAsserts":3,"retryReasons":[],"status":"passed","title":"calls the onChange callback function"},{"ancestorTitles":["Select"],"duration":9,"failureDetails":[],"failureMessages":[],"fullName":"Select logs a warning when there is no `id` passed","invocations":1,"location":null,"numPassingAsserts":1,"retryReasons":[],"status":"passed","title":"logs a warning when there is no `id` passed"},{"ancestorTitles":["Select"],"duration":161,"failureDetails":[],"failureMessages":[],"fullName":"Select Renders the UI snapshot correctly","invocations":1,"location":null,"numPassingAsserts":9,"retryReasons":[],"status":"passed","title":"Renders the UI snapshot correctly"},{"ancestorTitles":["Select"],"duration":29,"failureDetails":[],"failureMessages":[],"fullName":"Select passes a ref to the select element","invocations":1,"location":null,"numPassingAsserts":1,"retryReasons":[],"status":"passed","title":"passes a ref to the select element"}],"endTime":1710438300360,"message":"","name":"/Users/edwinguzman/projects/design/nypl-design-system/src/components/Select/Select.test.tsx","startTime":1710438290163,"status":"passed","summary":""},{"assertionResults":[{"ancestorTitles":["FeedbackBox Accessibility"],"duration":674,"failureDetails":[],"failureMessages":[],"fullName":"FeedbackBox Accessibility passes axe accessibility when closed","invocations":1,"location":null,"numPassingAsserts":1,"retryReasons":[],"status":"passed","title":"passes axe accessibility when closed"},{"ancestorTitles":["FeedbackBox Accessibility"],"duration":1343,"failureDetails":[],"failureMessages":[],"fullName":"FeedbackBox Accessibility passes axe accessibility when opened","invocations":1,"location":null,"numPassingAsserts":3,"retryReasons":[],"status":"passed","title":"passes axe accessibility when opened"},{"ancestorTitles":["FeedbackBox"],"duration":150,"failureDetails":[],"failureMessages":[],"fullName":"FeedbackBox renders a button component","invocations":1,"location":null,"numPassingAsserts":1,"retryReasons":[],"status":"passed","title":"renders a button component"},{"ancestorTitles":["FeedbackBox"],"duration":1972,"failureDetails":[],"failureMessages":[],"fullName":"FeedbackBox renders the basic content when opened","invocati
[...]
nternal value through its `set` function","invocations":1,"location":null,"numPassingAsserts":4,"retryReasons":[],"status":"passed","title":"updates its internal value through its `set` function"},{"ancestorTitles":["useStateWithDependencies hook"],"duration":72,"failureDetails":[],"failureMessages":[],"fullName":"useStateWithDependencies hook updates its internal value through a prop value","invocations":1,"location":null,"numPassingAsserts":5,"retryReasons":[],"status":"passed","title":"updates its internal value through a prop value"}],"endTime":1710438344685,"message":"","name":"/Users/edwinguzman/projects/design/nypl-design-system/src/hooks/__tests__/useStateWithDependencies.test.tsx","startTime":1710438342249,"status":"passed","summary":""},{"assertionResults":[{"ancestorTitles":["useFilterBar hook"],"duration":49,"failureDetails":[],"failureMessages":[],"fullName":"useFilterBar hook should return a boolean value isModalOpen, functions onOpen, onClose and onToggle to change the isModalOpen state and all functions from useMultiSelect","invocations":1,"location":null,"numPassingAsserts":10,"retryReasons":[],"status":"passed","title":"should return a boolean value isModalOpen, functions onOpen, onClose and onToggle to change the isModalOpen state and all functions from useMultiSelect"},{"ancestorTitles":["useFilterBar hook"],"duration":20,"failureDetails":[],"failureMessages":[],"fullName":"useFilterBar hook should change the isModalOpen value when onToggle is called","invocations":1,"location":null,"numPassingAsserts":2,"retryReasons":[],"status":"passed","title":"should change the isModalOpen value when onToggle is called"},{"ancestorTitles":["useFilterBar hook"],"duration":4,"failureDetails":[],"failureMessages":[],"fullName":"useFilterBar hook should change and keep the isModalOpen value as true when onOpen is called","invocations":1,"location":null,"numPassingAsserts":3,"retryReasons":[],"status":"passed","title":"should change and keep the isModalOpen value as true when onOpen is called"},{"ancestorTitles":["useFilterBar hook"],"duration":4,"failureDetails":[],"failureMessages":[],"fullName":"useFilterBar hook should change and keep the isModalOpen value as false when onClose is called","invocations":1,"location":null,"numPassingAsserts":4,"retryReasons":[],"status":"passed","title":"should change and keep the isModalOpen value as false when onClose is called"}],"endTime":1710438344719,"message":"","name":"/Users/edwinguzman/projects/design/nypl-design-system/src/hooks/__tests__/useFilterBar.test.ts","startTime":1710438342261,"status":"passed","summary":""},{"assertionResults":[{"ancestorTitles":["useCarouselStyles hook"],"duration":45,"failureDetails":[],"failureMessages":[],"fullName":"useCarouselStyles hook returns two functions and a CSS style object","invocations":1,"location":null,"numPassingAsserts":3,"retryReasons":[],"status":"passed","title":"returns two functions and a CSS style object"},{"ancestorTitles":["useCarouselStyles hook"],"duration":8,"failureDetails":[],"failureMessages":[],"fullName":"useCarouselStyles hook updates the style object when the nextSlide function is clicked","invocations":1,"location":null,"numPassingAsserts":4,"retryReasons":[],"status":"passed","title":"updates the style object when the nextSlide function is clicked"},{"ancestorTitles":["useCarouselStyles hook"],"duration":16,"failureDetails":[],"failureMessages":[],"fullName":"useCarouselStyles hook updates the style object when the prevSlide function is clicked","invocations":1,"location":null,"numPassingAsserts":4,"retryReasons":[],"status":"passed","title":"updates the style object when the prevSlide function is clicked"},{"ancestorTitles":["useCarouselStyles hook"],"duration":2,"failureDetails":[],"failureMessages":[],"fullName":"useCarouselStyles hook resets the slide back to the first slide","invocations":1,"location":null,"numPassingAsserts":3,"retryReasons":[],"status":"passed","title":"resets the slide back to the first slide"},{"ancestorTitles":["useCarouselStyles hook"],"duration":3,"failureDetails":[],"failureMessages":[],"fullName":"useCarouselStyles hook can set a custom slide count and slide width","invocations":1,"location":null,"numPassingAsserts":2,"retryReasons":[],"status":"passed","title":"can set a custom slide count and slide width"}],"endTime":1710438344776,"message":"","name":"/Users/edwinguzman/projects/design/nypl-design-system/src/hooks/__tests__/useCarouselStyles.test.ts","startTime":1710438342900,"status":"passed","summary":""},{"assertionResults":[{"ancestorTitles":["getSectionColors"],"duration":4,"failureDetails":[],"failureMessages":[],"fullName":"getSectionColors returns an object with primary and secondary colors for the passed type","invocations":1,"location":null,"numPassingAsserts":4,"retryReasons":[],"status":"passed","title":"returns an object with primary and secondary colors for the passed type"},{"ancestorTitles":["getSectionColors"],"duration":1,"failureDetails":[],"failureMessages":[],"fullName":"getSectionColors returns a string with the appropriate color value","invocations":1,"location":null,"numPassingAsserts":4,"retryReasons":[],"status":"passed","title":"returns a string with the appropriate color value"},{"ancestorTitles":["getSectionColors"],"duration":1,"failureDetails":[],"failureMessages":[],"fullName":"getSectionColors returns a string with the dark mode color variant","invocations":1,"location":null,"numPassingAsserts":4,"retryReasons":[],"status":"passed","title":"returns a string with the dark mode color variant"}],"endTime":1710438344883,"message":"","name":"/Users/edwinguzman/projects/design/nypl-design-system/src/__tests__/utils/getSectionColors.test.ts","startTime":1710438343115,"status":"passed","summary":""},{"assertionResults":[{"ancestorTitles":["FeaturedContent accessibility tests"],"duration":916,"failureDetails":[],"failureMessages":[],"fullName":"FeaturedContent accessibility tests passes for default layout","invocations":1,"location":null,"numPassingAsserts":1,"retryReasons":[],"status":"passed","title":"passes for default layout"},{"ancestorTitles":["FeaturedContent accessibility tests"],"duration":374,"failureDetails":[],"failureMessages":[],"fullName":"FeaturedContent accessibility tests passes for full layout","invocations":1,"location":null,"numPassingAsserts":1,"retryReasons":[],"status":"passed","title":"passes for full layout"},{"ancestorTitles":["FeaturedContent"],"duration":78,"failureDetails":[],"failureMessages":[],"fullName":"FeaturedContent renders the given image and text block","invocations":1,"location":null,"numPassingAsserts":3,"retryReasons":[],"status":"passed","title":"renders the given image and text block"},{"ancestorTitles":["FeaturedContent"],"duration":34,"failureDetails":[],"failureMessages":[],"fullName":"FeaturedContent logs a warning if `textContent` prop is not present","invocations":1,"location":null,"numPassingAsserts":1,"retryReasons":[],"status":"passed","title":"logs a warning if `textContent` prop is not present"},{"ancestorTitles":["FeaturedContent"],"duration":12,"failureDetails":[],"failureMessages":[],"fullName":"FeaturedContent logs a warning if `imageProps.src` is empty","invocations":1,"location":null,"numPassingAsserts":1,"retryReasons":[],"status":"passed","title":"logs a warning if `imageProps.src` is empty"},{"ancestorTitles":["FeaturedContent"],"duration":38,"failureDetails":[],"failureMessages":[],"fullName":"FeaturedContent logs a warning if `imageProps.alt` is empty","invocations":1,"location":null,"numPassingAsserts":1,"retryReasons":[],"status":"passed","title":"logs a warning if `imageProps.alt` is empty"},{"ancestorTitles":[],"duration":114,"failureDetails":[],"failureMessages":[],"fullName":"Renders the UI snapshot correctly","invocations":1,"location":null,"numPassingAsserts":6,"retryReasons":[],"status":"passed","title":"Renders the UI snapshot correctly"}],"endTime":1710438345267,"message":"","name":"/Users/edwinguzman/projects/design/nypl-design-system/src/components/FeaturedContent/FeaturedContent.test.tsx","startTime":1710438326791,"status":"passed","summary":""},{"assertionResults":[{"ancestorTitles":["range"],"duration":22,"failureDetails":[],"failureMessages":[],"fullName":"range returns an array of values not including the stop argument","invocations":1,"location":null,"numPassingAsserts":3,"retryReasons":[],"status":"passed","title":"returns an array of values not including the stop argument"},{"ancestorTitles":["range"],"duration":2,"failureDetails":[],"failureMessages":[],"fullName":"range returns an array of values skipping by the step argument","invocations":1,"location":null,"numPassingAsserts":6,"retryReasons":[],"status":"passed","title":"returns an array of values skipping by the step argument"}],"endTime":1710438345453,"message":"","name":"/Users/edwinguzman/projects/design/nypl-design-system/src/__tests__/utils/utils.test.ts","startTime":1710438343100,"status":"passed","summary":""},{"assertionResults":[{"ancestorTitles":["StyledList Accessibility"],"duration":332,"failureDetails":[],"failureMessages":[],"fullName":"StyledList Accessibility passes axe accessibility test for li children","invocations":1,"location":null,"numPassingAsserts":1,"retryReasons":[],"status":"passed","title":"passes axe accessibility test for li children"},{"ancestorTitles":["StyledList Accessibility"],"duration":65,"failureDetails":[],"failureMessages":[],"fullName":"StyledList Accessibility passes axe accessibility test for listItems data array","invocations":1,"location":null,"numPassingAsserts":1,"retryReasons":[],"status":"passed","title":"passes axe accessibility test for listItems data array"},{"ancestorTitles":["StyledList Accessibility"],"duration":136,"failureDetails":[],"failureMessages":[],"fullName":"StyledList Accessibility passes axe accessibility test for listItems JSX data array","invocations":1,"location":null,"numPassingAsserts":1,"retryReasons":[],"status":"passed","title":"passes axe accessibility test for listItems JSX data array"},{"ancestorTitles":["StyledList"],"duration":24,"failureDetails":[],"failureMessages":[],"fullName":"StyledList renders unordered list","invocations":1,"location":null,"numPassingAsserts":3,"retryReasons":[],"status":"passed","title":"renders unordered list"},{"ancestorTitles":["StyledList"],"duration":36,"failureDetails":[],"failureMessages":[],"fullName":"StyledList renders unordered list with the `listItems` prop","invocations":1,"location":null,"numPassingAsserts":5,"retryReasons":[],"status":"passed","title":"renders unordered list with the `listItems` prop"},{"ancestorTitles":["StyledList"],"duration":3,"failureDetails":[],"failureMessages":[],"fullName":"StyledList consoles a warning when children and the `listItems` prop are both passed","invocations":1,"location":null,"numPassingAsserts":1,"retryReasons":[],"status":"passed","title":"consoles a warning when children and the `listItems` prop are both passed"},{"ancestorTitles":["StyledList"],"duration":3,"failureDetails":[],"failureMessages":[],"fullName":"StyledList consoles a warning when you pass children that aren't <li>s","invocations":1,"location":null,"numPassingAsserts":1,"retryReasons":[],"status":"passed","title":"consoles a warning when you pass children that aren't <li>s"},{"ancestorTitles":["StyledList"],"duration":38,"failureDetails":[],"failureMessages":[],"fullName":"StyledList Renders the UI snapshot correctly","invocations":1,"location":null,"numPassingAsserts":9,"retryReasons":[],"status":"passed","title":"Renders the UI snapshot correctly"}],"endTime":1710438346621,"message":"","name":"/Users/edwinguzman/projects/design/nypl-design-system/src/components/StyledList/StyledList.test.tsx","startTime":1710438330789,"status":"passed","summary":""},{"assertionResults":[{"ancestorTitles":["SkipNavigation Accessibility"],"duration":148,"failureDetails":[],"failureMessages":[],"fullName":"SkipNavigation Accessibility passes axe accessibility test","invocations":1,"location":null,"numPassingAsserts":1,"retryReasons":[],"status":"passed","title":"passes axe accessibility test"},{"ancestorTitles":["Label"],"duration":30,"failureDetails":[],"failureMessages":[],"fullName":"Label renders a nav element with an unordered list","invocations":1,"location":null,"numPassingAsserts":3,"retryReasons":[],"status":"passed","title":"renders a nav element with an unordered list"},{"ancestorTitles":["Label"],"duration":27,"failureDetails":[],"failureMessages":[],"fullName":"Label renders two links","invocations":1,"location":null,"numPassingAsserts":2,"retryReasons":[],"status":"passed","title":"renders two links"},{"ancestorTitles":["Label"],"duration":17,"failureDetails":[],"failureMessages":[],"fullName":"Label renders a custom main link target","invocations":1,"location":null,"numPassingAsserts":1,"retryReasons":[],"status":"passed","title":"renders a custom main link target"},{"ancestorTitles":["Label"],"duration":29,"failureDetails":[],"failureMessages":[],"fullName":"Label Renders the UI snapshot correctly","invocations":1,"location":null,"numPassingAsserts":4,"retryReasons":[],"status":"passed","title":"Renders the UI snapshot correctly"},{"ancestorTitles":["Label"],"duration":7,"failureDetails":[],"failureMessages":[],"fullName":"Label passes a ref to the nav wrapper element","invocations":1,"location":null,"numPassingAsserts":1,"retryReasons":[],"status":"passed","title":"passes a ref to the nav wrapper element"}],"endTime":1710438347464,"message":"","name":"/Users/edwinguzman/projects/design/nypl-design-system/src/components/SkipNavigation/SkipNavigation.test.tsx","startTime":1710438328687,"status":"passed","summary":""},{"assertionResults":[{"ancestorTitles":["MulitSelectGroup Accessibility"],"duration":null,"failureDetails":[],"failureMessages":[],"fullName":"MulitSelectGroup Accessibility passes axe accessibility with string labels ","invocations":1,"location":null,"numPassingAsserts":0,"retryReasons":[],"status":"pending","title":"passes axe accessibility with string labels "},{"ancestorTitles":["MulitSelectGroup Accessibility"],"duration":null,"failureDetails":[],"failureMessages":[],"fullName":"MulitSelectGroup Accessibility passes axe accessibility with the legend hidden","invocations":1,"location":null,"numPassingAsserts":0,"retryReasons":[],"status":"pending","title":"passes axe accessibility with the legend hidden"},{"ancestorTitles":["MulitSelectGroup Accessibility"],"duration":null,"failureDetails":[],"failureMessages":[],"fullName":"MulitSelectGroup Accessibility <legend> element is available in the DOM when 'showLabel' prop is set to true or false","invocations":1,"location":null,"numPassingAsserts":0,"retryReasons":[],"status":"pending","title":"<legend> element is available in the DOM when 'showLabel' prop is set to true or false"},{"ancestorTitles":["MulitSelectGroup Accessibility"],"duration":null,"failureDetails":[],"failureMessages":[],"fullName":"MulitSelectGroup Accessibility should throw warning when a non-MultiSelect component is used as a child","invocations":1,"location":null,"numPassingAsserts":0,"retryReasons":[],"status":"pending","title":"should throw warning when a non-MultiSelect component is used as a child"},{"ancestorTitles":["MulitSelectGroup Accessibility"],"duration":null,"failureDetails":[],"failureMessages":[],"fullName":"MulitSelectGroup Accessibility renders the UI snapshots correctly","invocations":1,"location":null,"numPassingAsserts":0,"retryReasons":[],"status":"pending","title":"renders the UI snapshots correctly"}],"coverage":{},"endTime":1710438351314,"message":"","name":"/Users/edwinguzman/projects/design/nypl-design-system/src/components/MultiSelectGroup/MultiSelectGroup.test.tsx","startTime":1710438351314,"status":"skipped","summary":""},{"assertionResults":[{"ancestorTitles":["FilterBar Accessibility"],"duration":null,"failureDetails":[],"failureMessages":[],"fullName":"FilterBar Accessibility should have no axe violations on desktop","invocations":1,"location":null,"numPassingAsserts":0,"retryReasons":[],"status":"pending","title":"should have no axe violations on desktop"},{"ancestorTitles":["FilterBar Accessibility"],"duration":null,"failureDetails":[],"failureMessages":[],"fullName":"FilterBar Accessibility should have no axe violations on mobile","invocations":1,"location":null,"numPassingAsserts":0,"retryReasons":[],"status":"pending","title":"should have no axe violations on mobile"},{"ancestorTitles":["FilterBar"],"duration":null,"failureDetails":[],"failureMessages":[],"fullName":"FilterBar should render the `Show Filter` button when window size is mobile","invocations":1,"location":null,"numPassingAsserts":0,"retryReasons":[],"status":"pending","title":"should render the `Show Filter` button when window size is mobile"},{"ancestorTitles":["FilterBar"],"duration":null,"failureDetails":[],"failureMessages":[],"fullName":"FilterBar should open the filter modal whene `Show Filter` button is clicked","invocations":1,"location":null,"numPassingAsserts":0,"retryReasons":[],"status":"pending","title":"should open the filter modal whene `Show Filter` button is clicked"},{"ancestorTitles":["FilterBar"],"duration":null,"failureDetails":[],"failureMessages":[],"fullName":"FilterBar should render a 'Clear Filters' button when showClearAll prop is passed","invocations":1,"location":null,"numPassingAsserts":0,"retryReasons":[],"status":"pending","title":"should render a 'Clear Filters' button when showClearAll prop is passed"},{"ancestorTitles":["FilterBar"],"duration":null,"failureDetails":[],"failureMessages":[],"fullName":"FilterBar should render a 'Apply Filters' button when showSubmitAll prop is passed","invocations":1,"location":null,"numPassingAsserts":0,"retryReasons":[],"status":"pending","title":"should render a 'Apply Filters' button when showSubmitAll prop is passed"},{"ancestorTitles":["FilterBar"],"duration":null,"failureDetails":[],"failureMessages":[],"fullName":"FilterBar should clear the selectedItems when 'Clear Filters' button is clicked","invocations":1,"location":null,"numPassingAsserts":0,"retryReasons":[],"status":"pending","title":"should clear the selectedItems when 'Clear Filters' button is clicked"},{"ancestorTitles":["FilterBar"],"duration":null,"failureDetails":[],"failureMessages":[],"fullName":"FilterBar should call onSubmit function when 'Apply Filters' button is clicked","invocations":1,"location":null,"numPassingAsserts":0,"retryReasons":[],"status":"pending","title":"should call onSubmit function when 'Apply Filters' button is clicked"},{"ancestorTitles":["FilterBar"],"duration":null,"failureDetails":[],"failureMessages":[],"fullName":"FilterBar renders the UI snapshots correctly","invocations":1,"location":null,"numPassingAsserts":0,"retryReasons":[],"status":"pending","title":"renders the UI snapshots correctly"}],"coverage":{},"endTime":1710438351314,"message":"","name":"/Users/edwinguzman/projects/design/nypl-design-system/src/components/FilterBar/FilterBar.test.tsx","startTime":1710438351314,"status":"skipped","summary":""},{"assertionResults":[{"ancestorTitles":["useNYPLTheme"],"duration":12,"failureDetails":[],"failureMessages":[],"fullName":"useNYPLTheme returns an empty object when not used inside a DSProvider component","invocations":1,"location":null,"numPassingAsserts":2,"retryReasons":[],"status":"passed","title":"returns an empty object when not used inside a DSProvider component"},{"ancestorTitles":["useNYPLTheme"],"duration":120,"failureDetails":[],"failureMessages":[],"fullName":"useNYPLTheme returns an object with NYPL styles","invocations":1,"location":null,"numPassingAsserts":2,"retryReasons":[],"status":"passed","title":"returns an object with NYPL styles"}],"endTime":1710438350847,"message":"","name":"/Users/edwinguzman/projects/design/nypl-design-system/src/hooks/__tests__/useNYPLTheme.test.tsx","startTime":1710438336476,"status":"passed","summary":""}],"wasInterrupted":false}
