{"numFailedTestSuites":0,"numFailedTests":0,"numPassedTestSuites":38,"numPassedTests":391,"numPendingTestSuites":0,"numPendingTests":0,"numRuntimeErrorTestSuites":0,"numTodoTests":0,"numTotalTestSuites":38,"numTotalTests":391,"openHandles":[],"snapshot":{"added":0,"didUpdate":false,"failure":false,"filesAdded":0,"filesRemoved":0,"filesRemovedList":[],"filesUnmatched":0,"filesUpdated":0,"matched":166,"total":166,"unchecked":0,"uncheckedKeysByFile":[],"unmatched":0,"updated":0},"startTime":1641590441365,"success":true,"testResults":[{"assertionResults":[{"ancestorTitles":["range"],"failureMessages":[],"fullName":"range returns an array of values not including the stop argument","location":null,"status":"passed","title":"returns an array of values not including the stop argument"},{"ancestorTitles":["range"],"failureMessages":[],"fullName":"range returns an array of values skipping by the step argument","location":null,"status":"passed","title":"returns an array of values skipping by the step argument"}],"endTime":1641590447766,"message":"","name":"/Users/edwinguzman/projects/design/nypl-design-system/src/__tests__/utils/utils.test.ts","startTime":1641590443151,"status":"passed","summary":""},{"assertionResults":[{"ancestorTitles":["useCarouselStyles hook"],"failureMessages":[],"fullName":"useCarouselStyles hook returns two functions and a CSS style object","location":null,"status":"passed","title":"returns two functions and a CSS style object"},{"ancestorTitles":["useCarouselStyles hook"],"failureMessages":[],"fullName":"useCarouselStyles hook updates the style object when the nextSlide function is clicked","location":null,"status":"passed","title":"updates the style object when the nextSlide function is clicked"},{"ancestorTitles":["useCarouselStyles hook"],"failureMessages":[],"fullName":"useCarouselStyles hook updates the style object when the prevSlide function is clicked","location":null,"status":"passed","title":"updates the style object when the prevSlide function is clicked"},{"ancestorTitles":["useCarouselStyles hook"],"failureMessages":[],"fullName":"useCarouselStyles hook resets the slide back to the first slide","location":null,"status":"passed","title":"resets the slide back to the first slide"},{"ancestorTitles":["useCarouselStyles hook"],"failureMessages":[],"fullName":"useCarouselStyles hook can set a custom slide count and slide width","location":null,"status":"passed","title":"can set a custom slide count and slide width"}],"endTime":1641590447983,"message":"","name":"/Users/edwinguzman/projects/design/nypl-design-system/src/hooks/tests/useCarouselStyles.test.ts","startTime":1641590443172,"status":"passed","summary":""},{"assertionResults":[{"ancestorTitles":["useNYPLTheme"],"failureMessages":[],"fullName":"useNYPLTheme returns an empty object when not used inside a DSProvider component","location":null,"status":"passed","title":"returns an empty object when not used inside a DSProvider component"},{"ancestorTitles":["useNYPLTheme"],"failureMessages":[],"fullName":"useNYPLTheme returns an object with NYPL styles","location":null,"status":"passed","title":"returns an object with NYPL styles"}],"endTime":1641590449300,"message":"","name":"/Users/edwinguzman/projects/design/nypl-design-system/src/hooks/tests/useNYPLTheme.test.tsx","startTime":1641590443151,"status":"passed","summary":""},{"assertionResults":[{"ancestorTitles":["StatusBadge Accessibility"],"failureMessages":[],"fullName":"StatusBadge Accessibility passes axe accessibility test","location":null,"status":"passed","title":"passes axe accessibility test"},{"ancestorTitles":["StatusBadge"],"failureMessages":[],"fullName":"StatusBadge renders a status badge and text","location":null,"status":"passed","title":"renders a status badge and text"},{"ancestorTitles":["StatusBadge"],"failureMessages":[],"fullName":"StatusBadge throws a warning when no children are passed","location":null,"status":"passed","title":"throws a warning when no children are passed"},{"ancestorTitles":["StatusBadge"],"failureMessages":[],"fullName":"StatusBadge renders the UI snapshot correctly","location":null,"status":"passed","title":"renders the UI snapshot correctly"}],"endTime":1641590449746,"message":"","name":"/Users/edwinguzman/projects/design/nypl-design-system/src/components/StatusBadge/StatusBadge.test.tsx","startTime":1641590443298,"status":"passed","summary":""},{"assertionResults":[{"ancestorTitles":["Text Accessibility"],"failureMessages":[],"fullName":"Text Accessibility passes axe accessibility test","location":null,"status":"passed","title":"passes axe accessibility test"},{"ancestorTitles":["Text"],"failureMessages":[],"fullName":"Text renders a <p> tag and text","location":null,"status":"passed","title":"renders a <p> tag and text"},{"ancestorTitles":["Text"],"failureMessages":[],"fullName":"Text throws a warning when no children are passed","location":null,"status":"passed","title":"throws a warning when no children are passed"},{"ancestorTitles":["Text"],"failureMessages":[],"fullName":"Text renders the UI snapshot correctly","location":null,"status":"passed","title":"renders the UI snapshot correctly"}],"endTime":1641590449920,"message":"","name":"/Users/edwinguzman/projects/design/nypl-design-system/src/components/Text/Text.test.tsx","startTime":1641590443507,"status":"passed","summary":""},{"assertionResults":[{"ancestorTitles":["Grid Accessibility"],"failureMessages":[],"fullName":"Grid Accessibility passes axe accessibility test with children components","location":null,"status":"passed","title":"passes axe accessibility test with children components"},{"ancestorTitles":["SimpleGrid"],"failureMessages":[],"fullName":"SimpleGrid Renders the SimpleGrid UI snapshot correctly","location":null,"status":"passed","title":"Renders the SimpleGrid UI snapshot correctly"},{"ancestorTitles":["SimpleGrid"],"failureMessages":[],"fullName":"SimpleGrid Renders SimpleGrid component","location":null,"status":"passed","title":"Renders SimpleGrid component"}],"endTime":1641590450144,"message":"","name":"/Users/edwinguzman/projects/design/nypl-design-system/src/components/Grid/SimpleGrid.test.tsx","startTime":1641590443324,"status":"passed","summary":""},{"assertionResults":[{"ancestorTitles":["Fieldset Accessibility"],"failureMessages":[],"fullName":"Fieldset Accessibility passes axe accessibility","location":null,"status":"passed","title":"passes axe accessibility"},{"ancestorTitles":["Fieldset Accessibility"],"failureMessages":[],"fullName":"Fieldset Accessibility passes axe accessibility with the legend hidden","location":null,"status":"passed","title":"passes axe accessibility with the legend hidden"},{"ancestorTitles":["Fieldset"],"failureMessages":[],"fullName":"Fieldset renders text in a legend and fieldset along with its children","location":null,"status":"passed","title":"renders text in a legend and fieldset along with its children"},{"ancestorTitles":["Fieldset"],"failureMessages":[],"fullName":"Fieldset renders 'Optional' text by default in the legend","location":null,"status":"passed","title":"renders 'Optional' text by default in the legend"},{"ancestorTitles":["Fieldset"],"failureMessages":[],"fullName":"Fieldset renders 'Required' text in the legend","location":null,"status":"passed","title":"renders 'Required' text in the legend"},{"ancestorTitles":["Fieldset"],"failureMessages":[],"fullName":"Fieldset can hide the 'Required'/'Optional' text in the legend but still show the main text","location":null,"status":"passed","title":"can hide the 'Required'/'Optional' text in the legend but still show the main text"},{"ancestorTitles":["Fieldset"],"failureMessages":[],"fullName":"Fieldset renders the UI snapshot correctly","location":null,"status":"passed","title":"renders the UI snapshot correctly"}],"endTime":1641590450192,"message":"","name":"/Users/edwinguzman/projects/design/nypl-design-system/src/components/Fieldset/Fieldset.test.tsx","startTime":1641590443451,"status":"passed","summary":""},{"assertionResults":[{"ancestorTitles":["Breadcrumbs Accessibility"],"failureMessages":[],"fullName":"Breadcrumbs Accessibility passes axe accessibility test","location":null,"status":"passed","title":"passes axe accessibility test"},{"ancestorTitles":["Breadcrumbs Snapshot"],"failureMessages":[],"fullName":"Breadcrumbs Snapshot Renders the UI snapshot correctly","location":null,"status":"passed","title":"Renders the UI snapshot correctly"},{"ancestorTitles":["Breadcrumbs Testing"],"failureMessages":[],"fullName":"Breadcrumbs Testing Renders a tag with custom text","location":null,"status":"passed","title":"Renders a tag with custom text"},{"ancestorTitles":["Breadcrumbs Testing"],"failureMessages":[],"fullName":"Breadcrumbs Testing Renders icon","location":null,"status":"passed","title":"Renders icon"},{"ancestorTitles":["Breadcrumbs Testing"],"failureMessages":[],"fullName":"Breadcrumbs Testing Throws error when nothing is passed into Breadcrumb","location":null,"status":"passed","title":"Throws error when nothing is passed into Breadcrumb"}],"endTime":1641590450861,"message":"","name":"/Users/edwinguzman/projects/design/nypl-design-system/src/components/Breadcrumbs/Breadcrumbs.test.tsx","startTime":1641590443475,"status":"passed","summary":""},{"assertionResults":[{"ancestorTitles":["Hero","axe accessbility tests"],"failureMessages":[],"fullName":"Hero axe accessbility tests passes for type Primary","location":null,"status":"passed","title":"passes for type Primary"},{"ancestorTitles":["Hero","axe accessbility tests"],"failureMessages":[],"fullName":"Hero axe accessbility tests passes for type Secondary","location":null,"status":"passed","title":"passes for type Secondary"},{"ancestorTitles":["Hero","axe accessbility tests"],"failureMessages":[],"fullName":"Hero axe accessbility tests passes for type Tertiary","location":null,"status":"passed","title":"passes for type Tertiary"},{"ancestorTitles":["Hero","axe accessbility tests"],"failureMessages":[],"fullName":"Hero axe accessbility tests passes for type Campaign","location":null,"status":"passed","title":"passes for type Campaign"},{"ancestorTitles":["Hero","axe accessbility tests"],"failureMessages":[],"fullName":"Hero axe accessbility tests passes for type FiftyFifty","location":null,"status":"passed","title":"passes for type FiftyFifty"},{"ancestorTitles":["Hero"],"failureMessages":[],"fullName":"Hero renders Primary Hero","location":null,"status":"passed","title":"renders Primary Hero"},{"ancestorTitles":["Hero"],"failureMessages":[],"fullName":"Hero renders Secondary Hero","location":null,"status":"passed","title":"renders Secondary Hero"},{"ancestorTitles":["Hero"],"failureMessages":[],"fullName":"Hero renders Tertiary Hero","location":null,"status":"passed","title":"renders Tertiary Hero"},{"ancestorTitles":["Hero"],"failureMessages":[],"fullName":"Hero renders Campaign Hero","location":null,"status":"passed","title":"renders Campaign Hero"},{"ancestorTitles":["Hero"],"failureMessages":[],"fullName":"Hero renders Fifty-Fifty Hero","location":null,"status":"passed","title":"renders Fifty-Fifty Hero"},{"ancestorTitles":["Hero"],"failureMessages":[],"fullName":"Hero renders custom background and foreground colors for all but the Secondary type","location":null,"status":"passed","title":"renders custom background and foreground colors for all but the Secondary type"},{"ancestorTitles":["Hero"],"failureMessages":[],"fullName":"Hero renders Primary Hero with warnings in browser console","location":null,"status":"passed","title":"renders Primary Hero with warnings in browser console"},{"ancestorTitles":["Hero"],"failureMessages":[],"fullName":"Hero renders Secondary Hero with warnings in browser console","location":null,"status":"passed","title":"renders Secondary Hero with warnings in browser console"},{"ancestorTitles":["Hero"],"failureMessages":[],"fullName":"Hero renders Tertiary Hero with warnings in browser console","location":null,"status":"passed","title":"renders Tertiary Hero with warnings in browser console"},{"ancestorTitles":["Hero"],"failureMessages":[],"fullName":"Hero renders Campaign Hero with warnings in browser console","location":null,"status":"passed","title":"renders Campaign Hero with warnings in browser console"},{"ancestorTitles":["Hero"],"failureMessages":[],"fullName":"Hero renders FiftyFifty Hero with warnings in browser console","location":null,"status":"passed","title":"renders FiftyFifty Hero with warnings in browser console"},{"ancestorTitles":["Hero"],"failureMessages":[],"fullName":"Hero Renders the UI snapshot correctly","location":null,"status":"passed","title":"Renders the UI snapshot correctly"}],"endTime":1641590451078,"message":"","name":"/Users/edwinguzman/projects/design/nypl-design-system/src/components/Hero/Hero.test.tsx","startTime":1641590443293,"status":"passed","summary":""},{"assertionResults":[{"ancestorTitles":["Select Accessibility"],"failureMessages":[],"fullName":"Select Accessibility passes axe accessibility test","location":null,"status":"passed","title":"passes axe accessibility test"},{"ancestorTitles":["Select"],"failureMessages":[],"fullName":"Select renders a label, select, option, and helper text DOM elements","location":null,"status":"passed","title":"renders a label, select, option, and helper text DOM elements"},{"ancestorTitles":["Select"],"failureMessages":[],"fullName":"Select renders a name attribute to use in forms","location":null,"status":"passed","title":"renders a name attribute to use in forms"},{"ancestorTitles":["Select"],"failureMessages":[],"fullName":"Select renders an aria-label attribute when `showLabel` is false","location":null,"status":"passed","title":"renders an aria-label attribute when `showLabel` is false"},{"ancestorTitles":["Select"],"failureMessages":[],"fullName":"Select renders aria-describedby when helperText prop is passed","location":null,"status":"passed","title":"renders aria-describedby when helperText prop is passed"},{"ancestorTitles":["Select"],"failureMessages":[],"fullName":"Select renders required or optional text in the label","location":null,"status":"passed","title":"renders required or optional text in the label"},{"ancestorTitles":["Select"],"failureMessages":[],"fullName":"Select renders required and aria-required attributes when 'showLabel' is false","location":null,"status":"passed","title":"renders required and aria-required attributes when 'showLabel' is false"},{"ancestorTitles":["Select"],"failureMessages":[],"fullName":"Select should not render a required label if 'showOptReqLabel' flag is false, but still render the label","location":null,"status":"passed","title":"should not render a required label if 'showOptReqLabel' flag is false, but still render the label"},{"ancestorTitles":["Select"],"failureMessages":[],"fullName":"Select renders helper text when helperText prop is passed","location":null,"status":"passed","title":"renders helper text when helperText prop is passed"},{"ancestorTitles":["Select"],"failureMessages":[],"fullName":"Select renders default error text when 'invalidText' prop is not passed and 'isInvalid' prop is set to true","location":null,"status":"passed","title":"renders default error text when 'invalidText' prop is not passed and 'isInvalid' prop is set to true"},{"ancestorTitles":["Select"],"failureMessages":[],"fullName":"Select does not render the error text when 'isInvalid' is true and 'showHelperInvalidText' is false","location":null,"status":"passed","title":"does not render the error text when 'isInvalid' is true and 'showHelperInvalidText' is false"},{"ancestorTitles":["Select"],"failureMessages":[],"fullName":"Select renders custom error text when 'invalidText' prop is passed and 'isInvalid' prop is set to true","location":null,"status":"passed","title":"renders custom error text when 'invalidText' prop is passed and 'isInvalid' prop is set to true"},{"ancestorTitles":["Select"],"failureMessages":[],"fullName":"Select updates the value through a ref","location":null,"status":"passed","title":"updates the value through a ref"},{"ancestorTitles":["Select"],"failureMessages":[],"fullName":"Select calls the onChange callback function","location":null,"status":"passed","title":"calls the onChange callback function"},{"ancestorTitles":["Select"],"failureMessages":[],"fullName":"Select should throw warning when fewer than 4 options","location":null,"status":"passed","title":"should throw warning when fewer than 4 options"},{"ancestorTitles":["Select"],"failureMessages":[],"fullName":"Select should throw warning when there are more than 10 options","location":null,"status":"passed","title":"should throw warning when there are more than 10 options"}],"endTime":1641590451352,"message":"","name":"/Users/edwinguzman/projects/design/nypl-design-system/src/components/Select/Select.test.tsx","startTime":1641590443408,"status":"passed","summary":""},{"assertionResults":[{"ancestorTitles":["HorizontalRule Accessibility"],"failureMessages":[],"fullName":"HorizontalRule Accessibility passes axe accessibility test","location":null,"status":"passed","title":"passes axe accessibility test"},{"ancestorTitles":["HorizontalRule"],"failureMessages":[],"fullName":"HorizontalRule renders HorizontalRule component","location":null,"status":"passed","title":"renders HorizontalRule component"},{"ancestorTitles":["HorizontalRule"],"failureMessages":[],"fullName":"HorizontalRule renders with proper custom class","location":null,"status":"passed","title":"renders with proper custom class"},{"ancestorTitles":["HorizontalRule"],"failureMessages":[],"fullName":"HorizontalRule renders with proper custom class","location":null,"status":"passed","title":"renders with proper custom class"},{"ancestorTitles":["HorizontalRule"],"failureMessages":[],"fullName":"HorizontalRule renders the UI snapshot correctly","location":null,"status":"passed","title":"renders the UI snapshot correctly"}],"endTime":1641590451790,"message":"","name":"/Users/edwinguzman/projects/design/nypl-design-system/src/components/HorizontalRule/HorizontalRule.test.tsx","startTime":1641590447821,"status":"passed","summary":""},{"assertionResults":[{"ancestorTitles":["Icon Accessibility"],"failureMessages":[],"fullName":"Icon Accessibility passes axe accessibility test","location":null,"status":"passed","title":"passes axe accessibility test"},{"ancestorTitles":["Icon"],"failureMessages":[],"fullName":"Icon consoles a warning if both name and children are passed to Icon","location":null,"status":"passed","title":"consoles a warning if both name and children are passed to Icon"},{"ancestorTitles":["Icon"],"failureMessages":[],"fullName":"Icon consoles a warning if both name and children are not passed","location":null,"status":"passed","title":"consoles a warning if both name and children are not passed"},{"ancestorTitles":["Icon"],"failureMessages":[],"fullName":"Icon renders an icon based on the icon `name` prop","location":null,"status":"passed","title":"renders an icon based on the icon `name` prop"},{"ancestorTitles":["Icon"],"failureMessages":[],"fullName":"Icon renders a title element","location":null,"status":"passed","title":"renders a title element"},{"ancestorTitles":["Icon"],"failureMessages":[],"fullName":"Icon renders an icon based on the child","location":null,"status":"passed","title":"renders an icon based on the child"}],"endTime":1641590452039,"message":"","name":"/Users/edwinguzman/projects/design/nypl-design-system/src/components/Icons/Icon.test.tsx","startTime":1641590448021,"status":"passed","summary":""},{"assertionResults":[{"ancestorTitles":["Link Accessibility"],"failureMessages":[],"fullName":"Link Accessibility passes axe accessibility test for children component","location":null,"status":"passed","title":"passes axe accessibility test for children component"},{"ancestorTitles":["Link Accessibility"],"failureMessages":[],"fullName":"Link Accessibility passes axe accessibility test for href prop","location":null,"status":"passed","title":"passes axe accessibility test for href prop"},{"ancestorTitles":["Link"],"failureMessages":[],"fullName":"Link Can pass in an icon and text as children and url as prop","location":null,"status":"passed","title":"Can pass in an icon and text as children and url as prop"},{"ancestorTitles":["Link"],"failureMessages":[],"fullName":"Link Can pass a link with <a> tag","location":null,"status":"passed","title":"Can pass a link with <a> tag"},{"ancestorTitles":["Link"],"failureMessages":[],"fullName":"Link Can pass a link with <a> tag and an icon","location":null,"status":"passed","title":"Can pass a link with <a> tag and an icon"},{"ancestorTitles":["Link"],"failureMessages":[],"fullName":"Link Generated back link has icon","location":null,"status":"passed","title":"Generated back link has icon"},{"ancestorTitles":["Link"],"failureMessages":[],"fullName":"Link Generated forwards link has icon","location":null,"status":"passed","title":"Generated forwards link has icon"},{"ancestorTitles":["Link"],"failureMessages":[],"fullName":"Link Can pass in text as child and url as props","location":null,"status":"passed","title":"Can pass in text as child and url as props"},{"ancestorTitles":["Link"],"failureMessages":[],"fullName":"Link Can pass in a ReactRouter Link","location":null,"status":"passed","title":"Can pass in a ReactRouter Link"},{"ancestorTitles":["Link"],"failureMessages":[],"fullName":"Link throws an error if text is passed but no url is passed","location":null,"status":"passed","title":"throws an error if text is passed but no url is passed"},{"ancestorTitles":["Link"],"failureMessages":[],"fullName":"Link throws an error if more than one child is passed","location":null,"status":"passed","title":"throws an error if more than one child is passed"},{"ancestorTitles":["Link"],"failureMessages":[],"fullName":"Link renders the UI snapshot correctly","location":null,"status":"passed","title":"renders the UI snapshot correctly"}],"endTime":1641590453172,"message":"","name":"/Users/edwinguzman/projects/design/nypl-design-system/src/components/Link/Link.test.tsx","startTime":1641590449768,"status":"passed","summary":""},{"assertionResults":[{"ancestorTitles":["Button Accessibility"],"failureMessages":[],"fullName":"Button Accessibility passes axe accessibility test","location":null,"status":"passed","title":"passes axe accessibility test"},{"ancestorTitles":["Button"],"failureMessages":[],"fullName":"Button calls the onClick","location":null,"status":"passed","title":"calls the onClick"},{"ancestorTitles":["Button"],"failureMessages":[],"fullName":"Button optionally renders a component","location":null,"status":"passed","title":"optionally renders a component"},{"ancestorTitles":["Button"],"failureMessages":[],"fullName":"Button optionally calls the onClick on mouseDown instead of on click","location":null,"status":"passed","title":"optionally calls the onClick on mouseDown instead of on click"},{"ancestorTitles":["rendering content from its children prop"],"failureMessages":[],"fullName":"rendering content from its children prop should render string children","location":null,"status":"passed","title":"should render string children"},{"ancestorTitles":["rendering content from its children prop"],"failureMessages":[],"fullName":"rendering content from its children prop should render element children","location":null,"status":"passed","title":"should render element children"},{"ancestorTitles":["padding for icon only button"],"failureMessages":[],"fullName":"padding for icon only button button has proper child svg for the icon only button","location":null,"status":"passed","title":"button has proper child svg for the icon only button"},{"ancestorTitles":["Button Snapshot"],"failureMessages":[],"fullName":"Button Snapshot Renders the UI snapshot correctly","location":null,"status":"passed","title":"Renders the UI snapshot correctly"}],"endTime":1641590453272,"message":"","name":"/Users/edwinguzman/projects/design/nypl-design-system/src/components/Button/Button.test.tsx","startTime":1641590449975,"status":"passed","summary":""},{"assertionResults":[{"ancestorTitles":["Image Accessibility"],"failureMessages":[],"fullName":"Image Accessibility passes axe accessibility for regular img element","location":null,"status":"passed","title":"passes axe accessibility for regular img element"},{"ancestorTitles":["Image Accessibility"],"failureMessages":[],"fullName":"Image Accessibility passes axe accessibility for figure element wrapper","location":null,"status":"passed","title":"passes axe accessibility for figure element wrapper"},{"ancestorTitles":["Image"],"failureMessages":[],"fullName":"Image renders a simple image not wrapped in a figure element","location":null,"status":"passed","title":"renders a simple image not wrapped in a figure element"},{"ancestorTitles":["Image"],"failureMessages":[],"fullName":"Image renders an image wrapped in figure when provided a caption","location":null,"status":"passed","title":"renders an image wrapped in figure when provided a caption"},{"ancestorTitles":["Image"],"failureMessages":[],"fullName":"Image renders an image wrapped in figure when provided an image credit","location":null,"status":"passed","title":"renders an image wrapped in figure when provided an image credit"},{"ancestorTitles":["Image"],"failureMessages":[],"fullName":"Image renders an image wrapped in figure with credit and caption","location":null,"status":"passed","title":"renders an image wrapped in figure with credit and caption"},{"ancestorTitles":["Image"],"failureMessages":[],"fullName":"Image throws error when alt text is too long","location":null,"status":"passed","title":"throws error when alt text is too long"},{"ancestorTitles":["Image"],"failureMessages":[],"fullName":"Image Renders the UI snapshot correctly","location":null,"status":"passed","title":"Renders the UI snapshot correctly"}],"endTime":1641590453352,"message":"","name":"/Users/edwinguzman/projects/design/nypl-design-system/src/components/Image/Image.test.tsx","startTime":1641590450280,"status":"passed","summary":""},{"assertionResults":[{"ancestorTitles":["List Accessibility"],"failureMessages":[],"fullName":"List Accessibility passes axe accessibility test for unordered list","location":null,"status":"passed","title":"passes axe accessibility test for unordered list"},{"ancestorTitles":["List Accessibility"],"failureMessages":[],"fullName":"List Accessibility passes axe accessibility test for ordered list","location":null,"status":"passed","title":"passes axe accessibility test for ordered list"},{"ancestorTitles":["List Accessibility"],"failureMessages":[],"fullName":"List Accessibility passes axe accessibility test for definition list","location":null,"status":"passed","title":"passes axe accessibility test for definition list"},{"ancestorTitles":["List"],"failureMessages":[],"fullName":"List renders unordered list","location":null,"status":"passed","title":"renders unordered list"},{"ancestorTitles":["List"],"failureMessages":[],"fullName":"List renders unordered list with the `listItems` prop","location":null,"status":"passed","title":"renders unordered list with the `listItems` prop"},{"ancestorTitles":["List"],"failureMessages":[],"fullName":"List renders ordered list","location":null,"status":"passed","title":"renders ordered list"},{"ancestorTitles":["List"],"failureMessages":[],"fullName":"List renders ordered list with the `listItems` prop","location":null,"status":"passed","title":"renders ordered list with the `listItems` prop"},{"ancestorTitles":["List"],"failureMessages":[],"fullName":"List returns definition list","location":null,"status":"passed","title":"returns definition list"},{"ancestorTitles":["List"],"failureMessages":[],"fullName":"List returns definition list with the `listItems` prop","location":null,"status":"passed","title":"returns definition list with the `listItems` prop"},{"ancestorTitles":["List"],"failureMessages":[],"fullName":"List consoles a warning when children and the `listItems` prop are both passed","location":null,"status":"passed","title":"consoles a warning when children and the `listItems` prop are both passed"},{"ancestorTitles":["List"],"failureMessages":[],"fullName":"List consoles a warning when no children are passed or the `listItems` prop is not passed","location":null,"status":"passed","title":"consoles a warning when no children are passed or the `listItems` prop is not passed"},{"ancestorTitles":["List"],"failureMessages":[],"fullName":"List consoles a warning when you pass an ordered or unordered list children that aren't <li>s","location":null,"status":"passed","title":"consoles a warning when you pass an ordered or unordered list children that aren't <li>s"},{"ancestorTitles":["List"],"failureMessages":[],"fullName":"List consoles a warning when you pass a definition list children that aren't `<dt>`s or `<dd>`s","location":null,"status":"passed","title":"consoles a warning when you pass a definition list children that aren't `<dt>`s or `<dd>`s"},{"ancestorTitles":["List"],"failureMessages":[],"fullName":"List Renders the UI snapshot correctly","location":null,"status":"passed","title":"Renders the UI snapshot correctly"}],"endTime":1641590453373,"message":"","name":"/Users/edwinguzman/projects/design/nypl-design-system/src/components/List/List.test.tsx","startTime":1641590449335,"status":"passed","summary":""},{"assertionResults":[{"ancestorTitles":["HelperErrorText Accessibility"],"failureMessages":[],"fullName":"HelperErrorText Accessibility passes axe accessibility test","location":null,"status":"passed","title":"passes axe accessibility test"},{"ancestorTitles":["HelperErrorText"],"failureMessages":[],"fullName":"HelperErrorText renders the text passed","location":null,"status":"passed","title":"renders the text passed"},{"ancestorTitles":["HelperErrorText"],"failureMessages":[],"fullName":"HelperErrorText renders the invalid state","location":null,"status":"passed","title":"renders the invalid state"},{"ancestorTitles":["HelperErrorText"],"failureMessages":[],"fullName":"HelperErrorText has aria-live and aria-atomic attributes when errored","location":null,"status":"passed","title":"has aria-live and aria-atomic attributes when errored"},{"ancestorTitles":["HelperErrorText"],"failureMessages":[],"fullName":"HelperErrorText accepts an aria-atomic value of false","location":null,"status":"passed","title":"accepts an aria-atomic value of false"},{"ancestorTitles":["HelperErrorText"],"failureMessages":[],"fullName":"HelperErrorText Renders the UI snapshot correctly","location":null,"status":"passed","title":"Renders the UI snapshot correctly"}],"endTime":1641590453593,"message":"","name":"/Users/edwinguzman/projects/design/nypl-design-system/src/components/HelperErrorText/HelperErrorText.test.tsx","startTime":1641590450937,"status":"passed","summary":""},{"assertionResults":[{"ancestorTitles":["Toggle Accessibility"],"failureMessages":[],"fullName":"Toggle Accessibility Passes axe accessibility test","location":null,"status":"passed","title":"Passes axe accessibility test"},{"ancestorTitles":["Toggle"],"failureMessages":[],"fullName":"Toggle Renders with a Toggle input and label","location":null,"status":"passed","title":"Renders with a Toggle input and label"},{"ancestorTitles":["Toggle"],"failureMessages":[],"fullName":"Toggle Renders visible helper or error text","location":null,"status":"passed","title":"Renders visible helper or error text"},{"ancestorTitles":["Toggle"],"failureMessages":[],"fullName":"Toggle Sets the Toggle's ID","location":null,"status":"passed","title":"Sets the Toggle's ID"},{"ancestorTitles":["Toggle"],"failureMessages":[],"fullName":"Toggle Calls the UUID generation function if no id prop value is passed","location":null,"status":"passed","title":"Calls the UUID generation function if no id prop value is passed"},{"ancestorTitles":["Toggle"],"failureMessages":[],"fullName":"Toggle Sets the 'checked' attribute","location":null,"status":"passed","title":"Sets the 'checked' attribute"},{"ancestorTitles":["Toggle"],"failureMessages":[],"fullName":"Toggle Sets the 'disabled' attribute","location":null,"status":"passed","title":"Sets the 'disabled' attribute"},{"ancestorTitles":["Toggle"],"failureMessages":[],"fullName":"Toggle Sets the error state","location":null,"status":"passed","title":"Sets the error state"},{"ancestorTitles":["Toggle"],"failureMessages":[],"fullName":"Toggle does not render the error text when 'isInvalid' is true but 'invalidText' is not passed","location":null,"status":"passed","title":"does not render the error text when 'isInvalid' is true but 'invalidText' is not passed"},{"ancestorTitles":["Toggle"],"failureMessages":[],"fullName":"Toggle Changing the value calls the onChange handler","location":null,"status":"passed","title":"Changing the value calls the onChange handler"},{"ancestorTitles":["Toggle"],"failureMessages":[],"fullName":"Toggle Renders the UI snapshot correctly","location":null,"status":"passed","title":"Renders the UI snapshot correctly"}],"endTime":1641590453783,"message":"","name":"/Users/edwinguzman/projects/design/nypl-design-system/src/components/Toggle/Toggle.test.tsx","startTime":1641590450188,"status":"passed","summary":""},{"assertionResults":[{"ancestorTitles":["Label Accessibility"],"failureMessages":[],"fullName":"Label Accessibility passes axe accessibility test","location":null,"status":"passed","title":"passes axe accessibility test"},{"ancestorTitles":["Label"],"failureMessages":[],"fullName":"Label renders a label element when passed text as children","location":null,"status":"passed","title":"renders a label element when passed text as children"},{"ancestorTitles":["Label"],"failureMessages":[],"fullName":"Label renders a label element when passed element as children","location":null,"status":"passed","title":"renders a label element when passed element as children"},{"ancestorTitles":["Label"],"failureMessages":[],"fullName":"Label renders the optional or required helper text","location":null,"status":"passed","title":"renders the optional or required helper text"},{"ancestorTitles":["Label"],"failureMessages":[],"fullName":"Label Renders the UI snapshot correctly","location":null,"status":"passed","title":"Renders the UI snapshot correctly"}],"endTime":1641590454019,"message":"","name":"/Users/edwinguzman/projects/design/nypl-design-system/src/components/Label/Label.test.tsx","startTime":1641590451404,"status":"passed","summary":""},{"assertionResults":[{"ancestorTitles":["Checkbox Accessibility"],"failureMessages":[],"fullName":"Checkbox Accessibility Passes axe accessibility test","location":null,"status":"passed","title":"Passes axe accessibility test"},{"ancestorTitles":["Checkbox"],"failureMessages":[],"fullName":"Checkbox Renders with a checkbox input and label","location":null,"status":"passed","title":"Renders with a checkbox input and label"},{"ancestorTitles":["Checkbox"],"failureMessages":[],"fullName":"Checkbox Renders with appropriate 'aria-label' attribute and value when 'showLabel' prop is set to false","location":null,"status":"passed","title":"Renders with appropriate 'aria-label' attribute and value when 'showLabel' prop is set to false"},{"ancestorTitles":["Checkbox"],"failureMessages":[],"fullName":"Checkbox Renders with appropriate 'aria-label' attribute and value when 'showLabel' prop is set to false and 'helperText' has been passed","location":null,"status":"passed","title":"Renders with appropriate 'aria-label' attribute and value when 'showLabel' prop is set to false and 'helperText' has been passed"},{"ancestorTitles":["Checkbox"],"failureMessages":[],"fullName":"Checkbox Renders visible helper or error text","location":null,"status":"passed","title":"Renders visible helper or error text"},{"ancestorTitles":["Checkbox"],"failureMessages":[],"fullName":"Checkbox Sets the checkbox's ID","location":null,"status":"passed","title":"Sets the checkbox's ID"},{"ancestorTitles":["Checkbox"],"failureMessages":[],"fullName":"Checkbox Calls the UUID generation function if no id prop value is passed","location":null,"status":"passed","title":"Calls the UUID generation function if no id prop value is passed"},{"ancestorTitles":["Checkbox"],"failureMessages":[],"fullName":"Checkbox Sets the 'checked' attribute","location":null,"status":"passed","title":"Sets the 'checked' attribute"},{"ancestorTitles":["Checkbox"],"failureMessages":[],"fullName":"Checkbox Sets the 'indeterminate' state","location":null,"status":"passed","title":"Sets the 'indeterminate' state"},{"ancestorTitles":["Checkbox"],"failureMessages":[],"fullName":"Checkbox Sets the 'disabled' attribute","location":null,"status":"passed","title":"Sets the 'disabled' attribute"},{"ancestorTitles":["Checkbox"],"failureMessages":[],"fullName":"Checkbox Sets the 'required' attribute","location":null,"status":"passed","title":"Sets the 'required' attribute"},{"ancestorTitles":["Checkbox"],"failureMessages":[],"fullName":"Checkbox Sets the error state","location":null,"status":"passed","title":"Sets the error state"},{"ancestorTitles":["Checkbox"],"failureMessages":[],"fullName":"Checkbox does not render the error text when 'isInvalid' is true but 'showHelperInvalidText' is false","location":null,"status":"passed","title":"does not render the error text when 'isInvalid' is true but 'showHelperInvalidText' is false"},{"ancestorTitles":["Checkbox"],"failureMessages":[],"fullName":"Checkbox Changing the value calls the onChange handler","location":null,"status":"passed","title":"Changing the value calls the onChange handler"},{"ancestorTitles":["Checkbox"],"failureMessages":[],"fullName":"Checkbox Renders the UI snapshot correctly","location":null,"status":"passed","title":"Renders the UI snapshot correctly"}],"endTime":1641590455320,"message":"","name":"/Users/edwinguzman/projects/design/nypl-design-system/src/components/Checkbox/Checkbox.test.tsx","startTime":1641590451829,"status":"passed","summary":""},{"assertionResults":[{"ancestorTitles":["Heading Accessibility"],"failureMessages":[],"fullName":"Heading Accessibility passes axe accessibility test","location":null,"status":"passed","title":"passes axe accessibility test"},{"ancestorTitles":["Heading"],"failureMessages":[],"fullName":"Heading Shows heading","location":null,"status":"passed","title":"Shows heading"},{"ancestorTitles":["Heading"],"failureMessages":[],"fullName":"Heading Can pass heading content as child","location":null,"status":"passed","title":"Can pass heading content as child"},{"ancestorTitles":["Heading"],"failureMessages":[],"fullName":"Heading Can pass heading content as child span","location":null,"status":"passed","title":"Can pass heading content as child span"},{"ancestorTitles":["Heading"],"failureMessages":[],"fullName":"Heading uses child when both child and the text prop are passed","location":null,"status":"passed","title":"uses child when both child and the text prop are passed"},{"ancestorTitles":["Heading"],"failureMessages":[],"fullName":"Heading Has <a> tag when passed URL","location":null,"status":"passed","title":"Has <a> tag when passed URL"},{"ancestorTitles":["Heading"],"failureMessages":[],"fullName":"Heading <a> has class when passed urlClass","location":null,"status":"passed","title":"<a> has class when passed urlClass"},{"ancestorTitles":["Heading"],"failureMessages":[],"fullName":"Heading Throws error when invalid heading number passed","location":null,"status":"passed","title":"Throws error when invalid heading number passed"},{"ancestorTitles":["Heading"],"failureMessages":[],"fullName":"Heading Throws error when neither child nor text is passed","location":null,"status":"passed","title":"Throws error when neither child nor text is passed"},{"ancestorTitles":["Heading"],"failureMessages":[],"fullName":"Heading Throws error when heading with many children is passed","location":null,"status":"passed","title":"Throws error when heading with many children is passed"},{"ancestorTitles":["Heading"],"failureMessages":[],"fullName":"Heading Uses custom display size","location":null,"status":"passed","title":"Uses custom display size"}],"endTime":1641590456261,"message":"","name":"/Users/edwinguzman/projects/design/nypl-design-system/src/components/Heading/Heading.test.tsx","startTime":1641590453288,"status":"passed","summary":""},{"assertionResults":[{"ancestorTitles":["Slider Accessibility","Single Slider"],"failureMessages":[],"fullName":"Slider Accessibility Single Slider passes axe accessibility test","location":null,"status":"passed","title":"passes axe accessibility test"},{"ancestorTitles":["Slider Accessibility","Single Slider"],"failureMessages":[],"fullName":"Slider Accessibility Single Slider passes axe accessibility test without a label","location":null,"status":"passed","title":"passes axe accessibility test without a label"},{"ancestorTitles":["Slider Accessibility","Single Slider"],"failureMessages":[],"fullName":"Slider Accessibility Single Slider passes axe accessibility test without visible values","location":null,"status":"passed","title":"passes axe accessibility test without visible values"},{"ancestorTitles":["Slider Accessibility","Range Slider"],"failureMessages":[],"fullName":"Slider Accessibility Range Slider passes axe accessibility test","location":null,"status":"passed","title":"passes axe accessibility test"},{"ancestorTitles":["Slider Accessibility","Range Slider"],"failureMessages":[],"fullName":"Slider Accessibility Range Slider passes axe accessibility test without a label","location":null,"status":"passed","title":"passes axe accessibility test without a label"},{"ancestorTitles":["Slider Accessibility","Range Slider"],"failureMessages":[],"fullName":"Slider Accessibility Range Slider passes axe accessibility test without visible values","location":null,"status":"passed","title":"passes axe accessibility test without visible values"},{"ancestorTitles":["Slider","Single Slider"],"failureMessages":[],"fullName":"Slider Single Slider renders a label, two static values, text input, and helper text","location":null,"status":"passed","title":"renders a label, two static values, text input, and helper text"},{"ancestorTitles":["Slider","Single Slider"],"failureMessages":[],"fullName":"Slider Single Slider adds the appropriate aria-* attributes to the slider element","location":null,"status":"passed","title":"adds the appropriate aria-* attributes to the slider element"},{"ancestorTitles":["Slider","Single Slider"],"failureMessages":[],"fullName":"Slider Single Slider renders the 'required' text in the label or hides it","location":null,"status":"passed","title":"renders the 'required' text in the label or hides it"},{"ancestorTitles":["Slider","Single Slider"],"failureMessages":[],"fullName":"Slider Single Slider hides the label but adds it as an aria-label attribute","location":null,"status":"passed","title":"hides the label but adds it as an aria-label attribute"},{"ancestorTitles":["Slider","Single Slider"],"failureMessages":[],"fullName":"Slider Single Slider hides the min/max static values","location":null,"status":"passed","title":"hides the min/max static values"},{"ancestorTitles":["Slider","Single Slider"],"failureMessages":[],"fullName":"Slider Single Slider hides the current value input box","location":null,"status":"passed","title":"hides the current value input box"},{"ancestorTitles":["Slider","Single Slider"],"failureMessages":[],"fullName":"Slider Single Slider renders the invalid state","location":null,"status":"passed","title":"renders the invalid state"},{"ancestorTitles":["Slider","Single Slider"],"failureMessages":[],"fullName":"Slider Single Slider renders the disabled state","location":null,"status":"passed","title":"renders the disabled state"},{"ancestorTitles":["Slider","Single Slider"],"failureMessages":[],"fullName":"Slider Single Slider updates the value through the text input","location":null,"status":"passed","title":"updates the value through the text input"},{"ancestorTitles":["Slider","Single Slider"],"failureMessages":[],"fullName":"Slider Single Slider doesn't crash if no onChange callback function is passed","location":null,"status":"passed","title":"doesn't crash if no onChange callback function is passed"},{"ancestorTitles":["Slider","Single Slider"],"failureMessages":[],"fullName":"Slider Single Slider gets the current value through the onChange callback function","location":null,"status":"passed","title":"gets the current value through the onChange callback function"},{"ancestorTitles":["Slider","Single Slider"],"failureMessages":[],"fullName":"Slider Single Slider renders the UI snapshot correctly","location":null,"status":"passed","title":"renders the UI snapshot correctly"},{"ancestorTitles":["Slider","Range Slider"],"failureMessages":[],"fullName":"Slider Range Slider renders everything from the single but also two text input fields","location":null,"status":"passed","title":"renders everything from the single but also two text input fields"},{"ancestorTitles":["Slider","Range Slider"],"failureMessages":[],"fullName":"Slider Range Slider adds the appropriate aria-* attributes to the slider element","location":null,"status":"passed","title":"adds the appropriate aria-* attributes to the slider element"},{"ancestorTitles":["Slider","Range Slider"],"failureMessages":[],"fullName":"Slider Range Slider hides the label but adds it as an aria-label attribute","location":null,"status":"passed","title":"hides the label but adds it as an aria-label attribute"},{"ancestorTitles":["Slider","Range Slider"],"failureMessages":[],"fullName":"Slider Range Slider renders with min and max values as the default values if no `defaultValue` array is passed","location":null,"status":"passed","title":"renders with min and max values as the default values if no `defaultValue` array is passed"},{"ancestorTitles":["Slider","Range Slider"],"failureMessages":[],"fullName":"Slider Range Slider renders the invalid state if the start and end values are wrong","location":null,"status":"passed","title":"renders the invalid state if the start and end values are wrong"},{"ancestorTitles":["Slider","Range Slider"],"failureMessages":[],"fullName":"Slider Range Slider updates the value through the text input","location":null,"status":"passed","title":"updates the value through the text input"},{"ancestorTitles":["Slider","Range Slider"],"failureMessages":[],"fullName":"Slider Range Slider renders the UI snapshot correctly","location":null,"status":"passed","title":"renders the UI snapshot correctly"}],"endTime":1641590457123,"message":"","name":"/Users/edwinguzman/projects/design/nypl-design-system/src/components/Slider/Slider.test.tsx","startTime":1641590451147,"status":"passed","summary":""},{"assertionResults":[{"ancestorTitles":["VideoPlayer Accessibility"],"failureMessages":[],"fullName":"VideoPlayer Accessibility passes axe accessibility test","location":null,"status":"passed","title":"passes axe accessibility test"},{"ancestorTitles":["VideoPlayer","YouTube player"],"failureMessages":[],"fullName":"VideoPlayer YouTube player Renders VideoPlayer container","location":null,"status":"passed","title":"Renders VideoPlayer container"},{"ancestorTitles":["VideoPlayer","YouTube player"],"failureMessages":[],"fullName":"VideoPlayer YouTube player Renders VideoPlayer iframe","location":null,"status":"passed","title":"Renders VideoPlayer iframe"},{"ancestorTitles":["VideoPlayer","YouTube player"],"failureMessages":[],"fullName":"VideoPlayer YouTube player Renders YouTube video","location":null,"status":"passed","title":"Renders YouTube video"},{"ancestorTitles":["VideoPlayer","Vimeo player"],"failureMessages":[],"fullName":"VideoPlayer Vimeo player Renders VideoPlayer iframe","location":null,"status":"passed","title":"Renders VideoPlayer iframe"},{"ancestorTitles":["VideoPlayer","Vimeo player"],"failureMessages":[],"fullName":"VideoPlayer Vimeo player Renders Vimeo video","location":null,"status":"passed","title":"Renders Vimeo video"},{"ancestorTitles":["VideoPlayer","using embedCode prop"],"failureMessages":[],"fullName":"VideoPlayer using embedCode prop Renders custom embed code","location":null,"status":"passed","title":"Renders custom embed code"},{"ancestorTitles":["VideoPlayer","using embedCode prop"],"failureMessages":[],"fullName":"VideoPlayer using embedCode prop Renders custom embed code with custom iframe title","location":null,"status":"passed","title":"Renders custom embed code with custom iframe title"},{"ancestorTitles":["VideoPlayer","using embedCode prop"],"failureMessages":[],"fullName":"VideoPlayer using embedCode prop Renders custom embed code with pre-existing title","location":null,"status":"passed","title":"Renders custom embed code with pre-existing title"},{"ancestorTitles":["VideoPlayer","using embedCode prop"],"failureMessages":[],"fullName":"VideoPlayer using embedCode prop Renders custom embed code with pre-existing title and ignores `iframeTitle` prop","location":null,"status":"passed","title":"Renders custom embed code with pre-existing title and ignores `iframeTitle` prop"},{"ancestorTitles":["VideoPlayer","text elements"],"failureMessages":[],"fullName":"VideoPlayer text elements Renders Heading component","location":null,"status":"passed","title":"Renders Heading component"},{"ancestorTitles":["VideoPlayer","text elements"],"failureMessages":[],"fullName":"VideoPlayer text elements Renders description text","location":null,"status":"passed","title":"Renders description text"},{"ancestorTitles":["VideoPlayer","text elements"],"failureMessages":[],"fullName":"VideoPlayer text elements Renders HelperErrorText component","location":null,"status":"passed","title":"Renders HelperErrorText component"},{"ancestorTitles":["VideoPlayer","text elements"],"failureMessages":[],"fullName":"VideoPlayer text elements does not render the helper text","location":null,"status":"passed","title":"does not render the helper text"},{"ancestorTitles":["VideoPlayer","custom iframe title"],"failureMessages":[],"fullName":"VideoPlayer custom iframe title Uses iframeTitle prop to add custom title attribute to iframe","location":null,"status":"passed","title":"Uses iframeTitle prop to add custom title attribute to iframe"},{"ancestorTitles":["VideoPlayer","prop validation"],"failureMessages":[],"fullName":"VideoPlayer prop validation Throws error if the videoId prop not is formatted properly","location":null,"status":"passed","title":"Throws error if the videoId prop not is formatted properly"},{"ancestorTitles":["VideoPlayer","prop validation"],"failureMessages":[],"fullName":"VideoPlayer prop validation Throws appropriate error if VideoPlayer props are not configured properly","location":null,"status":"passed","title":"Throws appropriate error if VideoPlayer props are not configured properly"},{"ancestorTitles":["VideoPlayer"],"failureMessages":[],"fullName":"VideoPlayer renders the UI snapshot correctly","location":null,"status":"passed","title":"renders the UI snapshot correctly"}],"endTime":1641590457134,"message":"","name":"/Users/edwinguzman/projects/design/nypl-design-system/src/components/VideoPlayer/VideoPlayer.test.tsx","startTime":1641590453385,"status":"passed","summary":""},{"assertionResults":[{"ancestorTitles":["TextInput Accessibility"],"failureMessages":[],"fullName":"TextInput Accessibility passes axe accessibility test for the input element","location":null,"status":"passed","title":"passes axe accessibility test for the input element"},{"ancestorTitles":["TextInput Accessibility"],"failureMessages":[],"fullName":"TextInput Accessibility passes axe accessibility test for the textarea element","location":null,"status":"passed","title":"passes axe accessibility test for the textarea element"},{"ancestorTitles":["TextInput"],"failureMessages":[],"fullName":"TextInput renders an input element","location":null,"status":"passed","title":"renders an input element"},{"ancestorTitles":["TextInput"],"failureMessages":[],"fullName":"TextInput renders label with label text","location":null,"status":"passed","title":"renders label with label text"},{"ancestorTitles":["TextInput"],"failureMessages":[],"fullName":"TextInput renders 'Required' along with the label text","location":null,"status":"passed","title":"renders 'Required' along with the label text"},{"ancestorTitles":["TextInput"],"failureMessages":[],"fullName":"TextInput renders 'Optional' along with the label text","location":null,"status":"passed","title":"renders 'Optional' along with the label text"},{"ancestorTitles":["TextInput"],"failureMessages":[],"fullName":"TextInput does not render 'Required' along with the label text","location":null,"status":"passed","title":"does not render 'Required' along with the label text"},{"ancestorTitles":["TextInput"],"failureMessages":[],"fullName":"TextInput renders label's `for` attribute pointing at ID from input","location":null,"status":"passed","title":"renders label's `for` attribute pointing at ID from input"},{"ancestorTitles":["TextInput"],"failureMessages":[],"fullName":"TextInput renders placeholder text","location":null,"status":"passed","title":"renders placeholder text"},{"ancestorTitles":["TextInput"],"failureMessages":[],"fullName":"TextInput adds aria-required prop if input is required","location":null,"status":"passed","title":"adds aria-required prop if input is required"},{"ancestorTitles":["TextInput"],"failureMessages":[],"fullName":"TextInput allows user to pass in additional attributes","location":null,"status":"passed","title":"allows user to pass in additional attributes"},{"ancestorTitles":["TextInput"],"failureMessages":[],"fullName":"TextInput changing the value calls the onChange handler","location":null,"status":"passed","title":"changing the value calls the onChange handler"},{"ancestorTitles":["Renders TextInput with auto-generated ID, hidden label and visible helper text"],"failureMessages":[],"fullName":"Renders TextInput with auto-generated ID, hidden label and visible helper text renders Input component","location":null,"status":"passed","title":"renders Input component"},{"ancestorTitles":["Renders TextInput with auto-generated ID, hidden label and visible helper text"],"failureMessages":[],"fullName":"Renders TextInput with auto-generated ID, hidden label and visible helper text calls a UUID generation method if no ID is passed as a prop","location":null,"status":"passed","title":"calls a UUID generation method if no ID is passed as a prop"},{"ancestorTitles":["Renders TextInput with auto-generated ID, hidden label and visible helper text"],"failureMessages":[],"fullName":"Renders TextInput with auto-generated ID, hidden label and visible helper text does not renders Label component","location":null,"status":"passed","title":"does not renders Label component"},{"ancestorTitles":["Renders TextInput with auto-generated ID, hidden label and visible helper text"],"failureMessages":[],"fullName":"Renders TextInput with auto-generated ID, hidden label and visible helper text renders custom aria-label","location":null,"status":"passed","title":"renders custom aria-label"},{"ancestorTitles":["Renders TextInput with auto-generated ID, hidden label and visible helper text"],"failureMessages":[],"fullName":"Renders TextInput with auto-generated ID, hidden label and visible helper text renders HelperErrorText component","location":null,"status":"passed","title":"renders HelperErrorText component"},{"ancestorTitles":["TextInput shows error state"],"failureMessages":[],"fullName":"TextInput shows error state renders Input component","location":null,"status":"passed","title":"renders Input component"},{"ancestorTitles":["TextInput shows error state"],"failureMessages":[],"fullName":"TextInput shows error state renders Label component","location":null,"status":"passed","title":"renders Label component"},{"ancestorTitles":["TextInput shows error state"],"failureMessages":[],"fullName":"TextInput shows error state renders HelperErrorText component","location":null,"status":"passed","title":"renders HelperErrorText component"},{"ancestorTitles":["TextInput shows error state"],"failureMessages":[],"fullName":"TextInput shows error state does not render the invalid text when 'showHelperInvalidText' is set to false","location":null,"status":"passed","title":"does not render the invalid text when 'showHelperInvalidText' is set to false"},{"ancestorTitles":["TextInput shows error state"],"failureMessages":[],"fullName":"TextInput shows error state input shows error state","location":null,"status":"passed","title":"input shows error state"},{"ancestorTitles":["Renders HTML attributes passed through the `attributes` prop"],"failureMessages":[],"fullName":"Renders HTML attributes passed through the `attributes` prop has a maxlength for the input element","location":null,"status":"passed","title":"has a maxlength for the input element"},{"ancestorTitles":["Renders HTML attributes passed through the `attributes` prop"],"failureMessages":[],"fullName":"Renders HTML attributes passed through the `attributes` prop has a tabIndex","location":null,"status":"passed","title":"has a tabIndex"},{"ancestorTitles":["Renders HTML attributes passed through the `attributes` prop"],"failureMessages":[],"fullName":"Renders HTML attributes passed through the `attributes` prop calls the onChange function","location":null,"status":"passed","title":"calls the onChange function"},{"ancestorTitles":["Renders HTML attributes passed through the `attributes` prop"],"failureMessages":[],"fullName":"Renders HTML attributes passed through the `attributes` prop calls the onBlur function","location":null,"status":"passed","title":"calls the onBlur function"},{"ancestorTitles":["Hidden input"],"failureMessages":[],"fullName":"Hidden input renders a hidden type input","location":null,"status":"passed","title":"renders a hidden type input"},{"ancestorTitles":["Hidden input"],"failureMessages":[],"fullName":"Hidden input does not show the helper text","location":null,"status":"passed","title":"does not show the helper text"},{"ancestorTitles":["Textarea element type"],"failureMessages":[],"fullName":"Textarea element type renders a textarea element","location":null,"status":"passed","title":"renders a textarea element"},{"ancestorTitles":["Textarea element type"],"failureMessages":[],"fullName":"Textarea element type renders label with label text","location":null,"status":"passed","title":"renders label with label text"}],"endTime":1641590457298,"message":"","name":"/Users/edwinguzman/projects/design/nypl-design-system/src/components/TextInput/TextInput.test.tsx","startTime":1641590453394,"status":"passed","summary":""},{"assertionResults":[{"ancestorTitles":["SkeletonLoader Accessibility"],"failureMessages":[],"fullName":"SkeletonLoader Accessibility passes axe accessibility test","location":null,"status":"passed","title":"passes axe accessibility test"},{"ancestorTitles":["SkeletonLoader"],"failureMessages":[],"fullName":"SkeletonLoader renders default layout","location":null,"status":"passed","title":"renders default layout"},{"ancestorTitles":["SkeletonLoader"],"failureMessages":[],"fullName":"SkeletonLoader renders in the column or row layout","location":null,"status":"passed","title":"renders in the column or row layout"},{"ancestorTitles":["SkeletonLoader"],"failureMessages":[],"fullName":"SkeletonLoader renders default elements","location":null,"status":"passed","title":"renders default elements"},{"ancestorTitles":["SkeletonLoader"],"failureMessages":[],"fullName":"SkeletonLoader renders without image","location":null,"status":"passed","title":"renders without image"},{"ancestorTitles":["SkeletonLoader"],"failureMessages":[],"fullName":"SkeletonLoader renders without heading","location":null,"status":"passed","title":"renders without heading"},{"ancestorTitles":["SkeletonLoader"],"failureMessages":[],"fullName":"SkeletonLoader renders without content","location":null,"status":"passed","title":"renders without content"},{"ancestorTitles":["SkeletonLoader"],"failureMessages":[],"fullName":"SkeletonLoader renders with button","location":null,"status":"passed","title":"renders with button"},{"ancestorTitles":["SkeletonLoader"],"failureMessages":[],"fullName":"SkeletonLoader renders the UI snapshot correctly","location":null,"status":"passed","title":"renders the UI snapshot correctly"}],"endTime":1641590457423,"message":"","name":"/Users/edwinguzman/projects/design/nypl-design-system/src/components/SkeletonLoader/SkeletonLoader.test.tsx","startTime":1641590454033,"status":"passed","summary":""},{"assertionResults":[{"ancestorTitles":["Notification Accessibility"],"failureMessages":[],"fullName":"Notification Accessibility passes axe accessibility test with heading","location":null,"status":"passed","title":"passes axe accessibility test with heading"},{"ancestorTitles":["Notification Accessibility"],"failureMessages":[],"fullName":"Notification Accessibility passes axe accessibility test without heading","location":null,"status":"passed","title":"passes axe accessibility test without heading"},{"ancestorTitles":["Notification Accessibility"],"failureMessages":[],"fullName":"Notification Accessibility passes axe accessibility test without an icon","location":null,"status":"passed","title":"passes axe accessibility test without an icon"},{"ancestorTitles":["Notification"],"failureMessages":[],"fullName":"Notification renders Notification heading child component","location":null,"status":"passed","title":"renders Notification heading child component"},{"ancestorTitles":["Notification"],"failureMessages":[],"fullName":"Notification renders Notification content child component","location":null,"status":"passed","title":"renders Notification content child component"},{"ancestorTitles":["Notification"],"failureMessages":[],"fullName":"Notification renders with an Icon","location":null,"status":"passed","title":"renders with an Icon"},{"ancestorTitles":["Notification"],"failureMessages":[],"fullName":"Notification does not render an Icon","location":null,"status":"passed","title":"does not render an Icon"},{"ancestorTitles":["Notification"],"failureMessages":[],"fullName":"Notification renders a custom Icon component","location":null,"status":"passed","title":"renders a custom Icon component"},{"ancestorTitles":["Notification"],"failureMessages":[],"fullName":"Notification renders the announcement Notification type","location":null,"status":"passed","title":"renders the announcement Notification type"},{"ancestorTitles":["Notification"],"failureMessages":[],"fullName":"Notification renders the warning Notification type","location":null,"status":"passed","title":"renders the warning Notification type"},{"ancestorTitles":["Notification"],"failureMessages":[],"fullName":"Notification renders the UI snapshot correctly","location":null,"status":"passed","title":"renders the UI snapshot correctly"}],"endTime":1641590457819,"message":"","name":"/Users/edwinguzman/projects/design/nypl-design-system/src/components/Notification/Notification.test.tsx","startTime":1641590453794,"status":"passed","summary":""},{"assertionResults":[{"ancestorTitles":["Modal Accessibility"],"failureMessages":[],"fullName":"Modal Accessibility passes axe accessibility test","location":null,"status":"passed","title":"passes axe accessibility test"},{"ancestorTitles":["Modal"],"failureMessages":[],"fullName":"Modal modal applies 'no-scroll' class to body","location":null,"status":"passed","title":"modal applies 'no-scroll' class to body"}],"endTime":1641590457989,"message":"","name":"/Users/edwinguzman/projects/design/nypl-design-system/src/components/Modal/Modal.test.tsx","startTime":1641590443332,"status":"passed","summary":""},{"assertionResults":[{"ancestorTitles":["Accordion Accessibility"],"failureMessages":[],"fullName":"Accordion Accessibility passes axe accessibility test for one item","location":null,"status":"passed","title":"passes axe accessibility test for one item"},{"ancestorTitles":["Accordion Accessibility"],"failureMessages":[],"fullName":"Accordion Accessibility passes axe accessibility test for multiple items","location":null,"status":"passed","title":"passes axe accessibility test for multiple items"},{"ancestorTitles":["Accordion"],"failureMessages":[],"fullName":"Accordion renders a visible button with a label to click on","location":null,"status":"passed","title":"renders a visible button with a label to click on"},{"ancestorTitles":["Accordion"],"failureMessages":[],"fullName":"Accordion opens the panel by default with isDefaultOpen passed","location":null,"status":"passed","title":"opens the panel by default with isDefaultOpen passed"},{"ancestorTitles":["Accordion"],"failureMessages":[],"fullName":"Accordion opens the accordion when the label is clicked","location":null,"status":"passed","title":"opens the accordion when the label is clicked"},{"ancestorTitles":["Accordion"],"failureMessages":[],"fullName":"Accordion renders multiple accordion items grouped together","location":null,"status":"passed","title":"renders multiple accordion items grouped together"},{"ancestorTitles":["Accordion"],"failureMessages":[],"fullName":"Accordion opens each accordion item independently of each other","location":null,"status":"passed","title":"opens each accordion item independently of each other"}],"endTime":1641590459347,"message":"","name":"/Users/edwinguzman/projects/design/nypl-design-system/src/components/Accordion/Accordion.test.tsx","startTime":1641590453609,"status":"passed","summary":""},{"assertionResults":[{"ancestorTitles":["ProgressIndicator Accessibility"],"failureMessages":[],"fullName":"ProgressIndicator Accessibility passes axe accessibility for linear and circular types","location":null,"status":"passed","title":"passes axe accessibility for linear and circular types"},{"ancestorTitles":["ProgressIndicator Accessibility"],"failureMessages":[],"fullName":"ProgressIndicator Accessibility passes axe accessibility for linear and circular types without labels","location":null,"status":"passed","title":"passes axe accessibility for linear and circular types without labels"},{"ancestorTitles":["ProgressIndicator Accessibility"],"failureMessages":[],"fullName":"ProgressIndicator Accessibility passes axe accessibility for linear and circular types for indeterminate state","location":null,"status":"passed","title":"passes axe accessibility for linear and circular types for indeterminate state"},{"ancestorTitles":["ProgressIndicator Accessibility"],"failureMessages":[],"fullName":"ProgressIndicator Accessibility passes axe accessibility for linear and circular types for dark mode","location":null,"status":"passed","title":"passes axe accessibility for linear and circular types for dark mode"},{"ancestorTitles":["ProgressIndicator"],"failureMessages":[],"fullName":"ProgressIndicator renders a label and a progressbar for the linear type","location":null,"status":"passed","title":"renders a label and a progressbar for the linear type"},{"ancestorTitles":["ProgressIndicator"],"failureMessages":[],"fullName":"ProgressIndicator renders a label, a progressbar, and an svg for the circular type","location":null,"status":"passed","title":"renders a label, a progressbar, and an svg for the circular type"},{"ancestorTitles":["ProgressIndicator"],"failureMessages":[],"fullName":"ProgressIndicator renders the appropriate aria atttribute when the label is hidden","location":null,"status":"passed","title":"renders the appropriate aria atttribute when the label is hidden"},{"ancestorTitles":["ProgressIndicator"],"failureMessages":[],"fullName":"ProgressIndicator renders the value passed","location":null,"status":"passed","title":"renders the value passed"},{"ancestorTitles":["ProgressIndicator"],"failureMessages":[],"fullName":"ProgressIndicator logs a warning if a value less than 0 is passed","location":null,"status":"passed","title":"logs a warning if a value less than 0 is passed"},{"ancestorTitles":["ProgressIndicator"],"failureMessages":[],"fullName":"ProgressIndicator logs a warning if a value more than 100 is passed","location":null,"status":"passed","title":"logs a warning if a value more than 100 is passed"},{"ancestorTitles":["ProgressIndicator"],"failureMessages":[],"fullName":"ProgressIndicator Renders the UI snapshot correctly","location":null,"status":"passed","title":"Renders the UI snapshot correctly"}],"endTime":1641590460223,"message":"","name":"/Users/edwinguzman/projects/design/nypl-design-system/src/components/ProgressIndicator/ProgressIndicator.test.tsx","startTime":1641590455330,"status":"passed","summary":""},{"assertionResults":[{"ancestorTitles":["Form Accessibility"],"failureMessages":[],"fullName":"Form Accessibility passes axe accessibility test","location":null,"status":"passed","title":"passes axe accessibility test"},{"ancestorTitles":["Form Snapshot"],"failureMessages":[],"fullName":"Form Snapshot Renders the UI snapshot correctly","location":null,"status":"passed","title":"Renders the UI snapshot correctly"},{"ancestorTitles":["Form"],"failureMessages":[],"fullName":"Form Renders a <form> element","location":null,"status":"passed","title":"Renders a <form> element"},{"ancestorTitles":["Form"],"failureMessages":[],"fullName":"Form Renders a <form> element with child FormRow element","location":null,"status":"passed","title":"Renders a <form> element with child FormRow element"},{"ancestorTitles":["Form"],"failureMessages":[],"fullName":"Form Renders a <form> element with child FormField element","location":null,"status":"passed","title":"Renders a <form> element with child FormField element"},{"ancestorTitles":["Form"],"failureMessages":[],"fullName":"Form Renders a <form> element with FormRow, FormField and input elements properly nested","location":null,"status":"passed","title":"Renders a <form> element with FormRow, FormField and input elements properly nested"},{"ancestorTitles":["Form"],"failureMessages":[],"fullName":"Form Renders a <form> element with custom `action` and `method` attributes","location":null,"status":"passed","title":"Renders a <form> element with custom `action` and `method` attributes"}],"endTime":1641590460542,"message":"","name":"/Users/edwinguzman/projects/design/nypl-design-system/src/components/Form/Form.test.tsx","startTime":1641590457347,"status":"passed","summary":""},{"assertionResults":[{"ancestorTitles":["Card Accessibility"],"failureMessages":[],"fullName":"Card Accessibility passes axe accessibility test","location":null,"status":"passed","title":"passes axe accessibility test"},{"ancestorTitles":["Card Accessibility"],"failureMessages":[],"fullName":"Card Accessibility passes axe accessibility test for the full-click feature","location":null,"status":"passed","title":"passes axe accessibility test for the full-click feature"},{"ancestorTitles":["Card"],"failureMessages":[],"fullName":"Card renders a Card with a header, image, content, and CTAs","location":null,"status":"passed","title":"renders a Card with a header, image, content, and CTAs"},{"ancestorTitles":["Card"],"failureMessages":[],"fullName":"Card renders a Card with variable data","location":null,"status":"passed","title":"renders a Card with variable data"},{"ancestorTitles":["Card"],"failureMessages":[],"fullName":"Card Generates a card without a CTA block if one isn't provided","location":null,"status":"passed","title":"Generates a card without a CTA block if one isn't provided"},{"ancestorTitles":["Card"],"failureMessages":[],"fullName":"Card Generates a card without a content block if one isn't provided","location":null,"status":"passed","title":"Generates a card without a content block if one isn't provided"},{"ancestorTitles":["Card"],"failureMessages":[],"fullName":"Card Generates a card without an image block if no image is provided","location":null,"status":"passed","title":"Generates a card without an image block if no image is provided"},{"ancestorTitles":["Card"],"failureMessages":[],"fullName":"Card Generates a card without an image block if no image is provided","location":null,"status":"passed","title":"Generates a card without an image block if no image is provided"},{"ancestorTitles":["Card"],"failureMessages":[],"fullName":"Card Renders the UI snapshot correctly","location":null,"status":"passed","title":"Renders the UI snapshot correctly"}],"endTime":1641590460993,"message":"","name":"/Users/edwinguzman/projects/design/nypl-design-system/src/components/Card/Card.test.tsx","startTime":1641590457230,"status":"passed","summary":""},{"assertionResults":[{"ancestorTitles":["Radio Accessibility"],"failureMessages":[],"fullName":"Radio Accessibility passes axe accessibility","location":null,"status":"passed","title":"passes axe accessibility"},{"ancestorTitles":["Radio Button"],"failureMessages":[],"fullName":"Radio Button renders with a radio input and label","location":null,"status":"passed","title":"renders with a radio input and label"},{"ancestorTitles":["Radio Button"],"failureMessages":[],"fullName":"Radio Button renders with appropriate 'aria-label' attribute and value when 'showLabel' prop is set to false","location":null,"status":"passed","title":"renders with appropriate 'aria-label' attribute and value when 'showLabel' prop is set to false"},{"ancestorTitles":["Radio Button"],"failureMessages":[],"fullName":"Radio Button renders with appropriate 'aria-label' attribute and value when 'showLabel' prop is set to false and 'helperText' has been passed","location":null,"status":"passed","title":"renders with appropriate 'aria-label' attribute and value when 'showLabel' prop is set to false and 'helperText' has been passed"},{"ancestorTitles":["Radio Button"],"failureMessages":[],"fullName":"Radio Button renders visible helper or error text","location":null,"status":"passed","title":"renders visible helper or error text"},{"ancestorTitles":["Radio Button"],"failureMessages":[],"fullName":"Radio Button sets the radio's ID","location":null,"status":"passed","title":"sets the radio's ID"},{"ancestorTitles":["Radio Button"],"failureMessages":[],"fullName":"Radio Button calls the UUID generation function if no id prop value is passed","location":null,"status":"passed","title":"calls the UUID generation function if no id prop value is passed"},{"ancestorTitles":["Radio Button"],"failureMessages":[],"fullName":"Radio Button sets the 'checked' attribute","location":null,"status":"passed","title":"sets the 'checked' attribute"},{"ancestorTitles":["Radio Button"],"failureMessages":[],"fullName":"Radio Button sets the 'disabled' attribute","location":null,"status":"passed","title":"sets the 'disabled' attribute"},{"ancestorTitles":["Radio Button"],"failureMessages":[],"fullName":"Radio Button sets the 'required' attribute","location":null,"status":"passed","title":"sets the 'required' attribute"},{"ancestorTitles":["Radio Button"],"failureMessages":[],"fullName":"Radio Button sets the error state","location":null,"status":"passed","title":"sets the error state"},{"ancestorTitles":["Radio Button"],"failureMessages":[],"fullName":"Radio Button does not render the error text when 'showHelperInvalidText' is false","location":null,"status":"passed","title":"does not render the error text when 'showHelperInvalidText' is false"},{"ancestorTitles":["Radio Button"],"failureMessages":[],"fullName":"Radio Button renders the UI snapshot correctly","location":null,"status":"passed","title":"renders the UI snapshot correctly"}],"endTime":1641590461019,"message":"","name":"/Users/edwinguzman/projects/design/nypl-design-system/src/components/Radio/Radio.test.tsx","startTime":1641590457201,"status":"passed","summary":""},{"assertionResults":[{"ancestorTitles":["Checkbox Accessibility"],"failureMessages":[],"fullName":"Checkbox Accessibility passes axe accessibility","location":null,"status":"passed","title":"passes axe accessibility"},{"ancestorTitles":["Checkbox"],"failureMessages":[],"fullName":"Checkbox renders with Checkbox inputs and a label","location":null,"status":"passed","title":"renders with Checkbox inputs and a label"},{"ancestorTitles":["Checkbox"],"failureMessages":[],"fullName":"Checkbox renders with appropriate 'aria-label' attribute and value when 'showLabel' prop is set to false","location":null,"status":"passed","title":"renders with appropriate 'aria-label' attribute and value when 'showLabel' prop is set to false"},{"ancestorTitles":["Checkbox"],"failureMessages":[],"fullName":"Checkbox renders visible helper or error text","location":null,"status":"passed","title":"renders visible helper or error text"},{"ancestorTitles":["Checkbox"],"failureMessages":[],"fullName":"Checkbox sets the CheckboxGroup's ID","location":null,"status":"passed","title":"sets the CheckboxGroup's ID"},{"ancestorTitles":["Checkbox"],"failureMessages":[],"fullName":"Checkbox sets the next value through the onChange function","location":null,"status":"passed","title":"sets the next value through the onChange function"},{"ancestorTitles":["Checkbox"],"failureMessages":[],"fullName":"Checkbox calls the UUID generation function if no id prop value is passed","location":null,"status":"passed","title":"calls the UUID generation function if no id prop value is passed"},{"ancestorTitles":["Checkbox"],"failureMessages":[],"fullName":"Checkbox sets the 'disabled' attribute for all its Checkbox children","location":null,"status":"passed","title":"sets the 'disabled' attribute for all its Checkbox children"},{"ancestorTitles":["Checkbox"],"failureMessages":[],"fullName":"Checkbox sets the 'required' attribute for all its Checkbox children","location":null,"status":"passed","title":"sets the 'required' attribute for all its Checkbox children"},{"ancestorTitles":["Checkbox"],"failureMessages":[],"fullName":"Checkbox sets the error state for all its Checkbox children","location":null,"status":"passed","title":"sets the error state for all its Checkbox children"},{"ancestorTitles":["Checkbox"],"failureMessages":[],"fullName":"Checkbox does not render the invalid text when 'isInvalid' is true but 'showHelperInvalidText' is false","location":null,"status":"passed","title":"does not render the invalid text when 'isInvalid' is true but 'showHelperInvalidText' is false"},{"ancestorTitles":["Checkbox"],"failureMessages":[],"fullName":"Checkbox renders the UI snapshot correctly","location":null,"status":"passed","title":"renders the UI snapshot correctly"},{"ancestorTitles":["Checkbox"],"failureMessages":[],"fullName":"Checkbox should throw warning when a non-Checkbox component is used as a child","location":null,"status":"passed","title":"should throw warning when a non-Checkbox component is used as a child"}],"endTime":1641590461494,"message":"","name":"/Users/edwinguzman/projects/design/nypl-design-system/src/components/CheckboxGroup/CheckboxGroup.test.tsx","startTime":1641590456351,"status":"passed","summary":""},{"assertionResults":[{"ancestorTitles":["Pagination Accessibility"],"failureMessages":[],"fullName":"Pagination Accessibility passes axe accessibility on the first page","location":null,"status":"passed","title":"passes axe accessibility on the first page"},{"ancestorTitles":["Pagination Accessibility"],"failureMessages":[],"fullName":"Pagination Accessibility passes axe accessibility on a middle page","location":null,"status":"passed","title":"passes axe accessibility on a middle page"},{"ancestorTitles":["Pagination Accessibility"],"failureMessages":[],"fullName":"Pagination Accessibility passes axe accessibility on the last page","location":null,"status":"passed","title":"passes axe accessibility on the last page"},{"ancestorTitles":["Pagination","Rendering"],"failureMessages":[],"fullName":"Pagination Rendering renders a nav element with an unordered list and links","location":null,"status":"passed","title":"renders a nav element with an unordered list and links"},{"ancestorTitles":["Pagination","Rendering"],"failureMessages":[],"fullName":"Pagination Rendering does not render the Previous link on the first page","location":null,"status":"passed","title":"does not render the Previous link on the first page"},{"ancestorTitles":["Pagination","Rendering"],"failureMessages":[],"fullName":"Pagination Rendering does not render the Next link on the last page","location":null,"status":"passed","title":"does not render the Next link on the last page"},{"ancestorTitles":["Pagination","Rendering"],"failureMessages":[],"fullName":"Pagination Rendering renders an ellipsis at the end of the list","location":null,"status":"passed","title":"renders an ellipsis at the end of the list"},{"ancestorTitles":["Pagination","Rendering"],"failureMessages":[],"fullName":"Pagination Rendering renders an ellipsis at the start of the list","location":null,"status":"passed","title":"renders an ellipsis at the start of the list"},{"ancestorTitles":["Pagination","Rendering"],"failureMessages":[],"fullName":"Pagination Rendering renders two ellipsis when the current page is in the middle","location":null,"status":"passed","title":"renders two ellipsis when the current page is in the middle"},{"ancestorTitles":["Pagination","Rendering"],"failureMessages":[],"fullName":"Pagination Rendering adds aria-current to the active page","location":null,"status":"passed","title":"adds aria-current to the active page"},{"ancestorTitles":["Pagination","Rendering"],"failureMessages":[],"fullName":"Pagination Rendering When pagination has 1 element, pagination is not shown","location":null,"status":"passed","title":"When pagination has 1 element, pagination is not shown"},{"ancestorTitles":["Pagination","Rendering"],"failureMessages":[],"fullName":"Pagination Rendering When pagination has 0 elements, pagination is not shown","location":null,"status":"passed","title":"When pagination has 0 elements, pagination is not shown"},{"ancestorTitles":["Pagination","Rendering"],"failureMessages":[],"fullName":"Pagination Rendering Renders the UI snapshot correctly","location":null,"status":"passed","title":"Renders the UI snapshot correctly"},{"ancestorTitles":["Pagination","Behavior"],"failureMessages":[],"fullName":"Pagination Behavior updates the links href value when getPageHref is used","location":null,"status":"passed","title":"updates the links href value when getPageHref is used"},{"ancestorTitles":["Pagination","Behavior"],"failureMessages":[],"fullName":"Pagination Behavior When page item is selected, runs the onPageChange callback","location":null,"status":"passed","title":"When page item is selected, runs the onPageChange callback"}],"endTime":1641590461930,"message":"","name":"/Users/edwinguzman/projects/design/nypl-design-system/src/components/Pagination/Pagination.test.tsx","startTime":1641590457435,"status":"passed","summary":""},{"assertionResults":[{"ancestorTitles":["DatePicker Accessibility"],"failureMessages":[],"fullName":"DatePicker Accessibility passes axe accessibility for a single date input","location":null,"status":"passed","title":"passes axe accessibility for a single date input"},{"ancestorTitles":["DatePicker Accessibility"],"failureMessages":[],"fullName":"DatePicker Accessibility passes axe accessibility for a date range","location":null,"status":"passed","title":"passes axe accessibility for a date range"},{"ancestorTitles":["DatePicker","Single input"],"failureMessages":[],"fullName":"DatePicker Single input should render the basic date input field including a date","location":null,"status":"passed","title":"should render the basic date input field including a date"},{"ancestorTitles":["DatePicker","Single input"],"failureMessages":[],"fullName":"DatePicker Single input should render with an initial date","location":null,"status":"passed","title":"should render with an initial date"},{"ancestorTitles":["DatePicker","Single input"],"failureMessages":[],"fullName":"DatePicker Single input should render the 'month' DatePicker type","location":null,"status":"passed","title":"should render the 'month' DatePicker type"},{"ancestorTitles":["DatePicker","Single input"],"failureMessages":[],"fullName":"DatePicker Single input should render the 'year' DatePicker type","location":null,"status":"passed","title":"should render the 'year' DatePicker type"},{"ancestorTitles":["DatePicker","Single input"],"failureMessages":[],"fullName":"DatePicker Single input should render a custom date format","location":null,"status":"passed","title":"should render a custom date format"},{"ancestorTitles":["DatePicker","Single input"],"failureMessages":[],"fullName":"DatePicker Single input should hide the input label but add an aria-label","location":null,"status":"passed","title":"should hide the input label but add an aria-label"},{"ancestorTitles":["DatePicker","Single input"],"failureMessages":[],"fullName":"DatePicker Single input should render with helper text and error text","location":null,"status":"passed","title":"should render with helper text and error text"},{"ancestorTitles":["DatePicker","Single input"],"failureMessages":[],"fullName":"DatePicker Single input should not render the helper text or invalid text when 'showHelperInvalidText' is false","location":null,"status":"passed","title":"should not render the helper text or invalid text when 'showHelperInvalidText' is false"},{"ancestorTitles":["DatePicker","Single input"],"failureMessages":[],"fullName":"DatePicker Single input should render a disabled input field","location":null,"status":"passed","title":"should render a disabled input field"},{"ancestorTitles":["DatePicker","Single input"],"failureMessages":[],"fullName":"DatePicker Single input should render a required label","location":null,"status":"passed","title":"should render a required label"},{"ancestorTitles":["DatePicker","Single input"],"failureMessages":[],"fullName":"DatePicker Single input should hide the Optional/Required text in the label with `showOptReqLabel`","location":null,"status":"passed","title":"should hide the Optional/Required text in the label with `showOptReqLabel`"},{"ancestorTitles":["DatePicker","Single input"],"failureMessages":[],"fullName":"DatePicker Single input should pass the value to the `onChange` function","location":null,"status":"passed","title":"should pass the value to the `onChange` function"},{"ancestorTitles":["DatePicker","Single input"],"failureMessages":[],"fullName":"DatePicker Single input should throw a warning when refs are used but not `name` props","location":null,"status":"passed","title":"should throw a warning when refs are used but not `name` props"},{"ancestorTitles":["DatePicker","Single input"],"failureMessages":[],"fullName":"DatePicker Single input should throw a warning when `onChange` is passed as well as a `ref` prop.","location":null,"status":"passed","title":"should throw a warning when `onChange` is passed as well as a `ref` prop."},{"ancestorTitles":["DatePicker","Single input"],"failureMessages":[],"fullName":"DatePicker Single input renders the UI snapshot correctly","location":null,"status":"passed","title":"renders the UI snapshot correctly"},{"ancestorTitles":["DatePicker","Date Range"],"failureMessages":[],"fullName":"DatePicker Date Range should render the date range with two input fields","location":null,"status":"passed","title":"should render the date range with two input fields"},{"ancestorTitles":["DatePicker","Date Range"],"failureMessages":[],"fullName":"DatePicker Date Range should render the initial dates","location":null,"status":"passed","title":"should render the initial dates"},{"ancestorTitles":["DatePicker","Date Range"],"failureMessages":[],"fullName":"DatePicker Date Range should render two input labels and three separate helper text","location":null,"status":"passed","title":"should render two input labels and three separate helper text"},{"ancestorTitles":["DatePicker","Date Range"],"failureMessages":[],"fullName":"DatePicker Date Range should render different states based on respective props","location":null,"status":"passed","title":"should render different states based on respective props"},{"ancestorTitles":["DatePicker","Date Range"],"failureMessages":[],"fullName":"DatePicker Date Range renders the UI snapshot correctly","location":null,"status":"passed","title":"renders the UI snapshot correctly"},{"ancestorTitles":["DatePicker","Date Range"],"failureMessages":[],"fullName":"DatePicker Date Range should select two new dates","location":null,"status":"passed","title":"should select two new dates"},{"ancestorTitles":["DatePicker","Popup Calendar"],"failureMessages":[],"fullName":"DatePicker Popup Calendar should render a popup calendar for the full date","location":null,"status":"passed","title":"should render a popup calendar for the full date"},{"ancestorTitles":["DatePicker","Popup Calendar"],"failureMessages":[],"fullName":"DatePicker Popup Calendar should select a new date from the calendar","location":null,"status":"passed","title":"should select a new date from the calendar"},{"ancestorTitles":["DatePicker","Popup Calendar"],"failureMessages":[],"fullName":"DatePicker Popup Calendar should render a popup calendar for the month date","location":null,"status":"passed","title":"should render a popup calendar for the month date"},{"ancestorTitles":["DatePicker","Popup Calendar"],"failureMessages":[],"fullName":"DatePicker Popup Calendar should select a new month from the calendar","location":null,"status":"passed","title":"should select a new month from the calendar"},{"ancestorTitles":["DatePicker","Popup Calendar"],"failureMessages":[],"fullName":"DatePicker Popup Calendar should render a popup calendar for the year date","location":null,"status":"passed","title":"should render a popup calendar for the year date"},{"ancestorTitles":["DatePicker","Popup Calendar"],"failureMessages":[],"fullName":"DatePicker Popup Calendar should select a new year from the calendar","location":null,"status":"passed","title":"should select a new year from the calendar"}],"endTime":1641590461944,"message":"","name":"/Users/edwinguzman/projects/design/nypl-design-system/src/components/DatePicker/DatePicker.test.tsx","startTime":1641590453212,"status":"passed","summary":""},{"assertionResults":[{"ancestorTitles":["Radio Accessibility"],"failureMessages":[],"fullName":"Radio Accessibility passes axe accessibility","location":null,"status":"passed","title":"passes axe accessibility"},{"ancestorTitles":["Radio Button"],"failureMessages":[],"fullName":"Radio Button renders with radio inputs and a label","location":null,"status":"passed","title":"renders with radio inputs and a label"},{"ancestorTitles":["Radio Button"],"failureMessages":[],"fullName":"Radio Button renders with appropriate 'aria-label' attribute and value when 'showLabel' prop is set to false","location":null,"status":"passed","title":"renders with appropriate 'aria-label' attribute and value when 'showLabel' prop is set to false"},{"ancestorTitles":["Radio Button"],"failureMessages":[],"fullName":"Radio Button renders visible helper or error text","location":null,"status":"passed","title":"renders visible helper or error text"},{"ancestorTitles":["Radio Button"],"failureMessages":[],"fullName":"Radio Button sets the RadioGroup's ID","location":null,"status":"passed","title":"sets the RadioGroup's ID"},{"ancestorTitles":["Radio Button"],"failureMessages":[],"fullName":"Radio Button sets the next value through the onChange function","location":null,"status":"passed","title":"sets the next value through the onChange function"},{"ancestorTitles":["Radio Button"],"failureMessages":[],"fullName":"Radio Button calls the UUID generation function if no id prop value is passed","location":null,"status":"passed","title":"calls the UUID generation function if no id prop value is passed"},{"ancestorTitles":["Radio Button"],"failureMessages":[],"fullName":"Radio Button sets the 'disabled' attribute for all its Radio children","location":null,"status":"passed","title":"sets the 'disabled' attribute for all its Radio children"},{"ancestorTitles":["Radio Button"],"failureMessages":[],"fullName":"Radio Button sets the 'required' attribute for all its Radio children","location":null,"status":"passed","title":"sets the 'required' attribute for all its Radio children"},{"ancestorTitles":["Radio Button"],"failureMessages":[],"fullName":"Radio Button sets the error state for all its Radio children","location":null,"status":"passed","title":"sets the error state for all its Radio children"},{"ancestorTitles":["Radio Button"],"failureMessages":[],"fullName":"Radio Button does not render the error text when 'showHelperInvalidText' is false","location":null,"status":"passed","title":"does not render the error text when 'showHelperInvalidText' is false"},{"ancestorTitles":["Radio Button"],"failureMessages":[],"fullName":"Radio Button renders the UI snapshot correctly","location":null,"status":"passed","title":"renders the UI snapshot correctly"},{"ancestorTitles":["Radio Button"],"failureMessages":[],"fullName":"Radio Button should throw warning when a non-Radio component is used as a child","location":null,"status":"passed","title":"should throw warning when a non-Radio component is used as a child"}],"endTime":1641590462218,"message":"","name":"/Users/edwinguzman/projects/design/nypl-design-system/src/components/RadioGroup/RadioGroup.test.tsx","startTime":1641590458022,"status":"passed","summary":""},{"assertionResults":[{"ancestorTitles":["Tabs Accessibility"],"failureMessages":[],"fullName":"Tabs Accessibility passes axe accessibility test with the data prop","location":null,"status":"passed","title":"passes axe accessibility test with the data prop"},{"ancestorTitles":["Tabs Accessibility"],"failureMessages":[],"fullName":"Tabs Accessibility passes axe accessibility test with children components","location":null,"status":"passed","title":"passes axe accessibility test with children components"},{"ancestorTitles":["Tabs"],"failureMessages":[],"fullName":"Tabs renders all tabs but only one panel at a time with children","location":null,"status":"passed","title":"renders all tabs but only one panel at a time with children"},{"ancestorTitles":["Tabs"],"failureMessages":[],"fullName":"Tabs renders all tabs but only one visible panel at a time with data prop","location":null,"status":"passed","title":"renders all tabs but only one visible panel at a time with data prop"},{"ancestorTitles":["Tabs"],"failureMessages":[],"fullName":"Tabs switches between tabs","location":null,"status":"passed","title":"switches between tabs"},{"ancestorTitles":["Tabs"],"failureMessages":[],"fullName":"Tabs renders the specified initial index value","location":null,"status":"passed","title":"renders the specified initial index value"},{"ancestorTitles":["Tabs"],"failureMessages":[],"fullName":"Tabs invokes the callback function","location":null,"status":"passed","title":"invokes the callback function"},{"ancestorTitles":["Tabs"],"failureMessages":[],"fullName":"Tabs should throw warning when both the 'data' probp and children are passed","location":null,"status":"passed","title":"should throw warning when both the 'data' probp and children are passed"},{"ancestorTitles":["Tabs"],"failureMessages":[],"fullName":"Tabs should throw warning when more than six object tabs are passed","location":null,"status":"passed","title":"should throw warning when more than six object tabs are passed"}],"endTime":1641590462321,"message":"","name":"/Users/edwinguzman/projects/design/nypl-design-system/src/components/Tabs/Tabs.test.tsx","startTime":1641590457936,"status":"passed","summary":""},{"assertionResults":[{"ancestorTitles":["TemplateAppContainer accessibility"],"failureMessages":[],"fullName":"TemplateAppContainer accessibility passes axe accessibility test","location":null,"status":"passed","title":"passes axe accessibility test"},{"ancestorTitles":["Template components accessibility"],"failureMessages":[],"fullName":"Template components accessibility passes axe accessibility test","location":null,"status":"passed","title":"passes axe accessibility test"},{"ancestorTitles":["TemplateAppContainer component"],"failureMessages":[],"fullName":"TemplateAppContainer component renders each section","location":null,"status":"passed","title":"renders each section"},{"ancestorTitles":["Template components"],"failureMessages":[],"fullName":"Template components renders each section","location":null,"status":"passed","title":"renders each section"}],"endTime":1641590462766,"message":"","name":"/Users/edwinguzman/projects/design/nypl-design-system/src/components/Template/Template.test.tsx","startTime":1641590452094,"status":"passed","summary":""}],"wasInterrupted":false}