{"numFailedTestSuites":0,"numFailedTests":0,"numPassedTestSuites":62,"numPassedTests":748,"numPendingTestSuites":4,"numPendingTests":76,"numRuntimeErrorTestSuites":0,"numTodoTests":0,"numTotalTestSuites":66,"numTotalTests":824,"openHandles":[],"snapshot":{"added":0,"didUpdate":false,"failure":false,"filesAdded":0,"filesRemoved":0,"filesRemovedList":[],"filesUnmatched":0,"filesUpdated":0,"matched":398,"total":398,"unchecked":0,"uncheckedKeysByFile":[],"unmatched":0,"updated":0},"startTime":1715376240187,"success":true,"testResults":[{"assertionResults":[{"ancestorTitles":["SocialMediaLinks Accessibility","Labels"],"duration":null,"failureDetails":[],"failureMessages":[],"fullName":"SocialMediaLinks Accessibility Labels passes axe accessibility test without visible labels","invocations":1,"location":null,"numPassingAsserts":0,"retryReasons":[],"status":"pending","title":"passes axe accessibility test without visible labels"},{"ancestorTitles":["SocialMediaLinks Accessibility","Labels"],"duration":null,"failureDetails":[],"failureMessages":[],"fullName":"SocialMediaLinks Accessibility Labels passes axe accessibility test with labels set to true","invocations":1,"location":null,"numPassingAsserts":0,"retryReasons":[],"status":"pending","title":"passes axe accessibility test with labels set to true"},{"ancestorTitles":["SocialMediaLinks Accessibility","Colors"],"duration":null,"failureDetails":[],"failureMessages":[],"fullName":"SocialMediaLinks Accessibility Colors passes axe accessibility test with link color & labels","invocations":1,"location":null,"numPassingAsserts":0,"retryReasons":[],"status":"pending","title":"passes axe accessibility test with link color & labels"},{"ancestorTitles":["SocialMediaLinks Accessibility","Colors"],"duration":null,"failureDetails":[],"failureMessages":[],"fullName":"SocialMediaLinks Accessibility Colors passes axe accessibility test with textInverse color & labels","invocations":1,"location":null,"numPassingAsserts":0,"retryReasons":[],"status":"pending","title":"passes axe accessibility test with textInverse color & labels"},{"ancestorTitles":["SocialMediaLinks Accessibility","Borders"],"duration":null,"failureDetails":[],"failureMessages":[],"fullName":"SocialMediaLinks Accessibility Borders passes axe accessibility test with straight borders & labels","invocations":1,"location":null,"numPassingAsserts":0,"retryReasons":[],"status":"pending","title":"passes axe accessibility test with straight borders & labels"},{"ancestorTitles":["SocialMediaLinks Accessibility","Borders"],"duration":null,"failureDetails":[],"failureMessages":[],"fullName":"SocialMediaLinks Accessibility Borders passes axe accessibility test with circular borders","invocations":1,"location":null,"numPassingAsserts":0,"retryReasons":[],"status":"pending","title":"passes axe accessibility test with circular borders"},{"ancestorTitles":["SocialMediaLinks"],"duration":null,"failureDetails":[],"failureMessages":[],"fullName":"SocialMediaLinks Renders default","invocations":1,"location":null,"numPassingAsserts":0,"retryReasons":[],"status":"pending","title":"Renders default"},{"ancestorTitles":["SocialMediaLinks"],"duration":null,"failureDetails":[],"failureMessages":[],"fullName":"SocialMediaLinks Renders selected types","invocations":1,"location":null,"numPassingAsserts":0,"retryReasons":[],"status":"pending","title":"Renders selected types"},{"ancestorTitles":["SocialMediaLinks"],"duration":null,"failureDetails":[],"failureMessages":[],"fullName":"SocialMediaLinks logs an error if border='circular' and showLabels=true","invocations":1,"location":null,"numPassingAsserts":0,"retryReasons":[],"status":"pending","title":"logs an error if border='circular' and showLabels=true"},{"ancestorTitles":["SocialMediaLinks Snapshot"],"duration":null,"failureDetails":[],"failureMessages":[],"fullName":"SocialMediaLinks Snapshot Renders the UI snapshot correctly when the layout is in a row.","invocations":1,"location":null,"numPassingAsserts":0,"retryReasons":[],"status":"pending","title":"Renders the UI snapshot correctly when the layout is in a row."},{"ancestorTitles":["SocialMediaLinks Snapshot"],"duration":null,"failureDetails":[],"failureMessages":[],"fullName":"SocialMediaLinks Snapshot Renders the UI snapshot correctly when the layout is in a column.","invocations":1,"location":null,"numPassingAsserts":0,"retryReasons":[],"status":"pending","title":"Renders the UI snapshot correctly when the layout is in a column."},{"ancestorTitles":["SocialMediaLinks Snapshot"],"duration":null,"failureDetails":[],"failureMessages":[],"fullName":"SocialMediaLinks Snapshot Renders the UI snapshot correctly when linksData has a value.","invocations":1,"location":null,"numPassingAsserts":0,"retryReasons":[],"status":"pending","title":"Renders the UI snapshot correctly when linksData has a value."}],"coverage":{},"endTime":1715376314487,"message":"","name":"/Users/edwinguzman/projects/ds/nypl-design-system/src/components/SocialMediaLinks/SocialMediaLinks.test.tsx","startTime":1715376314487,"status":"skipped","summary":""},{"assertionResults":[{"ancestorTitles":["MultiSelect Accessibility"],"duration":null,"failureDetails":[],"failureMessages":[],"fullName":"MultiSelect Accessibility should have no axe violations for the 'multi-select' component","invocations":1,"location":null,"numPassingAsserts":0,"retryReasons":[],"status":"pending","title":"should have no axe violations for the 'multi-select' component"},{"ancestorTitles":["MultiSelect"],"duration":null,"failureDetails":[],"failureMessages":[],"fullName":"MultiSelect should initially render with provided id","invocations":1,"location":null,"numPassingAsserts":0,"retryReasons":[],"status":"pending","title":"should initially render with provided id"},{"ancestorTitles":["MultiSelect"],"duration":null,"failureDetails":[],"failureMessages":[],"fullName":"MultiSelect should initially render with a given button text ","invocations":1,"location":null,"numPassingAsserts":0,"retryReasons":[],"status":"pending","title":"should initially render with a given button text "},{"ancestorTitles":["MultiSelect"],"duration":null,"failureDetails":[],"failureMessages":[],"fullName":"MultiSelect should initially render with a closed menu when the isDefaultOpen is omitted or set to false","invocations":1,"location":null,"numPassingAsserts":0,"retryReasons":[],"status":"pending","title":"should initially render with a closed menu when the isDefaultOpen is omitted or set to false"},{"ancestorTitles":["MultiSelect"],"duration":null,"failureDetails":[],"failureMessages":[],"fullName":"MultiSelect should initially render with open menu and disabled items","invocations":1,"location":null,"numPassingAsserts":0,"retryReasons":[],"status":"pending","title":"should initially render with open menu and disabled items"},{"ancestorTitles":["MultiSelect"],"duration":null,"failureDetails":[],"failureMessages":[],"fullName":"MultiSelect should initially render with open menu if isDefaultOpen prop is true","invocations":1,"location":null,"numPassingAsserts":0,"retryReasons":[],"status":"pending","title":"should initially render with open menu if isDefaultOpen prop is true"},{"ancestorTitles":["MultiSelect"],"duration":null,"failureDetails":[],"failureMessages":[],"fullName":"MultiSelect should initially render with open menu if isDefaultOpen prop is true and when items are selected","invocations":1,"location":null,"numPassingAsserts":0,"retryReasons":[],"status":"pending","title":"should initially render with open menu if isDefaultOpen prop is true and when items are selected"},{"ancestorTitles":["MultiSelect"],"duration":null,"failureDetails":[],"failureMessages":[],"fullName":"MultiSelect should initially render with open menu if isDefaultOpen prop is true and when selected items are empty","invocations":1,"location":null,"numPassingAsserts":0,"retryReasons":[],"status":"pending","title":"should initially render with open menu if isDefaultOpen prop is true and when selected items are empty"},{"ancestorTitles":["MultiSelect"],"duration":null,"failureDetails":[],"failureMessages":[],"fullName":"MultiSelect should allow user to toggle menu by clicking menu button or use the 'Enter'/'Spacebar' key","invocations":1,"location":null,"numPassingAsserts":0,"retryReasons":[],"status":"pending","title":"should allow user to toggle menu by clicking menu button or use the 'Enter'/'Spacebar' key"},{"ancestorTitles":["MultiSelect"],"duration":null,"failureDetails":[],"failureMessages":[],"fullName":"MultiSelect should call onChange when an item without child items or a child item is selected/unselected","invocations":1,"location":null,"numPassingAsserts":0,"retryReasons":[],"status":"pending","title":"should call onChange when an item without child items or a child item is selected/unselected"},{"ancestorTitles":["MultiSelect"],"duration":null,"failureDetails":[],"failureMessages":[],"fullName":"MultiSelect should call onMixedStateChange when a parent item is selected/unselected","invocations":1,"location":null,"numPassingAsserts":0,"retryReasons":[],"status":"pending","title":"should call onMixedStateChange when a parent item is selected/unselected"},{"ancestorTitles":["MultiSelect"],"duration":null,"failureDetails":[],"failureMessages":[],"fullName":"MultiSelect should have indeterminate state for parent item if not all child items are checked","invocations":1,"location":null,"numPassingAsserts":0,"retryReasons":[],"status":"pending","title":"should have indeterminate state for parent item if not all child items are checked"},{"ancestorTitles":["MultiSelect"],"duration":null,"failureDetails":[],"failureMessages":[],"fullName":"MultiSelect should check all child items if parent is checked","invocations":1,"location":null,"numPassingAsserts":0,"retryReasons":[],"status":"pending","title":"should check all child items if parent is checked"},{"ancestorTitles":["MultiSelect"],"duration":null,"failureDetails":[],"failureMessages":[],"fullName":"MultiSelect should check parent item if all child items are checked","invocations":1,"location":null,"numPassingAsserts":0,"retryReasons":[],"status":"pending","title":"should check parent item if all child items are checked"},{"ancestorTitles":["MultiSelect"],"duration":null,"failureDetails":[],"failureMessages":[],"fullName":"MultiSelect should render a count button with the correct count, should clear the selectedItems on click ","invocations":1,"location":null,"numPassingAsserts":0,"retryReasons":[],"status":"pending","title":"should render a count button with the correct count, should clear the selectedItems on click "},{"ancestorTitles":["MultiSelect"],"duration":null,"failureDetails":[],"failureMessages":[],"fullName":"MultiSelect should render the UI snapshot correctly","invocations":1,"location":null,"numPassingAsserts":0,"retryReasons":[],"status":"pending","title":"should render the UI snapshot correctly"}],"coverage":{},"endTime":1715376314487,"message":"","name":"/Users/edwinguzman/projects/ds/nypl-design-system/src/components/MultiSelect/MultiSelect.test.tsx","startTime":1715376314487,"status":"skipped","summary":""},{"assertionResults":[{"ancestorTitles":["NewsletterSignup Accessibility"],"duration":null,"failureDetails":[],"failureMessages":[],"fullName":"NewsletterSignup Accessibility Form state w/ all optional props (displayed and undisplayed) passes accessibility","invocations":1,"location":null,"numPassingAsserts":0,"retryReasons":[],"status":"pending","title":"Form state w/ all optional props (displayed and undisplayed) passes accessibility"},{"ancestorTitles":["NewsletterSignup Accessibility"],"duration":null,"failureDetails":[],"failureMessages":[],"fullName":"NewsletterSignup Accessibility Submitting state w/ all optional props (displayed and undisplayed) passes accessibility","invocations":1,"location":null,"numPassingAsserts":0,"retryReasons":[],"status":"pending","title":"Submitting state w/ all optional props (displayed and undisplayed) passes accessibility"},{"ancestorTitles":["NewsletterSignup Accessibility"],"duration":null,"failureDetails":[],"failureMessages":[],"fullName":"NewsletterSignup Accessibility Error state w/ all optional props (displayed and undisplayed) passes accessibility","invocations":1,"location":null,"numPassingAsserts":0,"retryReasons":[],"status":"pending","title":"Error state w/ all optional props (displayed and undisplayed) passes accessibility"},{"ancestorTitles":["NewsletterSignup Accessibility"],"duration":null,"failureDetails":[],"failureMessages":[],"fullName":"NewsletterSignup Accessibility Confirmation state w/ all optional props (displayed and undisplayed) passes accessibility","invocations":1,"location":null,"numPassingAsserts":0,"retryReasons":[],"status":"pending","title":"Confirmation state w/ all optional props (displayed and undisplayed) passes accessibility"},{"ancestorTitles":["NewsletterSignup Accessibility"],"duration":null,"failureDetails":[],"failureMessages":[],"fullName":"NewsletterSignup Accessibility Bad email state w/ all optional props (displayed and undisplayed) passes accessibility","invocations":1,"location":null,"numPassingAsserts":0,"retryReasons":[],"status":"pending","title":"Bad email state w/ all optional props (displayed and undisplayed) passes accessibility"},{"ancestorTitles":["NewsletterSignup Unit Tests"],"duration":null,"failureDetails":[],"failureMessages":[],"fullName":"NewsletterSignup Unit Tests Renders the Minimum Required Elements for the Form","invocations":1,"location":null,"numPassingAsserts":0,"retryReasons":[],"status":"pending","title":"Renders the Minimum Required Elements for the Form"},{"ancestorTitles":["NewsletterSignup Unit Tests"],"duration":null,"failureDetails":[],"failureMessages":[],"fullName":"NewsletterSignup Unit Tests Renders the Optional descriptionText and formHelperText String Values for the Form","invocations":1,"location":null,"numPassingAsserts":0,"retryReasons":[],"status":"pending","title":"Renders the Optional descriptionText and formHelperText String Values for the Form"},{"ancestorTitles":["NewsletterSignup Unit Tests"],"duration":null,"failureDetails":[],"failureMessages":[],"fullName":"NewsletterSignup Unit Tests Renders the Optional descriptionText and formHelperText HTML Values for the Form","invocations":1,"location":null,"numPassingAsserts":0,"retryReasons":[],"status":"pending","title":"Renders the Optional descriptionText and formHelperText HTML Values for the Form"},{"ancestorTitles":["NewsletterSignup Unit Tests"],"duration":null,"failureDetails":[],"failureMessages":[],"fullName":"NewsletterSignup Unit Tests calls the onChange on user type event","invocations":1,"location":null,"numPassingAsserts":0,"retryReasons":[],"status":"pending","title":"calls the onChange on user type event"},{"ancestorTitles":["NewsletterSignup Unit Tests"],"duration":null,"failureDetails":[],"failureMessages":[],"fullName":"NewsletterSignup Unit Tests calls the onSubmit on click submit button","invocations":1,"location":null,"numPassingAsserts":0,"retryReasons":[],"status":"pending","title":"calls the onSubmit on click submit button"},{"ancestorTitles":["NewsletterSignup Unit Tests","Renders the Feedback Views"],"duration":null,"failureDetails":[],"failureMessages":[],"fullName":"NewsletterSignup Unit Tests Renders the Feedback Views Renders the error view","invocations":1,"location":null,"numPassingAsserts":0,"retryReasons":[],"status":"pending","title":"Renders the error view"},{"ancestorTitles":["NewsletterSignup Unit Tests","Renders the Feedback Views"],"duration":null,"failureDetails":[],"failureMessages":[],"fullName":"NewsletterSignup Unit Tests Renders the Feedback Views Renders the confirmation view","invocations":1,"location":null,"numPassingAsserts":0,"retryReasons":[],"status":"pending","title":"Renders the confirmation view"},{"ancestorTitles":["NewsletterSignup Unit Tests","Renders the Feedback Views"],"duration":null,"failureDetails":[],"failureMessages":[],"fullName":"NewsletterSignup Unit Tests Renders the Feedback Views Renders the bad email view","invocations":1,"location":null,"numPassingAsserts":0,"retryReasons":[],"status":"pending","title":"Renders the bad email view"},{"ancestorTitles":["NewsletterSignup Snapshots"],"duration":null,"failureDetails":[],"failureMessages":[],"fullName":"NewsletterSignup Snapshots Renders the default form UI snapshot correctly","invocations":1,"location":null,"numPassingAsserts":0,"retryReasons":[],"status":"pending","title":"Renders the default form UI snapshot correctly"},{"ancestorTitles":["NewsletterSignup Snapshots"],"duration":null,"failureDetails":[],"failureMessages":[],"fullName":"NewsletterSignup Snapshots Renders the form UI with formHelperText snapshot correctly","invocations":1,"location":null,"numPassingAsserts":0,"retryReasons":[],"status":"pending","title":"Renders the form UI with formHelperText snapshot correctly"},{"ancestorTitles":["NewsletterSignup Snapshots"],"duration":null,"failureDetails":[],"failureMessages":[],"fullName":"NewsletterSignup Snapshots Renders the form UI with description snapshot correctly","invocations":1,"location":null,"numPassingAsserts":0,"retryReasons":[],"status":"pending","title":"Renders the form UI with description snapshot correctly"},{"ancestorTitles":["NewsletterSignup Snapshots"],"duration":null,"failureDetails":[],"failureMessages":[],"fullName":"NewsletterSignup Snapshots Renders the bad email UI snapshot correctly","invocations":1,"location":null,"numPassingAsserts":0,"retryReasons":[],"status":"pending","title":"Renders the bad email UI snapshot correctly"},{"ancestorTitles":["NewsletterSignup Snapshots"],"duration":null,"failureDetails":[],"failureMessages":[],"fullName":"NewsletterSignup Snapshots Renders the submitting state snapshot correctly","invocations":1,"location":null,"numPassingAsserts":0,"retryReasons":[],"status":"pending","title":"Renders the submitting state snapshot correctly"},{"ancestorTitles":["NewsletterSignup Snapshots"],"duration":null,"failureDetails":[],"failureMessages":[],"fullName":"NewsletterSignup Snapshots Renders the default error state snapshot correctly","invocations":1,"location":null,"numPassingAsserts":0,"retryReasons":[],"status":"pending","title":"Renders the default error state snapshot correctly"},{"ancestorTitles":["NewsletterSignup Snapshots"],"duration":null,"failureDetails":[],"failureMessages":[],"fullName":"NewsletterSignup Snapshots Renders the custom error state snapshot correctly","invocations":1,"location":null,"numPassingAsserts":0,"retryReasons":[],"status":"pending","title":"Renders the custom error state snapshot correctly"},{"ancestorTitles":["NewsletterSignup Snapshots"],"duration":null,"failureDetails":[],"failureMessages":[],"fullName":"NewsletterSignup Snapshots Renders the default confirmation state snapshot correctly","invocations":1,"location":null,"numPassingAsserts":0,"retryReasons":[],"status":"pending","title":"Renders the default confirmation state snapshot correctly"},{"ancestorTitles":["NewsletterSignup Snapshots"],"duration":null,"failureDetails":[],"failureMessages":[],"fullName":"NewsletterSignup Snapshots Renders the confirmation UI with confirmationText snapshot correctly","invocations":1,"location":null,"numPassingAsserts":0,"retryReasons":[],"status":"pending","title":"Renders the confirmation UI with confirmationText snapshot correctly"},{"ancestorTitles":["NewsletterSignup Snapshots","Renders each color for each newsletterSignupType correctly"],"duration":null,"failureDetails":[],"failureMessages":[],"fullName":"NewsletterSignup Snapshots Renders each color for each newsletterSignupType correctly Renders blogs color band with section.blogs.primary","invocations":1,"location":null,"numPassingAsserts":0,"retryReasons":[],"status":"pending","title":"Renders blogs color band with section.blogs.primary"},{"ancestorTitles":["NewsletterSignup Snapshots","Renders each color for each newsletterSignupType correctly"],"duration":null,"failureDetails":[],"failureMessages":[],"fullName":"NewsletterSignup Snapshots Renders each color for each newsletterSignupType correctly Renders booksAndMore color band with section.books-and-more.primary","invocations":1,"location":null,"numPassingAsserts":0,"retryReasons":[],"status":"pending","title":"Renders booksAndMore color band with section.books-and-more.primary"},{"ancestorTitles":["NewsletterSignup Snapshots","Renders each color for each newsletterSignupType correctly"],"duration":null,"failureDetails":[],"failureMessages":[],"fullName":"NewsletterSignup Snapshots Renders each color for each newsletterSignupType correctly Renders brand color band with brand.primary","invocations":1,"location":null,"numPassingAsserts":0,"retryReasons":[],"status":"pending","title":"Renders brand color band with brand.primary"},{"ancestorTitles":["NewsletterSignup Snapshots","Renders each color for each newsletterSignupType correctly"],"duration":null,"failureDetails":[],"failureMessages":[],"fullName":"NewsletterSignup Snapshots Renders each color for each newsletterSignupType correctly Renders connect color band with section.connect.primary","invocations":1,"location":null,"numPassingAsserts":0,"retryReasons":[],"status":"pending","title":"Renders connect color band with section.connect.primary"},{"ancestorTitles":["NewsletterSignup Snapshots","Renders each color for each newsletterSignupType correctly"],"duration":null,"failureDetails":[],"failureMessages":[],"fullName":"NewsletterSignup Snapshots Renders each color for each newsletterSignupType correctly Renders education color band with section.education.primary","invocations":1,"location":null,"numPassingAsserts":0,"retryReasons":[],"status":"pending","title":"Renders education color band with section.education.primary"},{"ancestorTitles":["NewsletterSignup Snapshots","Renders each color for each newsletterSignupType correctly"],"duration":null,"failureDetails":[],"failureMessages":[],"fullName":"NewsletterSignup Snapshots Renders each color for each newsletterSignupType correctly Renders locations color band with section.locations.primary","invocations":1,"location":null,"numPassingAsserts":0,"retryReasons":[],"status":"pending","title":"Renders locations color band with section.locations.primary"},{"ancestorTitles":["NewsletterSignup Snapshots","Renders each color for each newsletterSignupType correctly"],"duration":null,"failureDetails":[],"failureMessages":[],"fullName":"NewsletterSignup Snapshots Renders each color for each newsletterSignupType correctly Renders research color band with section.research.primary","invocations":1,"location":null,"numPassingAsserts":0,"retryReasons":[],"status":"pending","title":"Renders research color band with section.research.primary"},{"ancestorTitles":["NewsletterSignup Snapshots","Renders each color for each newsletterSignupType correctly"],"duration":null,"failureDetails":[],"failureMessages":[],"fullName":"NewsletterSignup Snapshots Renders each color for each newsletterSignupType correctly Renders researchLibraryLpa color band with section.research-library.lpa","invocations":1,"location":null,"numPassingAsserts":0,"retryReasons":[],"status":"pending","title":"Renders researchLibraryLpa color band with section.research-library.lpa"},{"ancestorTitles":["NewsletterSignup Snapshots","Renders each color for each newsletterSignupType correctly"],"duration":null,"failureDetails":[],"failureMessages":[],"fullName":"NewsletterSignup Snapshots Renders each color for each newsletterSignupType correctly Renders researchLibrarySchomburg color band with section.research-library.schomburg","invocations":1,"location":null,"numPassingAsserts":0,"retryReasons":[],"status":"pending","title":"Renders researchLibrarySchomburg color band with section.research-library.schomburg"},{"ancestorTitles":["NewsletterSignup Snapshots","Renders each color for each newsletterSignupType correctly"],"duration":null,"failureDetails":[],"failureMessages":[],"fullName":"NewsletterSignup Snapshots Renders each color for each newsletterSignupType correctly Renders researchLibrarySchwarzman color band with section.research-library.schwarzman","invocations":1,"location":null,"numPassingAsserts":0,"retryReasons":[],"status":"pending","title":"Renders researchLibrarySchwarzman color band with section.research-library.schwarzman"},{"ancestorTitles":["NewsletterSignup Snapshots","Renders each color for each newsletterSignupType correctly"],"duration":null,"failureDetails":[],"failureMessages":[],"fullName":"NewsletterSignup Snapshots Renders each color for each newsletterSignupType correctly Renders whatsOn color band with section.whats-on.primary","invocations":1,"location":null,"numPassingAsserts":0,"retryReasons":[],"status":"pending","title":"Renders whatsOn color band with section.whats-on.primary"}],"coverage":{},"endTime":1715376314487,"message":"","name":"/Users/edwinguzman/projects/ds/nypl-design-system/src/components/NewsletterSignup/NewsletterSignup.test.tsx","startTime":1715376314487,"status":"skipped","summary":""},{"assertionResults":[{"ancestorTitles":["FilterBar Accessibility"],"duration":null,"failureDetails":[],"failureMessages":[],"fullName":"FilterBar Accessibility should have no axe violations on desktop","invocations":1,"location":null,"numPassingAsserts":0,"retryReasons":[],"status":"pending","title":"should have no axe violations on desktop"},{"ancestorTitles":["FilterBar Accessibility"],"duration":null,"failureDetails":[],"failureMessages":[],"fullName":"FilterBar Accessibility should have no axe violations on mobile","invocations":1,"location":null,"numPassingAsserts":0,"retryReasons":[],"status":"pending","title":"should have no axe violations on mobile"},{"ancestorTitles":["FilterBar"],"duration":null,"failureDetails":[],"failureMessages":[],"fullName":"FilterBar should render the `Show Filter` button when window size is mobile","invocations":1,"location":null,"numPassingAsserts":0,"retryReasons":[],"status":"pending","title":"should render the `Show Filter` button when window size is mobile"},{"ancestorTitles":["FilterBar"],"duration":null,"failureDetails":[],"failureMessages":[],"fullName":"FilterBar should open the filter modal whene `Show Filter` button is clicked","invocations":1,"location":null,"numPassingAsserts":0,"retryReasons":[],"status":"pending","title":"should open the filter modal whene `Show Filter` button is clicked"},{"ancestorTitles":["FilterBar"],"duration":null,"failureDetails":[],"failureMessages":[],"fullName":"FilterBar should render a 'Clear Filters' button when showClearAll prop is passed","invocations":1,"location":null,"numPassingAsserts":0,"retryReasons":[],"status":"pending","title":"should render a 'Clear Filters' button when showClearAll prop is passed"},{"ancestorTitles":["FilterBar"],"duration":null,"failureDetails":[],"failureMessages":[],"fullName":"FilterBar should render a 'Apply Filters' button when showSubmitAll prop is passed","invocations":1,"location":null,"numPassingAsserts":0,"retryReasons":[],"status":"pending","title":"should render a 'Apply Filters' button when showSubmitAll prop is passed"},{"ancestorTitles":["FilterBar"],"duration":null,"failureDetails":[],"failureMessages":[],"fullName":"FilterBar should clear the selectedItems when 'Clear Filters' button is clicked","invocations":1,"location":null,"numPassingAsserts":0,"retryReasons":[],"status":"pending","title":"should clear the selectedItems when 'Clear Filters' button is clicked"},{"ancestorTitles":["FilterBar"],"duration":null,"failureDetails":[],"failureMessages":[],"fullName":"FilterBar should call onSubmit function when 'Apply Filters' button is clicked","invocations":1,"location":null,"numPassingAsserts":0,"retryReasons":[],"status":"pending","title":"should call onSubmit function when 'Apply Filters' button is clicked"},{"ancestorTitles":["FilterBar"],"duration":null,"failureDetails":[],"failureMessages":[],"fullName":"FilterBar renders the UI snapshots correctly","invocations":1,"location":null,"numPassingAsserts":0,"retryReasons":[],"status":"pending","title":"renders the UI snapshots correctly"}],"coverage":{},"endTime":1715376314487,"message":"","name":"/Users/edwinguzman/projects/ds/nypl-design-system/src/components/FilterBar/FilterBar.test.tsx","startTime":1715376314487,"status":"skipped","summary":""},{"assertionResults":[{"ancestorTitles":["CheckboxGroup Accessibility"],"duration":1211,"failureDetails":[],"failureMessages":[],"fullName":"CheckboxGroup Accessibility passes axe accessibility with string labels ","invocations":1,"location":null,"numPassingAsserts":1,"retryReasons":[],"status":"passed","title":"passes axe accessibility with string labels "},{"ancestorTitles":["CheckboxGroup Accessibility"],"duration":469,"failureDetails":[],"failureMessages":[],"fullName":"CheckboxGroup Accessibility passes axe accessibility with jsx labels","invocations":1,"location":null,"numPassingAsserts":1,"retryReasons":[],"status":"passed","title":"passes axe accessibility with jsx labels"},{"ancestorTitles":["CheckboxGroup Accessibility"],"duration":623,"failureDetails":[],"failureMessages":[],"fullName":"CheckboxGroup Accessibility passes axe accessibility with the legend hidden","invocations":1,"location":null,"numPassingAsserts":1,"retryReasons":[],"status":"passed","title":"passes axe accessibility with the legend hidden"},{"ancestorTitles":["Checkbox"],"duration":206,"failureDetails":[],"failureMessages":[],"fullName":"Checkbox renders with Checkbox inputs and a label","invocations":1,"location":null,"numPassingAsserts":5,"retryReasons":[],"status":"passed","title":"renders with Checkbox inputs and a label"},{"ancestorTitles":["Checkbox"],"duration":97,"failureDetails":[],"failureMessages":[],"fullName":"Checkbox <legend> element is available in the DOM when 'showLabel' prop is set to true or false","invocations":1,"location":null,"numPassingAsserts":4,"retryReasons":[],"status":"passed","title":"<legend> element is available in the DOM when 'showLabel' prop is set to true or false"},{"ancestorTitles":["Checkbox"],"duration":100,"failureDetails":[],"failureMessages":[],"fullName":"Checkbox renders visible helper or error text","invocations":1,"location":null,"numPassingAsserts":4,"retryReasons":[],"status":"passed","title":"renders visible helper or error text"},{"ancestorTitles":["Checkbox"],"duration":62,"failureDetails":[],"failureMessages":[],"fullName":"Checkbox sets the CheckboxGroup's ID","invocations":1,"location":null,"numPassingAsserts":1,"retryReasons":[],"status":"passed","title":"sets the CheckboxGroup's ID"},{"ancestorTitles":["Checkbox"],"duration":852,"failureDetails":[],"failureMessages":[],"fullName":"Checkbox sets the next value through the onChange function","invocations":1,"location":null,"numPassingAsserts":4,"retryReasons":[],"status":"passed","title":"sets the next value through the onChange function"},{"ancestorTitles":["Checkbox"],"duration":220,"failureDetails":[],"failureMessages":[],"fullName":"Checkbox sets the 'disabled' attribute for all its Checkbox children","invocations":1,"location":null,"numPassingAsserts":4,"retryReasons":[],"status":"passed","title":"sets the 'disabled' attribute for all its Checkbox children"},{"ancestorTitles":["Checkbox"],"duration":146,"failureDetails":[],"failureMessages":[],"fullName":"Checkbox sets the 'required' attribute for all its Checkbox children","invocations":1,"location":null,"numPassingAsserts":4,"retryReasons":[],"status":"passed","title":"sets the 'required' attribute for all its Checkbox children"},{"ancestorTitles":["Checkbox"],"duration":201,"failureDetails":[],"failureMessages":[],"fullName":"Checkbox sets the error state for all its Checkbox children","invocations":1,"location":null,"numPassingAsserts":4,"retryReasons":[],"status":"passed","title":"sets the error state for all its Checkbox children"},{"ancestorTitles":["Checkbox"],"duration":148,"failureDetails":[],"failureMessages":[],"fullName":"Checkbox does not render the invalid text when 'isInvalid' is true but 'showHelperInvalidText' is false","invocations":1,"location":null,"numPassingAsserts":4,"retryReasons":[],"status":"passed","title":"does not render the invalid text when 'isInvalid' is true but 'showHelperInvalidText' is false"},{"ancestorTitles":["Checkbox"],"duration":40,"failureDetails":[],"failureMessages":[],"fullName":"Checkbox logs a warning when there is no `id` passed","invocations":1,"location":null,"numPassingAsserts":1,"retryReasons":[],"status":"passed","title":"logs a warning when there is no `id` passed"},{"ancestorTitles":["Checkbox"],"duration":278,"failureDetails":[],"failureMessages":[],"fullName":"Checkbox updates the selected checkboxes programmatically through the `value` prop","invocations":1,"location":null,"numPassingAsserts":8,"retryReasons":[],"status":"passed","title":"updates the selected checkboxes programmatically through the `value` prop"},{"ancestorTitles":["Checkbox"],"duration":207,"failureDetails":[],"failureMessages":[],"fullName":"Checkbox renders the UI snapshot correctly","invocations":1,"location":null,"numPassingAsserts":12,"retryReasons":[],"status":"passed","title":"renders the UI snapshot correctly"},{"ancestorTitles":["Checkbox"],"duration":10,"failureDetails":[],"failureMessages":[],"fullName":"Checkbox passes a ref to the inner div wrapper element","invocations":1,"location":null,"numPassingAsserts":1,"retryReasons":[],"status":"passed","title":"passes a ref to the inner div wrapper element"}],"endTime":1715376281969,"message":"","name":"/Users/edwinguzman/projects/ds/nypl-design-system/src/components/CheckboxGroup/CheckboxGroup.test.tsx","startTime":1715376242187,"status":"passed","summary":""},{"assertionResults":[{"ancestorTitles":["Radio Accessibility"],"duration":1371,"failureDetails":[],"failureMessages":[],"fullName":"Radio Accessibility passes axe accessibility with string labels","invocations":1,"location":null,"numPassingAsserts":1,"retryReasons":[],"status":"passed","title":"passes axe accessibility with string labels"},{"ancestorTitles":["Radio Accessibility"],"duration":631,"failureDetails":[],"failureMessages":[],"fullName":"Radio Accessibility passes axe accessibility with jsx labels","invocations":1,"location":null,"numPassingAsserts":1,"retryReasons":[],"status":"passed","title":"passes axe accessibility with jsx labels"},{"ancestorTitles":["Radio Accessibility"],"duration":617,"failureDetails":[],"failureMessages":[],"fullName":"Radio Accessibility passes axe accessibility with the legend hidden","invocations":1,"location":null,"numPassingAsserts":1,"retryReasons":[],"status":"passed","title":"passes axe accessibility with the legend hidden"},{"ancestorTitles":["Radio Button"],"duration":330,"failureDetails":[],"failureMessages":[],"fullName":"Radio Button renders with radio inputs and a label","invocations":1,"location":null,"numPassingAsserts":5,"retryReasons":[],"status":"passed","title":"renders with radio inputs and a label"},{"ancestorTitles":["Radio Button"],"duration":129,"failureDetails":[],"failureMessages":[],"fullName":"Radio Button <legend> element is available in the DOM when 'showLabel' prop is set to true or false","invocations":1,"location":null,"numPassingAsserts":4,"retryReasons":[],"status":"passed","title":"<legend> element is available in the DOM when 'showLabel' prop is set to true or false"},{"ancestorTitles":["Radio Button"],"duration":185,"failureDetails":[],"failureMessages":[],"fullName":"Radio Button renders visible helper or error text","invocations":1,"location":null,"numPassingAsserts":4,"retryReasons":[],"status":"passed","title":"renders visible helper or error text"},{"ancestorTitles":["Radio Button"],"duration":90,"failureDetails":[],"failureMessages":[],"fullName":"Radio Button sets the RadioGroup's ID","invocations":1,"location":null,"numPassingAsserts":1,"retryReasons":[],"status":"passed","title":"sets the RadioGroup's ID"},{"ancestorTitles":["Radio Button"],"duration":808,"failureDetails":[],"failureMessages":[],"fullName":"Radio Button sets the next value through the onChange function","invocations":1,"location":null,"numPassingAsserts":3,"retryReasons":[],"status":"passed","title":"sets the next value through the onChange function"},{"ancestorTitles":["Radio Button"],"duration":110,"failureDetails":[],"failureMessages":[],"fullName":"Radio Button sets the 'disabled' attribute for all its Radio children","invocations":1,"location":null,"numPassingAsserts":4,"retryReasons":[],"status":"passed","title":"sets the 'disabled' attribute for all its Radio children"},{"ancestorTitles":["Radio Button"],"duration":145,"failureDetails":[],"failureMessages":[],"fullName":"Radio Button sets the 'required' attribute for all its Radio children","invocations":1,"location":null,"numPassingAsserts":7,"retryReasons":[],"status":"passed","title":"sets the 'required' attribute for all its Radio children"},{"ancestorTitles":["Radio Button"],"duration":115,"failureDetails":[],"failureMessages":[],"fullName":"Radio Button sets the error state for all its Radio children","invocations":1,"location":null,"numPassingAsserts":5,"retryReasons":[],"status":"passed","title":"sets the error state for all its Radio children"},{"ancestorTitles":["Radio Button"],"duration":36,"failureDetails":[],"failureMessages":[],"fullName":"Radio Button does not render the error text when 'showHelperInvalidText' is false","invocations":1,"location":null,"numPassingAsserts":1,"retryReasons":[],"status":"passed","title":"does not render the error text when 'showHelperInvalidText' is false"},{"ancestorTitles":["Radio Button"],"duration":211,"failureDetails":[],"failureMessages":[],"fullName":"Radio Button renders the UI snapshot correctly","invocations":1,"location":null,"numPassingAsserts":12,"retryReasons":[],"status":"passed","title":"renders the UI snapshot correctly"},{"ancestorTitles":["Radio Button"],"duration":5,"failureDetails":[],"failureMessages":[],"fullName":"Radio Button should throw warning when a non-Radio component is used as a child","invocations":1,"location":null,"numPassingAsserts":1,"retryReasons":[],"status":"passed","title":"should throw warning when a non-Radio component is used as a child"},{"ancestorTitles":["Radio Button"],"duration":8,"failureDetails":[],"failureMessages":[],"fullName":"Radio Button logs a warning when there is no `id` passed","invocations":1,"location":null,"numPassingAsserts":1,"retryReasons":[],"status":"passed","title":"logs a warning when there is no `id` passed"},{"ancestorTitles":["Radio Button"],"duration":61,"failureDetails":[],"failureMessages":[],"fullName":"Radio Button passes a ref to the input element","invocations":1,"location":null,"numPassingAsserts":1,"retryReasons":[],"status":"passed","title":"passes a ref to the input element"}],"endTime":1715376282340,"message":"","name":"/Users/edwinguzman/projects/ds/nypl-design-system/src/components/RadioGroup/RadioGroup.test.tsx","startTime":1715376242213,"status":"passed","summary":""},{"assertionResults":[{"ancestorTitles":["Accordion Accessibility"],"duration":1142,"failureDetails":[],"failureMessages":[],"fullName":"Accordion Accessibility passes axe accessibility test for one item","invocations":1,"location":null,"numPassingAsserts":1,"retryReasons":[],"status":"passed","title":"passes axe accessibility test for one item"},{"ancestorTitles":["Accordion Accessibility"],"duration":824,"failureDetails":[],"failureMessages":[],"fullName":"Accordion Accessibility passes axe accessibility test for one item when it is always rendered","invocations":1,"location":null,"numPassingAsserts":1,"retryReasons":[],"status":"passed","title":"passes axe accessibility test for one item when it is always rendered"},{"ancestorTitles":["Accordion Accessibility"],"duration":515,"failureDetails":[],"failureMessages":[],"fullName":"Accordion Accessibility passes axe accessibility test for multiple items","invocations":1,"location":null,"numPassingAsserts":1,"retryReasons":[],"status":"passed","title":"passes axe accessibility test for multiple items"},{"ancestorTitles":["Accordion"],"duration":74,"failureDetails":[],"failureMessages":[],"fullName":"Accordion renders a visible button with a label to click on","invocations":1,"location":null,"numPassingAsserts":3,"retryReasons":[],"status":"passed","title":"renders a visible button with a label to click on"},{"ancestorTitles":["Accordion"],"duration":98,"failureDetails":[],"failureMessages":[],"fullName":"Accordion opens the panel by default with isDefaultOpen passed","invocations":1,"location":null,"numPassingAsserts":2,"retryReasons":[],"status":"passed","title":"opens the panel by default with isDefaultOpen passed"},{"ancestorTitles":["Accordion"],"duration":143,"failureDetails":[],"failureMessages":[],"fullName":"Accordion opens the accordion when the label is clicked","invocations":1,"location":null,"numPassingAsserts":4,"retryReasons":[],"status":"passed","title":"opens the accordion when the label is clicked"},{"ancestorTitles":["Accordion"],"duration":114,"failureDetails":[],"failureMessages":[],"fullName":"Accordion always renders its content when isAlwaysRendered is true","invocations":1,"location":null,"numPassingAsserts":2,"retryReasons":[],"status":"passed","title":"always renders its content when isAlwaysRendered is true"},{"ancestorTitles":["Accordion"],"duration":338,"failureDetails":[],"failureMessages":[],"fullName":"Accordion renders multiple accordion items grouped together","invocations":1,"location":null,"numPassingAsserts":3,"retryReasons":[],"status":"passed","title":"renders multiple accordion items grouped together"},{"ancestorTitles":["Accordion"],"duration":797,"failureDetails":[],"failureMessages":[],"fullName":"Accordion opens each accordion item independently of each other","invocations":1,"location":null,"numPassingAsserts":12,"retryReasons":[],"status":"passed","title":"opens each accordion item independently of each other"},{"ancestorTitles":["Accordion","Check aria-label values"],"duration":146,"failureDetails":[],"failureMessages":[],"fullName":"Accordion Check aria-label values renders with attribute generated from component prop","invocations":1,"location":null,"numPassingAsserts":2,"retryReasons":[],"status":"passed","title":"renders with attribute generated from component prop"},{"ancestorTitles":["Accordion","Check aria-label values"],"duration":24,"failureDetails":[],"failureMessages":[],"fullName":"Accordion Check aria-label values renders with attribute generated from accordionData","invocations":1,"location":null,"numPassingAsserts":2,"retryReasons":[],"status":"passed","title":"renders with attribute generated from accordionData"},{"ancestorTitles":["Accordion","Check aria-label values"],"duration":93,"failureDetails":[],"failureMessages":[],"fullName":"Accordion Check aria-label values accordionData value overrides component prop value","invocations":1,"location":null,"numPassingAsserts":3,"retryReasons":[],"status":"passed","title":"accordionData value overrides component prop value"},{"ancestorTitles":["Accordion","Check aria-label values"],"duration":38,"failureDetails":[],"failureMessages":[],"fullName":"Accordion Check aria-label values generates warning when ariaLabel is set twice","invocations":1,"location":null,"numPassingAsserts":1,"retryReasons":[],"status":"passed","title":"generates warning when ariaLabel is set twice"},{"ancestorTitles":["Accordion"],"duration":121,"failureDetails":[],"failureMessages":[],"fullName":"Accordion Renders the UI snapshot correctly","invocations":1,"location":null,"numPassingAsserts":7,"retryReasons":[],"status":"passed","title":"Renders the UI snapshot correctly"},{"ancestorTitles":["Accordion"],"duration":20,"failureDetails":[],"failureMessages":[],"fullName":"Accordion passes a ref to the div wrapper element","invocations":1,"location":null,"numPassingAsserts":1,"retryReasons":[],"status":"passed","title":"passes a ref to the div wrapper element"}],"endTime":1715376284192,"message":"","name":"/Users/edwinguzman/projects/ds/nypl-design-system/src/components/Accordion/Accordion.test.tsx","startTime":1715376277806,"status":"passed","summary":""},{"assertionResults":[{"ancestorTitles":["Slider Accessibility","Single Slider"],"duration":994,"failureDetails":[],"failureMessages":[],"fullName":"Slider Accessibility Single Slider passes axe accessibility test","invocations":1,"location":null,"numPassingAsserts":1,"retryReasons":[],"status":"passed","title":"passes axe accessibility test"},{"ancestorTitles":["Slider Accessibility","Single Slider"],"duration":311,"failureDetails":[],"failureMessages":[],"fullName":"Slider Accessibility Single Slider passes axe accessibility test without a label","invocations":1,"location":null,"numPassingAsserts":1,"retryReasons":[],"status":"passed","title":"passes axe accessibility test without a label"},{"ancestorTitles":["Slider Accessibility","Single Slider"],"duration":214,"failureDetails":[],"failureMessages":[],"fullName":"Slider Accessibility Single Slider passes axe accessibility test without visible values","invocations":1,"location":null,"numPassingAsserts":1,"retryReasons":[],"status":"passed","title":"passes axe accessibility test without visible values"},{"ancestorTitles":["Slider Accessibility","Range Slider"],"duration":737,"failureDetails":[],"failureMessages":[],"fullName":"Slider Accessibility Range Slider passes axe accessibility test","invocations":1,"location":null,"numPassingAsserts":1,"retryReasons":[],"status":"passed","title":"passes axe accessibility test"},{"ancestorTitles":["Slider Accessibility","Range Slider"],"duration":447,"failureDetails":[],"failureMessages":[],"fullName":"Slider Accessibility Range Slider passes axe accessibility test without a label","invocations":1,"location":null,"numPassingAsserts":1,"retryReasons":[],"status":"passed","title":"passes axe accessibility test without a label"},{"ancestorTitles":["Slider Accessibility","Range Slider"],"duration":269,"failureDetails":[],"failureMessages":[],"fullName":"Slider Accessibility Range Slider passes axe accessibility test without visible values","invocations":1,"location":null,"numPassingAsserts":1,"retryReasons":[],"status":"passed","title":"passes axe accessibility test without visible values"},{"ancestorTitles":["Slider","Single Slider"],"duration":130,"failureDetails":[],"failureMessages":[],"fullName":"Slider Single Slider renders a label, two static values, text input, and helper text","invocations":1,"location":null,"numPassingAsserts":6,"retryReasons":[],"status":"passed","title":"renders a label, two static values, text input, and helper text"},{"ancestorTitles":["Slider","Single Slider"],"duration":50,"failureDetails":[],"failureMessages":[],"fullName":"Slider Single Slider adds the appropriate aria-* attributes to the slider element","invocations":1,"location":null,"numPassingAsserts":4,"retryReasons":[],"status":"passed","title":"adds the appropriate aria-* attributes to the slider element"},{"ancestorTitles":["Slider","Single Slider"],"duration":65,"failureDetails":[],"failureMessages":[],"fullName":"Slider Single Slider renders the '(Required)' text in the label or hides it","invocations":1,"location":null,"numPassingAsserts":2,"retryReasons":[],"status":"passed","title":"renders the '(Required)' text in the label or hides it"},{"ancestorTitles":["Slider","Single Slider"],"duration":46,"failureDetails":[],"failureMessages":[],"fullName":"Slider Single Slider hides the label but adds it as an aria-label attribute","invocations":1,"location":null,"numPassingAsserts":2,"retryReasons":[],"status":"passed","title":"hides the label but adds it as an aria-label attribute"},{"ancestorTitles":["Slider","Single Slider"],"duration":67,"failureDetails":[],"failureMessages":[],"fullName":"Slider Single Slider hides the min/max static values","invocations":1,"location":null,"numPassingAsserts":4,"retryReasons":[],"status":"passed","title":"hides the min/max static values"},{"ancestorTitles":["Slider","Single Slider"],"duration":67,"failureDetails":[],"failureMessages":[],"fullName":"Slider Single Slider hides the current value input box","invocations":1,"location":null,"numPassingAsserts":3,"retryReasons":[],"status":"passed","title":"hides the current value input box"},{"ancestorTitles":["Slider","Single Slider"],"duration":50,"failureDetails":[],"failureMessages":[],"fullName":"Slider Single Slider renders the invalid state","invocations":1,"location":null,"numPassingAsserts":3,"retryReasons":[],"status":"passed","title":"renders the invalid state"},{"ancestorTitles":["Slider","Single Slider"],"duration":63,"failureDetails":[],"failureMessages":[],"fullName":"Slider Single Slider renders the invalid state if the min prop is greater than the max prop","invocations":1,"location":null,"numPassingAsserts":4,"retryReasons":[],"status":"passed","title":"renders the invalid state if the min prop is greater than the max prop"},{"ancestorTitles":["Slider","Single Slider"],"duration":49,"failureDetails":[],"failureMessages":[],"fullName":"Slider Single Slider renders the disabled state","invocations":1,"location":null,"numPassingAsserts":1,"retryReasons":[],"status":"passed","title":"renders the disabled state"},{"ancestorTitles":["Slider","Single Slider"],"duration":109,"failureDetails":[],"failureMessages":[],"fullName":"Slider Single Slider updates the value through the text input","invocations":1,"location":null,"numPassingAsserts":2,"retryReasons":[],"status":"passed","title":"updates the value through the text input"},{"ancestorTitles":["Slider","Single Slider"],"duration":79,"failureDetails":[],"failureMessages":[],"fullName":"Slider Single Slider doesn't crash if no onChange callback function is passed","invocations":1,"location":null,"numPassingAsserts":1,"retryReasons":[],"status":"passed","title":"doesn't crash if no onChange callback function is passed"},{"ancestorTitles":["Slider","Single Slider"],"duration":119,"failureDetails":[],"failureMessages":[],"fullName":"Slider Single Slider gets the current value through the onChange callback function","invocations":1,"location":null,"numPassingAsserts":2,"retryReasons":[],"status":"passed","title":"gets the current value through the onChange callback function"},{"ancestorTitles":["Slider","Single Slider"],"duration":81,"failureDetails":[],"failureMessages":[],"fullName":"Slider Single Slider gets the current value through the onChangeEnd callback function","invocations":1,"location":null,"numPassingAsserts":2,"retryReasons":[],"status":"passed","title":"gets the current value through the onChangeEnd callback function"},{"ancestorTitles":["Slider","Single Slider"],"duration":23,"failureDetails":[],"failureMessages":[],"fullName":"Slider Single Slider logs a warning when both `onChange` and `onChangeEnd` are passed","invocations":1,"location":null,"numPassingAsserts":2,"retryReasons":[],"status":"passed","title":"logs a warning when both `onChange` and `onChangeEnd` are passed"},{"ancestorTitles":["Slider","Single Slider"],"duration":90,"failureDetails":[],"failureMessages":[],"fullName":"Slider Single Slider updates the value programmatically through the `value` prop","invocations":1,"location":null,"numPassingAsserts":4,"retryReasons":[],"status":"passed","title":"updates the value programmatically through the `value` prop"},{"ancestorTitles":["Slider","Single Slider"],"duration":284,"failureDetails":[],"failureMessages":[],"fullName":"Slider Single Slider renders the UI snapshot correctly","invocations":1,"location":null,"numPassingAsserts":9,"retryReasons":[],"status":"passed","title":"renders the UI snapshot correctly"},{"ancestorTitles":["Slider","Single Slider"],"duration":7,"failureDetails":[],"failureMessages":[],"fullName":"Slider Single Slider passes a ref to the div wrapper element","invocations":1,"location":null,"numPassingAsserts":1,"retryReasons":[],"status":"passed","title":"passes a ref to the div wrapper element"},{"ancestorTitles":["Slider","Range Slider"],"duration":257,"failureDetails":[],"failureMessages":[],"fullName":"Slider Range Slider renders everything from the single but also two text input fields","invocations":1,"location":null,"numPassingAsserts":8,"retryReasons":[],"status":"passed","title":"renders everything from the single but also two text input fields"},{"ancestorTitles":["Slider","Range Slider"],"duration":131,"failureDetails":[],"failureMessages":[],"fullName":"Slider Range Slider adds the appropriate aria-* attributes to the slider element","invocations":1,"location":null,"numPassingAsserts":8,"retryReasons":[],"status":"passed","title":"adds the appropriate aria-* attributes to the slider element"},{"ancestorTitles":["Slider","Range Slider"],"duration":136,"failureDetails":[],"failureMessages":[],"fullName":"Slider Range Slider hides the label but adds it as an aria-label attribute","invocations":1,"location":null,"numPassingAsserts":3,"retryReasons":[],"status":"passed","title":"hides the label but adds it as an aria-label attribute"},{"ancestorTitles":["Slider","Range Slider"],"duration":68,"failureDetails":[],"failureMessages":[],"fullName":"Slider Range Slider renders with min and max values as the default values if no `defaultValue` array is passed","invocations":1,"location":null,"numPassingAsserts":2,"retryReasons":[],"status":"passed","title":"renders with min and max values as the default values if no `defaultValue` array is passed"},{"ancestorTitles":["Slider","Range Slider"],"duration":191,"failureDetails":[],"failureMessages":[],"fullName":"Slider Range Slider renders the invalid state if the min prop is greater than the max prop","invocations":1,"location":null,"numPassingAsserts":4,"retryReasons":[],"status":"passed","title":"renders the invalid state if the min prop is greater than the max prop"},{"ancestorTitles":["Slider","Range Slider"],"duration":206,"failureDetails":[],"failureMessages":[],"fullName":"Slider Range Slider renders the invalid state if the start is greater than the end values","invocations":1,"location":null,"numPassingAsserts":5,"retryReasons":[],"status":"passed","title":"renders the invalid state if the start is greater than the end values"},{"ancestorTitles":["Slider","Range Slider"],"duration":171,"failureDetails":[],"failureMessages":[],"fullName":"Slider Range Slider updates the value through the text input","invocations":1,"location":null,"numPassingAsserts":2,"retryReasons":[],"status":"passed","title":"updates the value through the text input"},{"ancestorTitles":["Slider","Range Slider"],"duration":54,"failureDetails":[],"failureMessages":[],"fullName":"Slider Range Slider logs a warning when there is no `id` passed","invocations":1,"location":null,"numPassingAsserts":1,"retryReasons":[],"status":"passed","title":"logs a warning when there is no `id` passed"},{"ancestorTitles":["Slider","Range Slider"],"duration":244,"failureDetails":[],"failureMessages":[],"fullName":"Slider Range Slider updates the value programmatically through the `value` prop","invocations":1,"location":null,"numPassingAsserts":8,"retryReasons":[],"status":"passed","title":"updates the value programmatically through the `value` prop"},{"ancestorTitles":["Slider","Range Slider"],"duration":93,"failureDetails":[],"failureMessages":[],"fullName":"Slider Range Slider renders the UI snapshot correctly","invocations":1,"location":null,"numPassingAsserts":7,"retryReasons":[],"status":"passed","title":"renders the UI snapshot correctly"},{"ancestorTitles":["Slider","Range Slider"],"duration":29,"failureDetails":[],"failureMessages":[],"fullName":"Slider Range Slider passes a ref to the div wrapper element","invocations":1,"location":null,"numPassingAsserts":1,"retryReasons":[],"status":"passed","title":"passes a ref to the div wrapper element"},{"ancestorTitles":["Slider"],"duration":129,"failureDetails":[],"failureMessages":[],"fullName":"Slider gets the current value through the onChangeEnd callback function","invocations":1,"location":null,"numPassingAsserts":2,"retryReasons":[],"status":"passed","title":"gets the current value through the onChangeEnd callback function"}],"endTime":1715376284809,"message":"","name":"/Users/edwinguzman/projects/ds/nypl-design-system/src/components/Slider/Slider.test.tsx","startTime":1715376242029,"status":"passed","summary":""},{"assertionResults":[{"ancestorTitles":["TextInput Accessibility"],"duration":803,"failureDetails":[],"failureMessages":[],"fullName":"TextInput Accessibility passes axe accessibility test for the input element","invocations":1,"location":null,"numPassingAsserts":1,"retryReasons":[],"status":"passed","title":"passes axe accessibility test for the input element"},{"ancestorTitles":["TextInput Accessibility"],"duration":160,"failureDetails":[],"failureMessages":[],"fullName":"TextInput Accessibility passes axe accessibility test with hidden label","invocations":1,"location":null,"numPassingAsserts":1,"retryReasons":[],"status":"passed","title":"passes axe accessibility test with hidden label"},{"ancestorTitles":["TextInput Accessibility"],"duration":350,"failureDetails":[],"failureMessages":[],"fullName":"TextInput Accessibility passes axe accessibility test with `clear` button","invocations":1,"location":null,"numPassingAsserts":1,"retryReasons":[],"status":"passed","title":"passes axe accessibility test with `clear` button"},{"ancestorTitles":["TextInput Accessibility"],"duration":170,"failureDetails":[],"failureMessages":[],"fullName":"TextInput Accessibility passes axe accessibility test for the textarea element","invocations":1,"location":null,"numPassingAsserts":1,"retryReasons":[],"status":"passed","title":"passes axe accessibility test for the textarea element"},{"ancestorTitles":["TextInput"],"duration":41,"failureDetails":[],"failureMessages":[],"fullName":"TextInput renders an input element","invocations":1,"location":null,"numPassingAsserts":1,"retryReasons":[],"status":"passed","title":"renders an input element"},{"ancestorTitles":["TextInput"],"duration":22,"failureDetails":[],"failureMessages":[],"fullName":"TextInput renders label with label text","invocations":1,"location":null,"numPassingAsserts":1,"retryReasons":[],"status":"passed","title":"renders label with label text"},{"ancestorTitles":["TextInput"],"duration":29,"failureDetails":[],"failureMessages":[],"fullName":"TextInput renders 'Required' along with the label text","invocations":1,"location":null,"numPassingAsserts":2,"retryReasons":[],"status":"passed","title":"renders 'Required' along with the label text"},{"ancestorTitles":["TextInput"],"duration":102,"failureDetails":[],"failureMessages":[],"fullName":"TextInput adds aria-describedby attribute","invocations":1,"location":null,"numPassingAsserts":2,"retryReasons":[],"status":"passed","title":"adds aria-describedby attribute"},{"ancestorTitles":["TextInput"],"duration":118,"failureDetails":[],"failureMessages":[],"fullName":"TextInput has an 'autocomplete' attribute if the type is 'email', 'tel', or 'url'","invocations":1,"location":null,"numPassingAsserts":4,"retryReasons":[],"status":"passed","title":"has an 'autocomplete' attribute if the type is 'email', 'tel', or 'url'"},{"ancestorTitles":["TextInput"],"duration":151,"failureDetails":[],"failureMessages":[],"fullName":"TextInput has an 'autocomplete' attribute if the `autoComplete` prop is set","invocations":1,"location":null,"numPassingAsserts":4,"retryReasons":[],"status":"passed","title":"has an 'autocomplete' attribute if the `autoComplete` prop is set"},{"ancestorTitles":["TextInput"],"duration":7,"failureDetails":[],"failureMessages":[],"fullName":"TextInput does not render '(Required)' along with the label text","invocations":1,"location":null,"numPassingAsserts":2,"retryReasons":[],"status":"passed","title":"does not render '(Required)' along with the label text"},{"ancestorTitles":["TextInput"],"duration":22,"failureDetails":[],"failureMessages":[],"fullName":"TextInput renders a custom 'Required' along with the label text","invocations":1,"location":null,"numPassingAsserts":2,"retryReasons":[],"status":"passed","title":"renders a custom 'Required' along with the label text"},{"ancestorTitles":["TextInput"],"duration":51,"failureDetails":[],"failureMessages":[],"fullName":"TextInput does not render a custom '(Required)' along with the label text","invocations":1,"location":null,"numPassingAsserts":2,"retryReasons":[],"status":"passed","title":"does not render a custom '(Required)' along with the label text"},{"ancestorTitles":["TextInput"],"duration":39,"failureDetails":[],"failureMessages":[],"fullName":"TextInput does not render the label but adds it as an aria-label attribute","invocations":1,"location":null,"numPassingAsserts":2,"retryReasons":[],"status":"passed","title":"does not render the label but adds it as an aria-label attribute"},{"ancestorTitles":["TextInput"],"duration":49,"failureDetails":[],"failureMessages":[],"fullName":"TextInput renders the invalid state and shows the invalid text","invocations":1,"location":null,"numPassingAsserts":3,"retryReasons":[],"status":"passed","title":"renders the invalid state and shows the invalid text"},{"ancestorTitles":["TextInput"],"duration":6,"failureDetails":[],"failureMessages":[],"fullName":"TextInput does not render the invalid text when 'showHelperInvalidText' is set to false","invocations":1,"location":null,"numPassingAsserts":2,"retryReasons":[],"status":"passed","title":"does not render the invalid text when 'showHelperInvalidText' is set to false"},{"ancestorTitles":["TextInput"],"duration":12,"failureDetails":[],"failureMessages":[],"fullName":"TextInput renders label's `for` attribute pointing at ID from input","invocations":1,"location":null,"numPassingAsserts":1,"retryReasons":[],"status":"passed","title":"renders label's `for` attribute pointing at ID from input"},{"ancestorTitles":["TextInput"],"duration":6,"failureDetails":[],"failureMessages":[],"fullName":"TextInput renders placeholder text","invocations":1,"location":null,"numPassingAsserts":1,"retryReasons":[],"status":"passed","title":"renders placeholder text"},{"ancestorTitles":["TextInput"],"duration":33,"failureDetails":[],"failureMessages":[],"fullName":"TextInput adds aria-required prop if input is required","invocations":1,"location":null,"numPassingAsserts":1,"retryReasons":[],"status":"passed","title":"adds aria-required prop if input is required"},{"ancestorTitles":["TextInput"],"duration":700,"failureDetails":[],"failureMessages":[],"fullName":"TextInput calls the onChange handler function","invocations":1,"location":null,"numPassingAsserts":2,"retryReasons":[],"status":"passed","title":"calls the onChange handler function"},{"ancestorTitles":["TextInput"],"duration":26,"failureDetails":[],"failureMessages":[],"fullName":"TextInput has a maxlength for the input element","invocations":1,"location":null,"numPassingAsserts":1,"retryReasons":[],"status":"passed","title":"has a maxlength for the input element"},{"ancestorTitles":["TextInput"],"duration":26,"failureDetails":[],"failureMessages":[],"fullName":"TextInput has a pattern for the input element","invocations":1,"location":null,"numPassingAsserts":1,"retryReasons":[],"status":"passed","title":"has a pattern for the input element"},{"ancestorTitles":["TextInput"],"duration":357,"failureDetails":[],"failureMessages":[],"fullName":"TextInput renders a `clear` button and clears the input field when clicked","invocations":1,"location":null,"numPassingAsserts":5,"retryReasons":[],"status":"passed","title":"renders a `clear` button and clears the input field when clicked"},{"ancestorTitles":["TextInput"],"duration":291,"failureDetails":[],"failureMessages":[],"fullName":"TextInput calls the `isClearableCallback` when the clear button is clicked for controlled TextInput","invocations":1,"location":null,"numPassingAsserts":3,"retryReasons":[],"status":"passed","title":"calls the `isClearableCallback` when the clear button is clicked for controlled TextInput"},{"ancestorTitles":["TextInput"],"duration":290,"failureDetails":[],"failureMessages":[],"fullName":"TextInput returns focus to the input field when the `clear` button is clicked","invocations":1,"location":null,"numPassingAsserts":3,"retryReasons":[],"status":"passed","title":"returns focus to the input field when the `clear` button is clicked"},{"ancestorTitles":["TextInput"],"duration":36,"failureDetails":[],"failureMessages":[],"fullName":"TextInput logs a warning for the number type when the min prop is greater than the max prop","invocations":1,"location":null,"numPassingAsserts":1,"retryReasons":[],"status":"passed","title":"logs a warning for the number type when the min prop is greater than the max prop"},{"ancestorTitles":["TextInput"],"duration":5,"failureDetails":[],"failureMessages":[],"fullName":"TextInput logs a warning when there is no `id` passed","invocations":1,"location":null,"numPassingAsserts":1,"retryReasons":[],"status":"passed","title":"logs a warning when there is no `id` passed"},{"ancestorTitles":["TextInput"],"duration":42,"failureDetails":[],"failureMessages":[],"fullName":"TextInput logs a warning when `isClearable` is set to true for `textarea` type","invocations":1,"location":null,"numPassingAsserts":1,"retryReasons":[],"status":"passed","title":"logs a warning when `isClearable` is set to true for `textarea` type"},{"ancestorTitles":["Forwarding refs"],"duration":4,"failureDetails":[],"failureMessages":[],"fullName":"Forwarding refs Passes the ref to the input element","invocations":1,"location":null,"numPassingAsserts":1,"retryReasons":[],"status":"passed","title":"Passes the ref to the input element"},{"ancestorTitles":["Forwarding refs"],"duration":35,"failureDetails":[],"failureMessages":[],"fullName":"Forwarding refs Passes the ref to the textarea element","invocations":1,"location":null,"numPassingAsserts":1,"retryReasons":[],"status":"passed","title":"Passes the ref to the textarea element"},{"ancestorTitles":["Hidden input"],"duration":8,"failureDetails":[],"failureMessages":[],"fullName":"Hidden input renders a hidden type input","invocations":1,"location":null,"numPassingAsserts":2,"retryReasons":[],"status":"passed","title":"renders a hidden type input"},{"ancestorTitles":["Hidden input"],"duration":3,"failureDetails":[],"failureMessages":[],"fullName":"Hidden input does not show the helper text","invocations":1,"location":null,"numPassingAsserts":2,"retryReasons":[],"status":"passed","title":"does not show the helper text"},{"ancestorTitles":["Textarea element type"],"duration":13,"failureDetails":[],"failureMessages":[],"fullName":"Textarea element type renders a textarea element","invocations":1,"location":null,"numPassingAsserts":1,"retryReasons":[],"status":"passed","title":"renders a textarea element"},{"ancestorTitles":["Textarea element type"],"duration":49,"failureDetails":[],"failureMessages":[],"fullName":"Textarea element type renders label with label text","invocations":1,"location":null,"numPassingAsserts":1,"retryReasons":[],"status":"passed","title":"renders label with label text"},{"ancestorTitles":["UI Snapshots"],"duration":126,"failureDetails":[],"failureMessages":[],"fullName":"UI Snapshots renders the text input UI snapshot correctly","invocations":1,"location":null,"numPassingAsserts":12,"retryReasons":[],"status":"passed","title":"renders the text input UI snapshot correctly"},{"ancestorTitles":["UI Snapshots"],"duration":3,"failureDetails":[],"failureMessages":[],"fullName":"UI Snapshots passes a ref to the input element","invocations":1,"location":null,"numPassingAsserts":1,"retryReasons":[],"status":"passed","title":"passes a ref to the input element"}],"endTime":1715376285255,"message":"","name":"/Users/edwinguzman/projects/ds/nypl-design-system/src/components/TextInput/TextInput.test.tsx","startTime":1715376242175,"status":"passed","summary":""},{"assertionResults":[{"ancestorTitles":["VideoPlayer Accessibility"],"duration":661,"failureDetails":[],"failureMessages":[],"fullName":"VideoPlayer Accessibility passes axe accessibility test","invocations":1,"location":null,"numPassingAsserts":1,"retryReasons":[],"status":"passed","title":"passes axe accessibility test"},{"ancestorTitles":["VideoPlayer","YouTube player"],"duration":9,"failureDetails":[],"failureMessages":[],"fullName":"VideoPlayer YouTube player Renders VideoPlayer container","invocations":1,"location":null,"numPassingAsserts":1,"retryReasons":[],"status":"passed","title":"Renders VideoPlayer container"},{"ancestorTitles":["VideoPlayer","YouTube player"],"duration":9,"failureDetails":[],"failureMessages":[],"fullName":"VideoPlayer YouTube player Renders VideoPlayer iframe","invocations":1,"location":null,"numPassingAsserts":1,"retryReasons":[],"status":"passed","title":"Renders VideoPlayer iframe"},{"ancestorTitles":["VideoPlayer","YouTube player"],"duration":9,"failureDetails":[],"failureMessages":[],"fullName":"VideoPlayer YouTube player Renders YouTube video","invocations":1,"location":null,"numPassingAsserts":1,"retryReasons":[],"status":"passed","title":"Renders YouTube video"},{"ancestorTitles":["VideoPlayer","Vimeo player"],"duration":8,"failureDetails":[],"failureMessages":[],"fullName":"VideoPlayer Vimeo player Renders VideoPlayer iframe","invocations":1,"location":null,"numPassingAsserts":1,"retryReasons":[],"status":"passed","title":"Renders VideoPlayer iframe"},{"ancestorTitles":["VideoPlayer","Vimeo player"],"duration":8,"failureDetails":[],"failureMessages":[],"fullName":"VideoPlayer Vimeo player Renders Vimeo video","invocations":1,"location":null,"numPassingAsserts":1,"retryReasons":[],"status":"passed","title":"Renders Vimeo video"},{"ancestorTitles":["VideoPlayer","using embedCode prop"],"duration":21,"failureDetails":[],"failureMessages":[],"fullName":"VideoPlayer using embedCode prop Renders custom embed code","invocations":1,"location":null,"numPassingAsserts":2,"retryReasons":[],"status":"passed","title":"Renders custom embed code"},{"ancestorTitles":["VideoPlayer","using embedCode prop"],"duration":15,"failureDetails":[],"failureMessages":[],"fullName":"VideoPlayer using embedCode prop Renders custom embed code with custom iframe title","invocations":1,"location":null,"numPassingAsserts":1,"retryReasons":[],"status":"passed","title":"Renders custom embed code with custom iframe title"},{"ancestorTitles":["VideoPlayer","using embedCode prop"],"duration":10,"failureDetails":[],"failureMessages":[],"fullName":"VideoPlayer using embedCode prop Renders custom embed code with pre-existing title","invocations":1,"location":null,"numPassingAsserts":1,"retryReasons":[],"status":"passed","title":"Renders custom embed code with pre-existing title"},{"ancestorTitles":["VideoPlayer","using embedCode prop"],"duration":8,"failureDetails":[],"failureMessages":[],"fullName":"VideoPlayer using embedCode prop Renders custom embed code with pre-existing title and ignores `iframeTitle` prop","invocations":1,"location":null,"numPassingAsserts":1,"retryReasons":[],"status":"passed","title":"Renders custom embed code with pre-existing title and ignores `iframeTitle` prop"},{"ancestorTitles":["VideoPlayer","text elements"],"duration":21,"failureDetails":[],"failureMessages":[],"fullName":"VideoPlayer text elements Renders Heading component","invocations":1,"location":null,"numPassingAsserts":1,"retryReasons":[],"status":"passed","title":"Renders Heading component"},{"ancestorTitles":["VideoPlayer","text elements"],"duration":78,"failureDetails":[],"failureMessages":[],"fullName":"VideoPlayer text elements Renders a custom heading level","invocations":1,"location":null,"numPassingAsserts":1,"retryReasons":[],"status":"passed","title":"Renders a custom heading level"},{"ancestorTitles":["VideoPlayer","text elements"],"duration":49,"failureDetails":[],"failureMessages":[],"fullName":"VideoPlayer text elements Renders description text","invocations":1,"location":null,"numPassingAsserts":1,"retryReasons":[],"status":"passed","title":"Renders description text"},{"ancestorTitles":["VideoPlayer","text elements"],"duration":17,"failureDetails":[],"failureMessages":[],"fullName":"VideoPlayer text elements Renders HelperErrorText component","invocations":1,"location":null,"numPassingAsserts":1,"retryReasons":[],"status":"passed","title":"Renders HelperErrorText component"},{"ancestorTitles":["VideoPlayer","text elements"],"duration":28,"failureDetails":[],"failureMessages":[],"fullName":"VideoPlayer text elements does not render the helper text","invocations":1,"location":null,"numPassingAsserts":1,"retryReasons":[],"status":"passed","title":"does not render the helper text"},{"ancestorTitles":["VideoPlayer","custom iframe title"],"duration":7,"failureDetails":[],"failureMessages":[],"fullName":"VideoPlayer custom iframe title Uses iframeTitle prop to add custom title attribute to iframe","invocations":1,"location":null,"numPassingAsserts":1,"retryReasons":[],"status":"passed","title":"Uses iframeTitle prop to add custom title attribute to iframe"},{"ancestorTitles":["VideoPlayer","prop validation"],"duration":5,"failureDetails":[],"failureMessages":[],"fullName":"VideoPlayer prop validation Throws error if the videoId prop not is formatted properly","invocations":1,"location":null,"numPassingAsserts":1,"retryReasons":[],"status":"passed","title":"Throws error if the videoId prop not is formatted properly"},{"ancestorTitles":["VideoPlayer","prop validation"],"duration":139,"failureDetails":[],"failureMessages":[],"fullName":"VideoPlayer prop validation Throws appropriate error if VideoPlayer props are not configured properly","invocations":1,"location":null,"numPassingAsserts":7,"retryReasons":[],"status":"passed","title":"Throws appropriate error if VideoPlayer props are not configured properly"},{"ancestorTitles":["VideoPlayer"],"duration":26,"failureDetails":[],"failureMessages":[],"fullName":"VideoPlayer renders the UI snapshot correctly","invocations":1,"location":null,"numPassingAsserts":6,"retryReasons":[],"status":"passed","title":"renders the UI snapshot correctly"},{"ancestorTitles":["VideoPlayer"],"duration":13,"failureDetails":[],"failureMessages":[],"fullName":"VideoPlayer passes a ref to the div warpper element","invocations":1,"location":null,"numPassingAsserts":1,"retryReasons":[],"status":"passed","title":"passes a ref to the div warpper element"}],"endTime":1715376287746,"message":"","name":"/Users/edwinguzman/projects/ds/nypl-design-system/src/components/VideoPlayer/VideoPlayer.test.tsx","startTime":1715376284866,"status":"passed","summary":""},{"assertionResults":[{"ancestorTitles":["SearchBar Accessibility"],"duration":1218,"failureDetails":[],"failureMessages":[],"fullName":"SearchBar Accessibility passes axe accessibility test","invocations":1,"location":null,"numPassingAsserts":1,"retryReasons":[],"status":"passed","title":"passes axe accessibility test"},{"ancestorTitles":["SearchBar Accessibility"],"duration":707,"failureDetails":[],"failureMessages":[],"fullName":"SearchBar Accessibility passes axe accessibility test with `clear` button","invocations":1,"location":null,"numPassingAsserts":1,"retryReasons":[],"status":"passed","title":"passes axe accessibility test with `clear` button"},{"ancestorTitles":["SearchBar Accessibility"],"duration":924,"failureDetails":[],"failureMessages":[],"fullName":"SearchBar Accessibility passes axe accessibility test with a Select component","invocations":1,"location":null,"numPassingAsserts":1,"retryReasons":[],"status":"passed","title":"passes axe accessibility test with a Select component"},{"ancestorTitles":["SearchBar"],"duration":99,"failureDetails":[],"failureMessages":[],"fullName":"SearchBar renders the basic form","invocations":1,"location":null,"numPassingAsserts":4,"retryReasons":[],"status":"passed","title":"renders the basic form"},{"ancestorTitles":["SearchBar"],"duration":51,"failureDetails":[],"failureMessages":[],"fullName":"SearchBar renders a custom heading level","invocations":1,"location":null,"numPassingAsserts":1,"retryReasons":[],"status":"passed","title":"renders a custom heading level"},{"ancestorTitles":["SearchBar"],"duration":60,"failureDetails":[],"failureMessages":[],"fullName":"SearchBar renders an optional Select component","invocations":1,"location":null,"numPassingAsserts":2,"retryReasons":[],"status":"passed","title":"renders an optional Select component"},{"ancestorTitles":["SearchBar"],"duration":68,"failureDetails":[],"failureMessages":[],"fullName":"SearchBar renders the invalid text in the invalid state","invocations":1,"location":null,"numPassingAsserts":2,"retryReasons":[],"status":"passed","title":"renders the invalid text in the invalid state"},{"ancestorTitles":["SearchBar"],"duration":34,"failureDetails":[],"failureMessages":[],"fullName":"SearchBar does not render the default invalid text from the Select or TextInput components","invocations":1,"location":null,"numPassingAsserts":1,"retryReasons":[],"status":"passed","title":"does not render the default invalid text from the Select or TextInput components"},{"ancestorTitles":["SearchBar"],"duration":395,"failureDetails":[],"failureMessages":[],"fullName":"SearchBar calls the TextInput onChange callback function","invocations":1,"location":null,"numPassingAsserts":2,"retryReasons":[],"status":"passed","title":"calls the TextInput onChange callback function"},{"ancestorTitles":["SearchBar"],"duration":374,"failureDetails":[],"failureMessages":[],"fullName":"SearchBar renders a `clear` button and clears the input field when clicked","invocations":1,"location":null,"numPassingAsserts":5,"retryReasons":[],"status":"passed","title":"renders a `clear` button and clears the input field when clicked"},{"ancestorTitles":["SearchBar"],"duration":247,"failureDetails":[],"failureMessages":[],"fullName":"SearchBar calls the isClearableCallback function for the `TextInput` component when `isClearable` is true","invocations":1,"location":null,"numPassingAsserts":2,"retryReasons":[],"status":"passed","title":"calls the isClearableCallback function for the `TextInput` component when `isClearable` is true"},{"ancestorTitles":["SearchBar"],"duration":189,"failureDetails":[],"failureMessages":[],"fullName":"SearchBar calls the Select onChange callback function","invocations":1,"location":null,"numPassingAsserts":3,"retryReasons":[],"status":"passed","title":"calls the Select onChange callback function"},{"ancestorTitles":["SearchBar"],"duration":93,"failureDetails":[],"failureMessages":[],"fullName":"SearchBar calls the callback function for the Button component ","invocations":1,"location":null,"numPassingAsserts":2,"retryReasons":[],"status":"passed","title":"calls the callback function for the Button component "},{"ancestorTitles":["SearchBar"],"duration":79,"failureDetails":[],"failureMessages":[],"fullName":"SearchBar calls the callback function on submit ","invocations":1,"location":null,"numPassingAsserts":2,"retryReasons":[],"status":"passed","title":"calls the callback function on submit "},{"ancestorTitles":["SearchBar"],"duration":17,"failureDetails":[],"failureMessages":[],"fullName":"SearchBar renders a default placeholder","invocations":1,"location":null,"numPassingAsserts":1,"retryReasons":[],"status":"passed","title":"renders a default placeholder"},{"ancestorTitles":["SearchBar"],"duration":50,"failureDetails":[],"failureMessages":[],"fullName":"SearchBar sets additional TextInput props","invocations":1,"location":null,"numPassingAsserts":2,"retryReasons":[],"status":"passed","title":"sets additional TextInput props"},{"ancestorTitles":["SearchBar"],"duration":34,"failureDetails":[],"failureMessages":[],"fullName":"SearchBar renders 'required' in the placeholder text","invocations":1,"location":null,"numPassingAsserts":2,"retryReasons":[],"status":"passed","title":"renders 'required' in the placeholder text"},{"ancestorTi
[...]
,"duration":3,"failureDetails":[],"failureMessages":[],"fullName":"Label passes a ref to the div wrapper element","invocations":1,"location":null,"numPassingAsserts":1,"retryReasons":[],"status":"passed","title":"passes a ref to the div wrapper element"}],"endTime":1715376313257,"message":"","name":"/Users/edwinguzman/projects/ds/nypl-design-system/src/components/Label/Label.test.tsx","startTime":1715376310888,"status":"passed","summary":""},{"assertionResults":[{"ancestorTitles":["Fieldset Accessibility"],"duration":282,"failureDetails":[],"failureMessages":[],"fullName":"Fieldset Accessibility passes axe accessibility","invocations":1,"location":null,"numPassingAsserts":1,"retryReasons":[],"status":"passed","title":"passes axe accessibility"},{"ancestorTitles":["Fieldset Accessibility"],"duration":319,"failureDetails":[],"failureMessages":[],"fullName":"Fieldset Accessibility passes axe accessibility with the legend hidden","invocations":1,"location":null,"numPassingAsserts":1,"retryReasons":[],"status":"passed","title":"passes axe accessibility with the legend hidden"},{"ancestorTitles":["Fieldset"],"duration":186,"failureDetails":[],"failureMessages":[],"fullName":"Fieldset renders text in a legend and fieldset along with its children","invocations":1,"location":null,"numPassingAsserts":3,"retryReasons":[],"status":"passed","title":"renders text in a legend and fieldset along with its children"},{"ancestorTitles":["Fieldset"],"duration":4,"failureDetails":[],"failureMessages":[],"fullName":"Fieldset renders '(Required)' text in the legend when `isRequired` is true","invocations":1,"location":null,"numPassingAsserts":1,"retryReasons":[],"status":"passed","title":"renders '(Required)' text in the legend when `isRequired` is true"},{"ancestorTitles":["Fieldset"],"duration":3,"failureDetails":[],"failureMessages":[],"fullName":"Fieldset can hide the '(Required)' text in the legend but still show the main text","invocations":1,"location":null,"numPassingAsserts":3,"retryReasons":[],"status":"passed","title":"can hide the '(Required)' text in the legend but still show the main text"},{"ancestorTitles":["Fieldset"],"duration":2,"failureDetails":[],"failureMessages":[],"fullName":"Fieldset logs a warning when there is no `id` passed","invocations":1,"location":null,"numPassingAsserts":1,"retryReasons":[],"status":"passed","title":"logs a warning when there is no `id` passed"},{"ancestorTitles":["Fieldset"],"duration":98,"failureDetails":[],"failureMessages":[],"fullName":"Fieldset renders the UI snapshot correctly","invocations":1,"location":null,"numPassingAsserts":6,"retryReasons":[],"status":"passed","title":"renders the UI snapshot correctly"},{"ancestorTitles":["Fieldset"],"duration":3,"failureDetails":[],"failureMessages":[],"fullName":"Fieldset passes a ref to the fieldset element","invocations":1,"location":null,"numPassingAsserts":1,"retryReasons":[],"status":"passed","title":"passes a ref to the fieldset element"}],"endTime":1715376313449,"message":"","name":"/Users/edwinguzman/projects/ds/nypl-design-system/src/components/Fieldset/Fieldset.test.tsx","startTime":1715376310845,"status":"passed","summary":""},{"assertionResults":[{"ancestorTitles":["range"],"duration":1,"failureDetails":[],"failureMessages":[],"fullName":"range returns an array of values not including the stop argument","invocations":1,"location":null,"numPassingAsserts":3,"retryReasons":[],"status":"passed","title":"returns an array of values not including the stop argument"},{"ancestorTitles":["range"],"duration":2,"failureDetails":[],"failureMessages":[],"fullName":"range returns an array of values skipping by the step argument","invocations":1,"location":null,"numPassingAsserts":6,"retryReasons":[],"status":"passed","title":"returns an array of values skipping by the step argument"}],"endTime":1715376313510,"message":"","name":"/Users/edwinguzman/projects/ds/nypl-design-system/src/__tests__/utils/utils.test.ts","startTime":1715376312344,"status":"passed","summary":""},{"assertionResults":[{"ancestorTitles":["useCloseDropDown hook"],"duration":42,"failureDetails":[],"failureMessages":[],"fullName":"useCloseDropDown hook closes a dropdown by clicking on an element outside of its component","invocations":1,"location":null,"numPassingAsserts":3,"retryReasons":[],"status":"passed","title":"closes a dropdown by clicking on an element outside of its component"},{"ancestorTitles":["useCloseDropDown hook"],"duration":4,"failureDetails":[],"failureMessages":[],"fullName":"useCloseDropDown hook closes a dropdown when the esc key is pressed","invocations":1,"location":null,"numPassingAsserts":3,"retryReasons":[],"status":"passed","title":"closes a dropdown when the esc key is pressed"}],"endTime":1715376313573,"message":"","name":"/Users/edwinguzman/projects/ds/nypl-design-system/src/hooks/__tests__/useCloseDropDown.test.tsx","startTime":1715376311286,"status":"passed","summary":""},{"assertionResults":[{"ancestorTitles":["HelperErrorText Accessibility"],"duration":196,"failureDetails":[],"failureMessages":[],"fullName":"HelperErrorText Accessibility passes axe accessibility test","invocations":1,"location":null,"numPassingAsserts":1,"retryReasons":[],"status":"passed","title":"passes axe accessibility test"},{"ancestorTitles":["HelperErrorText Accessibility"],"duration":169,"failureDetails":[],"failureMessages":[],"fullName":"HelperErrorText Accessibility passes axe accessibility test when not rendering","invocations":1,"location":null,"numPassingAsserts":1,"retryReasons":[],"status":"passed","title":"passes axe accessibility test when not rendering"},{"ancestorTitles":["HelperErrorText"],"duration":3,"failureDetails":[],"failureMessages":[],"fullName":"HelperErrorText renders the text passed","invocations":1,"location":null,"numPassingAsserts":2,"retryReasons":[],"status":"passed","title":"renders the text passed"},{"ancestorTitles":["HelperErrorText"],"duration":47,"failureDetails":[],"failureMessages":[],"fullName":"HelperErrorText renders the text passed as an HTML string","invocations":1,"location":null,"numPassingAsserts":1,"retryReasons":[],"status":"passed","title":"renders the text passed as an HTML string"},{"ancestorTitles":["HelperErrorText"],"duration":31,"failureDetails":[],"failureMessages":[],"fullName":"HelperErrorText renders the text passed as HTML","invocations":1,"location":null,"numPassingAsserts":1,"retryReasons":[],"status":"passed","title":"renders the text passed as HTML"},{"ancestorTitles":["HelperErrorText"],"duration":5,"failureDetails":[],"failureMessages":[],"fullName":"HelperErrorText renders the invalid state","invocations":1,"location":null,"numPassingAsserts":2,"retryReasons":[],"status":"passed","title":"renders the invalid state"},{"ancestorTitles":["HelperErrorText"],"duration":94,"failureDetails":[],"failureMessages":[],"fullName":"HelperErrorText has aria-atomic and aria-live attributes by default","invocations":1,"location":null,"numPassingAsserts":2,"retryReasons":[],"status":"passed","title":"has aria-atomic and aria-live attributes by default"},{"ancestorTitles":["HelperErrorText"],"duration":4,"failureDetails":[],"failureMessages":[],"fullName":"HelperErrorText sets custom aria-live attribute when ariaLive prop is passed as 'polite' or 'assertive'","invocations":1,"location":null,"numPassingAsserts":2,"retryReasons":[],"status":"passed","title":"sets custom aria-live attribute when ariaLive prop is passed as 'polite' or 'assertive'"},{"ancestorTitles":["HelperErrorText"],"duration":17,"failureDetails":[],"failureMessages":[],"fullName":"HelperErrorText does not have aria-live attribute when ariaLive prop is set to 'off'","invocations":1,"location":null,"numPassingAsserts":2,"retryReasons":[],"status":"passed","title":"does not have aria-live attribute when ariaLive prop is set to 'off'"},{"ancestorTitles":["HelperErrorText"],"duration":7,"failureDetails":[],"failureMessages":[],"fullName":"HelperErrorText accepts an aria-atomic value of false","invocations":1,"location":null,"numPassingAsserts":2,"retryReasons":[],"status":"passed","title":"accepts an aria-atomic value of false"},{"ancestorTitles":["HelperErrorText"],"duration":69,"failureDetails":[],"failureMessages":[],"fullName":"HelperErrorText Renders the UI snapshot correctly","invocations":1,"location":null,"numPassingAsserts":6,"retryReasons":[],"status":"passed","title":"Renders the UI snapshot correctly"},{"ancestorTitles":["HelperErrorText"],"duration":4,"failureDetails":[],"failureMessages":[],"fullName":"HelperErrorText passes a ref to the div element","invocations":1,"location":null,"numPassingAsserts":1,"retryReasons":[],"status":"passed","title":"passes a ref to the div element"}],"endTime":1715376313568,"message":"","name":"/Users/edwinguzman/projects/ds/nypl-design-system/src/components/HelperErrorText/HelperErrorText.test.tsx","startTime":1715376310953,"status":"passed","summary":""},{"assertionResults":[{"ancestorTitles":["useMultiSelect hook"],"duration":7,"failureDetails":[],"failureMessages":[],"fullName":"useMultiSelect hook should return five functions and a object containing a key items with all currently selectItems","invocations":1,"location":null,"numPassingAsserts":6,"retryReasons":[],"status":"passed","title":"should return five functions and a object containing a key items with all currently selectItems"},{"ancestorTitles":["useMultiSelect hook"],"duration":2,"failureDetails":[],"failureMessages":[],"fullName":"useMultiSelect hook should update the selectedItems when the onChange function is called","invocations":1,"location":null,"numPassingAsserts":3,"retryReasons":[],"status":"passed","title":"should update the selectedItems when the onChange function is called"},{"ancestorTitles":["useMultiSelect hook"],"duration":2,"failureDetails":[],"failureMessages":[],"fullName":"useMultiSelect hook should update the selectedItems when the onMixedstateChange function is called","invocations":1,"location":null,"numPassingAsserts":2,"retryReasons":[],"status":"passed","title":"should update the selectedItems when the onMixedstateChange function is called"},{"ancestorTitles":["useMultiSelect hook"],"duration":37,"failureDetails":[],"failureMessages":[],"fullName":"useMultiSelect hook should be able to handle multiple MultiSelects","invocations":1,"location":null,"numPassingAsserts":3,"retryReasons":[],"status":"passed","title":"should be able to handle multiple MultiSelects"},{"ancestorTitles":["useMultiSelect hook"],"duration":5,"failureDetails":[],"failureMessages":[],"fullName":"useMultiSelect hook should remove the selectedItems of the multiSelect passed to the onClear function","invocations":1,"location":null,"numPassingAsserts":4,"retryReasons":[],"status":"passed","title":"should remove the selectedItems of the multiSelect passed to the onClear function"},{"ancestorTitles":["useMultiSelect hook"],"duration":5,"failureDetails":[],"failureMessages":[],"fullName":"useMultiSelect hook should set the selectedItems to the state passed to setSelectedItems and reset the selectedItems to an empty object when onClearAll is called","invocations":1,"location":null,"numPassingAsserts":3,"retryReasons":[],"status":"passed","title":"should set the selectedItems to the state passed to setSelectedItems and reset the selectedItems to an empty object when onClearAll is called"}],"endTime":1715376313610,"message":"","name":"/Users/edwinguzman/projects/ds/nypl-design-system/src/hooks/__tests__/useMultiSelect.test.ts","startTime":1715376312245,"status":"passed","summary":""},{"assertionResults":[{"ancestorTitles":["useStateWithDependencies hook"],"duration":96,"failureDetails":[],"failureMessages":[],"fullName":"useStateWithDependencies hook updates its internal value through its `set` function","invocations":1,"location":null,"numPassingAsserts":4,"retryReasons":[],"status":"passed","title":"updates its internal value through its `set` function"},{"ancestorTitles":["useStateWithDependencies hook"],"duration":153,"failureDetails":[],"failureMessages":[],"fullName":"useStateWithDependencies hook updates its internal value through a prop value","invocations":1,"location":null,"numPassingAsserts":5,"retryReasons":[],"status":"passed","title":"updates its internal value through a prop value"}],"endTime":1715376313877,"message":"","name":"/Users/edwinguzman/projects/ds/nypl-design-system/src/hooks/__tests__/useStateWithDependencies.test.tsx","startTime":1715376312086,"status":"passed","summary":""},{"assertionResults":[{"ancestorTitles":["useNYPLBreakpoints"],"duration":55,"failureDetails":[],"failureMessages":[],"fullName":"useNYPLBreakpoints should report the correct media query match on window resize","invocations":1,"location":null,"numPassingAsserts":5,"retryReasons":[],"status":"passed","title":"should report the correct media query match on window resize"}],"endTime":1715376313928,"message":"","name":"/Users/edwinguzman/projects/ds/nypl-design-system/src/hooks/__tests__/useNYPLBreakpoints.test.ts","startTime":1715376312144,"status":"passed","summary":""},{"assertionResults":[{"ancestorTitles":["useCarouselStyles hook"],"duration":5,"failureDetails":[],"failureMessages":[],"fullName":"useCarouselStyles hook returns two functions and a CSS style object","invocations":1,"location":null,"numPassingAsserts":3,"retryReasons":[],"status":"passed","title":"returns two functions and a CSS style object"},{"ancestorTitles":["useCarouselStyles hook"],"duration":1,"failureDetails":[],"failureMessages":[],"fullName":"useCarouselStyles hook updates the style object when the nextSlide function is clicked","invocations":1,"location":null,"numPassingAsserts":4,"retryReasons":[],"status":"passed","title":"updates the style object when the nextSlide function is clicked"},{"ancestorTitles":["useCarouselStyles hook"],"duration":2,"failureDetails":[],"failureMessages":[],"fullName":"useCarouselStyles hook updates the style object when the prevSlide function is clicked","invocations":1,"location":null,"numPassingAsserts":4,"retryReasons":[],"status":"passed","title":"updates the style object when the prevSlide function is clicked"},{"ancestorTitles":["useCarouselStyles hook"],"duration":8,"failureDetails":[],"failureMessages":[],"fullName":"useCarouselStyles hook resets the slide back to the first slide","invocations":1,"location":null,"numPassingAsserts":3,"retryReasons":[],"status":"passed","title":"resets the slide back to the first slide"},{"ancestorTitles":["useCarouselStyles hook"],"duration":1,"failureDetails":[],"failureMessages":[],"fullName":"useCarouselStyles hook can set a custom slide count and slide width","invocations":1,"location":null,"numPassingAsserts":2,"retryReasons":[],"status":"passed","title":"can set a custom slide count and slide width"}],"endTime":1715376313947,"message":"","name":"/Users/edwinguzman/projects/ds/nypl-design-system/src/hooks/__tests__/useCarouselStyles.test.ts","startTime":1715376312513,"status":"passed","summary":""},{"assertionResults":[{"ancestorTitles":["useFilterBar hook"],"duration":9,"failureDetails":[],"failureMessages":[],"fullName":"useFilterBar hook should return a boolean value isModalOpen, functions onOpen, onClose and onToggle to change the isModalOpen state and all functions from useMultiSelect","invocations":1,"location":null,"numPassingAsserts":10,"retryReasons":[],"status":"passed","title":"should return a boolean value isModalOpen, functions onOpen, onClose and onToggle to change the isModalOpen state and all functions from useMultiSelect"},{"ancestorTitles":["useFilterBar hook"],"duration":4,"failureDetails":[],"failureMessages":[],"fullName":"useFilterBar hook should change the isModalOpen value when onToggle is called","invocations":1,"location":null,"numPassingAsserts":2,"retryReasons":[],"status":"passed","title":"should change the isModalOpen value when onToggle is called"},{"ancestorTitles":["useFilterBar hook"],"duration":5,"failureDetails":[],"failureMessages":[],"fullName":"useFilterBar hook should change and keep the isModalOpen value as true when onOpen is called","invocations":1,"location":null,"numPassingAsserts":3,"retryReasons":[],"status":"passed","title":"should change and keep the isModalOpen value as true when onOpen is called"},{"ancestorTitles":["useFilterBar hook"],"duration":3,"failureDetails":[],"failureMessages":[],"fullName":"useFilterBar hook should change and keep the isModalOpen value as false when onClose is called","invocations":1,"location":null,"numPassingAsserts":4,"retryReasons":[],"status":"passed","title":"should change and keep the isModalOpen value as false when onClose is called"}],"endTime":1715376314030,"message":"","name":"/Users/edwinguzman/projects/ds/nypl-design-system/src/hooks/__tests__/useFilterBar.test.ts","startTime":1715376312874,"status":"passed","summary":""},{"assertionResults":[{"ancestorTitles":["SkipNavigation Accessibility"],"duration":305,"failureDetails":[],"failureMessages":[],"fullName":"SkipNavigation Accessibility passes axe accessibility test","invocations":1,"location":null,"numPassingAsserts":1,"retryReasons":[],"status":"passed","title":"passes axe accessibility test"},{"ancestorTitles":["Label"],"duration":28,"failureDetails":[],"failureMessages":[],"fullName":"Label renders a nav element with an unordered list","invocations":1,"location":null,"numPassingAsserts":3,"retryReasons":[],"status":"passed","title":"renders a nav element with an unordered list"},{"ancestorTitles":["Label"],"duration":19,"failureDetails":[],"failureMessages":[],"fullName":"Label renders two links","invocations":1,"location":null,"numPassingAsserts":2,"retryReasons":[],"status":"passed","title":"renders two links"},{"ancestorTitles":["Label"],"duration":29,"failureDetails":[],"failureMessages":[],"fullName":"Label renders a custom main link target","invocations":1,"location":null,"numPassingAsserts":1,"retryReasons":[],"status":"passed","title":"renders a custom main link target"},{"ancestorTitles":["Label"],"duration":11,"failureDetails":[],"failureMessages":[],"fullName":"Label Renders the UI snapshot correctly","invocations":1,"location":null,"numPassingAsserts":4,"retryReasons":[],"status":"passed","title":"Renders the UI snapshot correctly"},{"ancestorTitles":["Label"],"duration":3,"failureDetails":[],"failureMessages":[],"fullName":"Label passes a ref to the nav wrapper element","invocations":1,"location":null,"numPassingAsserts":1,"retryReasons":[],"status":"passed","title":"passes a ref to the nav wrapper element"}],"endTime":1715376314045,"message":"","name":"/Users/edwinguzman/projects/ds/nypl-design-system/src/components/SkipNavigation/SkipNavigation.test.tsx","startTime":1715376311124,"status":"passed","summary":""},{"assertionResults":[{"ancestorTitles":["getSectionColors"],"duration":2,"failureDetails":[],"failureMessages":[],"fullName":"getSectionColors returns an object with primary and secondary colors for the passed type","invocations":1,"location":null,"numPassingAsserts":4,"retryReasons":[],"status":"passed","title":"returns an object with primary and secondary colors for the passed type"},{"ancestorTitles":["getSectionColors"],"duration":0,"failureDetails":[],"failureMessages":[],"fullName":"getSectionColors returns a string with the appropriate color value","invocations":1,"location":null,"numPassingAsserts":4,"retryReasons":[],"status":"passed","title":"returns a string with the appropriate color value"},{"ancestorTitles":["getSectionColors"],"duration":0,"failureDetails":[],"failureMessages":[],"fullName":"getSectionColors returns a string with the dark mode color variant","invocations":1,"location":null,"numPassingAsserts":4,"retryReasons":[],"status":"passed","title":"returns a string with the dark mode color variant"}],"endTime":1715376314186,"message":"","name":"/Users/edwinguzman/projects/ds/nypl-design-system/src/__tests__/utils/getSectionColors.test.ts","startTime":1715376313437,"status":"passed","summary":""}],"wasInterrupted":false}
